Mono path[0] = 'C:/Users/potpa/OneDrive/Documents/GitHub/Unity-AI/completed_build/Spacy_Data/Managed'
Mono config path = 'C:/Users/potpa/OneDrive/Documents/GitHub/Unity-AI/completed_build/MonoBleedingEdge/etc'
Initialize engine version: 2020.3.9f1 (108be757e447)
[Subsystems] Discovering subsystems at path C:/Users/potpa/OneDrive/Documents/GitHub/Unity-AI/completed_build/Spacy_Data/UnitySubsystems
Forcing GfxDevice: Null
GfxDevice: creating device client; threaded=0
NullGfxDevice:
    Version:  NULL 1.0 [1.0]
    Renderer: Null Device
    Vendor:   Unity Technologies
Begin MonoManager ReloadAssembly
- Completed reload, in  3.553 seconds
ERROR: Shader Sprites/Default shader is not supported on this GPU (none of subshaders/fallbacks are suitable)
Microsoft Media Foundation video decoding to texture disabled: graphics device is Null, only Direct3D 11 and Direct3D 12 (only on desktop) are supported.
ERROR: Shader Sprites/Mask shader is not supported on this GPU (none of subshaders/fallbacks are suitable)
ERROR: Shader Legacy Shaders/Particles/Additive shader is not supported on this GPU (none of subshaders/fallbacks are suitable)
ERROR: Shader Legacy Shaders/Particles/Alpha Blended Premultiply shader is not supported on this GPU (none of subshaders/fallbacks are suitable)
ERROR: Shader Legacy Shaders/Particles/Alpha Blended shader is not supported on this GPU (none of subshaders/fallbacks are suitable)
UnloadTime: 1.162000 ms
Fallback handler could not load library C:/Users/potpa/OneDrive/Documents/GitHub/Unity-AI/completed_build/Spacy_Data/Mono/libcoreclr.so
Fallback handler could not load library C:/Users/potpa/OneDrive/Documents/GitHub/Unity-AI/completed_build/Spacy_Data/Mono/libcoreclr.so.dll
Fallback handler could not load library C:/Users/potpa/OneDrive/Documents/GitHub/Unity-AI/completed_build/Spacy_Data/Mono/libcoreclr.so
Fallback handler could not load library C:/Users/potpa/OneDrive/Documents/GitHub/Unity-AI/completed_build/Spacy_Data/Mono/libdl.so
Fallback handler could not load library C:/Users/potpa/OneDrive/Documents/GitHub/Unity-AI/completed_build/Spacy_Data/Mono/libdl.so.dll
Fallback handler could not load library C:/Users/potpa/OneDrive/Documents/GitHub/Unity-AI/completed_build/Spacy_Data/Mono/libdl.so
Fallback handler could not load library C:/Users/potpa/OneDrive/Documents/GitHub/Unity-AI/completed_build/Spacy_Data/Mono/libSystem.dylib
Fallback handler could not load library C:/Users/potpa/OneDrive/Documents/GitHub/Unity-AI/completed_build/Spacy_Data/Mono/libSystem.dylib.dll
Fallback handler could not load library C:/Users/potpa/OneDrive/Documents/GitHub/Unity-AI/completed_build/Spacy_Data/Mono/libSystem.dylib
Fallback handler could not load library C:/Users/potpa/OneDrive/Documents/GitHub/Unity-AI/completed_build/Spacy_Data/Mono/libcoreclr.so
Fallback handler could not load library C:/Users/potpa/OneDrive/Documents/GitHub/Unity-AI/completed_build/Spacy_Data/Mono/libcoreclr.so.dll
Fallback handler could not load library C:/Users/potpa/OneDrive/Documents/GitHub/Unity-AI/completed_build/Spacy_Data/Mono/libcoreclr.so
Fallback handler could not load library C:/Users/potpa/OneDrive/Documents/GitHub/Unity-AI/completed_build/Spacy_Data/Mono/libdl.so
Fallback handler could not load library C:/Users/potpa/OneDrive/Documents/GitHub/Unity-AI/completed_build/Spacy_Data/Mono/libdl.so.dll
Fallback handler could not load library C:/Users/potpa/OneDrive/Documents/GitHub/Unity-AI/completed_build/Spacy_Data/Mono/libdl.so
Fallback handler could not load library C:/Users/potpa/OneDrive/Documents/GitHub/Unity-AI/completed_build/Spacy_Data/Mono/libSystem.dylib
Fallback handler could not load library C:/Users/potpa/OneDrive/Documents/GitHub/Unity-AI/completed_build/Spacy_Data/Mono/libSystem.dylib.dll
Fallback handler could not load library C:/Users/potpa/OneDrive/Documents/GitHub/Unity-AI/completed_build/Spacy_Data/Mono/libSystem.dylib
failed to get 100ns ticks
Started

Started

Started

Started

Started

Started

Started

Started

Started

Started

Started

Started

Started

Started

Started

Started

Loss: -10.52381

Loss: -8.092198

VICTORY: 0.699

Loss: -4.257329

VICTORY: 0.321

Loss: -2.111111

VICTORY: 0.979

VICTORY: 0.919

VICTORY: 0.878

Loss: -5.524887

VICTORY: 0.708

Loss: -6.025126

Loss: -6.154639

Loss: -3.375297

VICTORY: 0.08

Loss: -3.881844

Loss: -2.464129

Loss: -2.582278

VICTORY: 0.688

Loss: -2.290323

VICTORY: 0.625

VICTORY: 0.767

Loss: -7.289308

VICTORY: 0.365

Loss: -3.123142

VICTORY: 0.486

Loss: -5.048583

VICTORY: 0.029

Loss: -2.40056

Loss: -2.567398

Loss: -3.857143

Loss: -15.70588

Loss: -5.098361

Loss: -3.762431

VICTORY: 0.549

Loss: -5.484305

VICTORY: 0.04

Loss: -4.921568

Loss: -2.237624

Loss: -3.57732

VICTORY: 0.287

Loss: -5.098361

Loss: -3.557545

VICTORY: 0.864

Loss: -2.960784

VICTORY: 0.637

VICTORY: 0.725

Loss: -2.317523

Loss: -6.649717

VICTORY: 0.705

Loss: -3.544529

Loss: -3.272727

VICTORY: 0.663

VICTORY: 0.478

Loss: -2.287001

VICTORY: 0.64

Loss: -3.985075

Loss: -9.403361

Loss: -2.392758

Loss: -10.09091

VICTORY: 0.963

VICTORY: 0.04

Loss: -2.034126

VICTORY: 0.403

Loss: -4.194888

Loss: -2.166861

Loss: -2.148106

VICTORY: 0.59

VICTORY: 0.628

VICTORY: 0.71

Loss: -2.584786

VICTORY: 0.675

VICTORY: 0.859

Loss: -2.897533

Loss: -10.43396

VICTORY: 0.808

VICTORY: 0.837

Loss: -2.517451

Loss: -10.90099

VICTORY: 0.851

VICTORY: 0.778

VICTORY: 0.591

Loss: -2.733102

Loss: -3.012072

Loss: -6.988024

VICTORY: 0.556

VICTORY: 0.147

Loss: -2.436782

Loss: -3.777778

VICTORY: 0.843

VICTORY: 0.744

Loss: -6.263158

Loss: -2.453488

Loss: -2.022495

VICTORY: 0.757

Loss: -2.331558

VICTORY: 0.164

Loss: -10.70874

Loss: -2.538461

Loss: -3.118644

VICTORY: 0.302

VICTORY: 0.522

VICTORY: 0.418

VICTORY: 0.237

VICTORY: 0.52

VICTORY: 0.529

VICTORY: 0.597

VICTORY: 0.388

VICTORY: 0.861

Loss: -2.972387

Loss: -2.474926

Loss: -2.138952

VICTORY: 0.447

Loss: -8.142858

Loss: -3.638522

VICTORY: 0.65

VICTORY: 0.299

Loss: -2.092896

Loss: -4.891051

Loss: -2.788909

Loss: -12.36364

VICTORY: 0.713

VICTORY: 0.62

Loss: -4.546099

Loss: -2.633987

Loss: -10.90099

VICTORY: 0.92

VICTORY: 0.756

Loss: -2.04712

VICTORY: 0.14

Loss: -2.550388

VICTORY: 0.51

VICTORY: 0.748

VICTORY: 0.041

VICTORY: 0.935

VICTORY: 0.459

Loss: -15.92537

VICTORY: 0.231

VICTORY: 0.851

VICTORY: 0.695

VICTORY: 0.844

VICTORY: 0.51

Loss: -9.333333

VICTORY: 0.804

VICTORY: 0.103

VICTORY: 0.323

Loss: -4.623188

Loss: -2.358696

VICTORY: 0.091

VICTORY: 0.663

VICTORY: 0.423

VICTORY: 0.114

VICTORY: 0.373

Loss: -3.512563

VICTORY: 0.021

VICTORY: 0.328

Loss: -2.652893

Loss: -4.125

VICTORY: 0.912

VICTORY: 0.708

VICTORY: 0.261

Loss: -8.751938

VICTORY: 0.57

VICTORY: 0.917

VICTORY: 0.549

VICTORY: 0.963

Loss: -2.383126

Loss: -3.717391

VICTORY: 0.256

Loss: -7.024096

VICTORY: 0.094

VICTORY: 0.274

Loss: -11.41667

Loss: -2.129944

VICTORY: 0.941

Loss: -3.087683

VICTORY: 0.532

VICTORY: 0.753

VICTORY: 0.951

VICTORY: 0.352

VICTORY: 0.673

VICTORY: 0.824

VICTORY: 0.847

Loss: -3.008032

VICTORY: 0.793

Loss: -7.535948

VICTORY: 0.545

Loss: -6.050505

VICTORY: 0.513

VICTORY: 0.126

VICTORY: 0.615

VICTORY: 0.085

VICTORY: 0.002

Loss: -3.188184

VICTORY: 0.753

Loss: -4.891051

Loss: -5.761905

Loss: -3.008032

VICTORY: 0.097

VICTORY: 0.695

Loss: -6.952381

VICTORY: 0.603

Loss: -3.145923

VICTORY: 0.608

Loss: -6.128205

VICTORY: 0.081

Loss: -5.424779

VICTORY: 0.65

VICTORY: 0.664

Loss: -14.1579

VICTORY: 0.418

Loss: -5.901961

VICTORY: 0.635

VICTORY: 0.964

VICTORY: 0.64

VICTORY: 0.414

Loss: -3.906977

Loss: -2.589825

Loss: -2.127396

VICTORY: 0.335

VICTORY: 0.307

VICTORY: 0.692

VICTORY: 0.318

Loss: -17.66667

Loss: -4.164557

Loss: -3.074689

Loss: -3.95858

VICTORY: 0.376

VICTORY: 0.069

Loss: -2.01626

VICTORY: 0.686

VICTORY: 0.757

VICTORY: 0.472

VICTORY: 0.895

VICTORY: 0.9

VICTORY: 0.074

Loss: -2.915709

Loss: -2.416431

Loss: -12.23596

Loss: -5.807693

VICTORY: 0.945

Loss: -2.084599

Loss: -2.745201

Loss: -2.515152

Loss: -2.20919

VICTORY: 0.293

VICTORY: 0.862

VICTORY: 0.972

Loss: -2.73913

Loss: -2.369863

VICTORY: 0.941

VICTORY: 0.08

Loss: -5.854369

VICTORY: 0.59

Loss: -9.547009

Loss: -15.08451

VICTORY: 0.89

VICTORY: 0.258

Loss: -4.076923

Loss: -4.225806

VICTORY: 0.824

VICTORY: 0.216

Loss: -5.385965

VICTORY: 0.846

VICTORY: 0.728

VICTORY: 0.639

VICTORY: 0.431

Loss: -3.949852

Loss: -2.869159

VICTORY: 0.23

Loss: -11

Loss: -2.658375

VICTORY: 0.946

Loss: -3.906977

VICTORY: 0.282

VICTORY: 0.997

VICTORY: 0.244

VICTORY: 0.481

VICTORY: 0.466

VICTORY: 0.788

Loss: -4.816794

Loss: -5.761905

Loss: -2.886792

Loss: -2.503759

Loss: -6.714286

Loss: -4.154574

VICTORY: 0.824

Loss: -4.095975

VICTORY: 0.802

Loss: -8.352942

VICTORY: 0.136

Loss: -2.28041

VICTORY: 0.353

Loss: -5.255319

VICTORY: 0.792

Loss: -3.832861

Loss: -4.246753

Loss: -5.830918

Loss: -13.04819

VICTORY: 0.077

VICTORY: 0.226

VICTORY: 0.591

Loss: -2.48368

Loss: -2.006036

VICTORY: 0.291

Loss: -4.436426

VICTORY: 0.911

VICTORY: 0.862

Loss: -9.620689

VICTORY: 0.982

Loss: -4.937008

VICTORY: 0.462

Loss: -5.761905

VICTORY: 0.398

VICTORY: 0.953

VICTORY: 0.052

VICTORY: 0.999

VICTORY: 0.158

Loss: -2.607717

VICTORY: 0.684

VICTORY: 0.528

VICTORY: 0.726

Loss: -2.160093

VICTORY: 0.297

VICTORY: 0.027

VICTORY: 0.443

Loss: -11.6383

Loss: -5.273504

VICTORY: 0.011

VICTORY: 0.638

VICTORY: 0.334

Loss: -3.493766

VICTORY: 0.098

VICTORY: 0.75

VICTORY: 0.81

Loss: -4.134796

VICTORY: 0.934

Loss: -2.748252

Loss: -3.242152

Loss: -13.82051

VICTORY: 0.96

VICTORY: 0.221

Loss: -3.242152

Loss: -4.311258

Loss: -2.172333

Loss: -3.118644

VICTORY: 0.253

Loss: -5.62963

VICTORY: 0.443

VICTORY: 0.915

VICTORY: 0.826

VICTORY: 0.905

Loss: -7.993007

VICTORY: 0.834

VICTORY: 0.985

VICTORY: 0.724

Loss: -4.571429

VICTORY: 0.972

Loss: -5.694836

Loss: -2.694915

VICTORY: 0.273

Loss: -7.993007

VICTORY: 0.772

VICTORY: 0.003

Loss: -2.642036

VICTORY: 0.682

VICTORY: 0.96

VICTORY: 0.575

Loss: -10.25926

Loss: -5.761905

VICTORY: 0.203

VICTORY: 0.791

Loss: -2.025641

Loss: -3.227171

VICTORY: 0.969

VICTORY: 0.555

VICTORY: 0.386

VICTORY: 0.803

Loss: -2.801802

Loss: -3.525253

Loss: -6.882353

Loss: -4.021148

VICTORY: 0.169

VICTORY: 0.568

VICTORY: 0.381

Loss: -2.675042

VICTORY: 0.869

Loss: -9.130081

VICTORY: 0.777

VICTORY: 0.762

VICTORY: 0.346

VICTORY: 0.191

VICTORY: 0.252

Loss: -8.194244

VICTORY: 0.234

VICTORY: 0.115

VICTORY: 0.938

Loss: -4.246753

Loss: -3.739726

Loss: -5.761905

Loss: -3.906977

VICTORY: 0.621

VICTORY: 0.851

VICTORY: 0.747

VICTORY: 0.61

VICTORY: 0.263

VICTORY: 0.308

VICTORY: 0.845

VICTORY: 0.465

Loss: -19.86792

Loss: -14.69863

Loss: -5.424779

VICTORY: 0.753

Loss: -3.415459

VICTORY: 0.413

VICTORY: 0.698

Loss: -4.322259

Loss: -3.34192

VICTORY: 0.496

VICTORY: 0.943

Loss: -2.587301

Loss: -3.325581

VICTORY: 0.193

Loss: -2.436782

VICTORY: 0.11

VICTORY: 0.79

Loss: -6.235602

Loss: -3.747253

Loss: -2.009082

VICTORY: 0.135

VICTORY: 0.116

Loss: -2.22549

VICTORY: 0.969

VICTORY: 0.953

Loss: -2.512859

Loss: -2.766784

Loss: -5.310345

VICTORY: 0.133

Loss: -8.874016

Loss: -2.269036

VICTORY: 0.62

VICTORY: 0.768

Loss: -2.785714

Loss: -3.325581

VICTORY: 0.772

VICTORY: 0.316

VICTORY: 0.287

VICTORY: 0.782

Loss: -9.403361

VICTORY: 0.327

Loss: -5.694836

Loss: -5.484305

VICTORY: 0.466

VICTORY: 0.313

Loss: -2.062699

VICTORY: 0.164

VICTORY: 0.845

VICTORY: 0.067

VICTORY: 0.813

Loss: -11.20408

Loss: -6.91716

VICTORY: 0.685

VICTORY: 0.075

VICTORY: 0.556

Loss: -5.739336

VICTORY: 0.945

VICTORY: 0.649

VICTORY: 0.641

Loss: -12.36364

VICTORY: 0.655

VICTORY: 0.182

Loss: -2.265823

Loss: -6.181347

Loss: -15.92537

Loss: -4.367003

VICTORY: 0.296

Loss: -9.928572

VICTORY: 0.929

VICTORY: 0.653

VICTORY: 0.182

VICTORY: 0.686

VICTORY: 0.901

VICTORY: 0.428

Loss: -9.064516

Loss: -8.462687

VICTORY: 0.578

VICTORY: 0.982

VICTORY: 0.378

VICTORY: 0.495

VICTORY: 0.913

VICTORY: 0.345

VICTORY: 0.014

VICTORY: 0.125

VICTORY: 0.262

VICTORY: 0.853

Loss: -3.86533

VICTORY: 0.462

VICTORY: 0.824

VICTORY: 0.717

VICTORY: 0.495

VICTORY: 0.045

Loss: -3.352941

Loss: -4.10559

VICTORY: 0.798

Loss: -4.676471

Loss: -12.90476

Loss: -16.87302

VICTORY: 0.975

VICTORY: 0.59

VICTORY: 0.331

VICTORY: 0.626

VICTORY: 0.646

VICTORY: 0.572

VICTORY: 0.798

VICTORY: 0.613

Loss: -2.231527

VICTORY: 0.983

VICTORY: 0.493

VICTORY: 0.648

VICTORY: 0.923

Loss: -4.584229

VICTORY: 0.2

Loss: -6.076142

Loss: -2.945525

VICTORY: 0.886

VICTORY: 0.77

Loss: -3.016129

VICTORY: 0.005

Loss: -11.75269

VICTORY: 0.219

Loss: -5.545455

VICTORY: 0.269

VICTORY: 0.75

VICTORY: 0.956

Loss: -7.21118

Loss: -3.702703

Loss: -2.264223

Loss: -3.457002

Loss: -6.649717

VICTORY: 0.815

Loss: -3.262444

VICTORY: 0.736

VICTORY: 0.551

VICTORY: 0.597

Loss: -2.030928

VICTORY: 0.838

Loss: -5.784689

VICTORY: 0.952

Loss: -3.04918

VICTORY: 0.801

VICTORY: 0.694

Loss: -4.125

Loss: -5.424779

VICTORY: 0.321

Loss: -2.262626

Loss: -4.521127

Loss: -2.046025

VICTORY: 0.338

VICTORY: 0.367

VICTORY: 0.556

VICTORY: 0.531

VICTORY: 0.522

VICTORY: 0.892

VICTORY: 0.514

VICTORY: 0.629

Loss: -2.044932

VICTORY: 0.317

VICTORY: 0.405

VICTORY: 0.388

Loss: -2.984127

Loss: -6.524862

VICTORY: 0.466

VICTORY: 0.117

VICTORY: 0.913

VICTORY: 0.662

VICTORY: 0.576

VICTORY: 0.788

Loss: -2.587301

Loss: -10.80392

VICTORY: 0.888

Loss: -11.20408

VICTORY: 0.485

VICTORY: 0.334

Loss: -2.416431

VICTORY: 0.109

VICTORY: 0.394

VICTORY: 0.492

Loss: -2.795332

Loss: -6.988024

VICTORY: 0.867

Loss: -7.896552

VICTORY: 0.564

VICTORY: 0.953

VICTORY: 0.896

VICTORY: 0.69

Loss: -2.089325

Loss: -2.980198

VICTORY: 0.013

Loss: -2.176471

VICTORY: 0.41

VICTORY: 0.426

VICTORY: 0.204

Loss: -3.457002

VICTORY: 0.66

VICTORY: 0.807

VICTORY: 0.293

VICTORY: 0.615

Loss: -6.102041

VICTORY: 0.693

VICTORY: 0.307

VICTORY: 0.864

VICTORY: 0.625

Loss: -2.533742

VICTORY: 0.647

VICTORY: 0.948

VICTORY: 0.178

Loss: -5.065041

Loss: -7.060606

Loss: -12.23596

Loss: -2.190476

VICTORY: 0.405

VICTORY: 0.222

Loss: -3.631579

VICTORY: 0.586

VICTORY: 0.181

VICTORY: 0.823

Loss: -2.164144

VICTORY: 0.466

Loss: -2.420455

Loss: -11.20408

Loss: -4.636364

Loss: -16.15152

Loss: -4.787879

Loss: -6.747127

VICTORY: 0.977

VICTORY: 0.853

Loss: -2.834862

VICTORY: 0.848

VICTORY: 0.523

VICTORY: 0.791

Loss: -6.235602

VICTORY: 0.08

Loss: -2.872659

Loss: -2.926782

Loss: -8.462687

VICTORY: 0.012

Loss: -2.626016

Loss: -5.716981

VICTORY: 0.864

VICTORY: 0.732

Loss: -6.434783

VICTORY: 0.273

VICTORY: 0.312

VICTORY: 0.733

VICTORY: 0.484

VICTORY: 0.777

Loss: -13.82051

Loss: -3.624672

VICTORY: 0.397

VICTORY: 0.968

Loss: -2.968504

Loss: -3.252252

VICTORY: 0.827

Loss: -3.237136

VICTORY: 0.759

Loss: -2.577287

VICTORY: 0.444

Loss: -15.70588

VICTORY: 0.643

VICTORY: 0.468

VICTORY: 0.454

Loss: -2.538461

VICTORY: 0.228

VICTORY: 0.635

VICTORY: 0.047

VICTORY: 0.788

VICTORY: 0.457

Loss: -10.34579

Loss: -2.904762

VICTORY: 0.953

VICTORY: 0.327

Loss: -2.74216

VICTORY: 0.875

VICTORY: 0.788

Loss: -8.8125

Loss: -2.988072

VICTORY: 0.438

Loss: -3.873563

Loss: -4.030303

Loss: -3.123142

VICTORY: 0.818

VICTORY: 0.001

VICTORY: 0.773

VICTORY: 0.907

VICTORY: 0.099

Loss: -3.43309

VICTORY: 0.992

VICTORY: 0.724

Loss: -2.610306

Loss: -4.952569

VICTORY: 0.65

VICTORY: 0.59

VICTORY: 0.449

VICTORY: 0.703

VICTORY: 0.23

Loss: -2.529052

VICTORY: 0.23

VICTORY: 0.218

VICTORY: 0.213

Loss: -5.405286

VICTORY: 0.28

VICTORY: 0.463

VICTORY: 0.134

Loss: -2.485884

VICTORY: 0.759

VICTORY: 0.334

Loss: -9.196721

Loss: -5.739336

VICTORY: 0.731

VICTORY: 0.903

VICTORY: 0.366

Loss: -2.748252

Loss: -5.739336

Loss: -6.102041

VICTORY: 0.365

Loss: -5.081633

VICTORY: 0.655

VICTORY: 0.972

Loss: -7.535948

VICTORY: 0.48

VICTORY: 0.988

Loss: -4.773585

VICTORY: 0.531

VICTORY: 0.669

VICTORY: 0.951

VICTORY: 0.392

VICTORY: 0.852

VICTORY: 0.112

VICTORY: 0.344

VICTORY: 0.323

VICTORY: 0.759

VICTORY: 0.916

VICTORY: 0.554

VICTORY: 0.503

VICTORY: 0.939

Loss: -2.461988

VICTORY: 0.985

VICTORY: 0.514

Loss: -3.801121

Loss: -2.385041

VICTORY: 0.623

VICTORY: 0.619

VICTORY: 0.959

Loss: -3.314815

VICTORY: 0.986

VICTORY: 0.919

Loss: -6.747127

Loss: -2.199041

VICTORY: 0.229

VICTORY: 0.655

Loss: -2.074114

Loss: -4.921568

VICTORY: 0.341

VICTORY: 0.604

Loss: -2.547988

VICTORY: 0.109

VICTORY: 0.638

VICTORY: 0.352

VICTORY: 0.751

Loss: -2.122334

VICTORY: 0.674

VICTORY: 0.569

VICTORY: 0.738

VICTORY: 0.781

VICTORY: 0.978

Loss: -11.20408

VICTORY: 0.412

VICTORY: 0.914

VICTORY: 0.828

Loss: -2.445087

VICTORY: 0.468

VICTORY: 0.497

VICTORY: 0.836

VICTORY: 0.445

Loss: -15.70588

Loss: -3.087683

VICTORY: 0.774

VICTORY: 0.481

Loss: -9.403361

Loss: -2.150748

Loss: -2.335114

VICTORY: 0.079

VICTORY: 0.525

VICTORY: 0.419

Loss: -2.567398

VICTORY: 0.975

Loss: -7.896552

Loss: -3.941176

Loss: -3.392344

VICTORY: 0.614

Loss: -2.769912

Loss: -5.504505

Loss: -5.62963

VICTORY: 0.294

Loss: -2.117318

VICTORY: 0.11

VICTORY: 0.549

VICTORY: 0.613

Loss: -9.620689

VICTORY: 0.977

VICTORY: 0.664

Loss: -8.751938

Loss: -4.344481

VICTORY: 0.034

Loss: -2.41844

Loss: -3.242152

Loss: -7.578948

Loss: -3.380952

Loss: -5.975124

VICTORY: 0.713

VICTORY: 0.219

VICTORY: 0.12

Loss: -9.130081

VICTORY: 0.94

VICTORY: 0.972

VICTORY: 0.259

Loss: -3.444988

VICTORY: 0.345

VICTORY: 0.793

VICTORY: 0.459

VICTORY: 0.703

VICTORY: 0.197

VICTORY: 0.989

Loss: -9.474576

Loss: -5.310345

VICTORY: 0.947

VICTORY: 0.061

Loss: -8.352942

VICTORY: 0.849

VICTORY: 0.58

Loss: -2.455604

Loss: -3.309469

VICTORY: 0.857

Loss: -2.904762

VICTORY: 0.573

VICTORY: 0.347

Loss: -8.751938

VICTORY: 0.382

Loss: -2.996008

VICTORY: 0.941

Loss: -14.33333

Loss: -3.898551

VICTORY: 0.71

VICTORY: 0.424

VICTORY: 0.137

VICTORY: 0.005

VICTORY: 0.918

VICTORY: 0.461

Loss: -2.070664

VICTORY: 0.253

VICTORY: 0.68

VICTORY: 0.826

VICTORY: 0.569

VICTORY: 0.923

VICTORY: 0.101

VICTORY: 0.779

Loss: -2.869159

VICTORY: 0.606

Loss: -6.347594

Loss: -3.994012

VICTORY: 0.999

Loss: -3.65252

VICTORY: 0.287

Loss: -3.070393

Loss: -2.432665

Loss: -2.497006

Loss: -11

VICTORY: 0.341

Loss: -9.130081

VICTORY: 0.905

VICTORY: 0.352

VICTORY: 0.408

Loss: -3.785515

VICTORY: 0.92

Loss: -3.463054

VICTORY: 0.534

VICTORY: 0.823

VICTORY: 0.605

Loss: -5.524887

VICTORY: 0.598

VICTORY: 0.194

VICTORY: 0.877

VICTORY: 0.092

VICTORY: 0.244

Loss: -8.8125

VICTORY: 0.413

VICTORY: 0.928

Loss: -5.366812

VICTORY: 0.284

Loss: -2.788909

VICTORY: 0.182

VICTORY: 0.905

VICTORY: 0.784

VICTORY: 0.197

VICTORY: 0.937

VICTORY: 0.972

VICTORY: 0.521

VICTORY: 0.982

VICTORY: 0.045

VICTORY: 0.858

VICTORY: 0.096

VICTORY: 0.416

VICTORY: 0.966

VICTORY: 0.463

Loss: -2.855288

VICTORY: 0.954

Loss: -3.28833

VICTORY: 0.056

VICTORY: 0.901

VICTORY: 0.824

VICTORY: 0.301

VICTORY: 0.532

VICTORY: 0.039

VICTORY: 0.906

VICTORY: 0.381

Loss: -2.466276

VICTORY: 0.717

Loss: -13.65823

VICTORY: 0.225

Loss: -9.403361

VICTORY: 0.554

Loss: -3.375297

Loss: -6.464481

VICTORY: 0.774

Loss: -2.798561

VICTORY: 0.657

VICTORY: 0.181

VICTORY: 0.278

Loss: -10.00901

VICTORY: 0.458

VICTORY: 0.653

Loss: -5.739336

Loss: -11.10101

VICTORY: 0.07

VICTORY: 0.798

VICTORY: 0.232

Loss: -4.322259

VICTORY: 0.456

VICTORY: 0.397

Loss: -2.923077

Loss: -2.371742

Loss: -2.193317

VICTORY: 0.462

Loss: -4.921568

VICTORY: 0.395

VICTORY: 0.113

VICTORY: 0.915

Loss: -2.131222

Loss: -5.651163

VICTORY: 0.565

VICTORY: 0.32

VICTORY: 0.887

VICTORY: 0.266

VICTORY: 0.868

Loss: -3.262444

VICTORY: 0.614

VICTORY: 0.173

VICTORY: 0.511

VICTORY: 0.391

Loss: -2.52439

Loss: -2.745201

VICTORY: 0.435

VICTORY: 0.708

VICTORY: 0.18

VICTORY: 0.638

Loss: -3.793296

VICTORY: 0.246

Loss: -2.194743

VICTORY: 0.46

Loss: -6.649717

VICTORY: 0.334

Loss: -4.508772

Loss: -4.521127

VICTORY: 0.856

Loss: -3.352941

Loss: -6.128205

VICTORY: 0.149

Loss: -2.004016

Loss: -3.118644

VICTORY: 0.593

Loss: -12.62791

VICTORY: 0.667

VICTORY: 0.413

VICTORY: 0.362

VICTORY: 0.429

Loss: -2.449275

VICTORY: 0.996

VICTORY: 0.89

Loss: -8.462687

Loss: -5.184101

VICTORY: 0.163

VICTORY: 0.473

VICTORY: 0.892

VICTORY: 0.595

Loss: -15.70588

VICTORY: 0.555

Loss: -4.984064

VICTORY: 0.435

VICTORY: 0.052

VICTORY: 0.542

Loss: -17.94915

VICTORY: 0.981

VICTORY: 0.521

Loss: -3.898551

Loss: -3.645503

VICTORY: 0.986

Loss: -4.215434

Loss: -2.926782

VICTORY: 0.393

VICTORY: 0.579

VICTORY: 0.89

Loss: -2.572327

VICTORY: 0.68

VICTORY: 0.479

Loss: -12.90476

Loss: -2.054852

Loss: -8.462687

VICTORY: 0.968

VICTORY: 0.673

Loss: -2.25

VICTORY: 0.293

VICTORY: 0.528

VICTORY: 0.85

Loss: -4.875969

VICTORY: 0.806

VICTORY: 0.017

Loss: -4.703704

VICTORY: 0.272

VICTORY: 0.109

VICTORY: 0.802

Loss: -8.692307

VICTORY: 0.754

VICTORY: 0.235

VICTORY: 0.558

VICTORY: 0.866

VICTORY: 0.812

Loss: -6.617978

VICTORY: 0.305

VICTORY: 0.883

Loss: -2.338688

VICTORY: 0.98

Loss: -2.078749

VICTORY: 0.132

VICTORY: 0.557

Loss: -2.872659

Loss: -6.780347

Loss: -2.18624

VICTORY: 0.116

VICTORY: 0.14

VICTORY: 0.813

VICTORY: 0.579

Loss: -2.118568

VICTORY: 0.775

VICTORY: 0.21

VICTORY: 0.097

VICTORY: 0.991

VICTORY: 0.086

VICTORY: 0.382

VICTORY: 0.212

VICTORY: 0.384

Loss: -12.62791

VICTORY: 0.771

Loss: -3.03666

VICTORY: 0.959

VICTORY: 0.713

VICTORY: 0.898

VICTORY: 0.007

VICTORY: 0.089

VICTORY: 0.191

VICTORY: 0.72

VICTORY: 0.496

VICTORY: 0.097

Loss: -5.878049

Loss: -3.673797

VICTORY: 0.43

VICTORY: 0.685

Loss: -3.188184

VICTORY: 0.436

VICTORY: 0.164

VICTORY: 0.081

Loss: -3.277904

VICTORY: 0.476

VICTORY: 0.242

VICTORY: 0.76

Loss: -10.80392

VICTORY: 0.196

VICTORY: 0.933

VICTORY: 0.36

VICTORY: 0.556

VICTORY: 0.764

Loss: -4.731343

VICTORY: 0.845

VICTORY: 0.562

Loss: -9

VICTORY: 0.8

Loss: -2.37931

VICTORY: 0.183

Loss: -4.267974

Loss: -2.265823

VICTORY: 0.946

VICTORY: 0.507

VICTORY: 0.041

VICTORY: 0.018

VICTORY: 0.72

VICTORY: 0.035

VICTORY: 0.878

VICTORY: 0.383

Loss: -2.008065

VICTORY: 0.835

VICTORY: 0.992

Loss: -3.309469

VICTORY: 0.471

VICTORY: 0.481

VICTORY: 0.829

VICTORY: 0.515

Loss: -3.164502

VICTORY: 0.4

Loss: -7.134969

VICTORY: 0.619

VICTORY: 0.506

VICTORY: 0.167

VICTORY: 0.929

Loss: -2.416431

Loss: -19.86792

VICTORY: 0.629

VICTORY: 0.52

Loss: -2.154734

VICTORY: 0.168

VICTORY: 0.786

VICTORY: 0.421

VICTORY: 0.332

Loss: -2.658375

Loss: -4.984064

Loss: -7.756757

VICTORY: 0.283

Loss: -2.31406

VICTORY: 0.052

Loss: -2.157408

Loss: -11.98901

Loss: -8.352942

VICTORY: 0.836

VICTORY: 0.884

Loss: -2.360544

Loss: -6.988024

VICTORY: 0.233

Loss: -5.854369

Loss: -2.158749

Loss: -12.62791

VICTORY: 0.881

VICTORY: 0.167

Loss: -2.064963

Loss: -12.23596

Loss: -9.130081

VICTORY: 0.44

VICTORY: 0.522

VICTORY: 0.342

VICTORY: 0.191

Loss: -2.915709

VICTORY: 0.206

VICTORY: 0.089

Loss: -8.29927

Loss: -3.564103

VICTORY: 0.186

Loss: -3.057613

VICTORY: 0.402

Loss: -5.065041

VICTORY: 0.897

Loss: -6.747127

VICTORY: 0.556

VICTORY: 0.407

VICTORY: 0.883

VICTORY: 0.673

VICTORY: 0.089

VICTORY: 0.661

Loss: -6.263158

Loss: -3.232143

VICTORY: 0.583

Loss: -5.56621

VICTORY: 0.673

VICTORY: 0.318

VICTORY: 0.195

Loss: -8.518797

Loss: -3.427185

Loss: -2.964637

VICTORY: 0.772

VICTORY: 0.148

Loss: -15.70588

VICTORY: 0.771

VICTORY: 0.989

VICTORY: 0.709

Loss: -3.352941

VICTORY: 0.601

VICTORY: 0.424

VICTORY: 0.474

VICTORY: 0.723

Loss: -4.90625

VICTORY: 0.241

VICTORY: 0.823

Loss: -2.748252

VICTORY: 0.033

Loss: -14.69863

VICTORY: 0.543

VICTORY: 0.429

Loss: -2.751313

Loss: -2.519757

VICTORY: 0.85

Loss: -3.237136

VICTORY: 0.48

VICTORY: 0.975

Loss: -5.237288

VICTORY: 0.868

Loss: -2.798561

VICTORY: 0.32

VICTORY: 0.47

VICTORY: 0.419

VICTORY: 0.543

Loss: -3.793296

VICTORY: 0.599

VICTORY: 0.968

VICTORY: 0.061

VICTORY: 0.591

Loss: -5.854369

Loss: -4.174603

VICTORY: 0.604

VICTORY: 0.254

VICTORY: 0.747

VICTORY: 0.317

Loss: -4.937008

VICTORY: 0.032

Loss: -2.862197

Loss: -6.154639

VICTORY: 0.513

Loss: -2.347709

Loss: -13.04819

Loss: -2.724138

VICTORY: 0.528

VICTORY: 0.757

VICTORY: 0.65

VICTORY: 0.405

VICTORY: 0.488

Loss: -7.21118

VICTORY: 0.986

VICTORY: 0.443

Loss: -5.739336

Loss: -2.251565

VICTORY: 0.662

VICTORY: 0.637

Loss: -3.659575

VICTORY: 0.246

VICTORY: 0.213

Loss: -2.776199

VICTORY: 0.302

Loss: -4.90625

VICTORY: 0.682

VICTORY: 0.675

VICTORY: 0.82

VICTORY: 0.176

VICTORY: 0.147

VICTORY: 0.171

VICTORY: 0.621

VICTORY: 0.078

VICTORY: 0.849

VICTORY: 0.008

Loss: -2.582278

Loss: -7.060606

VICTORY: 0.043

VICTORY: 0.886

VICTORY: 0.573

VICTORY: 0.285

VICTORY: 0.86

VICTORY: 0.81

VICTORY: 0.238

VICTORY: 0.645

Loss: -2.814882

Loss: -3.906977

VICTORY: 0.307

Loss: -5.878049

VICTORY: 0.31

Loss: -2.315789

Loss: -5.716981

VICTORY: 0.083

VICTORY: 0.639

VICTORY: 0.974

Loss: -2.424501

Loss: -3.227171

VICTORY: 0.16

Loss: -16.87302

Loss: -3.976191

Loss: -5.255319

Loss: -3.336449

VICTORY: 0.45

VICTORY: 0.854

Loss: -2.485884

VICTORY: 0.242

VICTORY: 0.503

Loss: -4.378378

VICTORY: 0.302

Loss: -15.92537

VICTORY: 0.921

VICTORY: 0.871

VICTORY: 0.904

VICTORY: 0.237

VICTORY: 0.559

VICTORY: 0.789

VICTORY: 0.194

Loss: -3.421308

VICTORY: 0.261

Loss: -11.6383

VICTORY: 0.655

VICTORY: 0.741

Loss: -10.70874

Loss: -9.620689

Loss: -2.424501

VICTORY: 0.402

VICTORY: 0.837

Loss: -3.48139

VICTORY: 0.179

Loss: -6.555555

Loss: -2.35318

VICTORY: 0.356

VICTORY: 0.879

VICTORY: 0.035

VICTORY: 0.597

Loss: -6.235602

Loss: -3.48139

VICTORY: 0.876

VICTORY: 0.981

Loss: -2.078749

Loss: -3.617801

VICTORY: 0.834

Loss: -4.731343

VICTORY: 0.624

VICTORY: 0.153

Loss: -2.824817

VICTORY: 0.661

VICTORY: 0.873

VICTORY: 0.841

Loss: -2.792115

Loss: -2.779359

VICTORY: 0.45

Loss: -3.083333

Loss: -6.813953

Loss: -3.325581

VICTORY: 0.991

VICTORY: 0.787

Loss: -2.338688

VICTORY: 0.038

VICTORY: 0.225

VICTORY: 0.264

VICTORY: 0.745

VICTORY: 0.092

VICTORY: 0.461

VICTORY: 0.821

Loss: -12.36364

VICTORY: 0.377

VICTORY: 0.54

VICTORY: 0.944

VICTORY: 0.755

VICTORY: 0.73

VICTORY: 0.978

Loss: -2.569859

VICTORY: 0.451

VICTORY: 0.846

VICTORY: 0.619

VICTORY: 0.139

Loss: -20.23077

VICTORY: 0.224

VICTORY: 0.659

VICTORY: 0.752

Loss: -3.512563

Loss: -3.857143

VICTORY: 0.384

Loss: -7.666667

Loss: -3.976191

VICTORY: 0.755

VICTORY: 0.169

Loss: -8.194244

Loss: -6.91716

Loss: -4.174603

VICTORY: 0.13

Loss: -2.879699

Loss: -11.41667

Loss: -2.04712

Loss: -15.49275

Loss: -2.904762

Loss: -4.484321

Loss: -2.501502

VICTORY: 0.319

VICTORY: 0.82

VICTORY: 0.059

VICTORY: 0.476

VICTORY: 0.583

Loss: -7.802721

VICTORY: 0.998

VICTORY: 0.257

VICTORY: 0.088

VICTORY: 0.71

VICTORY: 0.799

VICTORY: 0.804

VICTORY: 0.243

VICTORY: 0.363

Loss: -6.586592

VICTORY: 0.718

VICTORY: 0.115

VICTORY: 0.924

VICTORY: 0.952

VICTORY: 0.139

VICTORY: 0.471

VICTORY: 0.395

VICTORY: 0.549

Loss: -2.886792

VICTORY: 0.106

VICTORY: 0.193

VICTORY: 0.56

VICTORY: 0.592

VICTORY: 0.144

VICTORY: 0.29

Loss: -4.521127

Loss: -11.10101

VICTORY: 0.36

VICTORY: 0.456

VICTORY: 0.959

Loss: -3.695418

Loss: -2.615509

Loss: -2.818182

Loss: -2.438849

VICTORY: 0.32

VICTORY: 0.915

VICTORY: 0.384

VICTORY: 0.387

VICTORY: 0.043

VICTORY: 0.047

Loss: -9.547009

Loss: -2.243781

VICTORY: 0.826

Loss: -10.17431

Loss: -3.242152

Loss: -4.676471

VICTORY: 0.027

VICTORY: 0.67

VICTORY: 0.993

VICTORY: 0.678

Loss: -2.464129

VICTORY: 0.417

VICTORY: 0.949

Loss: -4.676471

Loss: -3.04918

VICTORY: 0.742

VICTORY: 0.619

Loss: -8.633588

VICTORY: 0.863

VICTORY: 0.72

VICTORY: 0.626

Loss: -8.936508

VICTORY: 0.318

VICTORY: 0.531

Loss: -8.8125

Loss: -8.352942

Loss: -6.181347

VICTORY: 0.736

VICTORY: 0.809

Loss: -8.575758

VICTORY: 0.369

VICTORY: 0.291

Loss: -3.673797

VICTORY: 0.054

VICTORY: 0.783

VICTORY: 0.24

VICTORY: 0.232

VICTORY: 0.747

VICTORY: 0.946

Loss: -2.158749

VICTORY: 0.797

VICTORY: 0.981

VICTORY: 0.546

VICTORY: 0.02

VICTORY: 0.655

Loss: -2.028807

VICTORY: 0.991

VICTORY: 0.349

VICTORY: 0.713

VICTORY: 0.54

VICTORY: 0.272

VICTORY: 0.749

VICTORY: 0.67

VICTORY: 0.294

VICTORY: 0.839

Loss: -3.724796

Loss: -9.77193

VICTORY: 0.698

VICTORY: 0.234

VICTORY: 0.305

VICTORY: 0.956

VICTORY: 0.143

VICTORY: 0.76

VICTORY: 0.618

VICTORY: 0.653

VICTORY: 0.168

Loss: -3.604167

VICTORY: 0.096

VICTORY: 0.84

Loss: -5.56621

Loss: -8.142858

Loss: -2.058201

Loss: -2.251565

VICTORY: 0.021

VICTORY: 0.2

VICTORY: 0.619

Loss: -5.807693

VICTORY: 0.013

VICTORY: 0.015

VICTORY: 0.925

Loss: -2.234568

Loss: -13.04819

Loss: -2.118568

Loss: -10.09091

Loss: -2.639344

VICTORY: 0.464

VICTORY: 0.736

VICTORY: 0.306

VICTORY: 0.25

Loss: -2.088139

Loss: -15.08451

VICTORY: 0.553

VICTORY: 0.316

VICTORY: 0.397

VICTORY: 0.883

Loss: -3.475248

VICTORY: 0.563

Loss: -5.975124

VICTORY: 0.141

VICTORY: 0.995

Loss: -5.424779

Loss: -2.420455

VICTORY: 0.446

VICTORY: 0.663

VICTORY: 0.318

VICTORY: 0.359

VICTORY: 0.059

VICTORY: 0.919

Loss: -3.012072

VICTORY: 0.429

VICTORY: 0.99

Loss: -4.215434

Loss: -2.007049

VICTORY: 0.588

VICTORY: 0.255

VICTORY: 0.818

Loss: -4.759398

VICTORY: 0.289

Loss: -9.77193

VICTORY: 0.327

VICTORY: 0.92

Loss: -8.142858

VICTORY: 0.199

VICTORY: 0.319

VICTORY: 0.632

VICTORY: 0.443

VICTORY: 0.374

Loss: -9.695652

VICTORY: 0.734

VICTORY: 0.248

Loss: -7.578948

Loss: -7.097561

Loss: -2.148106

VICTORY: 0.707

VICTORY: 0.821

VICTORY: 0.851

VICTORY: 0.159

VICTORY: 0.795

VICTORY: 0.439

VICTORY: 0.74

VICTORY: 0.124

Loss: -2.517451

Loss: -3.380952

VICTORY: 0.222

Loss: -4.571429

VICTORY: 0.991

VICTORY: 0.696

VICTORY: 0.42

VICTORY: 0.193

VICTORY: 0.895

VICTORY: 0.106

VICTORY: 0.739

Loss: -13.5

VICTORY: 0.996

VICTORY: 0.445

VICTORY: 0.114

VICTORY: 0.992

Loss: -3.237136

VICTORY: 0.47

VICTORY: 0.282

Loss: -2.041667

VICTORY: 0.891

VICTORY: 0.674

Loss: -2.672241

Loss: -7.410256

VICTORY: 0.689

VICTORY: 0.718

VICTORY: 0.527

Loss: -6.319149

Loss: -2.941748

VICTORY: 0.448

VICTORY: 0.116

Loss: -5.132231

VICTORY: 0.788

Loss: -3.155172

VICTORY: 0.307

VICTORY: 0.688

Loss: -6.714286

Loss: -4.676471

VICTORY: 0.028

Loss: -4.278688

VICTORY: 0.721

Loss: -2.468429

VICTORY: 0.896

Loss: -8.633588

VICTORY: 0.264

VICTORY: 0.097

VICTORY: 0.095

Loss: -2.872659

VICTORY: 0.945

VICTORY: 0.433

Loss: -6.405406

VICTORY: 0.799

VICTORY: 0.344

VICTORY: 0.857

VICTORY: 0.649

VICTORY: 0.197

VICTORY: 0.411

Loss: -12.90476

VICTORY: 0.248

VICTORY: 0.342

VICTORY: 0.171

Loss: -3.375297

VICTORY: 0.432

Loss: -4.134796

Loss: -4.861004

VICTORY: 0.104

VICTORY: 0.579

Loss: -3.832861

Loss: -15.70588

VICTORY: 0.604

VICTORY: 0.32

VICTORY: 0.862

Loss: -3.012072

Loss: -5.149378

VICTORY: 0.851

VICTORY: 0.765

VICTORY: 0.895

VICTORY: 0.082

Loss: -2.144165

VICTORY: 0.885

Loss: -2.256281

Loss: -2.782531

VICTORY: 0.468

VICTORY: 0.39

VICTORY: 0.935

VICTORY: 0.089

VICTORY: 0.173

Loss: -4.846154

VICTORY: 0.352

Loss: -2.040583

VICTORY: 0.218

VICTORY: 0.676

VICTORY: 0.37

VICTORY: 0.702

VICTORY: 0.526

VICTORY: 0.299

VICTORY: 0.78

Loss: -3.040816

VICTORY: 0.937

Loss: -3.463054

Loss: -3.932551

Loss: -4.058104

VICTORY: 0.955

VICTORY: 0.938

VICTORY: 0.354

VICTORY: 0.664

VICTORY: 0.221

VICTORY: 0.349

Loss: -2.187649

Loss: -6.847953

Loss: -5.524887

VICTORY: 0.315

VICTORY: 0.3

VICTORY: 0.979

VICTORY: 0.077

VICTORY: 0.7

VICTORY: 0.084

VICTORY: 0.324

VICTORY: 0.411

VICTORY: 0.254

VICTORY: 0.65

VICTORY: 0.65

Loss: -3.409639

VICTORY: 0.15

VICTORY: 0.837

VICTORY: 0.578

Loss: -2.173709

VICTORY: 0.843

Loss: -10.70874

VICTORY: 0.421

VICTORY: 0.874

VICTORY: 0.745

VICTORY: 0.551

VICTORY: 0.129

Loss: -3.242152

Loss: -7.493506

VICTORY: 0.034

Loss: -2.064963

VICTORY: 0.991

VICTORY: 0.182

Loss: -4.533569

Loss: -3.915452

Loss: -2.582278

Loss: -2.067236

VICTORY: 0.751

VICTORY: 0.42

Loss: -2.449275

Loss: -4.205128

VICTORY: 0.892

Loss: -2.692047

VICTORY: 0.1

Loss: -3.12766

VICTORY: 0.313

VICTORY: 0.689

VICTORY: 0.553

VICTORY: 0.116

VICTORY: 0.321

VICTORY: 0.229

Loss: -5

VICTORY: 0.568

VICTORY: 0.127

VICTORY: 0.03

VICTORY: 0.998

VICTORY: 0.402

Loss: -2.54321

VICTORY: 0.217

VICTORY: 0.625

VICTORY: 0.337

VICTORY: 0.738

VICTORY: 0.063

Loss: -2.536098

VICTORY: 0.001

Loss: -6.555555

Loss: -5.739336

Loss: -12.11111

Loss: -3.583979

VICTORY: 0.287

VICTORY: 0.99

Loss: -13.65823

VICTORY: 0.53

VICTORY: 0.987

VICTORY: 0.838

VICTORY: 0.132

VICTORY: 0.79

Loss: -9.403361

Loss: -2.340482

VICTORY: 0.16

Loss: -2.096491

Loss: -3.967359

VICTORY: 0.195

VICTORY: 0.778

Loss: -3.10084

VICTORY: 0.152

Loss: -8.142858

VICTORY: 0.055

Loss: -2.636661

VICTORY: 0.781

VICTORY: 0.01

Loss: -6.847953

VICTORY: 0.295

VICTORY: 0.636

VICTORY: 0.875

VICTORY: 0.469

Loss: -3.493766

Loss: -2.023541

VICTORY: 0.996

VICTORY: 0.6

VICTORY: 0.801

VICTORY: 0.746

Loss: -4.649635

VICTORY: 0.968

VICTORY: 0.676

VICTORY: 0.614

VICTORY: 0.766

VICTORY: 0.59

VICTORY: 0.846

Loss: -3.242152

VICTORY: 0.776

VICTORY: 0.683

Loss: -2.09529

VICTORY: 0.769

Loss: -3.375297

Loss: -4.194888

VICTORY: 0.064

VICTORY: 0.832

VICTORY: 0.548

VICTORY: 0.003

VICTORY: 0.91

VICTORY: 0.666

VICTORY: 0.288

VICTORY: 0.145

Loss: -12.90476

VICTORY: 0.679

VICTORY: 0.871

Loss: -2.136364

Loss: -2.828154

Loss: -5.065041

VICTORY: 0.108

VICTORY: 0.085

VICTORY: 0.795

VICTORY: 0.889

VICTORY: 0.82

VICTORY: 0.907

VICTORY: 0.304

VICTORY: 0.378

VICTORY: 0.943

VICTORY: 0.471

VICTORY: 0.627

Loss: -2.331558

Loss: -16.38461

VICTORY: 0.574

Loss: -5.807693

VICTORY: 0.301

VICTORY: 0.891

Loss: -5.62963

VICTORY: 0.883

VICTORY: 0.868

VICTORY: 0.373

Loss: -4.378378

Loss: -4.745318

VICTORY: 0.965

VICTORY: 0.525

VICTORY: 0.368

VICTORY: 0.938

VICTORY: 0.78

VICTORY: 0.963

VICTORY: 0.881

VICTORY: 0.996

VICTORY: 0.609

Loss: -7.410256

Loss: -2.013171

VICTORY: 0.649

Loss: -11.41667

VICTORY: 0.429

VICTORY: 0.831

VICTORY: 0.843

VICTORY: 0.851

VICTORY: 0.659

VICTORY: 0.82

VICTORY: 0.078

VICTORY: 0.371

Loss: -6.319149

VICTORY: 0.206

VICTORY: 0.548

VICTORY: 0.517

Loss: -2.37741

VICTORY: 0.465

VICTORY: 0.652

Loss: -3.564103

Loss: -7.535948

VICTORY: 0.282

VICTORY: 0.245

Loss: -2.55521

VICTORY: 0.076

Loss: -2.474926

Loss: -5.444445

VICTORY: 0.882

VICTORY: 0.132

Loss: -5.807693

VICTORY: 0.904

VICTORY: 0.581

Loss: -18.54386

VICTORY: 0.328

VICTORY: 0.49

Loss: -2.988072

VICTORY: 0.07

VICTORY: 0.579

VICTORY: 0.987

VICTORY: 0.345

Loss: -3.150538

Loss: -2.253133

VICTORY: 0.796

VICTORY: 0.082

VICTORY: 0.993

VICTORY: 0.442

Loss: -3.857143

Loss: -8.692307

Loss: -7.578948

VICTORY: 0.417

Loss: -3.293578

VICTORY: 0.589

VICTORY: 0.393

VICTORY: 0.588

Loss: -3.724796

VICTORY: 0.71

VICTORY: 0.877

VICTORY: 0.785

VICTORY: 0.372

VICTORY: 0.816

VICTORY: 0.737

VICTORY: 0.366

Loss: -3.369668

VICTORY: 0.724

VICTORY: 0.476

VICTORY: 0.21

VICTORY: 0.933

VICTORY: 0.413

Loss: -16.625

VICTORY: 0.213

VICTORY: 0.356

VICTORY: 0.771

Loss: -13.04819

Loss: -3.03666

VICTORY: 0.614

VICTORY: 0.463

VICTORY: 0.392

Loss: -2.709402

Loss: -5.608295

VICTORY: 0.566

VICTORY: 0.958

Loss: -3.659575

VICTORY: 0.417

Loss: -2.782531

Loss: -3.252252

VICTORY: 0.312

VICTORY: 0.591

VICTORY: 0.413

VICTORY: 0.918

VICTORY: 0.369

VICTORY: 0.637

VICTORY: 0.667

VICTORY: 0.328

Loss: -7.289308

VICTORY: 0.159

VICTORY: 0.603

VICTORY: 0.324

VICTORY: 0.499

Loss: -3.066116

VICTORY: 0.122

Loss: -5.405286

Loss: -7.622517

VICTORY: 0.132

VICTORY: 0.026

Loss: -2.270648

Loss: -2.132503

VICTORY: 0.743

VICTORY: 0.398

VICTORY: 0.894

VICTORY: 0.375

Loss: -2.270648

Loss: -3.087683

VICTORY: 0.013

VICTORY: 0.534

VICTORY: 0.453

Loss: -2.203369

VICTORY: 0.269

VICTORY: 0.987

Loss: -6.813953

Loss: -2.838235

VICTORY: 0.094

VICTORY: 0.163

VICTORY: 0.668

VICTORY: 0.844

VICTORY: 0.184

VICTORY: 0.705

Loss: -3.04918

VICTORY: 0.667

VICTORY: 0.418

Loss: -8.142858

VICTORY: 0.542

VICTORY: 0.369

Loss: -2.597444

VICTORY: 0.475

VICTORY: 0.244

VICTORY: 0.573

VICTORY: 0.412

VICTORY: 0.304

VICTORY: 0.952

VICTORY: 0.699

Loss: -2.37741

VICTORY: 0.446

Loss: -10.25926

Loss: -3.155172

VICTORY: 0.472

Loss: -4.267974

VICTORY: 0.296

VICTORY: 0.643

VICTORY: 0.95

VICTORY: 0.871

Loss: -2.194743

VICTORY: 0.863

VICTORY: 0.835

Loss: -2.862197

Loss: -16.625

VICTORY: 0.944

VICTORY: 0.964

VICTORY: 0.524

Loss: -2.367989

VICTORY: 0.073

VICTORY: 0.794

Loss: -8.462687

VICTORY: 0.108

VICTORY: 0.963

Loss: -2.315789

VICTORY: 0.873

VICTORY: 0.108

VICTORY: 0.062

VICTORY: 0.144

Loss: -3.915452

VICTORY: 0.673

VICTORY: 0.817

VICTORY: 0.984

VICTORY: 0.716

VICTORY: 0.906

VICTORY: 0.978

VICTORY: 0.088

VICTORY: 0.817

VICTORY: 0.415

VICTORY: 0.073

Loss: -2.138952

VICTORY: 0.597

VICTORY: 0.577

Loss: -7.134969

VICTORY: 0.387

VICTORY: 0.049

VICTORY: 0.676

VICTORY: 0.773

Loss: -5.878049

Loss: -5

Loss: -3.272727

Loss: -2.919386

VICTORY: 0.734

Loss: -8.518797

Loss: -2.449275

Loss: -3.808989

VICTORY: 0.12

VICTORY: 0.8

VICTORY: 0.404

VICTORY: 0.637

VICTORY: 0.085

VICTORY: 0.549

VICTORY: 0.823

VICTORY: 0.034

VICTORY: 0.387

VICTORY: 0.589

VICTORY: 0.602

VICTORY: 0.819

VICTORY: 0.14

VICTORY: 0.491

VICTORY: 0.423

Loss: -3.666667

Loss: -12.90476

VICTORY: 0.149

VICTORY: 0.094

VICTORY: 0.326

VICTORY: 0.623

VICTORY: 0.471

VICTORY: 0.779

VICTORY: 0.754

VICTORY: 0.092

VICTORY: 0.421

VICTORY: 0.455

Loss: -2.191895

VICTORY: 0.543

VICTORY: 0.672

VICTORY: 0.891

VICTORY: 0.118

VICTORY: 0.477

VICTORY: 0.811

VICTORY: 0.392

VICTORY: 0.864

VICTORY: 0.491

VICTORY: 0.633

VICTORY: 0.349

VICTORY: 0.572

VICTORY: 0.189

Loss: -3.267574

Loss: -15.70588

VICTORY: 0.18

Loss: -6.988024

VICTORY: 0.501

VICTORY: 0.465

VICTORY: 0.417

Loss: -4.030303

VICTORY: 0.004

VICTORY: 0.297

VICTORY: 0.901

Loss: -12.76471

VICTORY: 0.346

Loss: -5.081633

VICTORY: 0.613

VICTORY: 0.257

VICTORY: 0.211

VICTORY: 0.39

VICTORY: 0.981

VICTORY: 0.436

VICTORY: 0.416

Loss: -2.29199

Loss: -2.686341

VICTORY: 0.121

VICTORY: 0.646

Loss: -2.605136

VICTORY: 0.885

VICTORY: 0.133

VICTORY: 0.736

Loss: -2.466276

VICTORY: 0.859

VICTORY: 0.209

Loss: -8.8125

VICTORY: 0.683

VICTORY: 0.188

VICTORY: 0.957

VICTORY: 0.199

VICTORY: 0.164

Loss: -2.795332

VICTORY: 0.085

VICTORY: 0.159

VICTORY: 0.028

VICTORY: 0.895

VICTORY: 0.239

Loss: -14.69863

Loss: -4.968254

VICTORY: 0.896

VICTORY: 0.658

Loss: -12.11111

Loss: -2.154734

VICTORY: 0.977

VICTORY: 0.769

VICTORY: 0.576

Loss: -2.926782

Loss: -2.085776

VICTORY: 0.323

VICTORY: 0.918

Loss: -6.154639

VICTORY: 0.831

VICTORY: 0.539

VICTORY: 0.368

VICTORY: 0.782

VICTORY: 0.672

Loss: -4.861004

VICTORY: 0.355

VICTORY: 0.835

Loss: -2.055966

VICTORY: 0.229

VICTORY: 0.915

VICTORY: 0.88

VICTORY: 0.069

VICTORY: 0.7

VICTORY: 0.196

VICTORY: 0.312

VICTORY: 0.355

Loss: -21

VICTORY: 0.37

Loss: -5.504505

Loss: -13.04819

Loss: -2.10742

VICTORY: 0.967

VICTORY: 0.105

VICTORY: 0.006

Loss: -2.47929

VICTORY: 0.656

VICTORY: 0.168

VICTORY: 0.014

VICTORY: 0.479

VICTORY: 0.298

VICTORY: 0.638

VICTORY: 0.044

VICTORY: 0.163

VICTORY: 0.556

Loss: -2.201923

VICTORY: 0.959

VICTORY: 0.448

VICTORY: 0.105

VICTORY: 0.823

VICTORY: 0.934

VICTORY: 0.367

VICTORY: 0.02

VICTORY: 0.828

VICTORY: 0.246

Loss: -5.201681

VICTORY: 0.694

VICTORY: 0.147

VICTORY: 0.537

VICTORY: 0.809

Loss: -2.342282

VICTORY: 0.196

VICTORY: 0.058

VICTORY: 0.092

VICTORY: 0.698

VICTORY: 0.898

VICTORY: 0.075

VICTORY: 0.261

VICTORY: 0.988

Loss: -3.710027

VICTORY: 0.995

VICTORY: 0.181

VICTORY: 0.058

VICTORY: 0.305

Loss: -15.08451

VICTORY: 0.691

VICTORY: 0.727

VICTORY: 0.261

VICTORY: 0.364

VICTORY: 0.029

VICTORY: 0.375

Loss: -9.474576

Loss: -4.597122

VICTORY: 0.851

VICTORY: 0.005

VICTORY: 0.748

VICTORY: 0.552

VICTORY: 0.31

VICTORY: 0.908

VICTORY: 0.011

VICTORY: 0.562

VICTORY: 0.896

VICTORY: 0.951

VICTORY: 0.105

VICTORY: 0.579

VICTORY: 0.249

VICTORY: 0.479

VICTORY: 0.967

Loss: -2.569859

VICTORY: 0.984

VICTORY: 0.827

VICTORY: 0.173

Loss: -2.620746

VICTORY: 0.411

VICTORY: 0.489

Loss: -11.52632

Loss: -2.666667

Loss: -13.19512

VICTORY: 0.441

VICTORY: 0.079

VICTORY: 0.747

VICTORY: 0.543

VICTORY: 0.503

VICTORY: 0.22

VICTORY: 0.145

Loss: -6.813953

VICTORY: 0.155

VICTORY: 0.549

VICTORY: 0.231

VICTORY: 0.521

VICTORY: 0.943

VICTORY: 0.768

VICTORY: 0.11

Loss: -3.487562

VICTORY: 0.726

VICTORY: 0.95

VICTORY: 0.62

VICTORY: 0.666

Loss: -3.638522

VICTORY: 0.667

VICTORY: 0.777

VICTORY: 0.644

VICTORY: 0.476

VICTORY: 0.171

VICTORY: 0.724

VICTORY: 0.818

VICTORY: 0.002

VICTORY: 0.949

Loss: -11.98901

VICTORY: 0.25

VICTORY: 0.031

Loss: -3.242152

Loss: -6.988024

VICTORY: 0.796

VICTORY: 0.683

VICTORY: 0.312

VICTORY: 0.504

VICTORY: 0.506

VICTORY: 0.732

VICTORY: 0.023

VICTORY: 0.143

VICTORY: 0.922

VICTORY: 0.494

VICTORY: 0.849

VICTORY: 0.754

VICTORY: 0.617

VICTORY: 0.247

VICTORY: 0.103

VICTORY: 0.106

Loss: -15.28571

VICTORY: 0.177

VICTORY: 0.754

VICTORY: 0.296

Loss: -2.72117

Loss: -7.993007

VICTORY: 0.29

Loss: -3.949852

VICTORY: 0.769

Loss: -3.35849

VICTORY: 0.059

VICTORY: 0.672

VICTORY: 0.811

VICTORY: 0.52

VICTORY: 0.164

VICTORY: 0.368

Loss: -5.081633

VICTORY: 0.644

Loss: -12.23596

VICTORY: 0.296

VICTORY: 0.954

VICTORY: 0.737

Loss: -4.095975

Loss: -5.149378

VICTORY: 0.402

Loss: -14.1579

VICTORY: 0.563

VICTORY: 0.907

Loss: -7.944445

Loss: -2.801802

VICTORY: 0.335

VICTORY: 0.285

VICTORY: 0.914

VICTORY: 0.486

VICTORY: 0.708

Loss: -5.032258

VICTORY: 0.68

VICTORY: 0.992

VICTORY: 0.715

VICTORY: 0.963

VICTORY: 0.222

VICTORY: 0.481

Loss: -2.834862

VICTORY: 0.256

VICTORY: 0.795

VICTORY: 0.883

VICTORY: 0.112

VICTORY: 0.791

VICTORY: 0.298

VICTORY: 0.964

Loss: -4.039514

VICTORY: 0.736

VICTORY: 0.693

VICTORY: 0.484

Loss: -8.8125

Loss: -4.816794

VICTORY: 0.867

VICTORY: 0.21

Loss: -2.16144

VICTORY: 0.644

VICTORY: 0.357

VICTORY: 0.075

VICTORY: 0.257

VICTORY: 0.765

Loss: -2.733102

VICTORY: 0.576

Loss: -4.717472

VICTORY: 0.244

Loss: -13.19512

VICTORY: 0.025

VICTORY: 0.371

VICTORY: 0.206

VICTORY: 0.552

VICTORY: 0.571

VICTORY: 0.122

VICTORY: 0.393

Loss: -7.451613

VICTORY: 0.862

Loss: -11.20408

VICTORY: 0.606

VICTORY: 0.064

VICTORY: 0.399

VICTORY: 0.369

VICTORY: 0.696

VICTORY: 0.934

VICTORY: 0.685

VICTORY: 0.356

VICTORY: 0.094

VICTORY: 0.353

VICTORY: 0.456

Loss: -4.558719

VICTORY: 0.014

VICTORY: 0.65

Loss: -12.23596

Loss: -3.695418

VICTORY: 0.96

VICTORY: 0.83

VICTORY: 0.7

VICTORY: 0.296

VICTORY: 0.717

VICTORY: 0.837

VICTORY: 0.201

VICTORY: 0.414

VICTORY: 0.372

VICTORY: 0.607

Loss: -2.272265

VICTORY: 0.788

Loss: -3.212389

VICTORY: 0.993

Loss: -4.154574

Loss: -3.638522

VICTORY: 0.749

Loss: -2.342282

VICTORY: 0.564

VICTORY: 0.877

Loss: -5.385965

Loss: -2.420455

VICTORY: 0.85

VICTORY: 0.784

VICTORY: 0.184

VICTORY: 0.87

Loss: -2.039501

Loss: -8.092198

VICTORY: 0.685

VICTORY: 0.445

VICTORY: 0.396

VICTORY: 0.505

VICTORY: 0.856

VICTORY: 0.5

VICTORY: 0.782

Loss: -9.403361

VICTORY: 0.504

VICTORY: 0.434

Loss: -6.050505

VICTORY: 0.302

VICTORY: 0.87

VICTORY: 0.688

Loss: -5.672897

VICTORY: 0.672

VICTORY: 0.816

VICTORY: 0.613

VICTORY: 0.306

VICTORY: 0.048

Loss: -3.73224

Loss: -3.985075

VICTORY: 0.683

Loss: -7.024096

Loss: -2.251565

Loss: -3.09205

VICTORY: 0.924

VICTORY: 0.564

Loss: -2.064963

VICTORY: 0.636

VICTORY: 0.62

VICTORY: 0.224

Loss: -7.896552

VICTORY: 0.726

VICTORY: 0.788

VICTORY: 0.984

VICTORY: 0.364

VICTORY: 0.015

VICTORY: 0.928

VICTORY: 0.184

VICTORY: 0.447

VICTORY: 0.63

Loss: -10.17431

VICTORY: 0.655

VICTORY: 0.151

VICTORY: 0.328

Loss: -9.474576

VICTORY: 0.298

VICTORY: 0.421

VICTORY: 0.715

VICTORY: 0.903

VICTORY: 0.938

VICTORY: 0.877

VICTORY: 0.697

VICTORY: 0.838

Loss: -13.98701

Loss: -2.808318

Loss: -13.19512

VICTORY: 0.174

Loss: -2.257862

VICTORY: 0.903

VICTORY: 0.748

VICTORY: 0.697

VICTORY: 0.026

VICTORY: 0.122

VICTORY: 0.142

VICTORY: 0.547

VICTORY: 0.408

Loss: -10.80392

VICTORY: 0.465

Loss: -5.115226

VICTORY: 0.276

VICTORY: 0.519

VICTORY: 0.988

VICTORY: 0.971

Loss: -8.194244

VICTORY: 0.644

Loss: -3.132196

VICTORY: 0.032

VICTORY: 0.571

VICTORY: 0.788

VICTORY: 0.667

VICTORY: 0.964

VICTORY: 0.475

Loss: -4.401361

VICTORY: 0.088

Loss: -2.574803

Loss: -4.225806

VICTORY: 0.68

Loss: -13.5

VICTORY: 0.547

VICTORY: 0.77

Loss: -2.592357

VICTORY: 0.422

VICTORY: 0.814

VICTORY: 0.969

VICTORY: 0.55

Loss: -3.941176

Loss: -4.533569

Loss: -10.34579

VICTORY: 0.12

Loss: -13.5

VICTORY: 0.561

VICTORY: 0.799

VICTORY: 0.379

VICTORY: 0.987

VICTORY: 0.585

VICTORY: 0.863

VICTORY: 0.126

VICTORY: 0.73

VICTORY: 0.529

Loss: -8.8125

VICTORY: 0.951

VICTORY: 0.987

VICTORY: 0.146

VICTORY: 0.984

Loss: -12.11111

VICTORY: 0.87

VICTORY: 0.362

Loss: -5.310345

VICTORY: 0.723

Loss: -2.369863

VICTORY: 0.489

VICTORY: 0.57

Loss: -2.345895

VICTORY: 0.234

Loss: -10.25926

VICTORY: 0.124

VICTORY: 0.386

VICTORY: 0.815

VICTORY: 0.788

VICTORY: 0.988

VICTORY: 0.259

VICTORY: 0.921

VICTORY: 0.53

VICTORY: 0.829

VICTORY: 0.185

Loss: -10.70874

VICTORY: 0.844

Loss: -6.464481

VICTORY: 0.581

VICTORY: 0.592

VICTORY: 0.034

VICTORY: 0.855

Loss: -2.47929

VICTORY: 0.951

VICTORY: 0.174

Loss: -2.215067

VICTORY: 0.147

Loss: -7.71141

VICTORY: 0.479

VICTORY: 0.448

VICTORY: 0.204

VICTORY: 0.539

VICTORY: 0.609

VICTORY: 0.81

VICTORY: 0.962

Loss: -6.128205

Loss: -3.801121

Loss: -2.733102

VICTORY: 0.346

VICTORY: 0.13

VICTORY: 0.212

VICTORY: 0.333

VICTORY: 0.403

VICTORY: 0.971

VICTORY: 0.985

VICTORY: 0.718

VICTORY: 0.867

VICTORY: 0.495

VICTORY: 0.812

VICTORY: 0.676

VICTORY: 0.993

VICTORY: 0.338

Loss: -4.745318

VICTORY: 0.508

VICTORY: 0.418

VICTORY: 0.461

VICTORY: 0.447

Loss: -8.462687

VICTORY: 0.98

VICTORY: 0.36

VICTORY: 0.206

VICTORY: 0.875

Loss: -3.141328

VICTORY: 0.288

Loss: -3.702703

VICTORY: 0.094

Loss: -6.076142

VICTORY: 0.957

VICTORY: 0.118

Loss: -17.94915

Loss: -2.201923

VICTORY: 0.754

VICTORY: 0.691

Loss: -5.784689

VICTORY: 0.745

VICTORY: 0.11

VICTORY: 0.032

VICTORY: 0.463

Loss: -10.34579

Loss: -10.70874

VICTORY: 0.497

VICTORY: 0.45

VICTORY: 0.651

VICTORY: 0.444

VICTORY: 0.14

VICTORY: 0.127

VICTORY: 0.448

VICTORY: 0.615

VICTORY: 0.651

VICTORY: 0.871

VICTORY: 0.927

VICTORY: 0.884

VICTORY: 0.897

VICTORY: 0.286

VICTORY: 0.171

Loss: -4.533569

VICTORY: 0.944

VICTORY: 0.923

VICTORY: 0.203

Loss: -2.310616

VICTORY: 0.951

VICTORY: 0.891

VICTORY: 0.505

VICTORY: 0.704

VICTORY: 0.553

Loss: -5.950495

VICTORY: 0.567

VICTORY: 0.457

VICTORY: 0.834

Loss: -14.88889

VICTORY: 0.782

VICTORY: 0.613

VICTORY: 0.879

VICTORY: 0.765

VICTORY: 0.036

VICTORY: 0.72

Loss: -3.096436

VICTORY: 0.659

VICTORY: 0.614

VICTORY: 0.797

VICTORY: 0.918

VICTORY: 0.09

VICTORY: 0.448

VICTORY: 0.814

VICTORY: 0.565

VICTORY: 0.069

VICTORY: 0.61

VICTORY: 0.074

VICTORY: 0.506

VICTORY: 0.968

VICTORY: 0.114

VICTORY: 0.46

VICTORY: 0.032

VICTORY: 0.387

VICTORY: 0.104

VICTORY: 0.585

VICTORY: 0.721

VICTORY: 0.12

VICTORY: 0.513

VICTORY: 0.629

VICTORY: 0.244

VICTORY: 0.13

VICTORY: 0.287

Loss: -2.396648

VICTORY: 0.686

VICTORY: 0.841

Loss: -3.949852

Loss: -2.240695

VICTORY: 0.497

Loss: -2.042753

VICTORY: 0.039

VICTORY: 0.479

VICTORY: 0.081

Loss: -7.666667

VICTORY: 0.31

VICTORY: 0.528

VICTORY: 0.675

Loss: -20.23077

VICTORY: 0.204

VICTORY: 0.353

Loss: -2.949318

VICTORY: 0.903

VICTORY: 0.903

VICTORY: 0.584

VICTORY: 0.468

VICTORY: 0.119

VICTORY: 0.571

VICTORY: 0.875

VICTORY: 0.455

Loss: -7.578948

VICTORY: 0.686

VICTORY: 0.419

VICTORY: 0.987

Loss: -2.333333

VICTORY: 0.757

Loss: -2.510574

VICTORY: 0.055

VICTORY: 0.163

VICTORY: 0.635

VICTORY: 0.943

VICTORY: 0.295

Loss: -13.82051

VICTORY: 0.797

VICTORY: 0.152

VICTORY: 0.789

VICTORY: 0.64

Loss: -3.242152

Loss: -2.101322

Loss: -3.631579

VICTORY: 0.764

VICTORY: 0.96

VICTORY: 0.696

VICTORY: 0.822

VICTORY: 0.395

VICTORY: 0.932

VICTORY: 0.316

Loss: -2.897533

Loss: -8.874016

VICTORY: 0.116

VICTORY: 0.575

Loss: -17.94915

VICTORY: 0.779

VICTORY: 0.99

VICTORY: 0.113

VICTORY: 0.379

VICTORY: 0.894

VICTORY: 0.308

Loss: -3.083333

VICTORY: 0.981

VICTORY: 0.577

VICTORY: 0.471

VICTORY: 0.117

VICTORY: 0.667

VICTORY: 0.709

Loss: -3.762431

VICTORY: 0.996

VICTORY: 0.97

VICTORY: 0.341

VICTORY: 0.527

VICTORY: 0.85

Loss: -3.427185

VICTORY: 0.769

Loss: -4.773585

Loss: -7.666667

VICTORY: 0.539

VICTORY: 0.993

VICTORY: 0.981

Loss: -6.154639

VICTORY: 0.697

Loss: -5.385965

VICTORY: 0.825

Loss: -9.196721

Loss: -13.98701

Loss: -10.80392

VICTORY: 0.239

VICTORY: 0.933

VICTORY: 0.022

Loss: -7.060606

VICTORY: 0.017

VICTORY: 0.715

VICTORY: 0.077

VICTORY: 0.02

VICTORY: 0.891

VICTORY: 0.289

Loss: -4.816794

VICTORY: 0.552

VICTORY: 0.129

VICTORY: 0.542

VICTORY: 0.592

VICTORY: 0.489

VICTORY: 0.374

VICTORY: 0.573

VICTORY: 0.88

VICTORY: 0.906

VICTORY: 0.891

VICTORY: 0.672

VICTORY: 0.676

VICTORY: 0.893

Loss: -15.08451

VICTORY: 0.082

VICTORY: 0.914

VICTORY: 0.254

GRPC Exception: Status(StatusCode=Unknown, Detail="Stream removed"). Disconnecting from trainer.

Unable to save timers to file C:/Users/potpa/OneDrive/Documents/GitHub/Unity-AI/completed_build/Spacy_Data\ML-Agents\Timers\spacy_timers.json

Setting up 4 worker threads for Enlighten.
  Thread -> id: 22f4 -> priority: 1 
  Thread -> id: 33d0 -> priority: 1 
  Thread -> id: 2204 -> priority: 1 
  Thread -> id: 3144 -> priority: 1 
