Mono path[0] = 'C:/Users/potpa/OneDrive/Documents/GitHub/Unity-AI/completed_build/Spacy_Data/Managed'
Mono config path = 'C:/Users/potpa/OneDrive/Documents/GitHub/Unity-AI/completed_build/MonoBleedingEdge/etc'
Initialize engine version: 2020.3.9f1 (108be757e447)
[Subsystems] Discovering subsystems at path C:/Users/potpa/OneDrive/Documents/GitHub/Unity-AI/completed_build/Spacy_Data/UnitySubsystems
Forcing GfxDevice: Null
GfxDevice: creating device client; threaded=0
NullGfxDevice:
    Version:  NULL 1.0 [1.0]
    Renderer: Null Device
    Vendor:   Unity Technologies
Begin MonoManager ReloadAssembly
- Completed reload, in  3.695 seconds
ERROR: Shader Sprites/Default shader is not supported on this GPU (none of subshaders/fallbacks are suitable)
Microsoft Media Foundation video decoding to texture disabled: graphics device is Null, only Direct3D 11 and Direct3D 12 (only on desktop) are supported.
ERROR: Shader Sprites/Mask shader is not supported on this GPU (none of subshaders/fallbacks are suitable)
ERROR: Shader Legacy Shaders/Particles/Additive shader is not supported on this GPU (none of subshaders/fallbacks are suitable)
ERROR: Shader Legacy Shaders/Particles/Alpha Blended Premultiply shader is not supported on this GPU (none of subshaders/fallbacks are suitable)
ERROR: Shader Legacy Shaders/Particles/Alpha Blended shader is not supported on this GPU (none of subshaders/fallbacks are suitable)
UnloadTime: 0.791700 ms
Fallback handler could not load library C:/Users/potpa/OneDrive/Documents/GitHub/Unity-AI/completed_build/Spacy_Data/Mono/libcoreclr.so
Fallback handler could not load library C:/Users/potpa/OneDrive/Documents/GitHub/Unity-AI/completed_build/Spacy_Data/Mono/libcoreclr.so.dll
Fallback handler could not load library C:/Users/potpa/OneDrive/Documents/GitHub/Unity-AI/completed_build/Spacy_Data/Mono/libcoreclr.so
Fallback handler could not load library C:/Users/potpa/OneDrive/Documents/GitHub/Unity-AI/completed_build/Spacy_Data/Mono/libdl.so
Fallback handler could not load library C:/Users/potpa/OneDrive/Documents/GitHub/Unity-AI/completed_build/Spacy_Data/Mono/libdl.so.dll
Fallback handler could not load library C:/Users/potpa/OneDrive/Documents/GitHub/Unity-AI/completed_build/Spacy_Data/Mono/libdl.so
Fallback handler could not load library C:/Users/potpa/OneDrive/Documents/GitHub/Unity-AI/completed_build/Spacy_Data/Mono/libSystem.dylib
Fallback handler could not load library C:/Users/potpa/OneDrive/Documents/GitHub/Unity-AI/completed_build/Spacy_Data/Mono/libSystem.dylib.dll
Fallback handler could not load library C:/Users/potpa/OneDrive/Documents/GitHub/Unity-AI/completed_build/Spacy_Data/Mono/libSystem.dylib
Fallback handler could not load library C:/Users/potpa/OneDrive/Documents/GitHub/Unity-AI/completed_build/Spacy_Data/Mono/libcoreclr.so
Fallback handler could not load library C:/Users/potpa/OneDrive/Documents/GitHub/Unity-AI/completed_build/Spacy_Data/Mono/libcoreclr.so.dll
Fallback handler could not load library C:/Users/potpa/OneDrive/Documents/GitHub/Unity-AI/completed_build/Spacy_Data/Mono/libcoreclr.so
Fallback handler could not load library C:/Users/potpa/OneDrive/Documents/GitHub/Unity-AI/completed_build/Spacy_Data/Mono/libdl.so
Fallback handler could not load library C:/Users/potpa/OneDrive/Documents/GitHub/Unity-AI/completed_build/Spacy_Data/Mono/libdl.so.dll
Fallback handler could not load library C:/Users/potpa/OneDrive/Documents/GitHub/Unity-AI/completed_build/Spacy_Data/Mono/libdl.so
Fallback handler could not load library C:/Users/potpa/OneDrive/Documents/GitHub/Unity-AI/completed_build/Spacy_Data/Mono/libSystem.dylib
Fallback handler could not load library C:/Users/potpa/OneDrive/Documents/GitHub/Unity-AI/completed_build/Spacy_Data/Mono/libSystem.dylib.dll
Fallback handler could not load library C:/Users/potpa/OneDrive/Documents/GitHub/Unity-AI/completed_build/Spacy_Data/Mono/libSystem.dylib
failed to get 100ns ticks
Started

Started

Started

Started

Started

Started

Started

Started

Started

Started

Started

Started

Started

Started

Started

Started

Loss: -10.61539

VICTORY: 0.632

VICTORY: 0.602

Loss: -3.123142

Loss: -2.733102

Loss: -9.064516

VICTORY: 0.274

VICTORY: 0.225

Loss: -2.206273

Loss: -3.638522

Loss: -2.112347

Loss: -2.081081

Loss: -4.04878

Loss: -2.088139

VICTORY: 0.666

VICTORY: 0.298

Loss: -2.6

VICTORY: 0.538

Loss: -6.780347

Loss: -2.612903

Loss: -3.222222

Loss: -3.403846

Loss: -15.28571

Loss: -2.031992

VICTORY: 0.013

Loss: -26

VICTORY: 0.733

VICTORY: 0.17

Loss: -2.246883

VICTORY: 0.655

VICTORY: 0.95

VICTORY: 0.731

Loss: -5

VICTORY: 0.428

VICTORY: 0.231

Loss: -Infinity

VICTORY: 0.893

VICTORY: 0.407

Loss: -5.132231

VICTORY: 0.142

VICTORY: 0.858

VICTORY: 0.752

Loss: -10.43396

VICTORY: 0.088

VICTORY: 0.337

VICTORY: 0.708

Loss: -2.144165

Loss: -7.71141

VICTORY: 0.828

Loss: -2.960784

Loss: -2.650165

Loss: -5.651163

VICTORY: 0.263

VICTORY: 0.075

VICTORY: 0.157

VICTORY: 0.693

Loss: -6.494505

VICTORY: 0.836

VICTORY: 0.837

VICTORY: 0.919

VICTORY: 0.989

Loss: -6.050505

VICTORY: 0.922

Loss: -3.207505

Loss: -2.602564

Loss: -2.412429

VICTORY: 0.836

VICTORY: 0.344

Loss: -3.336449

Loss: -9.77193

VICTORY: 0.937

VICTORY: 0.797

VICTORY: 0.687

VICTORY: 0.811

VICTORY: 0.739

Loss: -5.405286

VICTORY: 0.307

Loss: -2.40647

VICTORY: 0.802

Loss: -10.61539

Loss: -2.015229

VICTORY: 0.297

VICTORY: 0.292

Loss: -4.257329

Loss: -5.464286

Loss: -2.033058

Loss: -3.518892

Loss: -3.070393

VICTORY: 0.492

Loss: -2.29199

Loss: -6.319149

Loss: -2.869159

Loss: -5.347826

VICTORY: 0.516

Loss: -3.04918

VICTORY: 0.986

VICTORY: 0.481

VICTORY: 0.229

VICTORY: 0.836

VICTORY: 0.878

VICTORY: 0.014

Loss: -8.8125

Loss: -2.652893

VICTORY: 0.943

VICTORY: 0.58

VICTORY: 0.647

VICTORY: 0.456

VICTORY: 0.849

Loss: -2.574803

VICTORY: 0.671

Loss: -2.109878

VICTORY: 0.811

Loss: -5.424779

VICTORY: 0.662

Loss: -13.34568

Loss: -10.52381

VICTORY: 0.543

VICTORY: 0.317

VICTORY: 0.637

Loss: -2.926782

VICTORY: 0.056

Loss: -2.25

Loss: -2.865672

VICTORY: 0.838

VICTORY: 0.191

VICTORY: 0.918

Loss: -2.886792

VICTORY: 0.071

Loss: -3.008032

VICTORY: 0.778

VICTORY: 0.108

Loss: -5.219409

VICTORY: 0.775

Loss: -2.282051

Loss: -2.277139

Loss: -12.90476

Loss: -3.475248

VICTORY: 0.752

VICTORY: 0.189

Loss: -2.41844

VICTORY: 0.519

VICTORY: 0.681

Loss: -3.857143

Loss: -4.759398

Loss: -3.724796

VICTORY: 0.157

VICTORY: 0.963

Loss: -4.311258

VICTORY: 0.264

VICTORY: 0.664

VICTORY: 0.906

Loss: -3.739726

VICTORY: 0.051

Loss: -2.644737

VICTORY: 0.806

VICTORY: 0.496

VICTORY: 0.276

VICTORY: 0.235

VICTORY: 0.536

Loss: -4.968254

Loss: -3.375297

VICTORY: 0.904

Loss: -3.057613

VICTORY: 0.485

Loss: -2.388889

VICTORY: 0.362

Loss: -7.329114

Loss: -2.644737

VICTORY: 0.861

VICTORY: 0.086

VICTORY: 0.36

VICTORY: 0.541

VICTORY: 0.529

VICTORY: 0.072

VICTORY: 0.202

VICTORY: 0.868

Loss: -2.236094

Loss: -3.86533

VICTORY: 0.474

VICTORY: 0.381

Loss: -3.717391

VICTORY: 0.807

Loss: -7.410256

VICTORY: 0.088

Loss: -2.923077

Loss: -2.239157

Loss: -6.405406

Loss: -6.102041

VICTORY: 0.344

Loss: -4.134796

Loss: -3.801121

Loss: -2.182033

Loss: -2.923077

VICTORY: 0.244

Loss: -18.54386

Loss: -6.263158

VICTORY: 0.856

VICTORY: 0.78

Loss: -15.28571

VICTORY: 0.257

Loss: -3.298851

Loss: -2.686341

VICTORY: 0.588

VICTORY: 0.207

Loss: -2.236094

VICTORY: 0.745

Loss: -3.65252

VICTORY: 0.642

VICTORY: 0.057

VICTORY: 0.473

VICTORY: 0.604

Loss: -10.70874

VICTORY: 0.496

VICTORY: 0.54

VICTORY: 0.348

VICTORY: 0.022

Loss: -3.173913

VICTORY: 0.469

Loss: -2.067236

VICTORY: 0.138

VICTORY: 0.4

VICTORY: 0.611

Loss: -6.952381

Loss: -3.083333

VICTORY: 0.955

Loss: -2.014199

VICTORY: 0.731

VICTORY: 0.523

VICTORY: 0.392

Loss: -2.769912

Loss: -2.119821

VICTORY: 0.605

VICTORY: 0.483

VICTORY: 0.75

Loss: -2.157408

VICTORY: 0.283

VICTORY: 0.598

VICTORY: 0.73

VICTORY: 0.889

Loss: -2.131222

VICTORY: 0.869

VICTORY: 0.809

VICTORY: 0.332

VICTORY: 0.466

VICTORY: 0.76

VICTORY: 0.778

Loss: -2.283697

Loss: -7.622517

Loss: -2.190476

VICTORY: 0.336

VICTORY: 0.017

Loss: -2.862197

Loss: -5.032258

Loss: -18.85714

VICTORY: 0.658

Loss: -2.915709

VICTORY: 0.662

Loss: -4.773585

Loss: -6.524862

VICTORY: 0.887

VICTORY: 0.092

VICTORY: 0.654

VICTORY: 0.307

VICTORY: 0.007

VICTORY: 0.886

VICTORY: 0.787

Loss: -2.307189

Loss: -2.724138

VICTORY: 0.541

VICTORY: 0.618

VICTORY: 0.772

VICTORY: 0.06

VICTORY: 0.79

Loss: -2.564945

Loss: -3.12766

Loss: -2.356852

Loss: -2.169591

Loss: -9.196721

VICTORY: 0.768

VICTORY: 0.575

VICTORY: 0.813

Loss: -2.347709

Loss: -2.818182

Loss: -2.519757

VICTORY: 0.906

VICTORY: 0.932

VICTORY: 0.94

Loss: -2.876173

Loss: -2.968504

VICTORY: 0.402

VICTORY: 0.754

Loss: -4.690037

Loss: -4.460207

VICTORY: 0.678

VICTORY: 0.631

Loss: -2.751313

VICTORY: 0.585

VICTORY: 0.183

VICTORY: 0.339

Loss: -8.462687

VICTORY: 0.725

VICTORY: 0.929

VICTORY: 0.971

Loss: -2.158749

VICTORY: 0.776

VICTORY: 0.763

Loss: -4.289474

VICTORY: 0.622

VICTORY: 0.647

VICTORY: 0.452

Loss: -3.066116

VICTORY: 0.359

Loss: -6.154639

VICTORY: 0.653

Loss: -2.855288

VICTORY: 0.072

VICTORY: 0.321

VICTORY: 0.306

VICTORY: 0.488

Loss: -8.518797

VICTORY: 0.939

VICTORY: 0.747

Loss: -2.090513

Loss: -2.420455

VICTORY: 0.806

VICTORY: 0.084

Loss: -2.342282

VICTORY: 0.612

Loss: -4.194888

Loss: -9.77193

Loss: -3.793296

VICTORY: 0.628

VICTORY: 0.479

Loss: -2.182033

Loss: -2.414427

VICTORY: 0.755

Loss: -2.697793

VICTORY: 0.679

VICTORY: 0.649

VICTORY: 0.364

Loss: -9.264462

Loss: -4.322259

VICTORY: 0.52

VICTORY: 0.476

VICTORY: 0.587

Loss: -2.239157

Loss: -3.298851

VICTORY: 0.116

Loss: -5.672897

Loss: -5.048583

Loss: -4.952569

VICTORY: 0.909

VICTORY: 0.767

VICTORY: 0.678

VICTORY: 0.695

VICTORY: 0.9

Loss: -13.82051

Loss: -7.410256

Loss: -10.52381

Loss: -10.61539

Loss: -5.016064

Loss: -4.289474

Loss: -3.293578

Loss: -2.052632

VICTORY: 0.958

VICTORY: 0.363

VICTORY: 0.274

VICTORY: 0.81

VICTORY: 0.476

Loss: -4.257329

VICTORY: 0.948

VICTORY: 0.39

Loss: -2.315789

VICTORY: 0.239

Loss: -3.976191

Loss: -2.054852

VICTORY: 0.258

Loss: -2.215067

VICTORY: 0.674

VICTORY: 0.76

VICTORY: 0.6

VICTORY: 0.696

VICTORY: 0.054

VICTORY: 0.386

VICTORY: 0.836

VICTORY: 0.938

VICTORY: 0.236

Loss: -5.405286

Loss: -4.787879

Loss: -2.515152

VICTORY: 0.916

Loss: -4.08642

Loss: -5.901961

VICTORY: 0.992

VICTORY: 0.708

VICTORY: 0.743

VICTORY: 0.652

VICTORY: 0.537

Loss: -2.358696

Loss: -8.518797

Loss: -2.148106

Loss: -2.298701

VICTORY: 0.288

VICTORY: 0.641

Loss: -2.501502

Loss: -7.410256

VICTORY: 0.1

Loss: -8.518797

VICTORY: 0.537

VICTORY: 0.84

VICTORY: 0.545

Loss: -2.426533

Loss: -5.424779

VICTORY: 0.341

Loss: -2.183432

VICTORY: 0.154

VICTORY: 0.493

Loss: -4.816794

VICTORY: 0.84

VICTORY: 0.608

VICTORY: 0.777

VICTORY: 0.397

VICTORY: 0.85

VICTORY: 0.639

Loss: -3.267574

VICTORY: 0.253

VICTORY: 0.758

VICTORY: 0.545

Loss: -2.371742

VICTORY: 0.883

Loss: -4.937008

VICTORY: 0.601

VICTORY: 0.718

Loss: -2.234568

VICTORY: 0.783

Loss: -2.340482

VICTORY: 0.487

Loss: -5.424779

VICTORY: 0.695

Loss: -3.583979

VICTORY: 0.612

VICTORY: 0.421

VICTORY: 0.601

VICTORY: 0.484

VICTORY: 0.86

VICTORY: 0.203

Loss: -5.830918

VICTORY: 0.421

VICTORY: 0.622

VICTORY: 0.188

Loss: -9.196721

Loss: -4.861004

Loss: -12.11111

VICTORY: 0.076

VICTORY: 0.077

VICTORY: 0.173

Loss: -4.558719

VICTORY: 0.241

Loss: -2.697793

VICTORY: 0.334

VICTORY: 0.925

VICTORY: 0.773

VICTORY: 0.942

Loss: -6.524862

Loss: -8.042253

VICTORY: 0.021

Loss: -2.212121

Loss: -6

Loss: -8.407408

VICTORY: 0.647

Loss: -2.497006

Loss: -2.145475

VICTORY: 0.43

Loss: -3.631579

VICTORY: 0.951

Loss: -3.040816

VICTORY: 0.046

Loss: -11.75269

VICTORY: 0.405

Loss: -11.86957

Loss: -2.18624

Loss: -6.154639

Loss: -8.246377

Loss: -2.760563

Loss: -6.617978

VICTORY: 0.783

Loss: -4.08642

VICTORY: 0.692

VICTORY: 0.499

VICTORY: 0.463

VICTORY: 0.31

VICTORY: 0.847

Loss: -9.196721

VICTORY: 0.442

Loss: -4.30033

Loss: -2.798561

VICTORY: 0.172

Loss: -4.08642

VICTORY: 0.298

Loss: -3.610966

VICTORY: 0.582

VICTORY: 0.822

VICTORY: 0.861

Loss: -3.141328

VICTORY: 0.662

VICTORY: 0.5

VICTORY: 0.587

VICTORY: 0.53

Loss: -5.901961

Loss: -3.506266

Loss: -2.915709

Loss: -3.070393

VICTORY: 0.195

Loss: -2.132503

Loss: -2.669449

Loss: -10.17431

Loss: -2.32626

VICTORY: 0.257

VICTORY: 0.185

VICTORY: 0.635

Loss: -4.484321

VICTORY: 0.548

Loss: -2.091703

VICTORY: 0.635

VICTORY: 0.97

Loss: -7.896552

Loss: -2.006036

VICTORY: 0.041

Loss: -4.436426

VICTORY: 0.982

VICTORY: 0.919

VICTORY: 0.176

VICTORY: 0.388

Loss: -2.468429

VICTORY: 0.998

Loss: -2.172333

VICTORY: 0.88

VICTORY: 0.593

VICTORY: 0.217

VICTORY: 0.341

Loss: -3.463054

VICTORY: 0.906

VICTORY: 0.016

VICTORY: 0.65

Loss: -2.669449

Loss: -2.440922

VICTORY: 0.972

Loss: -4.125

Loss: -10.90099

Loss: -2.345895

Loss: -7.896552

VICTORY: 0.825

VICTORY: 0.287

VICTORY: 0.611

VICTORY: 0.899

Loss: -6.91716

VICTORY: 0.575

VICTORY: 0.873

Loss: -2.310616

Loss: -3.849003

VICTORY: 0.418

VICTORY: 0.304

VICTORY: 0.973

VICTORY: 0.766

VICTORY: 0.184

Loss: -2.096491

VICTORY: 0.329

Loss: -3.403846

VICTORY: 0.222

VICTORY: 0.251

Loss: -5.237288

VICTORY: 0.25

VICTORY: 0.583

Loss: -2.184834

Loss: -4.012048

VICTORY: 0.382

Loss: -7.25

Loss: -5.524887

Loss: -2.972387

Loss: -13.5

Loss: -3.95858

Loss: -7.944445

VICTORY: 0.954

VICTORY: 0.74

Loss: -5.366812

VICTORY: 0.545

Loss: -3.976191

Loss: -8.29927

Loss: -2.865672

VICTORY: 0.497

VICTORY: 0.697

Loss: -2.574803

VICTORY: 0.269

Loss: -10.17431

VICTORY: 0.784

Loss: -2.01833

VICTORY: 0.764

VICTORY: 0.181

Loss: -4.289474

VICTORY: 0.853

VICTORY: 0.153

VICTORY: 0.834

VICTORY: 0.255

VICTORY: 0.839

Loss: -2.872659

VICTORY: 0.18

VICTORY: 0.382

VICTORY: 0.383

VICTORY: 0.737

Loss: -7.896552

Loss: -2.278772

Loss: -2.683502

Loss: -3.380952

VICTORY: 0.111

VICTORY: 0.358

Loss: -2.872659

Loss: -7.493506

Loss: -4.90625

Loss: -3.28833

VICTORY: 0.52

Loss: -9.620689

VICTORY: 0.285

VICTORY: 0.36

Loss: -5.926108

Loss: -2.748252

VICTORY: 0.748

VICTORY: 0.623

Loss: -2.402524

Loss: -8.936508

Loss: -6.952381

VICTORY: 0.893

VICTORY: 0.764

VICTORY: 0.206

VICTORY: 0.749

VICTORY: 0.805

Loss: -7.024096

Loss: -11.41667

VICTORY: 0.394

Loss: -3.65252

Loss: -8.462687

VICTORY: 0.909

Loss: -14.1579

VICTORY: 0.276

VICTORY: 0.302

Loss: -6.988024

VICTORY: 0.926

VICTORY: 0.3

VICTORY: 0.501

Loss: -3.531646

VICTORY: 0.423

VICTORY: 0.682

VICTORY: 0.375

Loss: -2.445087

VICTORY: 0.815

VICTORY: 0.839

VICTORY: 0.288

VICTORY: 0.711

VICTORY: 0.121

VICTORY: 0.043

VICTORY: 0.177

Loss: -2.344086

Loss: -2.396648

Loss: -3.65252

VICTORY: 0.645

VICTORY: 0.392

VICTORY: 0.924

VICTORY: 0.243

Loss: -21.83333

VICTORY: 0.984

Loss: -6.025126

VICTORY: 0.64

VICTORY: 0.535

VICTORY: 0.073

Loss: -2.362398

VICTORY: 0.734

Loss: -3

VICTORY: 0.47

Loss: -21

VICTORY: 0.831

Loss: -4.745318

VICTORY: 0.352

VICTORY: 0.085

VICTORY: 0.569

VICTORY: 0.958

VICTORY: 0.795

Loss: -3.617801

VICTORY: 0.741

Loss: -4.597122

Loss: -3.65252

Loss: -2.481482

VICTORY: 0.31

Loss: -2.821494

VICTORY: 0.644

Loss: -4.875969

VICTORY: 0.587

VICTORY: 0.223

Loss: -2.183432

VICTORY: 0.449

VICTORY: 0.338

VICTORY: 0.871

Loss: -3.061856

Loss: -6.524862

Loss: -6.524862

VICTORY: 0.414

VICTORY: 0.905

VICTORY: 0.973

Loss: -3.487562

VICTORY: 0.593

VICTORY: 0.614

VICTORY: 0.681

VICTORY: 0.706

VICTORY: 0.555

VICTORY: 0.361

Loss: -15.49275

Loss: -3.801121

VICTORY: 0.169

Loss: -3.272727

VICTORY: 0.03

Loss: -4.367003

VICTORY: 0.067

VICTORY: 0.535

Loss: -8.042253

VICTORY: 0.737

VICTORY: 0.041

VICTORY: 0.812

VICTORY: 0.718

VICTORY: 0.667

VICTORY: 0.951

Loss: -3.898551

VICTORY: 0.053

VICTORY: 0.59

Loss: -2.831502

VICTORY: 0.483

VICTORY: 0.184

VICTORY: 0.635

Loss: -2.150748

Loss: -4.322259

Loss: -8.936508

Loss: -13.04819

Loss: -3.070393

VICTORY: 0.666

Loss: -5.830918

VICTORY: 0.594

VICTORY: 0.893

Loss: -3.915452

Loss: -3.173913

Loss: -11.52632

Loss: -2.709402

VICTORY: 0.062

VICTORY: 0.661

Loss: -3.493766

Loss: -2.302083

VICTORY: 0.862

Loss: -8.092198

VICTORY: 0.619

Loss: -2.111111

VICTORY: 0.959

Loss: -2.355014

VICTORY: 0.394

VICTORY: 0.9

VICTORY: 0.703

VICTORY: 0.824

VICTORY: 0.657

VICTORY: 0.446

Loss: -4.937008

Loss: -2.385041

VICTORY: 0.44

VICTORY: 0.469

Loss: -3.207505

Loss: -2.098901

VICTORY: 0.984

Loss: -4.745318

VICTORY: 0.211

VICTORY: 0.585

Loss: -2.141552

Loss: -3.364066

VICTORY: 0.287

VICTORY: 0.119

Loss: -4.787879

VICTORY: 0.724

VICTORY: 0.929

VICTORY: 0.337

VICTORY: 0.149

VICTORY: 0.114

Loss: -2.041667

VICTORY: 0.468

VICTORY: 0.305

Loss: -10.90099

VICTORY: 0.875

Loss: -2.138952

VICTORY: 0.603

Loss: -3.710027

VICTORY: 0.845

Loss: -6.617978

VICTORY: 0.518

Loss: -7.993007

VICTORY: 0.387

VICTORY: 0.036

VICTORY: 0.672

Loss: -7.622517

VICTORY: 0.04

VICTORY: 0.515

Loss: -7.896552

Loss: -2.358696

VICTORY: 0.612

Loss: -4.378378

VICTORY: 0.647

VICTORY: 0.517

VICTORY: 0.36

VICTORY: 0.08

Loss: -6.649717

VICTORY: 0.359

Loss: -7.802721

VICTORY: 0.709

VICTORY: 0.783

VICTORY: 0.127

VICTORY: 0.562

VICTORY: 0.423

VICTORY: 0.012

VICTORY: 0.959

VICTORY: 0.502

Loss: -2.748252

VICTORY: 0.621

Loss: -6.376344

VICTORY: 0.907

Loss: -6.263158

Loss: -2.683502

Loss: -3.898551

Loss: -3.164502

Loss: -2.041667

Loss: -5.587156

Loss: -2.897533

VICTORY: 0.981

Loss: -4.257329

VICTORY: 0.051

VICTORY: 0.445

VICTORY: 0.799

VICTORY: 0.189

Loss: -5.255319

VICTORY: 0.884

VICTORY: 0.431

VICTORY: 0.547

Loss: -3.427185

VICTORY: 0.218

VICTORY: 0.978

VICTORY: 0.431

Loss: -4.571429

VICTORY: 0.662

VICTORY: 0.458

Loss: -2.076426

Loss: -10.17431

VICTORY: 0.4

Loss: -5.444445

Loss: -6.181347

VICTORY: 0.068

VICTORY: 0.973

VICTORY: 0.34

VICTORY: 0.481

Loss: -2.222494

Loss: -6.847953

VICTORY: 0.187

Loss: -8.407408

Loss: -5.975124

VICTORY: 0.902

VICTORY: 0.054

Loss: -2.345895

VICTORY: 0.968

VICTORY: 0.622

VICTORY: 0.3

Loss: -2.430615

VICTORY: 0.638

VICTORY: 0.324

Loss: -6.714286

VICTORY: 0.453

Loss: -3.976191

Loss: -2.661129

VICTORY: 0.361

Loss: -3.506266

Loss: -2.128668

VICTORY: 0.485

VICTORY: 0.584

Loss: -3.747253

Loss: -3.808989

Loss: -2.305483

VICTORY: 0.687

VICTORY: 0.06

VICTORY: 0.691

VICTORY: 0.686

VICTORY: 0.83

VICTORY: 0.619

VICTORY: 0.361

VICTORY: 0.98

VICTORY: 0.216

VICTORY: 0.188

VICTORY: 0.819

Loss: -8.194244

Loss: -6.154639

VICTORY: 0.991

VICTORY: 0.747

Loss: -6.050505

Loss: -2.230012

VICTORY: 0.36

VICTORY: 0.18

VICTORY: 0.52

Loss: -2.626016

VICTORY: 0.516

VICTORY: 0.219

Loss: -3.188184

VICTORY: 0.186

VICTORY: 0.248

VICTORY: 0.355

VICTORY: 0.313

VICTORY: 0.647

Loss: -4.984064

VICTORY: 0.94

VICTORY: 0.184

VICTORY: 0.39

VICTORY: 0.831

VICTORY: 0.063

Loss: -2.937984

VICTORY: 0.869

VICTORY: 0.12

VICTORY: 0.579

Loss: -8.042253

VICTORY: 0.218

VICTORY: 0.529

VICTORY: 0.221

VICTORY: 0.229

Loss: -2.757469

VICTORY: 0.329

Loss: -4.378378

VICTORY: 0.538

VICTORY: 0.078

Loss: -7.578948

Loss: -2.612903

Loss: -2.5625

VICTORY: 0.801

VICTORY: 0.819

VICTORY: 0.398

VICTORY: 0.589

VICTORY: 0.895

Loss: -8.194244

Loss: -7.944445

VICTORY: 0.398

Loss: -2.980198

Loss: -4.194888

VICTORY: 0.802

Loss: -6.405406

VICTORY: 0.969

VICTORY: 0.777

VICTORY: 0.014

Loss: -3.45098

VICTORY: 0.428

VICTORY: 0.697

Loss: -9.547009

VICTORY: 0.984

Loss: -10.25926

VICTORY: 0.965

VICTORY: 0.623

VICTORY: 0.005

VICTORY: 0.718

VICTORY: 0.652

VICTORY: 0.256

VICTORY: 0.494

Loss: -2.135074

VICTORY: 0.207

VICTORY: 0.238

VICTORY: 0.257

Loss: -3.717391

VICTORY: 0.821

VICTORY: 0.626

VICTORY: 0.49

VICTORY: 0.673

Loss: -5.62963

VICTORY: 0.568

Loss: -6.555555

VICTORY: 0.869

VICTORY: 0.273

Loss: -12.90476

Loss: -2.179245

Loss: -8.194244

VICTORY: 0.924

VICTORY: 0.158

VICTORY: 0.99

VICTORY: 0.824

VICTORY: 0.431

VICTORY: 0.352

VICTORY: 0.277

Loss: -2.937984

VICTORY: 0.214

Loss: -8.751938

VICTORY: 0.379

Loss: -2.236094

Loss: -5.545455

Loss: -2.190476

VICTORY: 0.917

VICTORY: 0.496

Loss: -10.34579

Loss: -4.125

Loss: -3.65252

Loss: -3.777778

VICTORY: 0.964

VICTORY: 0.115

VICTORY: 0.248

Loss: -2.683502

VICTORY: 0.628

VICTORY: 0.167

VICTORY: 0.04

VICTORY: 0.296

VICTORY: 0.697

VICTORY: 0.97

Loss: -4.344481

Loss: -4.508772

Loss: -2.360544

Loss: -3.016129

Loss: -2.41844

Loss: -4.968254

VICTORY: 0.891

VICTORY: 0.401

VICTORY: 0.793

Loss: -7.896552

VICTORY: 0.64

Loss: -6.376344

Loss: -11.30928

VICTORY: 0.584

VICTORY: 0.195

Loss: -2.976285

Loss: -4.012048

VICTORY: 0.85

VICTORY: 0.456

VICTORY: 0.765

Loss: -2.594896

VICTORY: 0.011

VICTORY: 0.531

Loss: -8.092198

VICTORY: 0.405

Loss: -2.375516

VICTORY: 0.838

VICTORY: 0.34

VICTORY: 0.499

VICTORY: 0.279

VICTORY: 0.326

VICTORY: 0.287

VICTORY: 0.8

Loss: -3.028398

VICTORY: 0.547

VICTORY: 0.056

VICTORY: 0.062

Loss: -9.547009

Loss: -5.347826

Loss: -3.237136

VICTORY: 0.614

VICTORY: 0.957

VICTORY: 0.508

VICTORY: 0.522

VICTORY: 0.452

VICTORY: 0.636

VICTORY: 0.018

VICTORY: 0.733

VICTORY: 0.098

VICTORY: 0.397

VICTORY: 0.173

VICTORY: 0.541

VICTORY: 0.75

VICTORY: 0.201

VICTORY: 0.977

VICTORY: 0.996

VICTORY: 0.214

Loss: -9.064516

Loss: -2.48368

VICTORY: 0.84

Loss: -5.016064

VICTORY: 0.823

VICTORY: 0.911

Loss: -9.333333

VICTORY: 0.348

Loss: -2.464129

VICTORY: 0.358

Loss: -2.392758

VICTORY: 0.887

VICTORY: 0.428

VICTORY: 0.771

VICTORY: 0.47

Loss: -7.097561

Loss: -7.993007

Loss: -2.041667

Loss: -8.352942

VICTORY: 0.545

Loss: -3.976191

VICTORY: 0.847

VICTORY: 0.739

Loss: -7.369427

VICTORY: 0.099

VICTORY: 0.827

Loss: -4.745318

VICTORY: 0.893

VICTORY: 0.129

Loss: -4.04878

VICTORY: 0.304

VICTORY: 0.287

VICTORY: 0.678

VICTORY: 0.336

VICTORY: 0.47

VICTORY: 0.799

VICTORY: 0.583

VICTORY: 0.157

Loss: -5.219409

VICTORY: 0.019

VICTORY: 0.115

VICTORY: 0.651

Loss: -4.937008

VICTORY: 0.876

VICTORY: 0.498

Loss: -2.488095

VICTORY: 0.773

VICTORY: 0.821

VICTORY: 0.579

VICTORY: 0.945

VICTORY: 0.962

VICTORY: 0.408

VICTORY: 0.866

VICTORY: 0.529

VICTORY: 0.523

VICTORY: 0.831

VICTORY: 0.519

Loss: -2.273885

Loss: -3.283105

Loss: -11

VICTORY: 0.738

VICTORY: 0.158

Loss: -14.51351

VICTORY: 0.989

Loss: -4.731343

VICTORY: 0.456

VICTORY: 0.059

VICTORY: 0.489

Loss: -9.264462

Loss: -3.040816

VICTORY: 0.389

Loss: -2.984127

VICTORY: 0.9

VICTORY: 0.496

Loss: -2.29199

Loss: -5.201681

Loss: -6.050505

VICTORY: 0.767

VICTORY: 0.043

Loss: -2.116071

Loss: -8.462687

Loss: -8.692307

Loss: -7.134969

VICTORY: 0.569

Loss: -2.28866

VICTORY: 0.088

Loss: -5.048583

Loss: -9.849558

VICTORY: 0.466

Loss: -3.688172

VICTORY: 0.316

VICTORY: 0.104

Loss: -9.064516

VICTORY: 0.269

Loss: -3.155172

VICTORY: 0.092

VICTORY: 0.256

VICTORY: 0.277

VICTORY: 0.182

VICTORY: 0.983

VICTORY: 0.54

VICTORY: 0.832

VICTORY: 0.234

VICTORY: 0.581

VICTORY: 0.027

VICTORY: 0.693

Loss: -2.972387

VICTORY: 0.514

VICTORY: 0.376

VICTORY: 0.816

VICTORY: 0.734

VICTORY: 0.673

VICTORY: 0.393

VICTORY: 0.306

Loss: -2.692047

VICTORY: 0.139

VICTORY: 0.193

Loss: -4.508772

VICTORY: 0.694

VICTORY: 0.257

Loss: -2.338688

VICTORY: 0.36

VICTORY: 0.371

VICTORY: 0.565

VICTORY: 0.749

VICTORY: 0.645

Loss: -4.412969

Loss: -2.121076

VICTORY: 0.987

VICTORY: 0.961

VICTORY: 0.027

VICTORY: 0.711

Loss: -7.622517

VICTORY: 0.855

VICTORY: 0.107

VICTORY: 0.676

Loss: -2.930502

VICTORY: 0.342

Loss: -6.988024

Loss: -3.227171

VICTORY: 0.927

VICTORY: 0.62

VICTORY: 0.593

VICTORY: 0.672

VICTORY: 0.673

VICTORY: 0.19

VICTORY: 0.147

VICTORY: 0.436

VICTORY: 0.308

VICTORY: 0.419

VICTORY: 0.422

Loss: -2.362398

Loss: -7.024096

Loss: -2.996008

Loss: -12.23596

VICTORY: 0.783

Loss: -2.015229

VICTORY: 0.413

Loss: -3.762431

Loss: -3.832861

Loss: -3.304147

Loss: -2.883239

Loss: -11

VICTORY: 0.882

VICTORY: 0.738

VICTORY: 0.256

VICTORY: 0.766

VICTORY: 0.801

VICTORY: 0.086

VICTORY: 0.301

VICTORY: 0.522

VICTORY: 0.324

VICTORY: 0.747

VICTORY: 0.457

Loss: -2.302083

Loss: -2.183432

VICTORY: 0.656

VICTORY: 0.929

VICTORY: 0.44

VICTORY: 0.657

VICTORY: 0.093

VICTORY: 0.7

Loss: -3.688172

VICTORY: 0.313

VICTORY: 0.441

VICTORY: 0.594

Loss: -11.75269

VICTORY: 0.962

Loss: -2.322751

VICTORY: 0.427

VICTORY: 0.767

Loss: -2.424501

Loss: -6.586592

VICTORY: 0.514

VICTORY: 0.842

Loss: -8.352942

Loss: -6.376344

Loss: -2.607717

VICTORY: 0.424

VICTORY: 0.748

VICTORY: 0.017

VICTORY: 0.557

VICTORY: 0.721

VICTORY: 0.424

VICTORY: 0.138

VICTORY: 0.946

VICTORY: 0.648

Loss: -2.019368

VICTORY: 0.608

Loss: -2.308901

VICTORY: 0.329

VICTORY: 0.355

VICTORY: 0.113

Loss: -6.154639

VICTORY: 0.39

VICTORY: 0.288

VICTORY: 0.801

VICTORY: 0.748

VICTORY: 0.118

Loss: -3.123142

VICTORY: 0.627

VICTORY: 0.026

VICTORY: 0.224

VICTORY: 0.933

VICTORY: 0.781

VICTORY: 0.979

VICTORY: 0.078

VICTORY: 0.492

VICTORY: 0.98

Loss: -2.319261

Loss: -3.949852

VICTORY: 0.81

VICTORY: 0.182

VICTORY: 0.634

VICTORY: 0.889

VICTORY: 0.789

VICTORY: 0.5

Loss: -2.808318

VICTORY: 0.341

VICTORY: 0.271

VICTORY: 0.988

Loss: -3.538071

VICTORY: 0.717

VICTORY: 0.992

VICTORY: 0.827

VICTORY: 0.741

VICTORY: 0.885

VICTORY: 0.2

VICTORY: 0.934

Loss: -2.282051

Loss: -6.291005

Loss: -3.066116

Loss: -6.714286

VICTORY: 0.873

VICTORY: 0.726

VICTORY: 0.124

VICTORY: 0.325

Loss: -3.824859

Loss: -6.128205

VICTORY: 0.633

VICTORY: 0.326

VICTORY: 0.578

Loss: -3.923977

VICTORY: 0.012

VICTORY: 0.54

VICTORY: 0.633

Loss: -6.494505

VICTORY: 0.154

VICTORY: 0.656

VICTORY: 0.744

VICTORY: 0.474

Loss: -2.545595

VICTORY: 0.242

VICTORY: 0.767

VICTORY: 0.174

VICTORY: 0.463

VICTORY: 0.508

VICTORY: 0.683

VICTORY: 0.253

VICTORY: 0.61

VICTORY: 0.091

Loss: -2.605136

Loss: -9.928572

VICTORY: 0.897

VICTORY: 0.948

VICTORY: 0.332

VICTORY: 0.765

VICTORY: 0.14

VICTORY: 0.955

VICTORY: 0.117

VICTORY: 0.538

VICTORY: 0.844

VICTORY: 0.039

VICTORY: 0.755

VICTORY: 0.882

VICTORY: 0.945

VICTORY: 0.626

Loss: -2.879699

VICTORY: 0.986

VICTORY: 0.925

VICTORY: 0.215

Loss: -3.197802

VICTORY: 0.899

VICTORY: 0.137

Loss: -2.287001

VICTORY: 0.556

Loss: -2.182033

VICTORY: 0.723

VICTORY: 0.655

VICTORY: 0.04

VICTORY: 0.663

Loss: -2.344086

VICTORY: 0.556

Loss: -7.134969

VICTORY: 0.438

VICTORY: 0.791

VICTORY: 0.311

VICTORY: 0.821

Loss: -3.105263

VICTORY: 0.686

Loss: -9.130081

Loss: -2.828154

Loss: -3.739726

VICTORY: 0.058

Loss: -6.464481

VICTORY: 0.414

VICTORY: 0.614

VICTORY: 0.914

VICTORY: 0.082

Loss: -11.86957

VICTORY: 0.181

VICTORY: 0.174

Loss: -10.34579

VICTORY: 0.022

Loss: -9.130081

Loss: -2.466276

VICTORY: 0.757

VICTORY: 0.36

VICTORY: 0.666

VICTORY: 0.089

VICTORY: 0.305

VICTORY: 0.722

Loss: -10.34579

Loss: -2.727116

VICTORY: 0.156

VICTORY: 0.332

VICTORY: 0.268

VICTORY: 0.142

VICTORY: 0.74

Loss: -2.204819

VICTORY: 0.094

VICTORY: 0.51

VICTORY: 0.966

VICTORY: 0.623

VICTORY: 0.797

Loss: -8.092198

VICTORY: 0.564

VICTORY: 0.288

VICTORY: 0.556

Loss: -3.557545

Loss: -2.872659

VICTORY: 0.726

VICTORY: 0.641

VICTORY: 0.682

VICTORY: 0.393

VICTORY: 0.065

VICTORY: 0.597

Loss: -6.464481

VICTORY: 0.774

Loss: -3.710027

VICTORY: 0.41

VICTORY: 0.456

Loss: -2.73913

VICTORY: 0.987

VICTORY: 0.355

Loss: -5.405286

VICTORY: 0.8

VICTORY: 0.826

Loss: -5.444445

Loss: -2.949318

VICTORY: 0.41

Loss: -14.33333

VICTORY: 0.922

VICTORY: 0.36

VICTORY: 0.49

VICTORY: 0.819

VICTORY: 0.538

Loss: -2.017294

Loss: -3.86533

VICTORY: 0.091

Loss: -7.993007

VICTORY: 0.997

VICTORY: 0.435

VICTORY: 0.706

VICTORY: 0.41

VICTORY: 0.181

Loss: -2.381216

VICTORY: 0.1

Loss: -8.633588

VICTORY: 0.136

VICTORY: 0.738

VICTORY: 0.014

VICTORY: 0.684

VICTORY: 0.361

VICTORY: 0.496

VICTORY: 0.215

Loss: -2.501502

VICTORY: 0.908

VICTORY: 0.745

Loss: -3.673797

VICTORY: 0.804

Loss: -2.243781

VICTORY: 0.343

Loss: -3.941176

VICTORY: 0.38

VICTORY: 0.331

VICTORY: 0.62

Loss: -16.625

VICTORY: 0.702

Loss: -5.761905

Loss: -6.347594

VICTORY: 0.98

VICTORY: 0.931

VICTORY: 0.388

Loss: -3.994012

VICTORY: 0.858

Loss: -6.434783

VICTORY: 0.696

VICTORY: 0.026

Loss: -3.141328

Loss: -9.403361

Loss: -4.745318

VICTORY: 0.022

Loss: -2.051525

VICTORY: 0.106

VICTORY: 0.187

VICTORY: 0.833

VICTORY: 0.246

VICTORY: 0.936

Loss: -2.074114

VICTORY: 0.282

Loss: -3.525253

VICTORY: 0.977

VICTORY: 0.155

VICTORY: 0.995

VICTORY: 0.69

VICTORY: 0.295

Loss: -8.407408

VICTORY: 0.587

VICTORY: 0.464

VICTORY: 0.996

VICTORY: 0.738

VICTORY: 0.856

VICTORY: 0.706

VICTORY: 0.282

Loss: -2.307189

VICTORY: 0.509

VICTORY: 0.343

VICTORY: 0.475

Loss: -2.36612

VICTORY: 0.27

Loss: -2.724138

Loss: -4.558719

Loss: -6.347594

VICTORY: 0.352

VICTORY: 0.561

VICTORY: 0.3

VICTORY: 0.323

VICTORY: 0.538

VICTORY: 0.642

VICTORY: 0.556

VICTORY: 0.644

VICTORY: 0.65

Loss: -13.04819

Loss: -9.196721

VICTORY: 0.633

VICTORY: 0.324

VICTORY: 0.659

VICTORY: 0.567

Loss: -3.109705

VICTORY: 0.921

VICTORY: 0.986

VICTORY: 0.235

Loss: -2.618123

VICTORY: 0.354

VICTORY: 0.457

VICTORY: 0.996

VICTORY: 0.204

VICTORY: 0.786

VICTORY: 0.323

Loss: -2.230012

VICTORY: 0.24

Loss: -3.403846

VICTORY: 0.449

VICTORY: 0.414

VICTORY: 0.799

VICTORY: 0.805

VICTORY: 0.673

VICTORY: 0.092

Loss: -2.351351

Loss: -3.724796

VICTORY: 0.747

Loss: -9.928572

VICTORY: 0.508

VICTORY: 0.856

VICTORY: 0.095

VICTORY: 0.406

VICTORY: 0.475

VICTORY: 0.727

VICTORY: 0.513

VICTORY: 0.236

VICTORY: 0.403

VICTORY: 0.479

VICTORY: 0.969

VICTORY: 0.197

VICTORY: 0.586

Loss: -9.130081

VICTORY: 0.002

VICTORY: 0.569

VICTORY: 0.918

VICTORY: 0.162

VICTORY: 0.831

Loss: -2.012146

VICTORY: 0.549

Loss: -2.231527

Loss: -2.901141

VICTORY: 0.325

VICTORY: 0.058

Loss: -7.944445

VICTORY: 0.269

Loss: -5.545455

VICTORY: 0.725

VICTORY: 0.821

VICTORY: 0.431

VICTORY: 0.032

VICTORY: 0.502

VICTORY: 0.79

VICTORY: 0.944

VICTORY: 0.213

Loss: -5.219409

Loss: -2.607717

VICTORY: 0.304

VICTORY: 0.85

VICTORY: 0.474

Loss: -2.824817

Loss: -8.692307

VICTORY: 0.878

Loss: -5.273504

Loss: -3.136752

VICTORY: 0.539

Loss: -7.535948

VICTORY: 0.398

VICTORY: 0.824

VICTORY: 0.77

Loss: -2.655629

Loss: -2.862197

VICTORY: 0.731

VICTORY: 0.774

VICTORY: 0.121

VICTORY: 0.953

VICTORY: 0.175

Loss: -6.235602

VICTORY: 0.792

VICTORY: 0.483

VICTORY: 0.127

VICTORY: 0.598

VICTORY: 0.31

VICTORY: 0.073

Loss: -2.179245

Loss: -4.225806

Loss: -2.6

VICTORY: 0.835

VICTORY: 0.41

VICTORY: 0.492

Loss: -13.04819

Loss: -2.078749

VICTORY: 0.21

Loss: -3.710027

Loss: -2.675042

VICTORY: 0.253

Loss: -3.141328

Loss: -3.267574

VICTORY: 0.691

VICTORY: 0.629

VICTORY: 0.7

VICTORY: 0.35

VICTORY: 0.689

Loss: -2.501502

VICTORY: 0.164

Loss: -17.39344

Loss: -5.098361

Loss: -2.026694

Loss: -2.175088

VICTORY: 0.518

VICTORY: 0.717

Loss: -9.620689

Loss: -4.773585

VICTORY: 0.42

Loss: -5.424779

VICTORY: 0.079

VICTORY: 0.724

Loss: -11.20408

VICTORY: 0.833

VICTORY: 0.874

VICTORY: 0.568

Loss: -2.37741

VICTORY: 0.309

VICTORY: 0.831

Loss: -3.949852

Loss: -2.315789

Loss: -4.134796

VICTORY: 0.802

VICTORY: 0.734

VICTORY: 0.994

Loss: -9.196721

VICTORY: 0.887

VICTORY: 0.38

Loss: -2.552795

Loss: -4.731343

VICTORY: 0.435

VICTORY: 0.92

VICTORY: 0.822

VICTORY: 0.27

VICTORY: 0.443

Loss: -2.412429

VICTORY: 0.762

VICTORY: 0.845

VICTORY: 0.637

VICTORY: 0.493

Loss: -2.064963

VICTORY: 0.006

VICTORY: 0.798

Loss: -4.968254

VICTORY: 0.414

Loss: -4.623188

VICTORY: 0.761

VICTORY: 0.282

Loss: -2.926782

VICTORY: 0.085

VICTORY: 0.799

Loss: -2.349528

Loss: -3.079002

Loss: -2.883239

VICTORY: 0.826

VICTORY: 0.57

VICTORY: 0.062

VICTORY: 0.551

Loss: -3.34192

VICTORY: 0.687

VICTORY: 0.645

VICTORY: 0.153

Loss: -8.633588

VICTORY: 0.805

VICTORY: 0.321

Loss: -2.282051

VICTORY: 0.865

VICTORY: 0.014

VICTORY: 0.826

VICTORY: 0.48

Loss: -4.610108

VICTORY: 0.349

VICTORY: 0.803

VICTORY: 0.37

VICTORY: 0.987

Loss: -3.525253

Loss: -8.633588

Loss: -8.874016

VICTORY: 0.59

VICTORY: 0.296

Loss: -2.769912

VICTORY: 0.963

VICTORY: 0.416

VICTORY: 0.93

VICTORY: 0.661

VICTORY: 0.6

VICTORY: 0.081

VICTORY: 0.173

Loss: -3.364066

VICTORY: 0.135

VICTORY: 0.73

VICTORY: 0.376

Loss: -2.745201

Loss: -15.08451

VICTORY: 0.223

Loss: -3.949852

VICTORY: 0.846

Loss: -6.319149

VICTORY: 0.828

VICTORY: 0.968

VICTORY: 0.273

VICTORY: 0.608

VICTORY: 0.073

Loss: -5.132231

Loss: -2.239157

VICTORY: 0.491

VICTORY: 0.094

Loss: -2.908397

VICTORY: 0.229

Loss: -3.123142

Loss: -13.34568

VICTORY: 0.686

VICTORY: 0.926

Loss: -2.135074

VICTORY: 0.902

Loss: -8.633588

Loss: -19.51852

Loss: -5.016064

Loss: -7.097561

Loss: -2.3947

VICTORY: 0.418

Loss: -3.352941

Loss: -2.683502

VICTORY: 0.347

VICTORY: 0.74

Loss: -2.381216

VICTORY: 0.358

VICTORY: 0.89

VICTORY: 0.139

VICTORY: 0.924

Loss: -5.739336

VICTORY: 0.779

VICTORY: 0.126

Loss: -4.597122

VICTORY: 0.93

VICTORY: 0.031

Loss: -2.108647

VICTORY: 0.171

VICTORY: 0.647

VICTORY: 0.297

VICTORY: 0.427

VICTORY: 0.779

Loss: -9.064516

Loss: -4.278688

VICTORY: 0.558

VICTORY: 0.838

VICTORY: 0.518

VICTORY: 0.81

Loss: -2.239157

VICTORY: 0.39

Loss: -7.578948

VICTORY: 0.777

VICTORY: 0.938

VICTORY: 0.592

Loss: -5.016064

VICTORY: 0.102

VICTORY: 0.3

VICTORY: 0.924

VICTORY: 0.128

Loss: -2.949318

VICTORY: 0.511

Loss: -24.25581

VICTORY: 0.117

VICTORY: 0.667

VICTORY: 0.399

VICTORY: 0.1

VICTORY: 0.834

Loss: -3.564103

VICTORY: 0.403

Loss: -2.067236

VICTORY: 0.813

VICTORY: 0.404

VICTORY: 0.439

Loss: -3.178649

Loss: -2.915709

Loss: -3.604167

Loss: -5.444445

Loss: -4.164557

Loss: -5.166667

Loss: -3.849003

VICTORY: 0.375

Loss: -7.896552

VICTORY: 0.175

VICTORY: 0.32

Loss: -10.34579

VICTORY: 0.026

Loss: -3.506266

VICTORY: 0.817

VICTORY: 0.101

Loss: -2.075269

Loss: -3.538071

VICTORY: 0.915

VICTORY: 0.878

VICTORY: 0.036

VICTORY: 0.986

Loss: -3.28833

VICTORY: 0.768

VICTORY: 0.208

Loss: -4.472222

VICTORY: 0.254

VICTORY: 0.782

VICTORY: 0.615

Loss: -3.525253

Loss: -4.759398

VICTORY: 0.983

VICTORY: 0.679

VICTORY: 0.84

Loss: -2.615509

VICTORY: 0.601

VICTORY: 0.993

VICTORY: 0.817

Loss: -12.90476

Loss: -2.577287

VICTORY: 0.962

Loss: -7.17284

VICTORY: 0.699

VICTORY: 0.752

Loss: -3.283105

VICTORY: 0.892

VICTORY: 0.935

VICTORY: 0.1

Loss: -4.597122

Loss: -3.906977

VICTORY: 0.069

VICTORY: 0.636

VICTORY: 0.973

Loss: -5.149378

Loss: -2.043841

VICTORY: 0.668

Loss: -3.03666

Loss: -2.567398

VICTORY: 0.407

VICTORY: 0.605

VICTORY: 0.562

VICTORY: 0.578

VICTORY: 0.724

VICTORY: 0.479

Loss: -3.597403

VICTORY: 0.64

VICTORY: 0.281

VICTORY: 0.193

VICTORY: 0.033

Loss: -2.52207

Loss: -2.890359

VICTORY: 0.363

VICTORY: 0.381

VICTORY: 0.007

VICTORY: 0.078

VICTORY: 0.295

Loss: -3.257336

VICTORY: 0.514

VICTORY: 0.097

VICTORY: 0.157

VICTORY: 0.531

Loss: -3.070393

VICTORY: 0.981

Loss: -3.008032

VICTORY: 0.019

Loss: -5.484305

VICTORY: 0.116

Loss: -3.793296

VICTORY: 0.817

Loss: -4.690037

VICTORY: 0.548

Loss: -2.488095

Loss: -2.538461

VICTORY: 0.03

VICTORY: 0.638

VICTORY: 0.319

VICTORY: 0.741

VICTORY: 0.621

Loss: -2.438849

VICTORY: 0.502

Loss: -2.317523

Loss: -2.164144

Loss: -9.064516

VICTORY: 0.373

VICTORY: 0.062

VICTORY: 0.337

VICTORY: 0.725

Loss: -5.672897

Loss: -4.144654

VICTORY: 0.888

Loss: -2.190476

Loss: -15.08451

Loss: -2.890359

VICTORY: 0.694

VICTORY: 0.051

VICTORY: 0.114

VICTORY: 0.684

Loss: -2.481482

VICTORY: 0.609

VICTORY: 0.337

VICTORY: 0.63

VICTORY: 0.48

VICTORY: 0.339

Loss: -3.65252

VICTORY: 0.577

VICTORY: 0.769

VICTORY: 0.594

VICTORY: 0.739

VICTORY: 0.329

Loss: -11.30928

Loss: -4.30033

Loss: -13.82051

VICTORY: 0.415

Loss: -2.194743

Loss: -10.34579

Loss: -8.352942

Loss: -3.070393

Loss: -2.930502

VICTORY: 0.117

Loss: -13.5

VICTORY: 0.98

Loss: -4.745318

VICTORY: 0.392

VICTORY: 0.411

VICTORY: 0.812

Loss: -4.558719

VICTORY: 0.715

VICTORY: 0.698

Loss: -2.402524

Loss: -10.09091

Loss: -4.623188

Loss: -2.569859

Loss: -5.048583

VICTORY: 0.728

VICTORY: 0.699

VICTORY: 0.912

VICTORY: 0.505

Loss: -2.420455

Loss: -2.028807

VICTORY: 0.986

VICTORY: 0.402

VICTORY: 0.091

VICTORY: 0.475

Loss: -2.182033

VICTORY: 0.592

Loss: -2.754386

Loss: -2.222494

VICTORY: 0.35

Loss: -4.787879

Loss: -2.029866

VICTORY: 0.52

VICTORY: 0.795

VICTORY: 0.548

Loss: -2.16144

VICTORY: 0.501

VICTORY: 0.608

VICTORY: 0.738

VICTORY: 0.804

VICTORY: 0.659

Loss: -2.373626

VICTORY: 0.498

Loss: -3.257336

VICTORY: 0.163

VICTORY: 0.014

Loss: -5.807693

Loss: -11.98901

VICTORY: 0.563

VICTORY: 0.866

Loss: -3.941176

VICTORY: 0.443

Loss: -2.760563

Loss: -5.347826

Loss: -2.158749

Loss: -4.436426

VICTORY: 0.813

VICTORY: 0.984

VICTORY: 0.296

Loss: -3.538071

VICTORY: 0.477

VICTORY: 0.769

VICTORY: 0.814

Loss: -4.802281

VICTORY: 0.923

Loss: -4.846154

VICTORY: 0.96

VICTORY: 0.582

VICTORY: 0.667

VICTORY: 0.828

VICTORY: 0.503

VICTORY: 0.361

VICTORY: 0.193

Loss: -2.470588

VICTORY: 0.668

Loss: -2.420455

Loss: -2.338688

VICTORY: 0.357

Loss: -3.739726

VICTORY: 0.328

VICTORY: 0.589

Loss: -6.586592

VICTORY: 0.745

Loss: -3.202643

Loss: -2.303781

Loss: -2.122334

Loss: -5.651163

Loss: -6.952381

VICTORY: 0.19

VICTORY: 0.871

VICTORY: 0.299

Loss: -6.076142

VICTORY: 0.293

Loss: -4.134796

VICTORY: 0.792

VICTORY: 0.449

Loss: -3.873563

Loss: -11.10101

VICTORY: 0.324

Loss: -5.385965

VICTORY: 0.727

Loss: -7.410256

Loss: -4.236246

VICTORY: 0.456

Loss: -4.021148

VICTORY: 0.528

Loss: -13.65823

VICTORY: 0.009

VICTORY: 0.463

VICTORY: 0.912

VICTORY: 0.952

VICTORY: 0.431

Loss: -13.5

Loss: -6.988024

VICTORY: 0.005

VICTORY: 0.466

VICTORY: 0.334

Loss: -4.484321

VICTORY: 0.308

VICTORY: 0.226

VICTORY: 0.768

VICTORY: 0.138

Loss: -9.77193

Loss: -7.024096

VICTORY: 0.054

Loss: -3.597403

Loss: -6.434783

VICTORY: 0.374

Loss: -5.950495

VICTORY: 0.994

VICTORY: 0.027

VICTORY: 0.585

VICTORY: 0.275

VICTORY: 0.117

Loss: -7.71141

VICTORY: 0.105

VICTORY: 0.177

VICTORY: 0.921

VICTORY: 0.076

VICTORY: 0.988

Loss: -2.49925

VICTORY: 0.917

Loss: -2.246883

VICTORY: 0.908

VICTORY: 0.687

VICTORY: 0.035

VICTORY: 0.516

Loss: -7.578948

Loss: -6.494505

Loss: -2.52439

VICTORY: 0.109

Loss: -2.54321

VICTORY: 0.773

VICTORY: 0.24

Loss: -3.824859

VICTORY: 0.654

VICTORY: 0.834

VICTORY: 0.655

VICTORY: 0.995

VICTORY: 0.766

VICTORY: 0.025

Loss: -2.057082

VICTORY: 0.046

VICTORY: 0.91

VICTORY: 0.22

VICTORY: 0.466

VICTORY: 0.997

VICTORY: 0.917

VICTORY: 0.479

Loss: -3.673797

VICTORY: 0.973

Loss: -6.235602

Loss: -3.272727

VICTORY: 0.514

VICTORY: 0.085

VICTORY: 0.155

VICTORY: 0.822

VICTORY: 0.574

VICTORY: 0.113

VICTORY: 0.37

VICTORY: 0.231

VICTORY: 0.917

VICTORY: 0.984

VICTORY: 0.428

Loss: -2.675042

Loss: -6

VICTORY: 0.486

Loss: -4.08642

Loss: -4.584229

VICTORY: 0.216

Loss: -4.154574

Loss: -3.86533

VICTORY: 0.646

Loss: -2.912046

VICTORY: 0.383

VICTORY: 0.171

Loss: -2.36612

Loss: -6

Loss: -3.304147

VICTORY: 0.321

VICTORY: 0.469

VICTORY: 0.888

Loss: -8.29927

Loss: -2.55521

Loss: -2.034126

Loss: -6.813953

VICTORY: 0.443

Loss: -4.831418

VICTORY: 0.636

VICTORY: 0.11

VICTORY: 0.636

VICTORY: 0.079

VICTORY: 0.557

Loss: -5.739336

VICTORY: 0.193

VICTORY: 0.731

VICTORY: 0.466

VICTORY: 0.803

VICTORY: 0.496

VICTORY: 0.078

VICTORY: 0.82

VICTORY: 0.418

VICTORY: 0.357

VICTORY: 0.833

VICTORY: 0.757

Loss: -4.367003

VICTORY: 0.927

VICTORY: 0.768

Loss: -2.663893

Loss: -2.190476

Loss: -3.403846

VICTORY: 0.65

VICTORY: 0.713

VICTORY: 0.921

VICTORY: 0.817

VICTORY: 0.646

Loss: -2.451379

Loss: -4.412969

Loss: -2.536098

VICTORY: 0.563

Loss: -3.86533

VICTORY: 0.379

VICTORY: 0.05

Loss: -18.24138

Loss: -7.493506

VICTORY: 0.287

VICTORY: 0.685

VICTORY: 0.771

VICTORY: 0.875

VICTORY: 0.036

VICTORY: 0.671

VICTORY: 0.858

VICTORY: 0.883

VICTORY: 0.441

Loss: -3.114165

VICTORY: 0.157

VICTORY: 0.513

VICTORY: 0.189

VICTORY: 0.657

VICTORY: 0.487

VICTORY: 0.847

Loss: -2.277139

Loss: -2.29199

Loss: -9.928572

VICTORY: 0.135

Loss: -9.064516

VICTORY: 0.419

VICTORY: 0.561

VICTORY: 0.37

Loss: -4.144654

VICTORY: 0.931

VICTORY: 0.874

Loss: -5.081633

VICTORY: 0.193

VICTORY: 0.224

VICTORY: 0.491

VICTORY: 0.602

Loss: -2.769912

Loss: -2.154734

VICTORY: 0.776

VICTORY: 0.458

VICTORY: 0.354

Loss: -5.878049

VICTORY: 0.265

Loss: -3.444988

Loss: -7.134969

VICTORY: 0.055

VICTORY: 0.857

Loss: -6.681818

VICTORY: 0.423

Loss: -8.29927

VICTORY: 0.321

VICTORY: 0.484

Loss: -2.396648

VICTORY: 0.389

Loss: -10.09091

VICTORY: 0.559

VICTORY: 0.844

VICTORY: 0.324

VICTORY: 0.801

VICTORY: 0.671

Loss: -4.861004

VICTORY: 0.42

Loss: -8.352942

VICTORY: 0.308

VICTORY: 0.187

VICTORY: 0.179

Loss: -2.540832

Loss: -3.793296

VICTORY: 0.981

VICTORY: 0.679

VICTORY: 0.086

VICTORY: 0.573

Loss: -3.994012

VICTORY: 0.341

VICTORY: 0.825

Loss: -14.33333

VICTORY: 0.288

VICTORY: 0.689

VICTORY: 0.793

VICTORY: 0.064

VICTORY: 0.8

VICTORY: 0.134

Loss: -2.329787

Loss: -7.289308

VICTORY: 0.217

VICTORY: 0.363

Loss: -3.331002

VICTORY: 0.336

VICTORY: 0.357

Loss: -11.6383

VICTORY: 0.619

Loss: -6.747127

Loss: -5.716981

Loss: -8.462687

VICTORY: 0.354

VICTORY: 0.922

VICTORY: 0.391

Loss: -2.422475

VICTORY: 0.447

VICTORY: 0.684

VICTORY: 0.275

VICTORY: 0.362

Loss: -2.183432

VICTORY: 0.516

VICTORY: 0.57

Loss: -4.215434

VICTORY: 0.959

VICTORY: 0.37

VICTORY: 0.064

VICTORY: 0.073

VICTORY: 0.435

VICTORY: 0.451

VICTORY: 0.341

Loss: -6.347594

VICTORY: 0.214

Loss: -5.854369

VICTORY: 0.612

Loss: -2.706485

VICTORY: 0.974

VICTORY: 0.05

VICTORY: 0.72

VICTORY: 0.98

VICTORY: 0.95

VICTORY: 0.649

VICTORY: 0.905

VICTORY: 0.925

VICTORY: 0.808

Loss: -2.347709

VICTORY: 0.441

VICTORY: 0.563

Loss: -18.24138

VICTORY: 0.882

Loss: -2.162791

Loss: -3.427185

VICTORY: 0.001

VICTORY: 0.935

VICTORY: 0.474

Loss: -12.23596

VICTORY: 0.702

VICTORY: 0.951

Loss: -12.36364

VICTORY: 0.826

Loss: -2.086957

VICTORY: 0.164

VICTORY: 0.654

VICTORY: 0.504

VICTORY: 0.968

VICTORY: 0.11

Loss: -3.816901

Loss: -2.305483

Loss: -6.050505

Loss: -9.695652

Loss: -2.776199

VICTORY: 0.977

VICTORY: 0.001

Loss: -2.02459

VICTORY: 0.933

VICTORY: 0.368

VICTORY: 0.018

VICTORY: 0.744

Loss: -2.172333

Loss: -3.150538

VICTORY: 0.728

Loss: -2.264223

VICTORY: 0.006

VICTORY: 0.043

Loss: -8.692307

Loss: -2.381216

VICTORY: 0.624

VICTORY: 0.253

VICTORY: 0.812

VICTORY: 0.286

Loss: -2.538461

VICTORY: 0.205

VICTORY: 0.821

Loss: -2.545595

VICTORY: 0.02

VICTORY: 0.35

VICTORY: 0.316

Loss: -3.816901

VICTORY: 0.669

VICTORY: 0.779

VICTORY: 0.995

VICTORY: 0.248

Loss: -3.222222

Loss: -6.988024

Loss: -2.432665

Loss: -3

VICTORY: 0.736

VICTORY: 0.237

VICTORY: 0.56

VICTORY: 0.681

VICTORY: 0.041

VICTORY: 0.106

VICTORY: 0.646

VICTORY: 0.212

Loss: -2.278772

VICTORY: 0.492

Loss: -2.28041

VICTORY: 0.475

Loss: -12.90476

VICTORY: 0.95

Loss: -4.460207

Loss: -2.872659

VICTORY: 0.97

Loss: -3.008032

Loss: -5.950495

VICTORY: 0.782

VICTORY: 0.067

VICTORY: 0.659

VICTORY: 0.204

VICTORY: 0.912

VICTORY: 0.447

VICTORY: 0.469

VICTORY: 0.924

Loss: -3.178649

VICTORY: 0.42

Loss: -9.620689

VICTORY: 0.875

VICTORY: 0.119

Loss: -5.444445

Loss: -4.003003

VICTORY: 0.262

VICTORY: 0.309

Loss: -2.112347

VICTORY: 0.539

VICTORY: 0.545

VICTORY: 0.964

VICTORY: 0.77

Loss: -3.65252

Loss: -4.236246

VICTORY: 0.825

Loss: -2.988072

Loss: -5.651163

VICTORY: 0.88

VICTORY: 0.979

VICTORY: 0.425

VICTORY: 0.33

Loss: -2.52439

Loss: -2.612903

Loss: -7.849315

Loss: -3.985075

Loss: -2.10742

Loss: -8.518797

VICTORY: 0.785

Loss: -10.34579

Loss: -5.184101

VICTORY: 0.991

Loss: -2.529052

Loss: -3.016129

VICTORY: 0.08

Loss: -2.647446

VICTORY: 0.17

Loss: -2.293661

Loss: -2.422475

VICTORY: 0.749

Loss: -6.050505

Loss: -5.56621

VICTORY: 0.053

Loss: -5.975124

Loss: -11.41667

VICTORY: 0.265

Loss: -2.236094

Loss: -10.90099

Loss: -4.115265

Loss: -2.945525

Loss: -4.891051

Loss: -6.714286

VICTORY: 0.02

Loss: -2.594896

VICTORY: 0.979

Loss: -7.493506

Loss: -7.493506

Loss: -2.124859

Loss: -4.367003

VICTORY: 0.872

Loss: -3.444988

Loss: -3.463054

VICTORY: 0.434

VICTORY: 0.787

VICTORY: 0.266

VICTORY: 0.371

VICTORY: 0.017

Loss: -8.936508

Loss: -7.329114

VICTORY: 0.176

VICTORY: 0.655

Loss: -3.169197

Loss: -7.060606

Loss: -3.155172

VICTORY: 0.844

VICTORY: 0.88

VICTORY: 0.189

Loss: -2.689189

Loss: -7.289308

VICTORY: 0.641

VICTORY: 0.71

VICTORY: 0.033

Loss: -6.208333

VICTORY: 0.127

Loss: -5.048583

VICTORY: 0.764

VICTORY: 0.417

VICTORY: 0.33

VICTORY: 0.716

Loss: -6.747127

Loss: -13.98701

VICTORY: 0.463

Loss: -8.407408

VICTORY: 0.208

VICTORY: 0.97

VICTORY: 0.832

VICTORY: 0.389

VICTORY: 0.693

Loss: -10.34579

VICTORY: 0.662

VICTORY: 0.66

VICTORY: 0.133

Loss: -5.975124

VICTORY: 0.073

VICTORY: 0.556

VICTORY: 0.493

Loss: -2.055966

VICTORY: 0.612

Loss: -16.15152

VICTORY: 0.635

VICTORY: 0.244

VICTORY: 0.079

VICTORY: 0.159

VICTORY: 0.854

Loss: -3.040816

VICTORY: 0.945

VICTORY: 0.253

VICTORY: 0.435

Loss: -3.597403

VICTORY: 0.878

Loss: -7.802721

VICTORY: 0.568

VICTORY: 0.991

VICTORY: 0.786

VICTORY: 0.111

VICTORY: 0.568

Loss: -2.851852

VICTORY: 0.896

Loss: -11.52632

VICTORY: 0.581

VICTORY: 0.484

VICTORY: 0.022

Loss: -3.590674

VICTORY: 0.45

VICTORY: 0.187

Loss: -12.49425

VICTORY: 0.962

VICTORY: 0.591

Loss: -5.115226

VICTORY: 0.618

Loss: -11.20408

Loss: -3.040816

VICTORY: 0.691

Loss: -2.059322

Loss: -4.717472

Loss: -3.45098

VICTORY: 0.885

VICTORY: 0.711

Loss: -2.996008

VICTORY: 0.625

VICTORY: 0.242

VICTORY: 0.494

Loss: -6.952381

VICTORY: 0.882

VICTORY: 0.849

Loss: -3.150538

VICTORY: 0.747

Loss: -3.008032

VICTORY: 0.268

VICTORY: 0.135

VICTORY: 0.33

Loss: -3.57732

VICTORY: 0.341

VICTORY: 0.182

VICTORY: 0.783

VICTORY: 0.402

VICTORY: 0.942

Loss: -13.04819

VICTORY: 0.727

VICTORY: 0.892

VICTORY: 0.72

Loss: -2.457726

VICTORY: 0.976

Loss: -2.908397

VICTORY: 0.928

Loss: -16.38461

VICTORY: 0.729

Loss: -3.105263

Loss: -3.118644

Loss: -9.695652

VICTORY: 0.518

VICTORY: 0.769

VICTORY: 0.721

Loss: -6.649717

VICTORY: 0.92

VICTORY: 0.553

VICTORY: 0.625

VICTORY: 0.523

VICTORY: 0.966

Loss: -3.252252

Loss: -2.22549

Loss: -6.128205

VICTORY: 0.881

VICTORY: 0.005

Loss: -5.329004

Loss: -6.319149

Loss: -3.34192

Loss: -2.27551

VICTORY: 0.117

VICTORY: 0.802

VICTORY: 0.176

VICTORY: 0.97

Loss: -3.673797

Loss: -2.612903

VICTORY: 0.136

VICTORY: 0.674

VICTORY: 0.991

VICTORY: 0.298

VICTORY: 0.708

VICTORY: 0.738

VICTORY: 0.772

VICTORY: 0.03

VICTORY: 0.433

VICTORY: 0.668

Loss: -2.16144

VICTORY: 0.083

VICTORY: 0.483

VICTORY: 0.384

Loss: -7.71141

VICTORY: 0.995

VICTORY: 0.295

VICTORY: 0.977

VICTORY: 0.509

VICTORY: 0.768

VICTORY: 0.687

VICTORY: 0.375

Loss: -7.329114

Loss: -5.032258

Loss: -2.727116

Loss: -14.88889

Loss: -2.54321

Loss: -6.405406

VICTORY: 0.752

Loss: -2.364256

VICTORY: 0.42

Loss: -3.525253

VICTORY: 0.309

VICTORY: 0.074

VICTORY: 0.711

VICTORY: 0.657

Loss: -2.27551

VICTORY: 0.479

Loss: -3.257336

Loss: -2.189061

VICTORY: 0.101

Loss: -5.366812

Loss: -8.194244

Loss: -3.053388

VICTORY: 0.028

VICTORY: 0.115

Loss: -2.760563

Loss: -5.347826

VICTORY: 0.652

Loss: -5.878049

VICTORY: 0.724

VICTORY: 0.788

VICTORY: 0.332

VICTORY: 0.19

VICTORY: 0.349

VICTORY: 0.692

Loss: -6.025126

VICTORY: 0.573

VICTORY: 0.974

VICTORY: 0.47

VICTORY: 0.14

VICTORY: 0.37

Loss: -2.70068

Loss: -2.091703

Loss: -2.494768

VICTORY: 0.626

VICTORY: 0.649

VICTORY: 0.461

Loss: -2.234568

Loss: -3.141328

Loss: -8.633588

Loss: -4.095975

VICTORY: 0.767

Loss: -2.908397

Loss: -2.398601

VICTORY: 0.471

VICTORY: 0.552

Loss: -2.440922

Loss: -2.197605

Loss: -2.034126

VICTORY: 0.378

VICTORY: 0.617

Loss: -2.818182

Loss: -2.798561

VICTORY: 0.736

Loss: -2.647446

VICTORY: 0.769

Loss: -2.945525

Loss: -20.60784

Loss: -2.144165

Loss: -2.655629

VICTORY: 0.645

VICTORY: 0.757

VICTORY: 0.549

Loss: -7.024096

VICTORY: 0.752

VICTORY: 0.556

Loss: -2.106195

VICTORY: 0.687

VICTORY: 0.59

VICTORY: 0.855

VICTORY: 0.198

VICTORY: 0.648

VICTORY: 0.731

VICTORY: 0.461

Loss: -4.703704

VICTORY: 0.469

Loss: -12.90476

VICTORY: 0.029

VICTORY: 0.306

VICTORY: 0.716

Loss: -14.88889

Loss: -4.846154

VICTORY: 0.953

VICTORY: 0.939

VICTORY: 0.693

Loss: -8.575758

VICTORY: 0.149

VICTORY: 0.783

VICTORY: 0.622

VICTORY: 0.693

VICTORY: 0.063

Loss: -2.104972

VICTORY: 0.095

VICTORY: 0.038

VICTORY: 0.123

VICTORY: 0.33

Loss: -3.48139

Loss: -2.602564

Loss: -6.464481

VICTORY: 0.817

VICTORY: 0.461

VICTORY: 0.582

Loss: -8.246377

Loss: -9.620689

VICTORY: 0.939

Loss: -3.915452

VICTORY: 0.604

VICTORY: 0.378

VICTORY: 0.346

VICTORY: 0.518

VICTORY: 0.135

VICTORY: 0.483

Loss: -2.18624

VICTORY: 0.844

Loss: -2.3947

VICTORY: 0.929

VICTORY: 0.419

VICTORY: 0.071

VICTORY: 0.636

VICTORY: 0.733

Loss: -2.785714

Loss: -12.36364

VICTORY: 0.991

VICTORY: 0.789

Loss: -9.403361

VICTORY: 0.472

VICTORY: 0.995

Loss: -9.130081

VICTORY: 0.546

Loss: -3.631579

Loss: -2.004016

Loss: -3.840909

Loss: -2.801802

VICTORY: 0.091

VICTORY: 0.272

VICTORY: 0.427

VICTORY: 0.803

VICTORY: 0.699

Loss: -2.477105

VICTORY: 0.38

VICTORY: 0.993

VICTORY: 0.74

VICTORY: 0.187

Loss: -2.390821

Loss: -3.487562

Loss: -2.602564

VICTORY: 0.731

Loss: -2.984127

Loss: -9.130081

VICTORY: 0.229

VICTORY: 0.207

VICTORY: 0.794

Loss: -3.212389

VICTORY: 0.562

VICTORY: 0.256

VICTORY: 0.558

VICTORY: 0.392

Loss: -21.83333

Loss: -5.651163

VICTORY: 0.624

VICTORY: 0.665

Loss: -11.20408

VICTORY: 0.556

Loss: -3.493766

VICTORY: 0.028

Loss: -5.56621

Loss: -2.177856

Loss: -2.650165

VICTORY: 0.577

Loss: -2.472754

VICTORY: 0.602

VICTORY: 0.233

Loss: -4.676471

Loss: -2.438849

Loss: -2.008065

VICTORY: 0.032

Loss: -2.658375

Loss: -2.862197

VICTORY: 0.856

VICTORY: 0.873

Loss: -2.447178

Loss: -2.233046

Loss: -2.133787

Loss: -6.586592

Loss: -9.620689

VICTORY: 0.685

VICTORY: 0.89

Loss: -2.37931

VICTORY: 0.115

VICTORY: 0.028

VICTORY: 0.82

VICTORY: 0.786

VICTORY: 0.107

VICTORY: 0.782

VICTORY: 0.107

VICTORY: 0.784

VICTORY: 0.124

VICTORY: 0.993

VICTORY: 0.535

VICTORY: 0.726

VICTORY: 0.882

VICTORY: 0.111

Loss: -2.672241

Loss: -6.617978

VICTORY: 0.163

Loss: -5.166667

VICTORY: 0.934

VICTORY: 0.588

VICTORY: 0.951

Loss: -4.937008

VICTORY: 0.856

VICTORY: 0.828

VICTORY: 0.042

VICTORY: 0.503

VICTORY: 0.21

VICTORY: 0.366

VICTORY: 0.478

VICTORY: 0.371

VICTORY: 0.898

VICTORY: 0.363

Loss: -6.952381

VICTORY: 0.909

Loss: -2.968504

Loss: -14.1579

VICTORY: 0.167

VICTORY: 0.976

VICTORY: 0.122

Loss: -3.873563

Loss: -2.40647

VICTORY: 0.479

VICTORY: 0.698

Loss: -13.82051

VICTORY: 0.112

VICTORY: 0.685

Loss: -2.081081

VICTORY: 0.535

VICTORY: 0.743

VICTORY: 0.548

Loss: -6.747127

Loss: -2.069519

VICTORY: 0.161

VICTORY: 0.718

Loss: -4.521127

VICTORY: 0.248

Loss: -2.256281

VICTORY: 0.527

Loss: -3.336449

VICTORY: 0.279

Loss: -2.468429

VICTORY: 0.92

VICTORY: 0.992

Loss: -14.33333

Loss: -8.575758

VICTORY: 0.286

VICTORY: 0.975

VICTORY: 0.733

Loss: -4.690037

VICTORY: 0.675

Loss: -12.49425

Loss: -4.921568

VICTORY: 0.793

VICTORY: 0.848

VICTORY: 0.065

VICTORY: 0.677

VICTORY: 0.991

VICTORY: 0.114

VICTORY: 0.476

VICTORY: 0.523

VICTORY: 0.261

Loss: -6.882353

VICTORY: 0.16

VICTORY: 0.024

Loss: -5.950495

VICTORY: 0.086

VICTORY: 0.534

VICTORY: 0.672

Loss: -6.464481

Loss: -6.649717

Loss: -3.680965

VICTORY: 0.23

Loss: -9.333333

VICTORY: 0.281

VICTORY: 0.51

VICTORY: 0.486

VICTORY: 0.589

VICTORY: 0.227

Loss: -5.761905

VICTORY: 0.662

Loss: -2.453488

Loss: -2.972387

Loss: -2.589825

VICTORY: 0.35

Loss: -5.065041

Loss: -2.785714

VICTORY: 0.971

VICTORY: 0.99

Loss: -2.390821

Loss: -3.487562

VICTORY: 0.824

Loss: -4.174603

Loss: -2.445087

VICTORY: 0.423

Loss: -6.376344

Loss: -3.487562

Loss: -2.283697

Loss: -5.56621

VICTORY: 0.216

VICTORY: 0.768

VICTORY: 0.726

VICTORY: 0.897

Loss: -2.074114

Loss: -2.145475

Loss: -13.98701

Loss: -3.105263

VICTORY: 0.794

VICTORY: 0.666

Loss: -8.407408

VICTORY: 0.229

VICTORY: 0.788

VICTORY: 0.785

VICTORY: 0.684

VICTORY: 0.039

Loss: -5.672897

Loss: -10.70874

Loss: -4.10559

VICTORY: 0.323

Loss: -13.04819

VICTORY: 0.728

VICTORY: 0.945

VICTORY: 0.706

VICTORY: 0.27

Loss: -4.267974

Loss: -4.891051

VICTORY: 0.316

VICTORY: 0.508

VICTORY: 0.806

VICTORY: 0.225

Loss: -2.312336

Loss: -8.518797

Loss: -2.628664

VICTORY: 0.57

VICTORY: 0.358

Loss: -10.90099

Loss: -4.012048

VICTORY: 0.722

VICTORY: 0.068

Loss: -3.392344

VICTORY: 0.53

Loss: -6.102041

VICTORY: 0.382

VICTORY: 0.655

Loss: -3.840909

VICTORY: 0.464

Loss: -7.578948

VICTORY: 0.071

Loss: -3.463054

VICTORY: 0.931

Loss: -2.470588

VICTORY: 0.205

VICTORY: 0.189

VICTORY: 0.577

Loss: -3.73224

VICTORY: 0.924

VICTORY: 0.219

Loss: -2.70068

VICTORY: 0.474

VICTORY: 0.411

VICTORY: 0.131

VICTORY: 0.265

VICTORY: 0.954

VICTORY: 0.856

Loss: -2.246883

VICTORY: 0.806

Loss: -5.854369

Loss: -10.00901

Loss: -2.116071

VICTORY: 0.871

VICTORY: 0.181

VICTORY: 0.884

VICTORY: 0.151

VICTORY: 0.841

VICTORY: 0.048

VICTORY: 0.687

VICTORY: 0.783

Loss: -3.824859

Loss: -6.181347

VICTORY: 0.106

Loss: -2.845018

Loss: -2.615509

VICTORY: 0.02

Loss: -3.004008

Loss: -6.405406

Loss: -3.04918

Loss: -7.849315

Loss: -2.47929

VICTORY: 0.578

VICTORY: 0.103

VICTORY: 0.556

Loss: -2.858736

VICTORY: 0.593

VICTORY: 0.903

Loss: -6.681818

VICTORY: 0.396

VICTORY: 0.081

VICTORY: 0.414

VICTORY: 0.025

Loss: -2.828154

VICTORY: 0.434

VICTORY: 0.666

Loss: -10.25926

VICTORY: 0.157

VICTORY: 0.018

VICTORY: 0.776

Loss: -9.620689

Loss: -2.240695

VICTORY: 0.971

VICTORY: 0.407

VICTORY: 0.989

VICTORY: 0.383

VICTORY: 0.694

VICTORY: 0.696

VICTORY: 0.088

VICTORY: 0.675

VICTORY: 0.514

Loss: -6.952381

VICTORY: 0.694

Loss: -2.148106

VICTORY: 0.288

VICTORY: 0.991

Loss: -3.040816

VICTORY: 0.412

VICTORY: 0.657

VICTORY: 0.146

Loss: -2.067236

Loss: -5.032258

Loss: -2.828154

VICTORY: 0.351

Loss: -3.386635

Loss: -8.8125

VICTORY: 0.826

Loss: -7.451613

VICTORY: 0.722

VICTORY: 0.134

Loss: -2.592357

VICTORY: 0.219

VICTORY: 0.931

Loss: -3.95858

VICTORY: 0.869

VICTORY: 0.552

Loss: -3.518892

VICTORY: 0.927

VICTORY: 0.506

VICTORY: 0.1

VICTORY: 0.449

VICTORY: 0.645

VICTORY: 0.947

VICTORY: 0.543

VICTORY: 0.419

VICTORY: 0.883

VICTORY: 0.663

VICTORY: 0.848

VICTORY: 0.179

VICTORY: 0.358

VICTORY: 0.754

VICTORY: 0.988

VICTORY: 0.571

VICTORY: 0.355

VICTORY: 0.69

VICTORY: 0.491

Loss: -2.131222

Loss: -6.405406

VICTORY: 0.834

VICTORY: 0.654

Loss: -2.157408

Loss: -3.242152

Loss: -2.037344

Loss: -6.291005

VICTORY: 0.329

Loss: -3.976191

VICTORY: 0.595

VICTORY: 0.416

VICTORY: 0.902

VICTORY: 0.504

Loss: -2.112347

Loss: -4.921568

Loss: -2.845018

VICTORY: 0.732

Loss: -2.73913

VICTORY: 0.532

VICTORY: 0.582

Loss: -4.30033

VICTORY: 0.002

VICTORY: 0.479

Loss: -2.278772

VICTORY: 0.793

Loss: -5.032258

Loss: -5.464286

VICTORY: 0.757

VICTORY: 0.509

VICTORY: 0.813

VICTORY: 0.81

VICTORY: 0.658

VICTORY: 0.619

VICTORY: 0.363

VICTORY: 0.063

VICTORY: 0.258

VICTORY: 0.797

VICTORY: 0.938

VICTORY: 0.223

VICTORY: 0.318

Loss: -7.578948

VICTORY: 0.806

Loss: -11.86957

VICTORY: 0.56

VICTORY: 0.735

VICTORY: 0.875

VICTORY: 0.915

VICTORY: 0.96

VICTORY: 0.968

VICTORY: 0.155

Loss: -2.092896

VICTORY: 0.879

VICTORY: 0.399

VICTORY: 0.579

VICTORY: 0.176

VICTORY: 0.072

Loss: -13.65823

Loss: -2.612903

VICTORY: 0.945

VICTORY: 0.706

VICTORY: 0.158

VICTORY: 0.949

Loss: -4.703704

VICTORY: 0.156

VICTORY: 0.864

VICTORY: 0.119

VICTORY: 0.197

VICTORY: 0.93

VICTORY: 0.819

VICTORY: 0.651

VICTORY: 0.644

VICTORY: 0.419

VICTORY: 0.732

VICTORY: 0.772

VICTORY: 0.686

Loss: -4.215434

Loss: -3.283105

Loss: -4.731343

VICTORY: 0.468

VICTORY: 0.798

Loss: -7.410256

Loss: -4.875969

Loss: -2.890359

VICTORY: 0.419

Loss: -9

Loss: -6.208333

VICTORY: 0.574

VICTORY: 0.45

Loss: -12.62791

Loss: -2.118568

VICTORY: 0.515

VICTORY: 0.136

VICTORY: 0.335

Loss: -4.367003

VICTORY: 0.103

VICTORY: 0.958

VICTORY: 0.355

VICTORY: 0.812

VICTORY: 0.69

Loss: -3.840909

Loss: -2.677852

Loss: -2.18624

Loss: -2.424501

Loss: -2.893939

VICTORY: 0.64

Loss: -3.48139

Loss: -2.111111

Loss: -6.952381

VICTORY: 0.568

Loss: -7.289308

VICTORY: 0.372

VICTORY: 0.013

VICTORY: 0.807

VICTORY: 0.656

VICTORY: 0.856

Loss: -3.645503

Loss: -4.703704

VICTORY: 0.825

VICTORY: 0.33

Loss: -5.273504

VICTORY: 0.117

VICTORY: 0.422

VICTORY: 0.688

VICTORY: 0.917

VICTORY: 0.796

Loss: -2.119821

VICTORY: 0.778

VICTORY: 0.424

VICTORY: 0.921

VICTORY: 0.44

VICTORY: 0.89

Loss: -5.672897

VICTORY: 0.46

Loss: -14.51351

VICTORY: 0.892

Loss: -7.369427

VICTORY: 0.829

VICTORY: 0.164

Loss: -6.617978

VICTORY: 0.072

VICTORY: 0.745

VICTORY: 0.153

VICTORY: 0.915

VICTORY: 0.358

VICTORY: 0.925

VICTORY: 0.438

Loss: -7.802721

VICTORY: 0.813

VICTORY: 0.853

Loss: -3.531646

VICTORY: 0.502

Loss: -5.784689

VICTORY: 0.789

Loss: -5.032258

VICTORY: 0.829

VICTORY: 0.424

VICTORY: 0.551

VICTORY: 0.371

VICTORY: 0.77

VICTORY: 0.713

VICTORY: 0.148

VICTORY: 0.875

VICTORY: 0.983

Loss: -2.282051

VICTORY: 0.241

VICTORY: 0.07

VICTORY: 0.151

VICTORY: 0.529

VICTORY: 0.341

VICTORY: 0.707

Loss: -6.291005

VICTORY: 0.959

VICTORY: 0.146

VICTORY: 0.029

Loss: -2.146789

Loss: -11.6383

VICTORY: 0.392

VICTORY: 0.924

VICTORY: 0.251

VICTORY: 0.347

Loss: -2.766784

VICTORY: 0.614

Loss: -3.673797

VICTORY: 0.393

Loss: -2.262626

Loss: -5.347826

VICTORY: 0.519

VICTORY: 0.717

Loss: -10.80392

Loss: -17.94915

Loss: -4.952569

VICTORY: 0.375

VICTORY: 0.08

Loss: -2.215067

Loss: -4.571429

VICTORY: 0.797

VICTORY: 0.775

Loss: -6.128205

Loss: -2.733102

VICTORY: 0.656

Loss: -14.88889

VICTORY: 0.634

Loss: -5.878049

Loss: -5.784689

VICTORY: 0.988

VICTORY: 0.807

VICTORY: 0.557

VICTORY: 0.938

VICTORY: 0.814

VICTORY: 0.389

Loss: -2.177856

VICTORY: 0.981

VICTORY: 0.416

Loss: -6.102041

VICTORY: 0.719

VICTORY: 0.31

VICTORY: 0.518

VICTORY: 0.554

VICTORY: 0.829

VICTORY: 0.908

Loss: -2.072961

VICTORY: 0.989

VICTORY: 0.868

VICTORY: 0.542

Loss: -2.029866

VICTORY: 0.045

VICTORY: 0.553

VICTORY: 0.748

Loss: -6.813953

VICTORY: 0.912

Loss: -2.142857

VICTORY: 0.876

VICTORY: 0.268

VICTORY: 0.954

Loss: -16.625

VICTORY: 0.153

Loss: -4.021148

VICTORY: 0.759

Loss: -2.390821

VICTORY: 0.006

VICTORY: 0.217

Loss: -4.246753

VICTORY: 0.203

Loss: -2.049318

VICTORY: 0.067

VICTORY: 0.92

VICTORY: 0.755

Loss: -3.380952

Loss: -4.378378

VICTORY: 0.963

VICTORY: 0.187

Loss: -5.807693

VICTORY: 0.429

VICTORY: 0.207

VICTORY: 0.682

Loss: -12.76471

VICTORY: 0.114

Loss: -9.547009

Loss: -7.17284

VICTORY: 0.498

Loss: -2.574803

VICTORY: 0.472

VICTORY: 0.382

VICTORY: 0.677

Loss: -11.30928

VICTORY: 0.755

Loss: -4.164557

Loss: -2.070664

VICTORY: 0.834

VICTORY: 0.61

VICTORY: 0.284

Loss: -6.076142

VICTORY: 0.997

VICTORY: 0.458

Loss: -10.90099

VICTORY: 0.59

Loss: -3.506266

VICTORY: 0.887

VICTORY: 0.964

Loss: -5.385965

VICTORY: 0.853

VICTORY: 0.146

VICTORY: 0.807

Loss: -3.336449

VICTORY: 0.304

VICTORY: 0.924

VICTORY: 0.976

Loss: -2.52207

VICTORY: 0.078

Loss: -2.331558

Loss: -2.589825

VICTORY: 0.536

Loss: -3.724796

VICTORY: 0.309

VICTORY: 0.325

VICTORY: 0.987

VICTORY: 0.337

VICTORY: 0.867

Loss: -2.004016

VICTORY: 0.649

Loss: -6.681818

VICTORY: 0.191

VICTORY: 0.837

Loss: -9.849558

VICTORY: 0.879

Loss: -2.655629

Loss: -2.414427

VICTORY: 0.22

VICTORY: 0.616

VICTORY: 0.45

Loss: -2.090513

Loss: -8.29927

VICTORY: 0.665

VICTORY: 0.809

VICTORY: 0.147

VICTORY: 0.339

Loss: -12.76471

VICTORY: 0.487

VICTORY: 0.468

VICTORY: 0.619

VICTORY: 0.203

Loss: -5.830918

VICTORY: 0.579

VICTORY: 0.447

VICTORY: 0.064

VICTORY: 0.418

VICTORY: 0.853

VICTORY: 0.445

VICTORY: 0.802

Loss: -4.125

VICTORY: 0.613

VICTORY: 0.219

VICTORY: 0.916

VICTORY: 0.307

VICTORY: 0.845

VICTORY: 0.951

VICTORY: 0.305

Loss: -4.533569

VICTORY: 0.818

VICTORY: 0.46

Loss: -14.69863

Loss: -7.21118

Loss: -4.164557

VICTORY: 0.303

Loss: -4.215434

VICTORY: 0.294

VICTORY: 0.864

VICTORY: 0.304

VICTORY: 0.411

VICTORY: 0.771

Loss: -7.451613

VICTORY: 0.765

Loss: -2.865672

VICTORY: 0.385

VICTORY: 0.85

VICTORY: 0.197

VICTORY: 0.43

VICTORY: 0.959

VICTORY: 0.384

Loss: -5.464286

Loss: -2.510574

VICTORY: 0.846

Loss: -9.264462

VICTORY: 0.167

Loss: -2.150748

Loss: -4.731343

Loss: -3.132196

VICTORY: 0.576

VICTORY: 0.624

Loss: -6.464481

Loss: -3.352941

VICTORY: 0.227

VICTORY: 0.63

VICTORY: 0.871

Loss: -2.067236

VICTORY: 0.917

VICTORY: 0.376

VICTORY: 0.953

VICTORY: 0.859

VICTORY: 0.793

VICTORY: 0.338

VICTORY: 0.511

Loss: -2.760563

VICTORY: 0.491

Loss: -2.179245

Loss: -3.155172

Loss: -2.461988

VICTORY: 0.918

Loss: -3.906977

VICTORY: 0.91

Loss: -9.064516

Loss: -6.952381

VICTORY: 0.449

VICTORY: 0.749

Loss: -2.886792

Loss: -5.184101

Loss: -7.493506

Loss: -Infinity

VICTORY: 0.799

VICTORY: 0.415

VICTORY: 0.812

VICTORY: 0.676

VICTORY: 0.232

VICTORY: 0.723

Loss: -2.848429

Loss: -2.615509

VICTORY: 0.092

Loss: -2.976285

VICTORY: 0.263

VICTORY: 0.654

VICTORY: 0.513

VICTORY: 0.254

VICTORY: 0.002

VICTORY: 0.642

VICTORY: 0.317

Loss: -2.30039

Loss: -2.113586

VICTORY: 0.149

Loss: -8.042253

VICTORY: 0.613

VICTORY: 0.001

VICTORY: 0.754

VICTORY: 0.788

Loss: -6.434783

VICTORY: 0.923

VICTORY: 0.79

VICTORY: 0.752

VICTORY: 0.659

VICTORY: 0.207

VICTORY: 0.383

VICTORY: 0.227

VICTORY: 0.888

Loss: -5.694836

Loss: -12.36364

Loss: -3.915452

VICTORY: 0.982

Loss: -3.617801

VICTORY: 0.92

VICTORY: 0.546

VICTORY: 0.251

VICTORY: 0.862

VICTORY: 0.401

VICTORY: 0.09

VICTORY: 0.236

VICTORY: 0.759

VICTORY: 0.964

VICTORY: 0.454

VICTORY: 0.161

Loss: -2.838235

VICTORY: 0.169

VICTORY: 0.152

Loss: -6.649717

VICTORY: 0.008

VICTORY: 0.867

Loss: -2.886792

VICTORY: 0.813

VICTORY: 0.446

VICTORY: 0.245

Loss: -3.717391

VICTORY: 0.704

Loss: -4.484321

VICTORY: 0.262

VICTORY: 0.844

VICTORY: 0.726

VICTORY: 0.39

Loss: -7.060606

VICTORY: 0.472

VICTORY: 0.288

VICTORY: 0.508

VICTORY: 0.063

Loss: -7.944445

VICTORY: 0.728

VICTORY: 0.879

VICTORY: 0.539

Loss: -6.319149

VICTORY: 0.241

VICTORY: 0.388

VICTORY: 0.468

VICTORY: 0.098

VICTORY: 0.74

VICTORY: 0.144

VICTORY: 0.779

VICTORY: 0.147

VICTORY: 0.613

VICTORY: 0.718

Loss: -3.57732

VICTORY: 0.769

VICTORY: 0.91

VICTORY: 0.849

Loss: -4.816794

VICTORY: 0.82

Loss: -11.41667

VICTORY: 0.931

VICTORY: 0.887

VICTORY: 0.763

VICTORY: 0.608

VICTORY: 0.11

VICTORY: 0.534

Loss: -6.025126

VICTORY: 0.788

Loss: -4.333333

Loss: -3.267574

VICTORY: 0.269

VICTORY: 0.073

VICTORY: 0.983

VICTORY: 0.999

VICTORY: 0.341

Loss: -6.235602

Loss: -3.252252

VICTORY: 0.516

VICTORY: 0.254

VICTORY: 0.759

VICTORY: 0.318

Loss: -3.597403

VICTORY: 0.268

VICTORY: 0.52

VICTORY: 0.948

Loss: -4.389831

Loss: -2.153403

VICTORY: 0.943

Loss: -2.73913

Loss: -5.739336

VICTORY: 0.184

VICTORY: 0.416

Loss: -3.066116

VICTORY: 0.971

VICTORY: 0.823

Loss: -4.597122

VICTORY: 0.62

Loss: -2.926782

Loss: -3.298851

VICTORY: 0.23

VICTORY: 0.292

VICTORY: 0.692

Loss: -6.494505

Loss: -3.272727

Loss: -16.38461

VICTORY: 0.967

VICTORY: 0.684

VICTORY: 0.482

Loss: -3.967359

VICTORY: 0.941

VICTORY: 0.252

Loss: -4.90625

Loss: -11.10101

VICTORY: 0.731

Loss: -2.183432

Loss: -2.897533

VICTORY: 0.074

VICTORY: 0.825

VICTORY: 0.59

Loss: -7.578948

VICTORY: 0.859

Loss: -10.17431

VICTORY: 0.12

VICTORY: 0.556

Loss: -5.854369

Loss: -2.277139

VICTORY: 0.864

Loss: -3.35849

VICTORY: 0.047

VICTORY: 0.16

VICTORY: 0.129

VICTORY: 0.207

VICTORY: 0.578

VICTORY: 0.87

Loss: -8.8125

VICTORY: 0.634

Loss: -2.112347

VICTORY: 0.995

VICTORY: 0.457

VICTORY: 0.39

Loss: -9.196721

VICTORY: 0.458

Loss: -6.681818

Loss: -4.952569

VICTORY: 0.944

VICTORY: 0.476

VICTORY: 0.273

VICTORY: 0.548

Loss: -7.410256

VICTORY: 0.659

Loss: -5.672897

Loss: -13.65823

VICTORY: 0.566

Loss: -5.166667

VICTORY: 0.876

VICTORY: 0.956

Loss: -2.06383

Loss: -9.547009

VICTORY: 0.443

VICTORY: 0.208

Loss: -11.30928

VICTORY: 0.544

VICTORY: 0.076

Loss: -8.575758

Loss: -3.202643

VICTORY: 0.908

VICTORY: 0.46

Loss: -8.518797

VICTORY: 0.819

VICTORY: 0.547

VICTORY: 0.749

VICTORY: 0.626

VICTORY: 0.313

VICTORY: 0.04

VICTORY: 0.995

Loss: -2.20773

VICTORY: 0.932

Loss: -8.407408

VICTORY: 0.696

Loss: -7.849315

VICTORY: 0.852

VICTORY: 0.243

Loss: -2.001001

Loss: -3.415459

Loss: -2.085776

Loss: -8.042253

VICTORY: 0.865

VICTORY: 0.2

Loss: -2.132503

Loss: -13.98701

VICTORY: 0.66

Loss: -10.00901

Loss: -3.061856

VICTORY: 0.998

VICTORY: 0.058

VICTORY: 0.89

Loss: -6.847953

Loss: -2.335114

Loss: -2.805054

Loss: -2.55521

VICTORY: 0.804

VICTORY: 0.293

VICTORY: 0.918

VICTORY: 0.845

VICTORY: 0.376

VICTORY: 0.311

VICTORY: 0.934

VICTORY: 0.619

VICTORY: 0.303

VICTORY: 0.992

Loss: -8.092198

Loss: -3.457002

VICTORY: 0.361

VICTORY: 0.833

Loss: -6.076142

VICTORY: 0.386

VICTORY: 0.024

Loss: -2.77305

VICTORY: 0.67

VICTORY: 0.091

Loss: -3.754821

VICTORY: 0.295

Loss: -5.405286

VICTORY: 0.346

VICTORY: 0.86

Loss: -5.651163

VICTORY: 0.305

Loss: -2.362398

VICTORY: 0.37

VICTORY: 0.786

Loss: -2.061571

VICTORY: 0.548

VICTORY: 0.544

VICTORY: 0.208

VICTORY: 0.556

VICTORY: 0.493

Loss: -2.148106

Loss: -3.439024

VICTORY: 0.205

VICTORY: 0.457

VICTORY: 0.961

VICTORY: 0.711

Loss: -3.557545

Loss: -6.376344

Loss: -3.857143

VICTORY: 0.697

Loss: -2.503759

VICTORY: 0.043

Loss: -2.838235

VICTORY: 0.489

Loss: -2.972387

VICTORY: 0.746

Loss: -3.5

VICTORY: 0.805

VICTORY: 0.077

VICTORY: 0.406

VICTORY: 0.231

VICTORY: 0.857

VICTORY: 0.176

VICTORY: 0.395

Loss: -2.692047

Loss: -6.747127

VICTORY: 0.701

Loss: -7.578948

Loss: -7.71141

VICTORY: 0.012

VICTORY: 0.351

VICTORY: 0.703

VICTORY: 0.764

VICTORY: 0.987

Loss: -8.936508

VICTORY: 0.051

Loss: -7.71141

VICTORY: 0.454

Loss: -2.158749

VICTORY: 0.415

VICTORY: 0.307

VICTORY: 0.91

Loss: -5.184101

Loss: -5.098361

Loss: -2.256281

VICTORY: 0.817

VICTORY: 0.453

Loss: -4.412969

Loss: -2.049318

VICTORY: 0.377

VICTORY: 0.533

VICTORY: 0.957

VICTORY: 0.452

VICTORY: 0.1

VICTORY: 0.708

VICTORY: 0.074

VICTORY: 0.885

VICTORY: 0.799

Loss: -2.494768

Loss: -4.508772

Loss: -5.132231

VICTORY: 0.327

VICTORY: 0.005

VICTORY: 0.807

VICTORY: 0.241

Loss: -2.261034

VICTORY: 0.978

VICTORY: 0.368

VICTORY: 0.755

VICTORY: 0.891

Loss: -3.439024

VICTORY: 0.823

Loss: -6.524862

VICTORY: 0.375

VICTORY: 0.72

VICTORY: 0.074

VICTORY: 0.58

VICTORY: 0.374

VICTORY: 0.231

Loss: -2.141552

VICTORY: 0.708

VICTORY: 0.62

VICTORY: 0.623

Loss: -4.649635

VICTORY: 0.853

VICTORY: 0.04

VICTORY: 0.22

VICTORY: 0.874

Loss: -2.992032

Loss: -10.90099

Loss: -10.43396

VICTORY: 0.631

VICTORY: 0.84

VICTORY: 0.96

Loss: -3.777778

VICTORY: 0.682

VICTORY: 0.314

VICTORY: 0.997

VICTORY: 0.215

Loss: -6.434783

VICTORY: 0.954

Loss: -4.125

VICTORY: 0.494

VICTORY: 0.258

VICTORY: 0.395

VICTORY: 0.739

Loss: -2.988072

VICTORY: 0.203

Loss: -15.70588

VICTORY: 0.556

VICTORY: 0.659

VICTORY: 0.895

Loss: -5.065041

VICTORY: 0.112

VICTORY: 0.415

Loss: -5.255319

VICTORY: 0.541

VICTORY: 0.818

Loss: -6.494505

VICTORY: 0.613

Loss: -2.934236

VICTORY: 0.329

VICTORY: 0.928

VICTORY: 0.465

Loss: -4.225806

VICTORY: 0.054

VICTORY: 0.809

VICTORY: 0.979

Loss: -20.23077

VICTORY: 0.479

VICTORY: 0.621

Loss: -8.692307

VICTORY: 0.101

Loss: -7.410256

Loss: -7.802721

VICTORY: 0.926

VICTORY: 0.986

VICTORY: 0.671

Loss: -3.531646

Loss: -3.906977

VICTORY: 0.831

Loss: -2.053741

Loss: -4.891051

VICTORY: 0.876

VICTORY: 0.399

VICTORY: 0.815

VICTORY: 0.795

VICTORY: 0.372

Loss: -2.177856

VICTORY: 0.864

Loss: -4.921568

Loss: -10.25926

VICTORY: 0.528

Loss: -5.56621

Loss: -3.557545

Loss: -3.061856

Loss: -2.893939

VICTORY: 0.731

VICTORY: 0.659

Loss: -2.007049

Loss: -6.128205

Loss: -3.169197

VICTORY: 0.693

VICTORY: 0.642

VICTORY: 0.33

VICTORY: 0.175

Loss: -9.620689

VICTORY: 0.844

VICTORY: 0.84

VICTORY: 0.657

Loss: -4.558719

VICTORY: 0.068

Loss: -3.35849

VICTORY: 0.635

VICTORY: 0.465

Loss: -11.30928

VICTORY: 0.465

VICTORY: 0.387

VICTORY: 0.359

VICTORY: 0.943

VICTORY: 0.603

VICTORY: 0.532

VICTORY: 0.984

Loss: -2.631321

VICTORY: 0.402

VICTORY: 0.037

VICTORY: 0.214

VICTORY: 0.956

VICTORY: 0.876

VICTORY: 0.867

Loss: -10.61539

Loss: -4.194888

VICTORY: 0.013

VICTORY: 0.861

Loss: -7.21118

VICTORY: 0.4

VICTORY: 0.554

VICTORY: 0.76

VICTORY: 0.419

VICTORY: 0.575

VICTORY: 0.859

Loss: -2.24844

Loss: -7.622517

VICTORY: 0.156

VICTORY: 0.812

Loss: -2.876173

VICTORY: 0.369

VICTORY: 0.31

VICTORY: 0.382

VICTORY: 0.252

VICTORY: 0.705

VICTORY: 0.808

VICTORY: 0.365

VICTORY: 0.055

VICTORY: 0.761

VICTORY: 0.214

VICTORY: 0.817

VICTORY: 0.301

VICTORY: 0.526

VICTORY: 0.095

VICTORY: 0.789

VICTORY: 0.098

VICTORY: 0.581

VICTORY: 0.628

VICTORY: 0.168

VICTORY: 0.441

VICTORY: 0.151

VICTORY: 0.178

VICTORY: 0.333

VICTORY: 0.88

VICTORY: 0.682

VICTORY: 0.828

VICTORY: 0.169

VICTORY: 0.014

VICTORY: 0.262

VICTORY: 0.443

VICTORY: 0.628

VICTORY: 0.842

Loss: -6.91716

VICTORY: 0.43

VICTORY: 0.992

VICTORY: 0.839

VICTORY: 0.601

VICTORY: 0.659

Loss: -2.173709

Loss: -2.776199

Loss: -9.620689

VICTORY: 0.413

VICTORY: 0.913

Loss: -6.464481

VICTORY: 0.6

Loss: -6.181347

VICTORY: 0.28

VICTORY: 0.193

VICTORY: 0.531

Loss: -2.795332

VICTORY: 0.228

Loss: -11.20408

VICTORY: 0.82

VICTORY: 0.556

VICTORY: 0.865

VICTORY: 0.008

VICTORY: 0.63

VICTORY: 0.728

Loss: -5.830918

VICTORY: 0.411

VICTORY: 0.069

VICTORY: 0.315

VICTORY: 0.243

VICTORY: 0.706

Loss: -6.91716

VICTORY: 0.854

VICTORY: 0.699

VICTORY: 0.24

VICTORY: 0.7

Loss: -13.82051

VICTORY: 0.676

Loss: -2.766784

VICTORY: 0.024

Loss: -4.571429

VICTORY: 0.195

Loss: -2.706485

Loss: -2.30039

VICTORY: 0.579

VICTORY: 0.225

Loss: -4.058104

VICTORY: 0.846

Loss: -9.064516

Loss: -2.321004

VICTORY: 0.712

VICTORY: 0.987

VICTORY: 0.857

VICTORY: 0.824

VICTORY: 0.93

VICTORY: 0.291

VICTORY: 0.268

VICTORY: 0.727

Loss: -3.331002

Loss: -9.547009

VICTORY: 0.967

VICTORY: 0.525

VICTORY: 0.586

VICTORY: 0.649

VICTORY: 0.563

VICTORY: 0.523

VICTORY: 0.017

Loss: -6.882353

Loss: -2.569859

VICTORY: 0.098

VICTORY: 0.531

VICTORY: 0.78

VICTORY: 0.643

VICTORY: 0.251

VICTORY: 0.086

Loss: -2.310616

VICTORY: 0.966

VICTORY: 0.546

VICTORY: 0.149

VICTORY: 0.902

VICTORY: 0.464

Loss: -4.144654

VICTORY: 0.159

VICTORY: 0.767

VICTORY: 0.286

Loss: -8.092198

VICTORY: 0.744

Loss: -8.352942

VICTORY: 0.667

VICTORY: 0.978

Loss: -5.366812

VICTORY: 0.432

Loss: -3.941176

VICTORY: 0.8

Loss: -15.92537

Loss: -2.092896

Loss: -2.007049

Loss: -2.090513

VICTORY: 0.51

VICTORY: 0.958

VICTORY: 0.074

VICTORY: 0.239

VICTORY: 0.506

VICTORY: 0.397

VICTORY: 0.609

VICTORY: 0.166

VICTORY: 0.965

VICTORY: 0.009

Loss: -4.861004

VICTORY: 0.04

VICTORY: 0.673

VICTORY: 0.906

VICTORY: 0.536

Loss: -10.17431

VICTORY: 0.857

VICTORY: 0.962

Loss: -3.183406

VICTORY: 0.762

VICTORY: 0.721

VICTORY: 0.443

VICTORY: 0.598

Loss: -3.141328

VICTORY: 0.531

VICTORY: 0.939

VICTORY: 0.365

Loss: -2.287001

Loss: -3.364066

VICTORY: 0.287

VICTORY: 0.259

Loss: -3.985075

VICTORY: 0.677

VICTORY: 0.857

VICTORY: 0.53

Loss: -3.079002

VICTORY: 0.131

VICTORY: 0.845

VICTORY: 0.307

VICTORY: 0.878

VICTORY: 0.696

VICTORY: 0.904

VICTORY: 0.82

Loss: -3.277904

VICTORY: 0.462

Loss: -5.385965

Loss: -2.24533

VICTORY: 0.514

VICTORY: 0.173

VICTORY: 0.62

Loss: -11.20408

VICTORY: 0.707

Loss: -21.83333

VICTORY: 0.154

VICTORY: 0.811

VICTORY: 0.657

VICTORY: 0.598

VICTORY: 0.651

VICTORY: 0.034

VICTORY: 0.043

Loss: -3.702703

VICTORY: 0.062

VICTORY: 0.189

VICTORY: 0.662

VICTORY: 0.209

VICTORY: 0.482

VICTORY: 0.866

VICTORY: 0.657

Loss: -4.846154

VICTORY: 0.378

Loss: -3.12766

VICTORY: 0.802

Loss: -2.35318

VICTORY: 0.383

VICTORY: 0.067

VICTORY: 0.718

VICTORY: 0.75

VICTORY: 0.354

VICTORY: 0.494

VICTORY: 0.729

VICTORY: 0.623

Loss: -2.6

VICTORY: 0.697

VICTORY: 0.199

Loss: -2.838235

Loss: -7.21118

VICTORY: 0.519

VICTORY: 0.379

Loss: -2.647446

Loss: -13.65823

VICTORY: 0.547

Loss: -2.908397

Loss: -2.239157

VICTORY: 0.58

VICTORY: 0.296

VICTORY: 0.99

Loss: -4.546099

Loss: -2.218027

VICTORY: 0.479

VICTORY: 0.736

VICTORY: 0.904

VICTORY: 0.596

VICTORY: 0.81

Loss: -2.709402

Loss: -4.861004

Loss: -9.333333

VICTORY: 0.275

VICTORY: 0.737

VICTORY: 0.519

VICTORY: 0.408

VICTORY: 0.491

Loss: -2.037344

Loss: -2.3947

VICTORY: 0.882

VICTORY: 0.559

VICTORY: 0.477

VICTORY: 0.114

VICTORY: 0.02

VICTORY: 0.615

VICTORY: 0.403

VICTORY: 0.613

VICTORY: 0.131

VICTORY: 0.975

Loss: -6.952381

VICTORY: 0.142

Loss: -3.415459

Loss: -5.739336

VICTORY: 0.256

VICTORY: 0.096

Loss: -8.29927

VICTORY: 0.964

VICTORY: 0.765

VICTORY: 0.142

VICTORY: 0.529

Loss: -7.17284

Loss: -2.703578

VICTORY: 0.485

VICTORY: 0.694

VICTORY: 0.149

Loss: -4.021148

VICTORY: 0.215

VICTORY: 0.117

Loss: -4.076923

Loss: -2.3947

VICTORY: 0.579

Loss: -4.115265

VICTORY: 0.696

VICTORY: 0.069

VICTORY: 0.99

VICTORY: 0.615

Loss: -8.042253

VICTORY: 0.762

VICTORY: 0.974

VICTORY: 0.592

VICTORY: 0.596

VICTORY: 0.885

VICTORY: 0.488

VICTORY: 0.217

VICTORY: 0.133

VICTORY: 0.762

Loss: -11

VICTORY: 0.298

VICTORY: 0.921

VICTORY: 0.209

VICTORY: 0.986

VICTORY: 0.159

VICTORY: 0.432

VICTORY: 0.541

VICTORY: 0.555

Loss: -2.283697

VICTORY: 0.305

VICTORY: 0.937

VICTORY: 0.02

Loss: -2.013171

Loss: -3.762431

VICTORY: 0.42

VICTORY: 0.71

Loss: -3.717391

VICTORY: 0.981

VICTORY: 0.029

VICTORY: 0.862

Loss: -2.148106

Loss: -4.333333

VICTORY: 0.814

VICTORY: 0.749

VICTORY: 0.694

VICTORY: 0.411

Loss: -2.303781

VICTORY: 0.242

VICTORY: 0.483

VICTORY: 0.806

VICTORY: 0.942

VICTORY: 0.39

VICTORY: 0.977

Loss: -3.967359

VICTORY: 0.712

Loss: -2.298701

VICTORY: 0.761

VICTORY: 0.373

VICTORY: 0.48

VICTORY: 0.987

Loss: -11.75269

VICTORY: 0.051

Loss: -2.060445

VICTORY: 0.112

VICTORY: 0.906

VICTORY: 0.524

VICTORY: 0.653

VICTORY: 0.207

VICTORY: 0.162

VICTORY: 0.702

VICTORY: 0.078

Loss: -13.98701

Loss: -16.15152

Loss: -3.898551

VICTORY: 0.594

VICTORY: 0.313

VICTORY: 0.939

VICTORY: 0.554

VICTORY: 0.138

Loss: -4.571429

VICTORY: 0.367

Loss: -2.282051

VICTORY: 0.381

VICTORY: 0.446

Loss: -4.267974

VICTORY: 0.672

VICTORY: 0.908

VICTORY: 0.532

VICTORY: 0.929

VICTORY: 0.809

VICTORY: 0.758

VICTORY: 0.804

VICTORY: 0.727

Loss: -4.144654

VICTORY: 0.725

VICTORY: 0.117

VICTORY: 0.695

VICTORY: 0.761

VICTORY: 0.219

Loss: -5.950495

VICTORY: 0.138

VICTORY: 0.99

VICTORY: 0.215

VICTORY: 0.566

VICTORY: 0.727

Loss: -8.246377

VICTORY: 0.189

VICTORY: 0.033

Loss: -12.11111

VICTORY: 0.484

VICTORY: 0.671

Loss: -3.415459

Loss: -3.232143

VICTORY: 0.234

VICTORY: 0.104

VICTORY: 0.628

VICTORY: 0.982

Loss: -4.125

VICTORY: 0.408

VICTORY: 0.591

VICTORY: 0.514

VICTORY: 0.306

VICTORY: 0.834

VICTORY: 0.361

VICTORY: 0.993

Loss: -12.49425

Loss: -10.17431

Loss: -3.183406

VICTORY: 0.202

Loss: -2.22549

VICTORY: 0.049

VICTORY: 0.47

VICTORY: 0.317

VICTORY: 0.241

VICTORY: 0.842

VICTORY: 0.58

Loss: -2.183432

Loss: -3.004008

VICTORY: 0.517

VICTORY: 0.287

VICTORY: 0.644

VICTORY: 0.033

VICTORY: 0.722

VICTORY: 0.36

VICTORY: 0.583

Loss: -3.702703

Loss: -2.937984

VICTORY: 0.575

VICTORY: 0.07

Loss: -2.506024

VICTORY: 0.559

VICTORY: 0.553

VICTORY: 0.231

VICTORY: 0.988

Loss: -5.587156

VICTORY: 0.689

VICTORY: 0.897

Loss: -5.950495

VICTORY: 0.776

VICTORY: 0.015

Loss: -3.762431

Loss: -2.06383

VICTORY: 0.423

VICTORY: 0.032

VICTORY: 0.298

VICTORY: 0.98

VICTORY: 0.807

Loss: -3.747253

Loss: -6.91716

VICTORY: 0.879

Loss: -2.05042

VICTORY: 0.544

VICTORY: 0.136

VICTORY: 0.398

VICTORY: 0.173

Loss: -4.08642

Loss: -5.048583

VICTORY: 0.33

VICTORY: 0.055

VICTORY: 0.741

VICTORY: 0.054

VICTORY: 0.843

Loss: -4.787879

Loss: -6.494505

VICTORY: 0.902

VICTORY: 0.613

VICTORY: 0.278

VICTORY: 0.881

Loss: -10.43396

VICTORY: 0.994

VICTORY: 0.553

VICTORY: 0.704

VICTORY: 0.813

VICTORY: 0.884

VICTORY: 0.961

VICTORY: 0.793

VICTORY: 0.21

VICTORY: 0.979

Loss: -2.242236

VICTORY: 0.589

VICTORY: 0.249

VICTORY: 0.578

VICTORY: 0.343

VICTORY: 0.086

VICTORY: 0.524

VICTORY: 0.705

VICTORY: 0.969

VICTORY: 0.103

VICTORY: 0.534

VICTORY: 0.54

VICTORY: 0.426

VICTORY: 0.991

Loss: -5.901961

VICTORY: 0.58

VICTORY: 0.719

VICTORY: 0.812

VICTORY: 0.767

VICTORY: 0.217

VICTORY: 0.818

VICTORY: 0.978

VICTORY: 0.92

VICTORY: 0.414

VICTORY: 0.357

VICTORY: 0.968

VICTORY: 0.512

VICTORY: 0.595

VICTORY: 0.965

VICTORY: 0.668

VICTORY: 0.863

VICTORY: 0.632

Loss: -2.798561

VICTORY: 0.08

VICTORY: 0.9

VICTORY: 0.44

VICTORY: 0.802

VICTORY: 0.11

Loss: -22.2766

VICTORY: 0.53

Loss: -2.455604

VICTORY: 0.973

VICTORY: 0.781

Loss: -5.310345

VICTORY: 0.27

VICTORY: 0.65

VICTORY: 0.115

VICTORY: 0.867

VICTORY: 0.147

VICTORY: 0.225

Loss: -2.184834

VICTORY: 0.407

VICTORY: 0.432

VICTORY: 0.54

VICTORY: 0.529

VICTORY: 0.553

VICTORY: 0.942

VICTORY: 0.681

Loss: -6.714286

VICTORY: 0.197

VICTORY: 0.438

VICTORY: 0.425

Loss: -2.28866

VICTORY: 0.043

Loss: -6.405406

VICTORY: 0.703

VICTORY: 0.648

Loss: -4.278688

VICTORY: 0.787

VICTORY: 0.865

VICTORY: 0.472

VICTORY: 0.84

Loss: -4.546099

VICTORY: 0.012

VICTORY: 0.845

VICTORY: 0.728

VICTORY: 0.842

VICTORY: 0.983

VICTORY: 0.176

VICTORY: 0.015

VICTORY: 0.47

VICTORY: 0.253

VICTORY: 0.88

VICTORY: 0.507

VICTORY: 0.852

VICTORY: 0.973

VICTORY: 0.053

Loss: -7.289308

VICTORY: 0.902

VICTORY: 0.046

VICTORY: 0.213

Loss: -2.094092

VICTORY: 0.957

VICTORY: 0.849

VICTORY: 0.982

VICTORY: 0.713

Loss: -4.921568

VICTORY: 0.817

VICTORY: 0.85

VICTORY: 0.397

Loss: -2.123595

Loss: -3.898551

VICTORY: 0.935

VICTORY: 0.094

VICTORY: 0.757

VICTORY: 0.533

Loss: -4.521127

VICTORY: 0.039

VICTORY: 0.145

VICTORY: 0.813

Loss: -7.756757

VICTORY: 0.29

VICTORY: 0.265

Loss: -3.053388

VICTORY: 0.792

VICTORY: 0.066

VICTORY: 0.56

VICTORY: 0.232

VICTORY: 0.721

VICTORY: 0.872

Loss: -9.474576

VICTORY: 0.102

Loss: -2.996008

Loss: -2.709402

Loss: -6.586592

VICTORY: 0.032

VICTORY: 0.871

VICTORY: 0.071

VICTORY: 0.407

VICTORY: 0.626

VICTORY: 0.042

VICTORY: 0.196

VICTORY: 0.009

VICTORY: 0.985

Loss: -4.289474

VICTORY: 0.793

VICTORY: 0.057

Loss: -2.371742

Loss: -6.617978

VICTORY: 0.967

VICTORY: 0.574

Loss: -2.324503

VICTORY: 0.916

VICTORY: 0.513

VICTORY: 0.751

VICTORY: 0.678

Loss: -2.461988

Loss: -2.919386

VICTORY: 0.57

VICTORY: 0.267

Loss: -2.023541

VICTORY: 0.386

VICTORY: 0.243

VICTORY: 0.613

Loss: -5.081633

Loss: -2.371742

Loss: -12.36364

VICTORY: 0.091

VICTORY: 0.797

VICTORY: 0.33

VICTORY: 0.247

Loss: -2.104972

VICTORY: 0.086

VICTORY: 0.728

Loss: -2.031992

VICTORY: 0.783

VICTORY: 0.961

Loss: -7.666667

VICTORY: 0.37

Loss: -6.747127

VICTORY: 0.278

VICTORY: 0.889

Loss: -5.291845

VICTORY: 0.425

VICTORY: 0.383

VICTORY: 0.07

VICTORY: 0.323

VICTORY: 0.802

VICTORY: 0.868

VICTORY: 0.9

Loss: -2.075269

VICTORY: 0.96

VICTORY: 0.718

Loss: -3.364066

VICTORY: 0.287

VICTORY: 0.968

VICTORY: 0.748

VICTORY: 0.25

VICTORY: 0.864

VICTORY: 0.958

VICTORY: 0.915

VICTORY: 0.981

VICTORY: 0.229

VICTORY: 0.18

Loss: -7.944445

Loss: -3.087683

Loss: -2.677852

VICTORY: 0.507

VICTORY: 0.71

Loss: -4.378378

VICTORY: 0.221

Loss: -6.714286

VICTORY: 0.82

VICTORY: 0.793

Loss: -15.28571

VICTORY: 0.238

VICTORY: 0.244

VICTORY: 0.903

VICTORY: 0.112

VICTORY: 0.427

VICTORY: 0.626

VICTORY: 0.984

VICTORY: 0.252

Loss: -2.677852

Loss: -2.37931

Loss: -2.428571

VICTORY: 0.641

VICTORY: 0.198

VICTORY: 0.861

VICTORY: 0.182

VICTORY: 0.982

Loss: -3.793296

Loss: -4.134796

VICTORY: 0.011

VICTORY: 0.472

VICTORY: 0.022

VICTORY: 0.862

VICTORY: 0.456

Loss: -3.610966

Loss: -4.267974

Loss: -3.55102

VICTORY: 0.932

VICTORY: 0.659

VICTORY: 0.192

VICTORY: 0.831

Loss: -4.067485

Loss: -5.184101

VICTORY: 0.416

VICTORY: 0.12

Loss: -2.219512

VICTORY: 0.722

Loss: -2.459854

VICTORY: 0.521

VICTORY: 0.589

VICTORY: 0.232

Loss: -3.5

VICTORY: 0.586

VICTORY: 0.167

Loss: -11.41667

VICTORY: 0.506

VICTORY: 0.775

Loss: -13.19512

VICTORY: 0.824

Loss: -2.367989

VICTORY: 0.587

VICTORY: 0.499

Loss: -2.569859

VICTORY: 0.303

VICTORY: 0.913

VICTORY: 0.999

VICTORY: 0.482

Loss: -7.756757

Loss: -11.52632

VICTORY: 0.487

VICTORY: 0.189

Loss: -7.329114

Loss: -2.683502

VICTORY: 0.073

VICTORY: 0.652

VICTORY: 0.684

VICTORY: 0.338

VICTORY: 0.769

VICTORY: 0.987

VICTORY: 0.411

Loss: -7.451613

VICTORY: 0.069

VICTORY: 0.468

VICTORY: 0.391

Loss: -8.8125

VICTORY: 0.233

VICTORY: 0.93

VICTORY: 0.645

VICTORY: 0.957

VICTORY: 0.244

Loss: -6.780347

Loss: -4.816794

VICTORY: 0.256

Loss: -3.702703

VICTORY: 0.95

VICTORY: 0.593

VICTORY: 0.165

VICTORY: 0.515

Loss: -10.34579

VICTORY: 0.298

Loss: -2.893939

VICTORY: 0.651

VICTORY: 0.072

VICTORY: 0.411

Loss: -15.70588

VICTORY: 0.096

VICTORY: 0.848

Loss: -2.35318

VICTORY: 0.357

VICTORY: 0.781

Loss: -2.162791

Loss: -2.40647

VICTORY: 0.913

VICTORY: 0.177

VICTORY: 0.573

VICTORY: 0.402

VICTORY: 0.415

Loss: -10.52381

VICTORY: 0.522

VICTORY: 0.612

VICTORY: 0.241

VICTORY: 0.639

Loss: -4.021148

VICTORY: 0.796

VICTORY: 0.308

VICTORY: 0.436

VICTORY: 0.756

VICTORY: 0.822

Loss: -9.064516

VICTORY: 0.917

VICTORY: 0.713

VICTORY: 0.524

VICTORY: 0.63

VICTORY: 0.588

Loss: -12.36364

VICTORY: 0.185

VICTORY: 0.482

Loss: -4.584229

VICTORY: 0.583

VICTORY: 0.551

VICTORY: 0.571

VICTORY: 0.245

Loss: -2.492537

VICTORY: 0.691

Loss: -2.114827

VICTORY: 0.022

Loss: -3.976191

VICTORY: 0.483

VICTORY: 0.499

VICTORY: 0.626

VICTORY: 0.217

Loss: -5.444445

Loss: -2.510574

VICTORY: 0.429

VICTORY: 0.189

VICTORY: 0.161

VICTORY: 0.967

Loss: -7.993007

VICTORY: 0.663

VICTORY: 0.148

Loss: -4.846154

VICTORY: 0.799

VICTORY: 0.348

VICTORY: 0.505

Loss: -2.259446

Loss: -3.421308

VICTORY: 0.213

VICTORY: 0.175

VICTORY: 0.304

VICTORY: 0.624

VICTORY: 0.792

Loss: -8.874016

VICTORY: 0.28

Loss: -5.065041

Loss: -2.023541

Loss: -3.631579

VICTORY: 0.668

VICTORY: 0.065

VICTORY: 0.22

VICTORY: 0.004

VICTORY: 0.205

VICTORY: 0.452

VICTORY: 0.03

VICTORY: 0.716

VICTORY: 0.5

Loss: -6.617978

VICTORY: 0.189

Loss: -4.401361

Loss: -2.364256

VICTORY: 0.919

VICTORY: 0.976

VICTORY: 0.458

Loss: -2.904762

VICTORY: 0.722

VICTORY: 0.881

VICTORY: 0.552

VICTORY: 0.821

VICTORY: 0.897

VICTORY: 0.377

VICTORY: 0.696

VICTORY: 0.594

VICTORY: 0.459

Loss: -5.830918

VICTORY: 0.047

VICTORY: 0.73

VICTORY: 0.471

VICTORY: 0.671

Loss: -3.298851

VICTORY: 0.392

Loss: -7.535948

VICTORY: 0.447

VICTORY: 0.139

VICTORY: 0.697

VICTORY: 0.838

VICTORY: 0.774

VICTORY: 0.077

Loss: -2.133787

VICTORY: 0.99

VICTORY: 0.576

VICTORY: 0.074

VICTORY: 0.187

Loss: -2.610306

VICTORY: 0.326

VICTORY: 0.153

VICTORY: 0.725

VICTORY: 0.088

Loss: -4.236246

VICTORY: 0.956

VICTORY: 0.831

VICTORY: 0.124

Loss: -7.097561

VICTORY: 0.99

VICTORY: 0.504

VICTORY: 0.946

VICTORY: 0.945

VICTORY: 0.834

VICTORY: 0.561

VICTORY: 0.133

VICTORY: 0.92

Loss: -6.464481

VICTORY: 0.833

VICTORY: 0.705

VICTORY: 0.129

VICTORY: 0.297

VICTORY: 0.539

VICTORY: 0.672

Loss: -4.311258

VICTORY: 0.931

VICTORY: 0.399

VICTORY: 0.678

VICTORY: 0.733

VICTORY: 0.794

VICTORY: 0.611

VICTORY: 0.782

VICTORY: 0.473

VICTORY: 0.814

VICTORY: 0.944

VICTORY: 0.727

Loss: -4.533569

VICTORY: 0.954

VICTORY: 0.123

VICTORY: 0.919

Loss: -2.438849

VICTORY: 0.816

VICTORY: 0.364

VICTORY: 0.834

VICTORY: 0.889

VICTORY: 0.332

VICTORY: 0.446

VICTORY: 0.101

VICTORY: 0.722

VICTORY: 0.224

VICTORY: 0.42

VICTORY: 0.146

VICTORY: 0.465

VICTORY: 0.987

Loss: -5.048583

VICTORY: 0.019

VICTORY: 0.204

Loss: -2.157408

VICTORY: 0.872

VICTORY: 0.994

VICTORY: 0.501

VICTORY: 0.788

VICTORY: 0.086

VICTORY: 0.562

VICTORY: 0.383

VICTORY: 0.765

Loss: -4.584229

VICTORY: 0.895

VICTORY: 0.315

Loss: -6.494505

VICTORY: 0.123

VICTORY: 0.364

VICTORY: 0.85

VICTORY: 0.943

Loss: -8.142858

VICTORY: 0.84

VICTORY: 0.793

Loss: -4.236246

VICTORY: 0.883

VICTORY: 0.666

Loss: -3.487562

VICTORY: 0.078

VICTORY: 0.169

VICTORY: 0.983

VICTORY: 0.928

VICTORY: 0.687

Loss: -8.633588

VICTORY: 0.792

Loss: -2.152074

VICTORY: 0.225

VICTORY: 0.345

VICTORY: 0.037

VICTORY: 0.806

VICTORY: 0.13

Loss: -2.01626

VICTORY: 0.244

VICTORY: 0.545

VICTORY: 0.965

VICTORY: 0.979

Loss: -6.780347

VICTORY: 0.87

VICTORY: 0.316

VICTORY: 0.596

VICTORY: 0.693

VICTORY: 0.723

VICTORY: 0.276

VICTORY: 0.468

VICTORY: 0.273

Loss: -3.232143

VICTORY: 0.986

VICTORY: 0.359

Loss: -4.676471

Loss: -6.649717

VICTORY: 0.248

Loss: -3.564103

VICTORY: 0.046

VICTORY: 0.676

Loss: -4.952569

VICTORY: 0.204

Loss: -14.88889

VICTORY: 0.443

Loss: -4.717472

VICTORY: 0.778

VICTORY: 0.277

VICTORY: 0.88

VICTORY: 0.772

VICTORY: 0.167

VICTORY: 0.878

Loss: -5.273504

VICTORY: 0.294

Loss: -2.052632

Loss: -2.996008

VICTORY: 0.76

VICTORY: 0.432

VICTORY: 0.708

VICTORY: 0.415

Loss: -2.862197

VICTORY: 0.759

Loss: -6

VICTORY: 0.803

VICTORY: 0.928

VICTORY: 0.261

VICTORY: 0.45

VICTORY: 0.58

VICTORY: 0.207

VICTORY: 0.965

VICTORY: 0.986

VICTORY: 0.352

VICTORY: 0.437

VICTORY: 0.933

Loss: -4.322259

VICTORY: 0.315

VICTORY: 0.749

VICTORY: 0.528

Loss: -4.773585

VICTORY: 0.073

VICTORY: 0.062

Loss: -21.83333

VICTORY: 0.006

Loss: -8.246377

VICTORY: 0.338

VICTORY: 0.027

VICTORY: 0.936

VICTORY: 0.637

Loss: -5.081633

VICTORY: 0.949

VICTORY: 0.825

VICTORY: 0.127

VICTORY: 0.01

Loss: -3.57732

VICTORY: 0.845

Loss: -6.780347

VICTORY: 0.546

VICTORY: 0.957

VICTORY: 0.033

Loss: -2.317523

VICTORY: 0.089

VICTORY: 0.595

VICTORY: 0.921

Loss: -5.032258

Loss: -4.115265

VICTORY: 0.937

VICTORY: 0.721

VICTORY: 0.138

Loss: -2.277139

VICTORY: 0.127

VICTORY: 0.351

VICTORY: 0.334

VICTORY: 0.6

VICTORY: 0.316

VICTORY: 0.12

VICTORY: 0.061

Loss: -7.802721

Loss: -7.71141

VICTORY: 0.235

VICTORY: 0.268

VICTORY: 0.841

Loss: -4.344481

VICTORY: 0.776

Loss: -4.378378

Loss: -4.984064

VICTORY: 0.743

VICTORY: 0.477

Loss: -5.464286

VICTORY: 0.981

VICTORY: 0.81

VICTORY: 0.224

Loss: -5.166667

VICTORY: 0.642

VICTORY: 0.18

Loss: -7.756757

VICTORY: 0.988

Loss: -3.770083

Loss: -3.941176

VICTORY: 0.624

VICTORY: 0.102

VICTORY: 0.41

VICTORY: 0.252

Loss: -4.717472

VICTORY: 0.198

Loss: -12.36364

VICTORY: 0.765

VICTORY: 0.92

VICTORY: 0.599

VICTORY: 0.314

Loss: -10.34579

VICTORY: 0.542

VICTORY: 0.859

VICTORY: 0.081

VICTORY: 0.482

VICTORY: 0.431

VICTORY: 0.726

VICTORY: 0.969

VICTORY: 0.526

VICTORY: 0.471

Loss: -2.416431

VICTORY: 0.094

VICTORY: 0.602

VICTORY: 0.002

VICTORY: 0.271

VICTORY: 0.16

VICTORY: 0.884

VICTORY: 0.429

VICTORY: 0.992

VICTORY: 0.464

VICTORY: 0.375

VICTORY: 0.356

VICTORY: 0.377

VICTORY: 0.14

VICTORY: 0.454

VICTORY: 0.784

VICTORY: 0.302

VICTORY: 0.738

VICTORY: 0.156

VICTORY: 0.862

VICTORY: 0.609

VICTORY: 0.092

VICTORY: 0.313

VICTORY: 0.149

Loss: -5.716981

VICTORY: 0.749

VICTORY: 0.719

VICTORY: 0.362

VICTORY: 0.964

VICTORY: 0.954

Loss: -3.145923

VICTORY: 0.723

VICTORY: 0.412

VICTORY: 0.14

VICTORY: 0.309

VICTORY: 0.826

VICTORY: 0.113

VICTORY: 0.248

VICTORY: 0.355

VICTORY: 0.433

VICTORY: 0.427

VICTORY: 0.207

VICTORY: 0.178

VICTORY: 0.45

VICTORY: 0.285

VICTORY: 0.188

VICTORY: 0.34

VICTORY: 0.094

VICTORY: 0.188

VICTORY: 0.804

Loss: -2.848429

VICTORY: 0.803

Loss: -3.493766

VICTORY: 0.793

VICTORY: 0.483

Loss: -9.333333

VICTORY: 0.211

VICTORY: 0.01

VICTORY: 0.93

VICTORY: 0.897

VICTORY: 0.796

Loss: -7.71141

VICTORY: 0.378

Loss: -15.92537

VICTORY: 0.321

VICTORY: 0.192

VICTORY: 0.559

Loss: -7.993007

VICTORY: 0.992

Loss: -3.717391

VICTORY: 0.759

Loss: -3.710027

VICTORY: 0.077

Loss: -3.898551

VICTORY: 0.382

VICTORY: 0.045

VICTORY: 0.912

Loss: -7.944445

VICTORY: 0.698

Loss: -8.092198

Loss: -5.545455

VICTORY: 0.332

VICTORY: 0.477

VICTORY: 0.276

Loss: -9.403361

VICTORY: 0.657

VICTORY: 0.246

VICTORY: 0.203

VICTORY: 0.92

VICTORY: 0.543

VICTORY: 0.968

Loss: -3.298851

VICTORY: 0.31

VICTORY: 0.448

VICTORY: 0.294

VICTORY: 0.955

Loss: -3.336449

VICTORY: 0.878

Loss: -5.166667

VICTORY: 0.256

VICTORY: 0.171

VICTORY: 0.803

VICTORY: 0.58

VICTORY: 0.935

VICTORY: 0.92

Loss: -2.060445

Loss: -4.571429

Loss: -2.375516

VICTORY: 0.399

Loss: -8.142858

Loss: -2.043841

VICTORY: 0.448

VICTORY: 0.384

VICTORY: 0.977

Loss: -2.782531

VICTORY: 0.854

VICTORY: 0.542

VICTORY: 0.724

VICTORY: 0.453

VICTORY: 0.502

VICTORY: 0.165

VICTORY: 0.497

VICTORY: 0.402

VICTORY: 0.996

VICTORY: 0.919

VICTORY: 0.68

VICTORY: 0.112

VICTORY: 0.713

VICTORY: 0.53

VICTORY: 0.78

VICTORY: 0.854

VICTORY: 0.346

VICTORY: 0.432

Loss: -2.736111

Loss: -5.504505

VICTORY: 0.471

Loss: -2.515152

VICTORY: 0.768

VICTORY: 0.883

VICTORY: 0.349

VICTORY: 0.049

VICTORY: 0.075

VICTORY: 0.979

VICTORY: 0.643

VICTORY: 0.155

VICTORY: 0.818

Loss: -3.762431

VICTORY: 0.319

VICTORY: 0.525

VICTORY: 0.027

VICTORY: 0.017

VICTORY: 0.366

Loss: -2.351351

VICTORY: 0.444

VICTORY: 0.1

VICTORY: 0.974

VICTORY: 0.547

VICTORY: 0.214

Loss: -2.333333

Loss: -2.333333

Loss: -2.114827

VICTORY: 0.064

VICTORY: 0.801

VICTORY: 0.441

Loss: -12.23596

VICTORY: 0.486

VICTORY: 0.387

VICTORY: 0.486

VICTORY: 0.877

VICTORY: 0.849

Loss: -15.92537

VICTORY: 0.33

Loss: -2.706485

VICTORY: 0.711

Loss: -2.362398

VICTORY: 0.973

VICTORY: 0.217

VICTORY: 0.123

VICTORY: 0.208

VICTORY: 0.154

VICTORY: 0.674

VICTORY: 0.45

Loss: -3.34192

VICTORY: 0.948

VICTORY: 0.87

VICTORY: 0.347

VICTORY: 0.212

Loss: -2.897533

Loss: -2.204819

VICTORY: 0.962

Loss: -3.159827

Loss: -8.633588

Loss: -4.508772

VICTORY: 0.948

VICTORY: 0.523

VICTORY: 0.734

VICTORY: 0.346

VICTORY: 0.55

VICTORY: 0.441

VICTORY: 0.958

VICTORY: 0.803

VICTORY: 0.573

VICTORY: 0.897

VICTORY: 0.542

VICTORY: 0.332

Loss: -11.30928

VICTORY: 0.157

VICTORY: 0.992

VICTORY: 0.264

VICTORY: 0.95

Loss: -7.097561

VICTORY: 0.828

Loss: -9.196721

VICTORY: 0.153

VICTORY: 0.876

VICTORY: 0.696

Loss: -2.025641

Loss: -2.574803

Loss: -4.355705

Loss: -7.578948

VICTORY: 0.399

Loss: -2.834862

VICTORY: 0.755

Loss: -15.70588

Loss: -2.760563

VICTORY: 0.781

VICTORY: 0.537

Loss: -7.25

Loss: -2.10011

Loss: -11.75269

Loss: -4.236246

Loss: -3.590674

VICTORY: 0.033

VICTORY: 0.894

VICTORY: 0.789

VICTORY: 0.898

VICTORY: 0.233

Loss: -3.114165

VICTORY: 0.671

Loss: -3.597403

VICTORY: 0.651

Loss: -3.777778

Loss: -9.928572

VICTORY: 0.193

VICTORY: 0.772

VICTORY: 0.849

VICTORY: 0.816

Loss: -2.152074

VICTORY: 0.953

VICTORY: 0.268

VICTORY: 0.573

VICTORY: 0.93

VICTORY: 0.235

VICTORY: 0.695

VICTORY: 0.993

VICTORY: 0.949

VICTORY: 0.187

VICTORY: 0.62

Loss: -2.40056

VICTORY: 0.555

VICTORY: 0.437

VICTORY: 0.021

VICTORY: 0.494

Loss: -5.950495

Loss: -2.402524

Loss: -5.854369

VICTORY: 0.248

VICTORY: 0.397

VICTORY: 0.391

Loss: -2.156069

VICTORY: 0.579

VICTORY: 0.741

VICTORY: 0.96

Loss: -2.663893

VICTORY: 0.287

VICTORY: 0.302

Loss: -11.86957

VICTORY: 0.366

Loss: -5.950495

VICTORY: 0.261

Loss: -8.092198

VICTORY: 0.983

VICTORY: 0.686

VICTORY: 0.173

VICTORY: 0.037

VICTORY: 0.717

VICTORY: 0.629

VICTORY: 0.962

VICTORY: 0.579

VICTORY: 0.023

VICTORY: 0.018

VICTORY: 0.476

Loss: -12.90476

VICTORY: 0.684

Loss: -2.766784

VICTORY: 0.762

VICTORY: 0.326

VICTORY: 0.095

VICTORY: 0.862

VICTORY: 0.583

VICTORY: 0.735

VICTORY: 0.699

VICTORY: 0.12

VICTORY: 0.939

Loss: -8.407408

Loss: -11.41667

VICTORY: 0.246

VICTORY: 0.294

VICTORY: 0.975

GRPC Exception: Status(StatusCode=Unknown, Detail="Stream removed"). Disconnecting from trainer.

Unable to save timers to file C:/Users/potpa/OneDrive/Documents/GitHub/Unity-AI/completed_build/Spacy_Data\ML-Agents\Timers\spacy_timers.json

Setting up 4 worker threads for Enlighten.
  Thread -> id: 88c -> priority: 1 
  Thread -> id: 304c -> priority: 1 
  Thread -> id: 1d84 -> priority: 1 
  Thread -> id: 11d8 -> priority: 1 
