Mono path[0] = 'C:/Users/potpa/OneDrive/Documents/GitHub/Unity-AI/completed_build/Spacy_Data/Managed'
Mono config path = 'C:/Users/potpa/OneDrive/Documents/GitHub/Unity-AI/completed_build/MonoBleedingEdge/etc'
Initialize engine version: 2020.3.9f1 (108be757e447)
[Subsystems] Discovering subsystems at path C:/Users/potpa/OneDrive/Documents/GitHub/Unity-AI/completed_build/Spacy_Data/UnitySubsystems
Forcing GfxDevice: Null
GfxDevice: creating device client; threaded=0
NullGfxDevice:
    Version:  NULL 1.0 [1.0]
    Renderer: Null Device
    Vendor:   Unity Technologies
Begin MonoManager ReloadAssembly
- Completed reload, in  3.372 seconds
ERROR: Shader Sprites/Default shader is not supported on this GPU (none of subshaders/fallbacks are suitable)
Microsoft Media Foundation video decoding to texture disabled: graphics device is Null, only Direct3D 11 and Direct3D 12 (only on desktop) are supported.
ERROR: Shader Sprites/Mask shader is not supported on this GPU (none of subshaders/fallbacks are suitable)
ERROR: Shader Legacy Shaders/Particles/Additive shader is not supported on this GPU (none of subshaders/fallbacks are suitable)
ERROR: Shader Legacy Shaders/Particles/Alpha Blended Premultiply shader is not supported on this GPU (none of subshaders/fallbacks are suitable)
ERROR: Shader Legacy Shaders/Particles/Alpha Blended shader is not supported on this GPU (none of subshaders/fallbacks are suitable)
UnloadTime: 1.123200 ms
Fallback handler could not load library C:/Users/potpa/OneDrive/Documents/GitHub/Unity-AI/completed_build/Spacy_Data/Mono/libcoreclr.so
Fallback handler could not load library C:/Users/potpa/OneDrive/Documents/GitHub/Unity-AI/completed_build/Spacy_Data/Mono/libcoreclr.so.dll
Fallback handler could not load library C:/Users/potpa/OneDrive/Documents/GitHub/Unity-AI/completed_build/Spacy_Data/Mono/libcoreclr.so
Fallback handler could not load library C:/Users/potpa/OneDrive/Documents/GitHub/Unity-AI/completed_build/Spacy_Data/Mono/libdl.so
Fallback handler could not load library C:/Users/potpa/OneDrive/Documents/GitHub/Unity-AI/completed_build/Spacy_Data/Mono/libdl.so.dll
Fallback handler could not load library C:/Users/potpa/OneDrive/Documents/GitHub/Unity-AI/completed_build/Spacy_Data/Mono/libdl.so
Fallback handler could not load library C:/Users/potpa/OneDrive/Documents/GitHub/Unity-AI/completed_build/Spacy_Data/Mono/libSystem.dylib
Fallback handler could not load library C:/Users/potpa/OneDrive/Documents/GitHub/Unity-AI/completed_build/Spacy_Data/Mono/libSystem.dylib.dll
Fallback handler could not load library C:/Users/potpa/OneDrive/Documents/GitHub/Unity-AI/completed_build/Spacy_Data/Mono/libSystem.dylib
Fallback handler could not load library C:/Users/potpa/OneDrive/Documents/GitHub/Unity-AI/completed_build/Spacy_Data/Mono/libcoreclr.so
Fallback handler could not load library C:/Users/potpa/OneDrive/Documents/GitHub/Unity-AI/completed_build/Spacy_Data/Mono/libcoreclr.so.dll
Fallback handler could not load library C:/Users/potpa/OneDrive/Documents/GitHub/Unity-AI/completed_build/Spacy_Data/Mono/libcoreclr.so
Fallback handler could not load library C:/Users/potpa/OneDrive/Documents/GitHub/Unity-AI/completed_build/Spacy_Data/Mono/libdl.so
Fallback handler could not load library C:/Users/potpa/OneDrive/Documents/GitHub/Unity-AI/completed_build/Spacy_Data/Mono/libdl.so.dll
Fallback handler could not load library C:/Users/potpa/OneDrive/Documents/GitHub/Unity-AI/completed_build/Spacy_Data/Mono/libdl.so
Fallback handler could not load library C:/Users/potpa/OneDrive/Documents/GitHub/Unity-AI/completed_build/Spacy_Data/Mono/libSystem.dylib
Fallback handler could not load library C:/Users/potpa/OneDrive/Documents/GitHub/Unity-AI/completed_build/Spacy_Data/Mono/libSystem.dylib.dll
Fallback handler could not load library C:/Users/potpa/OneDrive/Documents/GitHub/Unity-AI/completed_build/Spacy_Data/Mono/libSystem.dylib
failed to get 100ns ticks
Started

Started

Started

Started

Started

Started

Started

Started

Started

Started

Started

Started

Started

Started

Started

Started

VICTORY: 0.868

Loss: -6.076142

VICTORY: 0.796

VICTORY: 0.978

Loss: -4.205128

Loss: -3.590674

Loss: -3.392344

Loss: -3.096436

VICTORY: 0.477

VICTORY: 0.366

Loss: -3.762431

Loss: -2.834862

Loss: -6.154639

Loss: -4.246753

Loss: -2.257862

VICTORY: 0.672

Loss: -2.517451

Loss: -2.37931

Loss: -3.48139

VICTORY: 0.544

VICTORY: 0.812

Loss: -2.096491

Loss: -6.494505

Loss: -4.267974

Loss: -7.756757

Loss: -3.109705

VICTORY: 0.691

Loss: -3.949852

VICTORY: 0.83

VICTORY: 0.046

VICTORY: 0.232

Loss: -2.066098

Loss: -6.235602

Loss: -7.369427

VICTORY: 0.324

Loss: -5.524887

VICTORY: 0.237

VICTORY: 0.047

VICTORY: 0.939

Loss: -2.131222

Loss: -13.19512

Loss: -7.896552

Loss: -3.816901

Loss: -3

VICTORY: 0.46

VICTORY: 0.066

VICTORY: 0.483

VICTORY: 0.635

VICTORY: 0.745

VICTORY: 0.871

Loss: -3.73224

VICTORY: 0.775

VICTORY: 0.802

VICTORY: 0.423

Loss: -2.129944

Loss: -2.385041

VICTORY: 0.284

Loss: -5.56621

Loss: -2.414427

VICTORY: 0.788

Loss: -4.846154

VICTORY: 0.8

VICTORY: 0.257

VICTORY: 0.486

VICTORY: 0.594

Loss: -7.666667

Loss: -4.164557

Loss: -2.390821

Loss: -3.645503

VICTORY: 0.299

VICTORY: 0.724

Loss: -3.538071

VICTORY: 0.87

Loss: -3.04499

VICTORY: 0.646

VICTORY: 0.741

VICTORY: 0.159

Loss: -3.369668

VICTORY: 0.544

Loss: -3.380952

VICTORY: 0.759

VICTORY: 0.751

VICTORY: 0.978

VICTORY: 0.724

Loss: -2.396648

VICTORY: 0.688

VICTORY: 0.56

Loss: -2.206273

Loss: -4.412969

VICTORY: 0.849

VICTORY: 0.564

Loss: -3.207505

Loss: -2.592357

VICTORY: 0.574

Loss: -4.533569

Loss: -4.311258

Loss: -3.597403

Loss: -9.849558

VICTORY: 0.803

VICTORY: 0.255

VICTORY: 0.617

VICTORY: 0.018

Loss: -12.36364

VICTORY: 0.89

Loss: -4.095975

Loss: -6.882353

Loss: -2.818182

VICTORY: 0.269

VICTORY: 0.319

VICTORY: 0.42

Loss: -6.813953

VICTORY: 0.941

VICTORY: 0.671

Loss: -3.932551

Loss: -2.457726

Loss: -4.134796

VICTORY: 0.631

VICTORY: 0.566

Loss: -2.890359

Loss: -11.6383

VICTORY: 0.837

VICTORY: 0.75

Loss: -2.344086

VICTORY: 0.898

VICTORY: 0.668

Loss: -2.09529

VICTORY: 0.19

VICTORY: 0.316

VICTORY: 0.415

Loss: -3.207505

VICTORY: 0.911

Loss: -5.132231

Loss: -7.666667

VICTORY: 0.059

VICTORY: 0.077

Loss: -2.529052

VICTORY: 0.429

Loss: -2.612903

VICTORY: 0.736

VICTORY: 0.73

VICTORY: 0.901

VICTORY: 0.615

VICTORY: 0.862

Loss: -2.48368

VICTORY: 0.188

Loss: -4.184713

VICTORY: 0.949

VICTORY: 0.86

VICTORY: 0.662

Loss: -3.48139

Loss: -2.508296

VICTORY: 0.652

Loss: -4.597122

Loss: -8.874016

VICTORY: 0.949

Loss: -2.602564

VICTORY: 0.831

VICTORY: 0.446

VICTORY: 0.104

Loss: -8.8125

VICTORY: 0.91

VICTORY: 0.492

Loss: -6.319149

VICTORY: 0.931

VICTORY: 0.112

VICTORY: 0.333

VICTORY: 0.546

VICTORY: 0.742

Loss: -3.55102

Loss: -5.347826

Loss: -2.22399

Loss: -3.105263

VICTORY: 0.697

VICTORY: 0.681

VICTORY: 0.452

Loss: -4.649635

VICTORY: 0.063

Loss: -6.649717

Loss: -3.915452

Loss: -3.610966

Loss: -2.059322

Loss: -2.683502

Loss: -3.12766

VICTORY: 0.855

VICTORY: 0.948

Loss: -3.857143

VICTORY: 0.865

VICTORY: 0.105

VICTORY: 0.314

VICTORY: 0.114

VICTORY: 0.61

VICTORY: 0.66

VICTORY: 0.4

VICTORY: 0.038

VICTORY: 0.753

VICTORY: 0.857

Loss: -2.072961

VICTORY: 0.59

VICTORY: 0.424

VICTORY: 0.11

Loss: -2.941748

Loss: -3.28833

VICTORY: 0.963

VICTORY: 0.274

VICTORY: 0.838

VICTORY: 0.765

VICTORY: 0.563

VICTORY: 0.972

VICTORY: 0.334

Loss: -4.344481

Loss: -4.952569

VICTORY: 0.505

Loss: -5.784689

VICTORY: 0.968

VICTORY: 0.764

VICTORY: 0.813

Loss: -6.025126

VICTORY: 0.034

Loss: -3.202643

VICTORY: 0.173

Loss: -2.014199

VICTORY: 0.68

Loss: -9.064516

Loss: -2.567398

VICTORY: 0.619

Loss: -2.307189

VICTORY: 0.498

VICTORY: 0.865

Loss: -3.590674

VICTORY: 0.864

Loss: -4.90625

VICTORY: 0.369

VICTORY: 0.345

Loss: -3.114165

VICTORY: 0.316

Loss: -4.460207

Loss: -2.017294

Loss: -2.572327

Loss: -2.461988

VICTORY: 0.234

VICTORY: 0.343

VICTORY: 0.65

VICTORY: 0.789

VICTORY: 0.502

Loss: -2.579779

VICTORY: 0.94

VICTORY: 0.832

VICTORY: 0.747

VICTORY: 0.445

VICTORY: 0.105

VICTORY: 0.156

Loss: -2.724138

VICTORY: 0.398

VICTORY: 0.597

VICTORY: 0.204

Loss: -3.242152

Loss: -6.494505

VICTORY: 0.285

Loss: -11.10101

Loss: -3.754821

VICTORY: 0.357

VICTORY: 0.44

VICTORY: 0.731

VICTORY: 0.921

VICTORY: 0.905

Loss: -6.076142

Loss: -4.424657

VICTORY: 0.553

Loss: -4.289474

VICTORY: 0.335

VICTORY: 0.209

VICTORY: 0.757

Loss: -6.319149

Loss: -2.960784

Loss: -6.813953

Loss: -3.487562

VICTORY: 0.982

Loss: -8.575758

VICTORY: 0.425

Loss: -5.975124

Loss: -13.34568

VICTORY: 0.147

VICTORY: 0.902

Loss: -2.472754

Loss: -4.676471

Loss: -2.020408

Loss: -7.802721

VICTORY: 0.208

VICTORY: 0.251

Loss: -2.127396

Loss: -3.183406

VICTORY: 0.478

VICTORY: 0.692

VICTORY: 0.648

Loss: -2.014199

Loss: -5.219409

VICTORY: 0.843

VICTORY: 0.291

Loss: -2.307189

VICTORY: 0.621

Loss: -5.62963

VICTORY: 0.169

Loss: -8.142858

VICTORY: 0.859

Loss: -3.325581

VICTORY: 0.363

VICTORY: 0.082

Loss: -2.5625

Loss: -2.402524

VICTORY: 0.347

Loss: -7.21118

Loss: -2.329787

Loss: -2.123595

VICTORY: 0.828

Loss: -2.41844

Loss: -2.808318

Loss: -2.113586

Loss: -8.518797

Loss: -10.00901

Loss: -2.22549

Loss: -2.841621

VICTORY: 0.478

VICTORY: 0.335

Loss: -5.444445

VICTORY: 0.432

VICTORY: 0.002

VICTORY: 0.775

VICTORY: 0.445

VICTORY: 0.808

VICTORY: 0.797

Loss: -5.273504

VICTORY: 0.33

VICTORY: 0.369

Loss: -13.34568

VICTORY: 0.734

VICTORY: 0.268

VICTORY: 0.998

VICTORY: 0.044

Loss: -3.074689

Loss: -3.717391

Loss: -2.094092

VICTORY: 0.81

Loss: -4.921568

VICTORY: 0.53

Loss: -5.219409

Loss: -2.540832

VICTORY: 0.832

VICTORY: 0.612

VICTORY: 0.549

Loss: -2.345895

VICTORY: 0.433

VICTORY: 0.661

VICTORY: 0.858

Loss: -2.172333

VICTORY: 0.696

VICTORY: 0.447

VICTORY: 0.593

VICTORY: 0.375

VICTORY: 0.562

VICTORY: 0.247

Loss: -7.21118

Loss: -4.401361

VICTORY: 0.231

Loss: -7.993007

VICTORY: 0.989

Loss: -7.71141

Loss: -2.228501

Loss: -2.175088

VICTORY: 0.029

Loss: -12.90476

VICTORY: 0.818

VICTORY: 0.325

VICTORY: 0.404

VICTORY: 0.705

VICTORY: 0.826

Loss: -2.512859

Loss: -2.503759

Loss: -6.291005

Loss: -3.463054

Loss: -2.48368

VICTORY: 0.444

VICTORY: 0.766

VICTORY: 0.665

VICTORY: 0.432

Loss: -2.146789

Loss: -2.396648

VICTORY: 0.779

VICTORY: 0.32

VICTORY: 0.923

VICTORY: 0.507

Loss: -10.25926

Loss: -5.347826

VICTORY: 0.326

VICTORY: 0.886

Loss: -3.207505

VICTORY: 0.383

Loss: -2.602564

Loss: -6.376344

VICTORY: 0.321

Loss: -6.263158

Loss: -3.132196

Loss: -3.03252

Loss: -2.158749

VICTORY: 0.812

VICTORY: 0.243

Loss: -13.34568

VICTORY: 0.782

Loss: -7.622517

VICTORY: 0.733

VICTORY: 0.719

VICTORY: 0.314

VICTORY: 0.791

VICTORY: 0.484

VICTORY: 0.246

VICTORY: 0.279

VICTORY: 0.572

Loss: -4.584229

VICTORY: 0.287

VICTORY: 0.966

VICTORY: 0.651

Loss: -6.025126

VICTORY: 0.467

VICTORY: 0.689

Loss: -3.754821

VICTORY: 0.843

VICTORY: 0.407

VICTORY: 0.664

VICTORY: 0.844

VICTORY: 0.416

Loss: -2.472754

VICTORY: 0.502

Loss: -2.445087

VICTORY: 0.133

VICTORY: 0.004

VICTORY: 0.392

VICTORY: 0.894

Loss: -2.342282

VICTORY: 0.603

VICTORY: 0.713

VICTORY: 0.611

Loss: -13.98701

VICTORY: 0.092

Loss: -3.057613

Loss: -6.347594

Loss: -3.173913

Loss: -7.535948

Loss: -2.41844

VICTORY: 0.44

Loss: -7.060606

VICTORY: 0.821

Loss: -2.197605

VICTORY: 0.446

VICTORY: 0.303

VICTORY: 0.799

VICTORY: 0.125

VICTORY: 0.98

Loss: -2.160093

Loss: -2.582278

VICTORY: 0.142

Loss: -3.188184

VICTORY: 0.996

Loss: -13.19512

Loss: -2.052632

Loss: -6.617978

Loss: -2.70068

VICTORY: 0.237

VICTORY: 0.951

Loss: -6.586592

VICTORY: 0.447

Loss: -8.633588

Loss: -3.004008

Loss: -5.405286

Loss: -4.731343

VICTORY: 0.548

Loss: -2.007049

VICTORY: 0.608

Loss: -8.874016

Loss: -5.761905

Loss: -2.466276

VICTORY: 0.326

VICTORY: 0.787

Loss: -2.01833

VICTORY: 0.507

VICTORY: 0.056

Loss: -3.57732

VICTORY: 0.858

VICTORY: 0.574

Loss: -2.240695

VICTORY: 0.518

Loss: -5.807693

VICTORY: 0.49

VICTORY: 0.495

Loss: -10.00901

VICTORY: 0.371

VICTORY: 0.129

Loss: -4.012048

VICTORY: 0.201

VICTORY: 0.982

VICTORY: 0.761

VICTORY: 0.129

VICTORY: 0.712

VICTORY: 0.795

Loss: -2.872659

Loss: -4.184713

VICTORY: 0.434

VICTORY: 0.462

Loss: -4.184713

Loss: -2.375516

Loss: -4.610108

VICTORY: 0.188

Loss: -4.10559

Loss: -10.80392

VICTORY: 0.95

VICTORY: 0.081

VICTORY: 0.196

Loss: -2.371742

Loss: -2.547988

Loss: -2.333333

Loss: -2.157408

Loss: -4.703704

VICTORY: 0.339

VICTORY: 0.846

Loss: -2.801802

VICTORY: 0.016

VICTORY: 0.488

VICTORY: 0.924

VICTORY: 0.693

Loss: -8.692307

VICTORY: 0.212

Loss: -2.494768

Loss: -10.90099

VICTORY: 0.085

VICTORY: 0.752

Loss: -13.34568

Loss: -6.813953

Loss: -4.610108

VICTORY: 0.855

Loss: -5.716981

VICTORY: 0.065

VICTORY: 0.164

VICTORY: 0.128

VICTORY: 0.117

Loss: -2.108647

Loss: -2.74216

VICTORY: 0.544

VICTORY: 0.928

VICTORY: 0.215

VICTORY: 0.145

Loss: -14.88889

Loss: -6.208333

VICTORY: 0.975

VICTORY: 0.619

VICTORY: 0.709

VICTORY: 0.61

Loss: -5.739336

Loss: -3.178649

VICTORY: 0.559

VICTORY: 0.056

VICTORY: 0.971

VICTORY: 0.052

VICTORY: 0.278

VICTORY: 0.171

Loss: -5.329004

Loss: -2.082251

Loss: -6.524862

Loss: -5.716981

VICTORY: 0.524

VICTORY: 0.682

VICTORY: 0.652

VICTORY: 0.784

Loss: -3.277904

VICTORY: 0.852

VICTORY: 0.431

VICTORY: 0.632

VICTORY: 0.719

VICTORY: 0.435

VICTORY: 0.902

Loss: -2.273885

Loss: -9.264462

VICTORY: 0.616

VICTORY: 0.964

VICTORY: 0.991

Loss: -4.937008

Loss: -6.882353

VICTORY: 0.199

VICTORY: 0.677

Loss: -2.10011

VICTORY: 0.59

VICTORY: 0.273

VICTORY: 0.832

Loss: -6.405406

VICTORY: 0.39

Loss: -2.666667

VICTORY: 0.679

VICTORY: 0.737

Loss: -4.412969

VICTORY: 0.897

VICTORY: 0.159

Loss: -2.053741

VICTORY: 0.887

Loss: -3.012072

Loss: -2.131222

Loss: -3.832861

Loss: -5.347826

Loss: -13.98701

VICTORY: 0.593

VICTORY: 0.909

Loss: -3.314815

VICTORY: 0.042

VICTORY: 0.583

Loss: -2.362398

Loss: -16.87302

VICTORY: 0.544

VICTORY: 0.482

VICTORY: 0.951

VICTORY: 0.008

Loss: -2.088139

VICTORY: 0.636

Loss: -2.021451

Loss: -8.042253

Loss: -5.201681

VICTORY: 0.479

Loss: -3.857143

VICTORY: 0.755

VICTORY: 0.926

VICTORY: 0.727

VICTORY: 0.023

VICTORY: 0.271

VICTORY: 0.551

VICTORY: 0.727

Loss: -5.484305

VICTORY: 0.413

VICTORY: 0.248

Loss: -12.76471

Loss: -2.290323

VICTORY: 0.707

VICTORY: 0.929

VICTORY: 0.505

VICTORY: 0.281

VICTORY: 0.859

VICTORY: 0.271

Loss: -7.993007

Loss: -3.469136

VICTORY: 0.547

VICTORY: 0.418

VICTORY: 0.659

Loss: -4.816794

VICTORY: 0.165

VICTORY: 0.485

Loss: -4.802281

Loss: -2.754386

VICTORY: 0.683

VICTORY: 0.157

VICTORY: 0.71

VICTORY: 0.625

Loss: -2.436782

VICTORY: 0.267

VICTORY: 0.505

VICTORY: 0.29

VICTORY: 0.102

VICTORY: 0.712

VICTORY: 0.335

Loss: -2.089325

VICTORY: 0.268

Loss: -5.291845

VICTORY: 0.983

Loss: -12.76471

VICTORY: 0.802

VICTORY: 0.898

VICTORY: 0.613

Loss: -3.145923

VICTORY: 0.188

Loss: -7.451613

VICTORY: 0.669

Loss: -4.759398

Loss: -3.145923

VICTORY: 0.55

VICTORY: 0.967

Loss: -8.042253

VICTORY: 0.011

Loss: -3.915452

VICTORY: 0.737

VICTORY: 0.972

VICTORY: 0.37

VICTORY: 0.402

VICTORY: 0.573

VICTORY: 0.933

VICTORY: 0.758

VICTORY: 0.947

Loss: -3.403846

VICTORY: 0.544

Loss: -6.681818

Loss: -2.960784

Loss: -5.273504

Loss: -2.41844

VICTORY: 0.082

Loss: -2.360544

Loss: -2.076426

VICTORY: 0.025

VICTORY: 0.235

Loss: -2.141552

VICTORY: 0.728

Loss: -2.158749

Loss: -3.695418

VICTORY: 0.491

VICTORY: 0.345

VICTORY: 0.88

Loss: -6.128205

VICTORY: 0.866

VICTORY: 0.405

VICTORY: 0.716

VICTORY: 0.204

VICTORY: 0.098

VICTORY: 0.321

VICTORY: 0.616

VICTORY: 0.817

VICTORY: 0.275

VICTORY: 0.722

Loss: -5.926108

VICTORY: 0.295

Loss: -4.472222

VICTORY: 0.884

Loss: -2.855288

VICTORY: 0.628

Loss: -2.135074

VICTORY: 0.144

VICTORY: 0.497

VICTORY: 0.648

Loss: -6.780347

VICTORY: 0.273

VICTORY: 0.748

VICTORY: 0.88

Loss: -6.347594

VICTORY: 0.308

VICTORY: 0.289

Loss: -7.802721

VICTORY: 0.72

VICTORY: 0.344

Loss: -3.949852

VICTORY: 0.789

VICTORY: 0.53

Loss: -2.029866

Loss: -2.547988

VICTORY: 0.474

VICTORY: 0.047

Loss: -11.10101

VICTORY: 0.015

VICTORY: 0.123

Loss: -4.508772

VICTORY: 0.247

VICTORY: 0.388

Loss: -2.672241

VICTORY: 0.65

VICTORY: 0.935

VICTORY: 0.057

Loss: -3.881844

VICTORY: 0.302

Loss: -2.172333

VICTORY: 0.061

Loss: -6.524862

Loss: -4.367003

VICTORY: 0.378

VICTORY: 0.072

VICTORY: 0.146

Loss: -13.98701

VICTORY: 0.666

Loss: -3.724796

VICTORY: 0.317

Loss: -6.780347

VICTORY: 0.362

Loss: -6.376344

Loss: -5.761905

VICTORY: 0.15

VICTORY: 0.205

Loss: -3.074689

VICTORY: 0.972

VICTORY: 0.79

Loss: -2.908397

Loss: -2.030928

Loss: -2.569859

VICTORY: 0.367

VICTORY: 0.983

VICTORY: 0.725

VICTORY: 0.191

VICTORY: 0.8

VICTORY: 0.082

VICTORY: 0.871

Loss: -2.782531

VICTORY: 0.806

VICTORY: 0.467

VICTORY: 0.84

Loss: -4.472222

Loss: -2.282051

VICTORY: 0.332

VICTORY: 0.444

VICTORY: 0.469

VICTORY: 0.415

Loss: -6.076142

VICTORY: 0.407

VICTORY: 0.845

VICTORY: 0.446

Loss: -5.201681

Loss: -2.718213

Loss: -3.375297

VICTORY: 0.137

Loss: -5.784689

Loss: -3.840909

VICTORY: 0.624

VICTORY: 0.081

Loss: -7.993007

VICTORY: 0.722

Loss: -4.623188

VICTORY: 0.871

VICTORY: 0.055

Loss: -2.028807

Loss: -4.003003

Loss: -2.226994

VICTORY: 0.594

Loss: -6.181347

Loss: -6.464481

Loss: -2.848429

VICTORY: 0.698

Loss: -3.762431

VICTORY: 0.18

VICTORY: 0.186

VICTORY: 0.923

VICTORY: 0.057

Loss: -11.41667

Loss: -2.098901

VICTORY: 0.815

Loss: -6.128205

VICTORY: 0.75

Loss: -10.43396

Loss: -2.129944

VICTORY: 0.683

Loss: -2.526718

VICTORY: 0.008

VICTORY: 0.571

Loss: -2.116071

Loss: -2.692047

Loss: -2.17096

VICTORY: 0.243

VICTORY: 0.33

Loss: -11.52632

Loss: -13.5

Loss: -2.067236

VICTORY: 0.781

VICTORY: 0.704

VICTORY: 0.297

Loss: -5.132231

VICTORY: 0.198

Loss: -2.872659

Loss: -2.949318

Loss: -2.956947

VICTORY: 0.481

VICTORY: 0.143

VICTORY: 0.916

VICTORY: 0.737

Loss: -15.08451

VICTORY: 0.881

VICTORY: 0.257

Loss: -4.225806

Loss: -3.932551

Loss: -2.623377

Loss: -7.622517

VICTORY: 0.814

VICTORY: 0.562

Loss: -2.197605

VICTORY: 0.015

VICTORY: 0.724

VICTORY: 0.027

VICTORY: 0.371

Loss: -6.780347

VICTORY: 0.084

VICTORY: 0.726

VICTORY: 0.839

VICTORY: 0.203

Loss: -7.134969

VICTORY: 0.652

Loss: -2.324503

Loss: -6.747127

Loss: -3.028398

VICTORY: 0.268

VICTORY: 0.351

VICTORY: 0.809

VICTORY: 0.822

Loss: -3.03666

Loss: -7.944445

VICTORY: 0.046

VICTORY: 0.517

VICTORY: 0.49

VICTORY: 0.592

VICTORY: 0.529

VICTORY: 0.875

Loss: -3.028398

VICTORY: 0.746

VICTORY: 0.863

VICTORY: 0.577

VICTORY: 0.776

Loss: -6.464481

VICTORY: 0.798

VICTORY: 0.066

VICTORY: 0.299

VICTORY: 0.669

VICTORY: 0.405

Loss: -8.462687

Loss: -2.449275

VICTORY: 0.908

Loss: -4.154574

VICTORY: 0.489

VICTORY: 0.706

VICTORY: 0.438

Loss: -5.524887

VICTORY: 0.681

VICTORY: 0.274

Loss: -4.030303

Loss: -2.988072

VICTORY: 0.591

VICTORY: 0.502

VICTORY: 0.602

VICTORY: 0.385

VICTORY: 0.177

VICTORY: 0.079

Loss: -2.385041

VICTORY: 0.996

VICTORY: 0.444

VICTORY: 0.334

VICTORY: 0.441

Loss: -12.36364

Loss: -2.567398

VICTORY: 0.093

VICTORY: 0.548

VICTORY: 0.604

VICTORY: 0.945

VICTORY: 0.705

VICTORY: 0.366

VICTORY: 0.41

VICTORY: 0.03

VICTORY: 0.661

Loss: -3.659575

Loss: -10.00901

VICTORY: 0.486

VICTORY: 0.548

VICTORY: 0.376

Loss: -9

Loss: -5.975124

Loss: -5.115226

Loss: -5.149378

Loss: -2.194743

Loss: -3.369668

Loss: -3.364066

Loss: -3.114165

Loss: -11.30928

Loss: -2.123595

VICTORY: 0.086

Loss: -2.636661

VICTORY: 0.066

VICTORY: 0.936

Loss: -11.86957

VICTORY: 0.903

VICTORY: 0.305

VICTORY: 0.971

Loss: -2.28866

Loss: -7.666667

Loss: -2.358696

VICTORY: 0.16

VICTORY: 0.831

VICTORY: 0.484

VICTORY: 0.056

Loss: -4.164557

VICTORY: 0.882

Loss: -12.90476

Loss: -2.592357

VICTORY: 0.853

VICTORY: 0.777

VICTORY: 0.01

Loss: -6.025126

Loss: -7.666667

Loss: -2.074114

VICTORY: 0.884

VICTORY: 0.572

VICTORY: 0.917

Loss: -5.184101

VICTORY: 0.009

VICTORY: 0.496

VICTORY: 0.191

Loss: -6.464481

VICTORY: 0.672

Loss: -9.849558

VICTORY: 0.97

VICTORY: 0.403

VICTORY: 0.971

VICTORY: 0.2

VICTORY: 0.809

VICTORY: 0.04

VICTORY: 0.104

VICTORY: 0.495

VICTORY: 0.4

VICTORY: 0.378

VICTORY: 0.012

VICTORY: 0.262

VICTORY: 0.187

VICTORY: 0.915

VICTORY: 0.762

VICTORY: 0.421

VICTORY: 0.746

VICTORY: 0.947

VICTORY: 0.82

VICTORY: 0.169

VICTORY: 0.855

VICTORY: 0.457

VICTORY: 0.455

VICTORY: 0.654

VICTORY: 0.638

VICTORY: 0.844

VICTORY: 0.136

Loss: -2.128668

VICTORY: 0.855

VICTORY: 0.955

VICTORY: 0.999

VICTORY: 0.397

VICTORY: 0.711

VICTORY: 0.672

VICTORY: 0.343

Loss: -2.77305

VICTORY: 0.386

Loss: -4.508772

VICTORY: 0.745

VICTORY: 0.629

Loss: -5.385965

VICTORY: 0.363

VICTORY: 0.11

VICTORY: 0.852

VICTORY: 0.602

VICTORY: 0.532

VICTORY: 0.161

VICTORY: 0.409

Loss: -4.021148

VICTORY: 0.989

VICTORY: 0.387

VICTORY: 0.561

VICTORY: 0.722

VICTORY: 0.587

Loss: -2.256281

Loss: -2.572327

VICTORY: 0.689

Loss: -4.745318

VICTORY: 0.993

VICTORY: 0.85

Loss: -2.36612

VICTORY: 0.436

VICTORY: 0.794

VICTORY: 0.492

VICTORY: 0.921

VICTORY: 0.713

VICTORY: 0.6

VICTORY: 0.833

Loss: -3.531646

VICTORY: 0.081

VICTORY: 0.11

Loss: -7.666667

Loss: -3.293578

Loss: -2.956947

VICTORY: 0.514

VICTORY: 0.285

VICTORY: 0.097

VICTORY: 0.148

VICTORY: 0.8

Loss: -2.40647

VICTORY: 0.324

Loss: -21.40816

VICTORY: 0.115

VICTORY: 0.968

Loss: -5.237288

VICTORY: 0.947

Loss: -2.785714

VICTORY: 0.005

VICTORY: 0.777

VICTORY: 0.542

VICTORY: 0.459

VICTORY: 0.065

Loss: -6.181347

Loss: -2.189061

VICTORY: 0.055

VICTORY: 0.974

Loss: -2.547988

VICTORY: 0.024

VICTORY: 0.581

VICTORY: 0.154

VICTORY: 0.906

VICTORY: 0.338

VICTORY: 0.879

VICTORY: 0.237

Loss: -4.584229

VICTORY: 0.102

VICTORY: 0.867

VICTORY: 0.463

VICTORY: 0.438

Loss: -11.6383

VICTORY: 0.582

VICTORY: 0.864

VICTORY: 0.704

VICTORY: 0.737

VICTORY: 0.442

VICTORY: 0.428

VICTORY: 0.829

VICTORY: 0.952

Loss: -2.712329

VICTORY: 0.174

VICTORY: 0.643

VICTORY: 0.532

Loss: -3.020202

VICTORY: 0.977

VICTORY: 0.569

VICTORY: 0.155

Loss: -9.264462

Loss: -2.066098

VICTORY: 0.724

Loss: -2.468429

Loss: -2.618123

VICTORY: 0.809

VICTORY: 0.417

VICTORY: 0.658

VICTORY: 0.632

Loss: -4.968254

VICTORY: 0.884

VICTORY: 0.43

VICTORY: 0.778

Loss: -7.849315

Loss: -3.169197

VICTORY: 0.519

Loss: -8.462687

VICTORY: 0.875

VICTORY: 0.477

Loss: -8.575758

VICTORY: 0.02

Loss: -4.745318

VICTORY: 0.148

VICTORY: 0.004

VICTORY: 0.327

VICTORY: 0.976

VICTORY: 0.971

Loss: -8.352942

VICTORY: 0.829

Loss: -8.142858

VICTORY: 0.649

VICTORY: 0.702

Loss: -6.025126

Loss: -2.893939

Loss: -10.90099

VICTORY: 0.218

VICTORY: 0.235

VICTORY: 0.704

VICTORY: 0.658

VICTORY: 0.065

VICTORY: 0.886

Loss: -2.862197

VICTORY: 0.092

VICTORY: 0.006

Loss: -2.172333

Loss: -2.597444

VICTORY: 0.898

VICTORY: 0.805

VICTORY: 0.733

Loss: -2.303781

VICTORY: 0.188

Loss: -12.62791

VICTORY: 0.194

Loss: -2.055966

Loss: -3.873563

Loss: -4.773585

Loss: -2.677852

Loss: -14.69863

VICTORY: 0.924

Loss: -4.344481

VICTORY: 0.255

Loss: -2.577287

VICTORY: 0.217

VICTORY: 0.171

Loss: -8.518797

VICTORY: 0.35

VICTORY: 0.955

VICTORY: 0.819

VICTORY: 0.048

VICTORY: 0.036

Loss: -4.984064

VICTORY: 0.616

Loss: -2.113586

VICTORY: 0.968

VICTORY: 0.857

Loss: -7.493506

Loss: -7.666667

VICTORY: 0.158

VICTORY: 0.457

VICTORY: 0.276

VICTORY: 0.411

VICTORY: 0.649

VICTORY: 0.897

VICTORY: 0.55

VICTORY: 0.35

VICTORY: 0.825

Loss: -7.25

Loss: -2.792115

Loss: -3.380952

VICTORY: 0.613

VICTORY: 0.208

Loss: -4.095975

Loss: -2.669449

VICTORY: 0.662

Loss: -9

VICTORY: 0.79

Loss: -6.847953

Loss: -2.282051

VICTORY: 0.488

Loss: -3.95858

VICTORY: 0.037

VICTORY: 0.3

VICTORY: 0.959

Loss: -4.571429

VICTORY: 0.805

Loss: -5.524887

Loss: -5.385965

Loss: -6.988024

VICTORY: 0.043

VICTORY: 0.365

VICTORY: 0.022

Loss: -4.875969

Loss: -4.623188

VICTORY: 0.959

VICTORY: 0.761

Loss: -3.34192

VICTORY: 0.273

VICTORY: 0.081

Loss: -5.807693

Loss: -6.617978

VICTORY: 0.483

VICTORY: 0.301

Loss: -2.879699

Loss: -3.207505

Loss: -2.367989

Loss: -2.941748

VICTORY: 0.989

VICTORY: 0.248

Loss: -2.636661

VICTORY: 0.436

Loss: -4.521127

VICTORY: 0.156

Loss: -2.474926

VICTORY: 0.708

VICTORY: 0.979

VICTORY: 0.429

Loss: -2.605136

VICTORY: 0.601

VICTORY: 0.759

VICTORY: 0.946

VICTORY: 0.071

VICTORY: 0.011

VICTORY: 0.531

Loss: -2.184834

VICTORY: 0.538

VICTORY: 0.753

Loss: -3.212389

VICTORY: 0.67

Loss: -9.695652

VICTORY: 0.898

VICTORY: 0.722

VICTORY: 0.568

Loss: -2.16144

VICTORY: 0.37

Loss: -10.80392

VICTORY: 0.792

VICTORY: 0.305

Loss: -2.017294

VICTORY: 0.942

VICTORY: 0.715

Loss: -10.43396

VICTORY: 0.029

Loss: -9.064516

VICTORY: 0.65

Loss: -4.067485

Loss: -6.208333

Loss: -3.004008

VICTORY: 0.632

Loss: -3.10084

Loss: -2.488095

VICTORY: 0.82

VICTORY: 0.059

VICTORY: 0.933

Loss: -3.283105

VICTORY: 0.61

VICTORY: 0.725

VICTORY: 0.354

Loss: -3.688172

VICTORY: 0.433

VICTORY: 0.181

Loss: -2.879699

VICTORY: 0.122

VICTORY: 0.406

VICTORY: 0.319

VICTORY: 0.723

VICTORY: 0.708

Loss: -5.048583

VICTORY: 0.764

Loss: -6.434783

Loss: -8.936508

VICTORY: 0.872

VICTORY: 0.844

VICTORY: 0.993

Loss: -4.787879

VICTORY: 0.737

VICTORY: 0.199

VICTORY: 0.561

VICTORY: 0.33

VICTORY: 0.775

VICTORY: 0.748

Loss: -10.70874

VICTORY: 0.886

VICTORY: 0.054

VICTORY: 0.875

Loss: -3.985075

Loss: -4.663003

VICTORY: 0.276

Loss: -4.401361

VICTORY: 0.577

Loss: -2.960784

VICTORY: 0.379

Loss: -2.126126

Loss: -2.795332

Loss: -2.577287

VICTORY: 0.309

VICTORY: 0.049

Loss: -2.620746

VICTORY: 0.145

VICTORY: 0.8

Loss: -9.130081

Loss: -3.016129

VICTORY: 0.418

VICTORY: 0.288

Loss: -2.945525

VICTORY: 0.905

Loss: -3.252252

Loss: -2.841621

VICTORY: 0.241

VICTORY: 0.168

Loss: -3.136752

VICTORY: 0.871

VICTORY: 0.147

VICTORY: 0.976

VICTORY: 0.068

Loss: -16.38461

VICTORY: 0.773

VICTORY: 0.191

VICTORY: 0.222

VICTORY: 0.19

Loss: -2.116071

Loss: -3.967359

Loss: -3.252252

VICTORY: 0.844

VICTORY: 0.006

VICTORY: 0.004

VICTORY: 0.646

VICTORY: 0.766

VICTORY: 0.837

VICTORY: 0.418

Loss: -8.751938

VICTORY: 0.746

VICTORY: 0.686

Loss: -10.00901

Loss: -3.35849

VICTORY: 0.372

VICTORY: 0.585

VICTORY: 0.34

VICTORY: 0.735

VICTORY: 0.618

Loss: -11

Loss: -5.901961

VICTORY: 0.42

Loss: -9

VICTORY: 0.675

Loss: -6.524862

VICTORY: 0.355

VICTORY: 0.279

VICTORY: 0.746

VICTORY: 0.409

Loss: -2.156069

VICTORY: 0.328

VICTORY: 0.192

VICTORY: 0.946

Loss: -2.510574

Loss: -4.184713

VICTORY: 0.85

Loss: -5.56621

VICTORY: 0.694

VICTORY: 0.019

VICTORY: 0.531

Loss: -2.039501

Loss: -3.73224

VICTORY: 0.78

Loss: -2.605136

VICTORY: 0.33

Loss: -7.134969

VICTORY: 0.277

Loss: -3.801121

Loss: -3.227171

Loss: -3.320186

Loss: -3.754821

VICTORY: 0.706

Loss: -2.22549

VICTORY: 0.739

VICTORY: 0.772

VICTORY: 0.649

Loss: -3.237136

Loss: -2.216545

VICTORY: 0.867

VICTORY: 0.757

VICTORY: 0.065

VICTORY: 0.38

Loss: -2.607717

Loss: -2.17096

VICTORY: 0.926

VICTORY: 0.755

VICTORY: 0.745

VICTORY: 0.493

Loss: -9.547009

Loss: -2.451379

VICTORY: 0.945

Loss: -2.262626

VICTORY: 0.991

VICTORY: 0.443

Loss: -4.610108

Loss: -2.481482

VICTORY: 0.956

VICTORY: 0.367

Loss: -8.633588

VICTORY: 0.052

Loss: -2.375516

Loss: -2.138952

VICTORY: 0.026

VICTORY: 0.775

VICTORY: 0.941

VICTORY: 0.611

VICTORY: 0.454

Loss: -6.181347

Loss: -3.227171

VICTORY: 0.738

VICTORY: 0.003

VICTORY: 0.331

VICTORY: 0.761

VICTORY: 0.671

VICTORY: 0.222

VICTORY: 0.605

VICTORY: 0.768

VICTORY: 0.701

Loss: -2.763669

VICTORY: 0.154

VICTORY: 0.613

VICTORY: 0.684

Loss: -9.695652

VICTORY: 0.959

VICTORY: 0.158

VICTORY: 0.894

VICTORY: 0.874

VICTORY: 0.808

VICTORY: 0.897

VICTORY: 0.387

Loss: -2.464129

VICTORY: 0.886

Loss: -3.145923

VICTORY: 0.246

Loss: -3.832861

VICTORY: 0.924

Loss: -2.190476

VICTORY: 0.739

VICTORY: 0.732

VICTORY: 0.496

Loss: -2.048218

Loss: -2.821494

Loss: -3.808989

VICTORY: 0.141

Loss: -8.518797

Loss: -2.37741

Loss: -4.448276

VICTORY: 0.219

Loss: -3.873563

VICTORY: 0.852

Loss: -16.625

VICTORY: 0.438

VICTORY: 0.126

Loss: -2.72117

Loss: -2.692047

VICTORY: 0.905

VICTORY: 0.124

VICTORY: 0.296

VICTORY: 0.632

VICTORY: 0.025

VICTORY: 0.121

VICTORY: 0.909

Loss: -2.383126

Loss: -2.618123

VICTORY: 0.567

VICTORY: 0.765

VICTORY: 0.378

VICTORY: 0.756

VICTORY: 0.78

Loss: -3.320186

VICTORY: 0.166

Loss: -2.636661

VICTORY: 0.315

VICTORY: 0.474

VICTORY: 0.561

VICTORY: 0.992

VICTORY: 0.005

VICTORY: 0.523

VICTORY: 0.813

VICTORY: 0.618

VICTORY: 0.393

Loss: -3.881844

Loss: -3.132196

Loss: -6.524862

VICTORY: 0.208

Loss: -7.329114

Loss: -3.702703

VICTORY: 0.976

VICTORY: 0.156

VICTORY: 0.399

Loss: -6.681818

VICTORY: 0.491

Loss: -3.666667

Loss: -2.141552

VICTORY: 0.106

VICTORY: 0.7

Loss: -2.862197

VICTORY: 0.794

VICTORY: 0.579

VICTORY: 0.332

Loss: -2.430615

VICTORY: 0.216

VICTORY: 0.599

Loss: -2.333333

VICTORY: 0.939

VICTORY: 0.033

Loss: -2.117318

Loss: -13.98701

VICTORY: 0.127

Loss: -2.190476

Loss: -2.373626

Loss: -3.518892

VICTORY: 0.799

VICTORY: 0.817

VICTORY: 0.061

Loss: -8.29927

Loss: -2.818182

Loss: -13.19512

VICTORY: 0.565

VICTORY: 0.371

VICTORY: 0.711

VICTORY: 0.213

Loss: -10.61539

Loss: -8.936508

VICTORY: 0.086

VICTORY: 0.118

VICTORY: 0.849

VICTORY: 0.987

VICTORY: 0.443

Loss: -14.51351

VICTORY: 0.623

VICTORY: 0.608

VICTORY: 0.967

VICTORY: 0.936

VICTORY: 0.414

VICTORY: 0.782

VICTORY: 0.981

VICTORY: 0.832

VICTORY: 0.732

Loss: -3.409639

VICTORY: 0.914

VICTORY: 0.647

VICTORY: 0.439

Loss: -5.761905

VICTORY: 0.94

VICTORY: 0.381

Loss: -5.504505

VICTORY: 0.214

VICTORY: 0.094

VICTORY: 0.756

VICTORY: 0.496

VICTORY: 0.099

Loss: -2.831502

VICTORY: 0.443

Loss: -4.412969

Loss: -15.49275

VICTORY: 0.889

Loss: -4.194888

Loss: -2.569859

Loss: -10.80392

VICTORY: 0.633

Loss: -2.116071

Loss: -2.298701

VICTORY: 0.751

VICTORY: 0.345

VICTORY: 0.57

VICTORY: 0.718

VICTORY: 0.678

Loss: -2.031992

VICTORY: 0.711

VICTORY: 0.976

Loss: -9.333333

Loss: -8.8125

Loss: -3.631579

VICTORY: 0.785

VICTORY: 0.789

Loss: -16.38461

VICTORY: 0.448

VICTORY: 0.157

VICTORY: 0.381

VICTORY: 0.667

VICTORY: 0.841

Loss: -15.70588

VICTORY: 0.129

Loss: -5.201681

Loss: -4.831418

Loss: -3.309469

VICTORY: 0.411

Loss: -5

Loss: -3.10084

VICTORY: 0.834

VICTORY: 0.562

VICTORY: 0.154

VICTORY: 0.562

VICTORY: 0.994

Loss: -2.461988

VICTORY: 0.519

VICTORY: 0.462

VICTORY: 0.507

Loss: -2.652893

VICTORY: 0.953

Loss: -8.462687

VICTORY: 0.097

VICTORY: 0.418

VICTORY: 0.574

VICTORY: 0.404

VICTORY: 0.846

VICTORY: 0.86

VICTORY: 0.343

Loss: -2.960784

VICTORY: 0.568

Loss: -2.131222

VICTORY: 0.804

VICTORY: 0.82

VICTORY: 0.765

Loss: -6.91716

Loss: -2.647446

VICTORY: 0.673

VICTORY: 0.74

VICTORY: 0.364

VICTORY: 0.95

VICTORY: 0.683

VICTORY: 0.557

Loss: -3.857143

Loss: -3.557545

Loss: -2.335114

VICTORY: 0.71

Loss: -7.25

VICTORY: 0.789

VICTORY: 0.009

VICTORY: 0.566

Loss: -3.873563

Loss: -2.131222

Loss: -3.35849

Loss: -2.996008

VICTORY: 0.746

VICTORY: 0.461

VICTORY: 0.152

Loss: -2.106195

Loss: -2.941748

VICTORY: 0.777

Loss: -3.702703

VICTORY: 0.301

Loss: -2.488095

VICTORY: 0.376

Loss: -7.944445

Loss: -6.291005

Loss: -22.73913

VICTORY: 0.345

VICTORY: 0.406

VICTORY: 0.989

Loss: -2.461988

Loss: -10.17431

VICTORY: 0.388

Loss: -3.48139

VICTORY: 0.784

Loss: -2.557632

VICTORY: 0.085

Loss: -4.846154

VICTORY: 0.834

Loss: -2.355014

VICTORY: 0.989

VICTORY: 0.567

VICTORY: 0.077

VICTORY: 0.071

Loss: -5.694836

VICTORY: 0.167

VICTORY: 0.688

Loss: -2.251565

VICTORY: 0.762

VICTORY: 0.831

Loss: -7.578948

Loss: -2.980198

Loss: -2.474926

VICTORY: 0.555

VICTORY: 0.243

VICTORY: 0.224

VICTORY: 0.989

VICTORY: 0.715

Loss: -5.484305

VICTORY: 0.279

Loss: -5.524887

VICTORY: 0.216

VICTORY: 0.231

VICTORY: 0.831

VICTORY: 0.699

Loss: -8.462687

Loss: -2.727116

Loss: -18.85714

Loss: -5.081633

VICTORY: 0.969

VICTORY: 0.769

Loss: -5.975124

Loss: -7.944445

VICTORY: 0.302

Loss: -4.257329

Loss: -2.039501

VICTORY: 0.301

VICTORY: 0.731

VICTORY: 0.758

VICTORY: 0.095

Loss: -2.798561

VICTORY: 0.094

VICTORY: 0.851

Loss: -2.408451

VICTORY: 0.242

VICTORY: 0.911

Loss: -2.628664

VICTORY: 0.156

Loss: -5.716981

Loss: -5.716981

Loss: -6.181347

VICTORY: 0.992

Loss: -2.228501

Loss: -3.777778

VICTORY: 0.618

VICTORY: 0.835

VICTORY: 0.64

VICTORY: 0.241

VICTORY: 0.512

Loss: -5.694836

VICTORY: 0.912

VICTORY: 0.244

VICTORY: 0.228

Loss: -2.216545

VICTORY: 0.944

Loss: -2.73913

VICTORY: 0.723

VICTORY: 0.266

VICTORY: 0.232

VICTORY: 0.235

VICTORY: 0.647

Loss: -11.20408

Loss: -2.010101

VICTORY: 0.593

VICTORY: 0.56

Loss: -6.434783

VICTORY: 0.183

VICTORY: 0.953

Loss: -12.36364

VICTORY: 0.785

VICTORY: 0.039

VICTORY: 0.98

VICTORY: 0.457

VICTORY: 0.145

VICTORY: 0.424

VICTORY: 0.365

VICTORY: 0.264

VICTORY: 0.689

VICTORY: 0.989

VICTORY: 0.088

VICTORY: 0.723

VICTORY: 0.341

Loss: -3.717391

VICTORY: 0.962

VICTORY: 0.612

Loss: -6.376344

VICTORY: 0.78

Loss: -4.968254

VICTORY: 0.957

Loss: -10.70874

Loss: -7.329114

VICTORY: 0.415

VICTORY: 0.384

VICTORY: 0.609

VICTORY: 0.671

VICTORY: 0.21

Loss: -3.43309

VICTORY: 0.996

VICTORY: 0.393

VICTORY: 0.661

VICTORY: 0.339

VICTORY: 0.546

Loss: -4.012048

VICTORY: 0.849

VICTORY: 0.428

VICTORY: 0.902

Loss: -7.410256

VICTORY: 0.823

VICTORY: 0.559

VICTORY: 0.374

Loss: -4.846154

Loss: -7.17284

VICTORY: 0.503

VICTORY: 0.081

VICTORY: 0.009

VICTORY: 0.376

VICTORY: 0.722

Loss: -2.017294

Loss: -2.273885

VICTORY: 0.174

VICTORY: 0.072

VICTORY: 0.789

VICTORY: 0.01

Loss: -2.73913

VICTORY: 0.049

VICTORY: 0.105

Loss: -3.283105

VICTORY: 0.255

VICTORY: 0.801

VICTORY: 0.333

VICTORY: 0.904

Loss: -2.930502

Loss: -4.289474

VICTORY: 0.87

VICTORY: 0.997

VICTORY: 0.735

VICTORY: 0.503

VICTORY: 0.527

VICTORY: 0.675

VICTORY: 0.841

VICTORY: 0.923

VICTORY: 0.968

Loss: -3.012072

VICTORY: 0.908

VICTORY: 0.088

VICTORY: 0.524

VICTORY: 0.497

VICTORY: 0.398

VICTORY: 0.733

VICTORY: 0.399

VICTORY: 0.562

Loss: -3.132196

Loss: -2.123595

VICTORY: 0.819

VICTORY: 0.175

Loss: -2.199041

VICTORY: 0.265

VICTORY: 0.573

Loss: -5.761905

VICTORY: 0.54

VICTORY: 0.624

Loss: -10.80392

VICTORY: 0.588

VICTORY: 0.706

Loss: -4.30033

VICTORY: 0.956

VICTORY: 0.809

Loss: -3.638522

Loss: -9.620689

Loss: -7.993007

VICTORY: 0.84

Loss: -2.239157

Loss: -2.24533

VICTORY: 0.387

VICTORY: 0.018

Loss: -11.98901

Loss: -8.352942

VICTORY: 0.017

VICTORY: 0.939

Loss: -6.988024

VICTORY: 0.119

VICTORY: 0.742

VICTORY: 0.187

Loss: -2.175088

VICTORY: 0.838

VICTORY: 0.013

VICTORY: 0.863

VICTORY: 0.959

Loss: -13.34568

VICTORY: 0.532

VICTORY: 0.363

VICTORY: 0.776

Loss: -6.025126

VICTORY: 0.996

Loss: -10.17431

VICTORY: 0.52

VICTORY: 0.069

Loss: -5.716981

VICTORY: 0.041

Loss: -6.405406

Loss: -4.003003

VICTORY: 0.36

Loss: -7.410256

Loss: -11.10101

VICTORY: 0.13

VICTORY: 0.278

VICTORY: 0.567

VICTORY: 0.554

Loss: -14.88889

VICTORY: 0.46

Loss: -3.55102

VICTORY: 0.71

VICTORY: 0.046

Loss: -5.184101

VICTORY: 0.652

Loss: -6.988024

VICTORY: 0.485

VICTORY: 0.397

VICTORY: 0.37

VICTORY: 0.663

VICTORY: 0.787

Loss: -2.037344

Loss: -5.424779

VICTORY: 0.551

Loss: -2.858736

VICTORY: 0.499

Loss: -2.461988

VICTORY: 0.705

VICTORY: 0.76

Loss: -2.43472

Loss: -2.503759

VICTORY: 0.762

Loss: -2.683502

VICTORY: 0.358

VICTORY: 0.721

VICTORY: 0.268

Loss: -3.923977

VICTORY: 0.257

Loss: -4.460207

Loss: -3.487562

Loss: -2.048218

VICTORY: 0.991

Loss: -8.246377

VICTORY: 0.111

VICTORY: 0.444

VICTORY: 0.834

VICTORY: 0.942

VICTORY: 0.435

VICTORY: 0.328

VICTORY: 0.241

VICTORY: 0.121

VICTORY: 0.644

VICTORY: 0.748

VICTORY: 0.67

VICTORY: 0.946

VICTORY: 0.327

Loss: -2.52207

Loss: -2.582278

VICTORY: 0.754

VICTORY: 0.097

VICTORY: 0.869

VICTORY: 0.984

VICTORY: 0.095

Loss: -2.862197

VICTORY: 0.35

VICTORY: 0.602

VICTORY: 0.739

VICTORY: 0.964

VICTORY: 0.893

VICTORY: 0.006

VICTORY: 0.998

VICTORY: 0.713

Loss: -5.672897

VICTORY: 0.795

VICTORY: 0.418

VICTORY: 0.891

VICTORY: 0.486

VICTORY: 0.145

VICTORY: 0.419

VICTORY: 0.682

VICTORY: 0.453

VICTORY: 0.442

Loss: -11.6383

VICTORY: 0.933

VICTORY: 0.59

VICTORY: 0.473

VICTORY: 0.095

Loss: -11.10101

VICTORY: 0.224

VICTORY: 0.257

VICTORY: 0.484

VICTORY: 0.672

VICTORY: 0.973

VICTORY: 0.303

Loss: -2.149425

VICTORY: 0.272

VICTORY: 0.748

VICTORY: 0.103

VICTORY: 0.375

VICTORY: 0.884

VICTORY: 0.481

VICTORY: 0.501

VICTORY: 0.362

VICTORY: 0.938

VICTORY: 0.032

VICTORY: 0.432

VICTORY: 0.833

VICTORY: 0.68

VICTORY: 0.041

VICTORY: 0.148

VICTORY: 0.217

Loss: -2.464129

VICTORY: 0.127

Loss: -6.586592

VICTORY: 0.014

VICTORY: 0.056

VICTORY: 0.942

VICTORY: 0.383

VICTORY: 0.22

VICTORY: 0.957

VICTORY: 0.943

Loss: -7.622517

Loss: -2.31406

VICTORY: 0.711

VICTORY: 0.73

VICTORY: 0.427

Loss: -6.780347

VICTORY: 0.319

Loss: -5.672897

VICTORY: 0.973

VICTORY: 0.795

VICTORY: 0.619

VICTORY: 0.656

Loss: -2.785714

VICTORY: 0.047

Loss: -5.405286

VICTORY: 0.656

VICTORY: 0.067

VICTORY: 0.597

VICTORY: 0.601

VICTORY: 0.439

Loss: -3.03252

Loss: -5.385965

VICTORY: 0.509

VICTORY: 0.528

Loss: -2.40647

VICTORY: 0.483

Loss: -2.127396

VICTORY: 0.717

VICTORY: 0.828

VICTORY: 0.378

VICTORY: 0.933

VICTORY: 0.875

VICTORY: 0.731

Loss: -2.234568

VICTORY: 0.963

VICTORY: 0.33

VICTORY: 0.57

VICTORY: 0.967

Loss: -3.325581

VICTORY: 0.414

VICTORY: 0.434

VICTORY: 0.94

VICTORY: 0.607

Loss: -2.692047

Loss: -2.01626

VICTORY: 0.032

VICTORY: 0.886

Loss: -6.076142

VICTORY: 0.975

Loss: -2.295337

Loss: -9.695652

Loss: -10.90099

VICTORY: 0.545

VICTORY: 0.563

VICTORY: 0.263

VICTORY: 0.89

VICTORY: 0.871

Loss: -5.975124

VICTORY: 0.571

Loss: -8.692307

VICTORY: 0.828

VICTORY: 0.841

Loss: -4.378378

VICTORY: 0.854

VICTORY: 0.615

VICTORY: 0.173

VICTORY: 0.103

VICTORY: 0.336

VICTORY: 0.379

VICTORY: 0.516

VICTORY: 0.723

VICTORY: 0.441

Loss: -4.484321

VICTORY: 0.38

VICTORY: 0.537

VICTORY: 0.504

VICTORY: 0.337

VICTORY: 0.575

VICTORY: 0.153

VICTORY: 0.273

VICTORY: 0.765

Loss: -2.015229

Loss: -8.518797

VICTORY: 0.164

VICTORY: 0.445

VICTORY: 0.111

VICTORY: 0.598

VICTORY: 0.422

Loss: -6.586592

VICTORY: 0.885

VICTORY: 0.7

VICTORY: 0.054

VICTORY: 0.592

VICTORY: 0.778

VICTORY: 0.227

VICTORY: 0.312

VICTORY: 0.198

Loss: -2.605136

VICTORY: 0.475

Loss: -11.41667

VICTORY: 0.238

VICTORY: 0.171

VICTORY: 0.193

Loss: -2.06383

VICTORY: 0.685

VICTORY: 0.22

VICTORY: 0.518

VICTORY: 0.078

VICTORY: 0.751

VICTORY: 0.064

Loss: -9.333333

Loss: -5.444445

VICTORY: 0.448

Loss: -10.70874

Loss: -2.037344

VICTORY: 0.696

VICTORY: 0.581

Loss: -16.38461

VICTORY: 0.852

Loss: -13.5

VICTORY: 0.173

VICTORY: 0.202

VICTORY: 0.686

VICTORY: 0.66

VICTORY: 0.686

Loss: -3.242152

VICTORY: 0.485

Loss: -2.103753

VICTORY: 0.774

Loss: -7.410256

VICTORY: 0.67

Loss: -2.180638

VICTORY: 0.439

VICTORY: 0.57

VICTORY: 0.097

Loss: -4.174603

Loss: -13.98701

VICTORY: 0.45

VICTORY: 0.372

Loss: -3.666667

VICTORY: 0.052

VICTORY: 0.983

VICTORY: 0.745

VICTORY: 0.494

VICTORY: 0.662

VICTORY: 0.986

VICTORY: 0.779

VICTORY: 0.817

VICTORY: 0.299

VICTORY: 0.066

Loss: -2.062699

VICTORY: 0.778

VICTORY: 0.383

VICTORY: 0.988

Loss: -2.381216

VICTORY: 0.311

Loss: -6.847953

Loss: -5.115226

VICTORY: 0.879

VICTORY: 0.419

VICTORY: 0.735

VICTORY: 0.835

VICTORY: 0.529

Loss: -6.813953

VICTORY: 0.568

VICTORY: 0.621

VICTORY: 0.678

VICTORY: 0.952

Loss: -4.921568

Loss: -4.610108

Loss: -4.484321

VICTORY: 0.359

Loss: -5.149378

VICTORY: 0.775

VICTORY: 0.767

VICTORY: 0.075

VICTORY: 0.609

Loss: -2.422475

Loss: -7.849315

VICTORY: 0.898

VICTORY: 0.86

Loss: -5.237288

Loss: -3.832861

Loss: -2.930502

VICTORY: 0.044

Loss: -3.272727

VICTORY: 0.727

VICTORY: 0.018

VICTORY: 0.13

VICTORY: 0.944

VICTORY: 0.141

VICTORY: 0.926

Loss: -5.273504

VICTORY: 0.958

VICTORY: 0.208

VICTORY: 0.859

VICTORY: 0.984

Loss: -6.952381

VICTORY: 0.147

VICTORY: 0.56

VICTORY: 0.267

VICTORY: 0.03

VICTORY: 0.708

VICTORY: 0.692

VICTORY: 0.792

VICTORY: 0.559

VICTORY: 0.031

VICTORY: 0.507

VICTORY: 0.019

VICTORY: 0.93

VICTORY: 0.895

VICTORY: 0.62

Loss: -8.8125

VICTORY: 0.515

VICTORY: 0.117

Loss: -2.136364

Loss: -7.944445

Loss: -2.623377

Loss: -5.901961

Loss: -2.233046

Loss: -3.702703

VICTORY: 0.917

Loss: -7.17284

VICTORY: 0.053

VICTORY: 0.645

VICTORY: 0.804

VICTORY: 0.659

VICTORY: 0.291

VICTORY: 0.86

Loss: -4.773585

VICTORY: 0.539

VICTORY: 0.927

VICTORY: 0.529

VICTORY: 0.559

VICTORY: 0.669

VICTORY: 0.268

VICTORY: 0.1

VICTORY: 0.126

VICTORY: 0.089

VICTORY: 0.886

VICTORY: 0.92

Loss: -13.19512

VICTORY: 0.195

VICTORY: 0.806

VICTORY: 0.741

VICTORY: 0.234

VICTORY: 0.533

Loss: -4.484321

Loss: -3.070393

VICTORY: 0.866

VICTORY: 0.996

Loss: -2.683502

VICTORY: 0.929

Loss: -2.026694

VICTORY: 0.111

VICTORY: 0.48

VICTORY: 0.838

Loss: -2.149425

Loss: -6.263158

VICTORY: 0.622

VICTORY: 0.8

VICTORY: 0.395

Loss: -4.690037

VICTORY: 0.076

VICTORY: 0.092

VICTORY: 0.588

VICTORY: 0.251

VICTORY: 0.839

VICTORY: 0.907

VICTORY: 0.151

VICTORY: 0.344

VICTORY: 0.993

VICTORY: 0.398

VICTORY: 0.484

Loss: -4.690037

VICTORY: 0.251

VICTORY: 0.438

VICTORY: 0.903

VICTORY: 0.524

VICTORY: 0.699

VICTORY: 0.651

VICTORY: 0.417

Loss: -3.066116

Loss: -11.75269

VICTORY: 0.219

VICTORY: 0.216

VICTORY: 0.284

Loss: -3.293578

VICTORY: 0.251

VICTORY: 0.166

VICTORY: 0.898

VICTORY: 0.426

VICTORY: 0.929

VICTORY: 0.213

VICTORY: 0.175

VICTORY: 0.463

VICTORY: 0.519

VICTORY: 0.32

VICTORY: 0.532

VICTORY: 0.91

VICTORY: 0.974

Loss: -2.766784

Loss: -8.751938

VICTORY: 0.984

VICTORY: 0.267

VICTORY: 0.367

Loss: -12.90476

VICTORY: 0.526

Loss: -2.082251

VICTORY: 0.31

VICTORY: 0.823

VICTORY: 0.124

VICTORY: 0.204

VICTORY: 0.746

Loss: -2.481482

VICTORY: 0.048

VICTORY: 0.003

VICTORY: 0.681

VICTORY: 0.754

VICTORY: 0.184

VICTORY: 0.58

VICTORY: 0.801

VICTORY: 0.59

Loss: -15.28571

VICTORY: 0.75

VICTORY: 0.715

VICTORY: 0.689

VICTORY: 0.013

Loss: -18.24138

VICTORY: 0.792

Loss: -3.624672

Loss: -6.263158

Loss: -2.919386

VICTORY: 0.339

Loss: -2.426533

Loss: -3.136752

VICTORY: 0.699

VICTORY: 0.593

VICTORY: 0.381

VICTORY: 0.314

VICTORY: 0.821

VICTORY: 0.976

VICTORY: 0.964

VICTORY: 0.925

VICTORY: 0.394

VICTORY: 0.859

VICTORY: 0.108

VICTORY: 0.318

Loss: -3.28833

VICTORY: 0.89

Loss: -2.745201

Loss: -2.43472

Loss: -8.8125

Loss: -4.278688

VICTORY: 0.004

VICTORY: 0.388

VICTORY: 0.029

VICTORY: 0.104

VICTORY: 0.907

VICTORY: 0.547

VICTORY: 0.714

VICTORY: 0.302

VICTORY: 0.081

VICTORY: 0.881

VICTORY: 0.19

Loss: -6.617978

VICTORY: 0.024

VICTORY: 0.86

VICTORY: 0.858

Loss: -8.874016

VICTORY: 0.463

VICTORY: 0.812

VICTORY: 0.265

VICTORY: 0.371

Loss: -8.8125

VICTORY: 0.115

VICTORY: 0.951

VICTORY: 0.699

VICTORY: 0.527

VICTORY: 0.806

VICTORY: 0.266

VICTORY: 0.541

VICTORY: 0.376

VICTORY: 0.172

VICTORY: 0.558

VICTORY: 0.091

VICTORY: 0.198

VICTORY: 0.753

VICTORY: 0.699

VICTORY: 0.028

Loss: -2.137656

VICTORY: 0.136

VICTORY: 0.462

VICTORY: 0.682

VICTORY: 0.404

Loss: -2.119821

VICTORY: 0.747

VICTORY: 0.239

Loss: -8.692307

VICTORY: 0.796

VICTORY: 0.888

VICTORY: 0.395

VICTORY: 0.81

VICTORY: 0.313

Loss: -3.03666

VICTORY: 0.463

Loss: -2.658375

Loss: -8.462687

VICTORY: 0.832

VICTORY: 0.866

Loss: -5.132231

VICTORY: 0.344

Loss: -7.756757

VICTORY: 0.042

VICTORY: 0.108

Loss: -3.985075

VICTORY: 0.485

Loss: -9.064516

VICTORY: 0.285

Loss: -3.12766

VICTORY: 0.777

VICTORY: 0.972

VICTORY: 0.555

VICTORY: 0.191

VICTORY: 0.254

VICTORY: 0.888

VICTORY: 0.329

VICTORY: 0.023

VICTORY: 0.747

VICTORY: 0.647

VICTORY: 0.31

VICTORY: 0.228

VICTORY: 0.524

VICTORY: 0.669

Loss: -2.410437

VICTORY: 0.483

VICTORY: 0.635

Loss: -5.065041

Loss: -4.831418

Loss: -3.398082

VICTORY: 0.184

Loss: -2.589825

VICTORY: 0.03

VICTORY: 0.417

Loss: -3.09205

VICTORY: 0.417

VICTORY: 0.923

VICTORY: 0.903

Loss: -4.205128

VICTORY: 0.138

VICTORY: 0.954

VICTORY: 0.271

VICTORY: 0.693

VICTORY: 0.948

Loss: -4.663003

VICTORY: 0.982

Loss: -4.184713

VICTORY: 0.453

VICTORY: 0.389

VICTORY: 0.209

VICTORY: 0.452

VICTORY: 0.344

VICTORY: 0.231

VICTORY: 0.975

VICTORY: 0.793

VICTORY: 0.729

VICTORY: 0.018

VICTORY: 0.599

VICTORY: 0.543

VICTORY: 0.953

VICTORY: 0.806

VICTORY: 0.06

Loss: -2.133787

Loss: -2.197605

VICTORY: 0.992

Loss: -15.28571

VICTORY: 0.755

VICTORY: 0.957

VICTORY: 0.8

VICTORY: 0.886

VICTORY: 0.98

VICTORY: 0.021

Loss: -2.038422

VICTORY: 0.172

VICTORY: 0.602

VICTORY: 0.989

VICTORY: 0.979

VICTORY: 0.995

VICTORY: 0.941

Loss: -7.17284

VICTORY: 0.168

VICTORY: 0.367

VICTORY: 0.67

VICTORY: 0.74

VICTORY: 0.023

VICTORY: 0.229

VICTORY: 0.958

VICTORY: 0.923

VICTORY: 0.976

VICTORY: 0.531

VICTORY: 0.7

VICTORY: 0.34

Loss: -5.201681

VICTORY: 0.679

VICTORY: 0.278

VICTORY: 0.736

VICTORY: 0.663

Loss: -10.43396

VICTORY: 0.9

VICTORY: 0.401

VICTORY: 0.969

VICTORY: 0.738

VICTORY: 0.555

VICTORY: 0.467

VICTORY: 0.381

VICTORY: 0.527

Loss: -7.097561

VICTORY: 0.226

VICTORY: 0.087

VICTORY: 0.633

VICTORY: 0.893

VICTORY: 0.119

VICTORY: 0.628

VICTORY: 0.873

VICTORY: 0.985

Loss: -6.291005

VICTORY: 0.319

VICTORY: 0.987

Loss: -24.25581

VICTORY: 0.791

VICTORY: 0.088

Loss: -3.544529

VICTORY: 0.949

VICTORY: 0.173

Loss: -3.375297

Loss: -3.252252

Loss: -3.217295

Loss: -3.493766

Loss: -2.540832

VICTORY: 0.161

VICTORY: 0.437

VICTORY: 0.574

VICTORY: 0.646

VICTORY: 0.496

Loss: -5.237288

VICTORY: 0.012

VICTORY: 0.234

VICTORY: 0.89

VICTORY: 0.634

VICTORY: 0.69

VICTORY: 0.895

VICTORY: 0.129

Loss: -2.992032

Loss: -14.33333

Loss: -5.149378

Loss: -2.956947

VICTORY: 0.418

Loss: -4.003003

VICTORY: 0.869

VICTORY: 0.525

VICTORY: 0.862

VICTORY: 0.683

VICTORY: 0.378

Loss: -4.039514

VICTORY: 0.464

VICTORY: 0.715

VICTORY: 0.776

VICTORY: 0.449

VICTORY: 0.498

VICTORY: 0.457

VICTORY: 0.21

VICTORY: 0.709

Loss: -14.88889

VICTORY: 0.956

VICTORY: 0.085

VICTORY: 0.258

Loss: -9.547009

Loss: -7.060606

VICTORY: 0.022

VICTORY: 0.419

VICTORY: 0.944

Loss: -6.347594

VICTORY: 0.549

VICTORY: 0.951

VICTORY: 0.695

Loss: -9.264462

VICTORY: 0.449

VICTORY: 0.84

VICTORY: 0.85

VICTORY: 0.507

Loss: -13.34568

VICTORY: 0.558

VICTORY: 0.697

VICTORY: 0.002

Loss: -2.106195

VICTORY: 0.619

VICTORY: 0.17

VICTORY: 0.737

Loss: -3.747253

VICTORY: 0.808

VICTORY: 0.971

Loss: -5.366812

Loss: -4.90625

VICTORY: 0.421

Loss: -11.20408

VICTORY: 0.037

VICTORY: 0.291

Loss: -3.34192

Loss: -7.944445

VICTORY: 0.176

VICTORY: 0.207

VICTORY: 0.86

VICTORY: 0.282

Loss: -2.904762

VICTORY: 0.993

VICTORY: 0.638

VICTORY: 0.36

VICTORY: 0.801

VICTORY: 0.95

Loss: -3.832861

VICTORY: 0.477

VICTORY: 0.631

VICTORY: 0.245

Loss: -5.444445

Loss: -3.141328

VICTORY: 0.03

VICTORY: 0.159

VICTORY: 0.974

VICTORY: 0.758

VICTORY: 0.106

Loss: -3.415459

VICTORY: 0.554

VICTORY: 0.154

Loss: -4.690037

VICTORY: 0.424

Loss: -6.91716

VICTORY: 0.239

Loss: -3.123142

Loss: -19.18182

VICTORY: 0.467

VICTORY: 0.475

Loss: -4.802281

VICTORY: 0.97

VICTORY: 0.58

VICTORY: 0.985

VICTORY: 0.71

VICTORY: 0.489

VICTORY: 0.03

VICTORY: 0.37

Loss: -9.403361

Loss: -2.912046

VICTORY: 0.458

VICTORY: 0.003

Loss: -3.053388

Loss: -9.928572

VICTORY: 0.163

VICTORY: 0.197

VICTORY: 0.077

VICTORY: 0.98

Loss: -10.00901

VICTORY: 0.53

VICTORY: 0.841

VICTORY: 0.113

VICTORY: 0.123

Loss: -3.020202

VICTORY: 0.673

VICTORY: 0.162

Loss: -2.16144

Loss: -3.336449

VICTORY: 0.844

VICTORY: 0.645

VICTORY: 0.395

VICTORY: 0.109

VICTORY: 0.044

Loss: -3.770083

VICTORY: 0.06

VICTORY: 0.682

VICTORY: 0.146

Loss: -3.857143

VICTORY: 0.325

VICTORY: 0.011

VICTORY: 0.74

VICTORY: 0.608

Loss: -3.096436

VICTORY: 0.215

Loss: -2.960784

VICTORY: 0.99

VICTORY: 0.71

VICTORY: 0.332

VICTORY: 0.43

VICTORY: 0.564

VICTORY: 0.44

VICTORY: 0.978

Loss: -3.724796

VICTORY: 0.175

Loss: -2.144165

VICTORY: 0.006

VICTORY: 0.979

VICTORY: 0.673

VICTORY: 0.028

VICTORY: 0.648

VICTORY: 0.754

VICTORY: 0.53

Loss: -3.227171

Loss: -2.912046

VICTORY: 0.858

VICTORY: 0.498

VICTORY: 0.808

VICTORY: 0.89

VICTORY: 0.448

VICTORY: 0.937

Loss: -4.636364

Loss: -2.766784

VICTORY: 0.315

Loss: -2.037344

VICTORY: 0.828

VICTORY: 0.794

VICTORY: 0.225

VICTORY: 0.14

VICTORY: 0.923

VICTORY: 0.22

VICTORY: 0.908

VICTORY: 0.65

VICTORY: 0.74

VICTORY: 0.837

VICTORY: 0.775

Loss: -3.849003

VICTORY: 0.368

VICTORY: 0.007

GRPC Exception: Status(StatusCode=Unknown, Detail="Stream removed"). Disconnecting from trainer.

Setting up 4 worker threads for Enlighten.
  Thread -> id: 2fc8 -> priority: 1 
  Thread -> id: 2460 -> priority: 1 
  Thread -> id: 24ac -> priority: 1 
  Thread -> id: 2338 -> priority: 1 
