Mono path[0] = 'C:/Users/ashyk/Documents/GitHub/Unity-AI/completed_build/Spacy_Data/Managed'
Mono config path = 'C:/Users/ashyk/Documents/GitHub/Unity-AI/completed_build/MonoBleedingEdge/etc'
Initialize engine version: 2020.3.9f1 (108be757e447)
[Subsystems] Discovering subsystems at path C:/Users/ashyk/Documents/GitHub/Unity-AI/completed_build/Spacy_Data/UnitySubsystems
Forcing GfxDevice: Null
GfxDevice: creating device client; threaded=0
NullGfxDevice:
    Version:  NULL 1.0 [1.0]
    Renderer: Null Device
    Vendor:   Unity Technologies
Begin MonoManager ReloadAssembly
- Completed reload, in  0.920 seconds
ERROR: Shader Sprites/Default shader is not supported on this GPU (none of subshaders/fallbacks are suitable)
Microsoft Media Foundation video decoding to texture disabled: graphics device is Null, only Direct3D 11 and Direct3D 12 (only on desktop) are supported.
ERROR: Shader Sprites/Mask shader is not supported on this GPU (none of subshaders/fallbacks are suitable)
ERROR: Shader Legacy Shaders/Particles/Additive shader is not supported on this GPU (none of subshaders/fallbacks are suitable)
ERROR: Shader Legacy Shaders/Particles/Alpha Blended Premultiply shader is not supported on this GPU (none of subshaders/fallbacks are suitable)
ERROR: Shader Legacy Shaders/Particles/Alpha Blended shader is not supported on this GPU (none of subshaders/fallbacks are suitable)
UnloadTime: 1.054200 ms
Fallback handler could not load library C:/Users/ashyk/Documents/GitHub/Unity-AI/completed_build/Spacy_Data/Mono/libcoreclr.so
Fallback handler could not load library C:/Users/ashyk/Documents/GitHub/Unity-AI/completed_build/Spacy_Data/Mono/libcoreclr.so.dll
Fallback handler could not load library C:/Users/ashyk/Documents/GitHub/Unity-AI/completed_build/Spacy_Data/Mono/libcoreclr.so
Fallback handler could not load library C:/Users/ashyk/Documents/GitHub/Unity-AI/completed_build/Spacy_Data/Mono/libdl.so
Fallback handler could not load library C:/Users/ashyk/Documents/GitHub/Unity-AI/completed_build/Spacy_Data/Mono/libdl.so.dll
Fallback handler could not load library C:/Users/ashyk/Documents/GitHub/Unity-AI/completed_build/Spacy_Data/Mono/libdl.so
Fallback handler could not load library C:/Users/ashyk/Documents/GitHub/Unity-AI/completed_build/Spacy_Data/Mono/libSystem.dylib
Fallback handler could not load library C:/Users/ashyk/Documents/GitHub/Unity-AI/completed_build/Spacy_Data/Mono/libSystem.dylib.dll
Fallback handler could not load library C:/Users/ashyk/Documents/GitHub/Unity-AI/completed_build/Spacy_Data/Mono/libSystem.dylib
Fallback handler could not load library C:/Users/ashyk/Documents/GitHub/Unity-AI/completed_build/Spacy_Data/Mono/libcoreclr.so
Fallback handler could not load library C:/Users/ashyk/Documents/GitHub/Unity-AI/completed_build/Spacy_Data/Mono/libcoreclr.so.dll
Fallback handler could not load library C:/Users/ashyk/Documents/GitHub/Unity-AI/completed_build/Spacy_Data/Mono/libcoreclr.so
Fallback handler could not load library C:/Users/ashyk/Documents/GitHub/Unity-AI/completed_build/Spacy_Data/Mono/libdl.so
Fallback handler could not load library C:/Users/ashyk/Documents/GitHub/Unity-AI/completed_build/Spacy_Data/Mono/libdl.so.dll
Fallback handler could not load library C:/Users/ashyk/Documents/GitHub/Unity-AI/completed_build/Spacy_Data/Mono/libdl.so
Fallback handler could not load library C:/Users/ashyk/Documents/GitHub/Unity-AI/completed_build/Spacy_Data/Mono/libSystem.dylib
Fallback handler could not load library C:/Users/ashyk/Documents/GitHub/Unity-AI/completed_build/Spacy_Data/Mono/libSystem.dylib.dll
Fallback handler could not load library C:/Users/ashyk/Documents/GitHub/Unity-AI/completed_build/Spacy_Data/Mono/libSystem.dylib
Loss: -1

Loss: -1

Loss: -1

Loss: -1

VICTORY: 0.435

Loss: -1

VICTORY: 0.191

Loss: -1

Loss: -1

Loss: -1

Loss: -1

Loss: -1

VICTORY: 0.232

Loss: -1

Loss: -1

Loss: -1

Loss: -1

Loss: -1

Loss: -1

Loss: -1

Loss: -1

Loss: -1

VICTORY: 0.514

Loss: -1

Loss: -1

Loss: -1

Loss: -1

Loss: -1

Loss: -1

Loss: -1

VICTORY: 0.101

VICTORY: 0.829

Loss: -1

Loss: -1

Loss: -1

Loss: -1

VICTORY: 0.835

Loss: -1

Loss: -1

VICTORY: 0.146

Loss: -1

VICTORY: 0.11

Loss: -1

VICTORY: 0.143

Loss: -1

Loss: -1

Loss: -1

Loss: -1

VICTORY: 0.444

Loss: -1

VICTORY: 0.331

Loss: -1

Loss: -1

Loss: -1

VICTORY: 0.502

Loss: -1

Loss: -1

Loss: -1

VICTORY: 0.139

VICTORY: 0.112

Loss: -1

Loss: -1

Loss: -1

VICTORY: 0.296

Loss: -1

Loss: -1

Loss: -1

Loss: -1

VICTORY: 0.127

Loss: -1

VICTORY: 0.649

Loss: -1

VICTORY: 0.771

Loss: -1

Loss: -1

Loss: -1

VICTORY: 0.086

VICTORY: 0.927

Loss: -1

Loss: -1

VICTORY: 0.321

Loss: -1

VICTORY: 0.125

Loss: -1

Loss: -1

Loss: -1

VICTORY: 0.703

VICTORY: 0.855

VICTORY: 0.078

VICTORY: 0.18

Loss: -1

VICTORY: 0.373

VICTORY: 0.124

VICTORY: 0.215

VICTORY: 0.68

Loss: -1

Loss: -1

Loss: -1

VICTORY: 0.274

Loss: -1

Loss: -1

Loss: -1

VICTORY: 0.163

Loss: -1

Loss: -1

Loss: -1

Loss: -1

VICTORY: 0.169

Loss: -1

Loss: -1

VICTORY: 0.093

Loss: -1

VICTORY: 0.131

VICTORY: 0.089

Loss: -1

Loss: -1

Loss: -1

Loss: -1

Loss: -1

Loss: -1

Loss: -1

Loss: -1

Loss: -1

Loss: -1

VICTORY: 0.534

Loss: -1

Loss: -1

Loss: -1

VICTORY: 0.077

Loss: -1

Loss: -1

Loss: -1

Loss: -1

Loss: -1

VICTORY: 0.81

Loss: -1

Loss: -1

Loss: -1

VICTORY: 0.837

Loss: -1

Loss: -1

Loss: -1

Loss: -1

Loss: -1

Loss: -1

Loss: -1

VICTORY: 0.105

Loss: -1

Loss: -1

Loss: -1

Loss: -1

Loss: -1

Loss: -1

VICTORY: 0.157

Loss: -1

Loss: -1

Loss: -1

Loss: -1

Loss: -1

Loss: -1

VICTORY: 0.358

Loss: -1

Loss: -1

VICTORY: 0.079

VICTORY: 0.4

Loss: -1

Loss: -1

Loss: -1

Loss: -1

Loss: -1

Loss: -1

Loss: -1

Loss: -1

VICTORY: 0.744

Loss: -1

Loss: -1

VICTORY: 0.688

VICTORY: 0.6

Loss: -1

Loss: -1

Loss: -1

Loss: -1

VICTORY: 0.571

VICTORY: 0.8

VICTORY: 0.115

VICTORY: 0.494

Loss: -1

Loss: -1

Loss: -1

VICTORY: 0.165

Loss: -1

Loss: -1

VICTORY: 0.072

Loss: -1

VICTORY: 0.122

VICTORY: 0.172

Loss: -1

VICTORY: 0.109

Loss: -1

