Mono path[0] = 'C:/Users/potpa/OneDrive/Documents/GitHub/Unity-AI/completed_build/Spacy_Data/Managed'
Mono config path = 'C:/Users/potpa/OneDrive/Documents/GitHub/Unity-AI/completed_build/MonoBleedingEdge/etc'
Initialize engine version: 2020.3.9f1 (108be757e447)
[Subsystems] Discovering subsystems at path C:/Users/potpa/OneDrive/Documents/GitHub/Unity-AI/completed_build/Spacy_Data/UnitySubsystems
Forcing GfxDevice: Null
GfxDevice: creating device client; threaded=0
NullGfxDevice:
    Version:  NULL 1.0 [1.0]
    Renderer: Null Device
    Vendor:   Unity Technologies
Begin MonoManager ReloadAssembly
- Completed reload, in  0.169 seconds
ERROR: Shader Sprites/Default shader is not supported on this GPU (none of subshaders/fallbacks are suitable)
Microsoft Media Foundation video decoding to texture disabled: graphics device is Null, only Direct3D 11 and Direct3D 12 (only on desktop) are supported.
ERROR: Shader Sprites/Mask shader is not supported on this GPU (none of subshaders/fallbacks are suitable)
ERROR: Shader Legacy Shaders/Particles/Additive shader is not supported on this GPU (none of subshaders/fallbacks are suitable)
ERROR: Shader Legacy Shaders/Particles/Alpha Blended Premultiply shader is not supported on this GPU (none of subshaders/fallbacks are suitable)
ERROR: Shader Legacy Shaders/Particles/Alpha Blended shader is not supported on this GPU (none of subshaders/fallbacks are suitable)
UnloadTime: 0.871900 ms
Fallback handler could not load library C:/Users/potpa/OneDrive/Documents/GitHub/Unity-AI/completed_build/Spacy_Data/Mono/libcoreclr.so
Fallback handler could not load library C:/Users/potpa/OneDrive/Documents/GitHub/Unity-AI/completed_build/Spacy_Data/Mono/libcoreclr.so.dll
Fallback handler could not load library C:/Users/potpa/OneDrive/Documents/GitHub/Unity-AI/completed_build/Spacy_Data/Mono/libcoreclr.so
Fallback handler could not load library C:/Users/potpa/OneDrive/Documents/GitHub/Unity-AI/completed_build/Spacy_Data/Mono/libdl.so
Fallback handler could not load library C:/Users/potpa/OneDrive/Documents/GitHub/Unity-AI/completed_build/Spacy_Data/Mono/libdl.so.dll
Fallback handler could not load library C:/Users/potpa/OneDrive/Documents/GitHub/Unity-AI/completed_build/Spacy_Data/Mono/libdl.so
Fallback handler could not load library C:/Users/potpa/OneDrive/Documents/GitHub/Unity-AI/completed_build/Spacy_Data/Mono/libSystem.dylib
Fallback handler could not load library C:/Users/potpa/OneDrive/Documents/GitHub/Unity-AI/completed_build/Spacy_Data/Mono/libSystem.dylib.dll
Fallback handler could not load library C:/Users/potpa/OneDrive/Documents/GitHub/Unity-AI/completed_build/Spacy_Data/Mono/libSystem.dylib
Fallback handler could not load library C:/Users/potpa/OneDrive/Documents/GitHub/Unity-AI/completed_build/Spacy_Data/Mono/libcoreclr.so
Fallback handler could not load library C:/Users/potpa/OneDrive/Documents/GitHub/Unity-AI/completed_build/Spacy_Data/Mono/libcoreclr.so.dll
Fallback handler could not load library C:/Users/potpa/OneDrive/Documents/GitHub/Unity-AI/completed_build/Spacy_Data/Mono/libcoreclr.so
Fallback handler could not load library C:/Users/potpa/OneDrive/Documents/GitHub/Unity-AI/completed_build/Spacy_Data/Mono/libdl.so
Fallback handler could not load library C:/Users/potpa/OneDrive/Documents/GitHub/Unity-AI/completed_build/Spacy_Data/Mono/libdl.so.dll
Fallback handler could not load library C:/Users/potpa/OneDrive/Documents/GitHub/Unity-AI/completed_build/Spacy_Data/Mono/libdl.so
Fallback handler could not load library C:/Users/potpa/OneDrive/Documents/GitHub/Unity-AI/completed_build/Spacy_Data/Mono/libSystem.dylib
Fallback handler could not load library C:/Users/potpa/OneDrive/Documents/GitHub/Unity-AI/completed_build/Spacy_Data/Mono/libSystem.dylib.dll
Fallback handler could not load library C:/Users/potpa/OneDrive/Documents/GitHub/Unity-AI/completed_build/Spacy_Data/Mono/libSystem.dylib
failed to get 100ns ticks
Started

Started

Started

Started

Started

Started

Started

Started

Started

Started

Started

Started

Started

Started

Started

Started

Loss: -3.840909

Loss: -3.777778

VICTORY: 0.899

Loss: -2.70068

Loss: -2.552795

VICTORY: 0.34

Loss: -2.470588

Loss: -10.61539

Loss: -2.251565

Loss: -2.239157

Loss: -5.464286

Loss: -2.009082

Loss: -2.845018

VICTORY: 0.488

VICTORY: 0.85

Loss: -2.926782

Loss: -2.72117

Loss: -4.546099

VICTORY: 0.678

VICTORY: 0.464

Loss: -3.34192

VICTORY: 0.53

Loss: -3.028398

Loss: -3.762431

VICTORY: 0.747

Loss: -4.984064

Loss: -4.717472

VICTORY: 0.369

Loss: -2.512859

VICTORY: 0.346

VICTORY: 0.62

Loss: -4.174603

VICTORY: 0.433

VICTORY: 0.1

VICTORY: 0.649

VICTORY: 0.051

VICTORY: 0.356

VICTORY: 0.338

VICTORY: 0.747

Loss: -2.968504

VICTORY: 0.102

VICTORY: 0.158

VICTORY: 0.402

Loss: -2.116071

Loss: -2.647446

Loss: -7.622517

VICTORY: 0.423

VICTORY: 0.985

Loss: -2.272265

VICTORY: 0.346

Loss: -5.255319

VICTORY: 0.372

VICTORY: 0.966

VICTORY: 0.276

Loss: -6.952381

VICTORY: 0.439

VICTORY: 0.494

Loss: -4.333333

VICTORY: 0.964

Loss: -2.886792

Loss: -2.189061

VICTORY: 0.755

Loss: -2.05042

Loss: -2.642036

VICTORY: 0.92

Loss: -7.024096

Loss: -3.336449

VICTORY: 0.458

VICTORY: 0.878

Loss: -3.86533

Loss: -10.80392

Loss: -2.908397

Loss: -7.134969

Loss: -2.22549

VICTORY: 0.305

Loss: -8.936508

Loss: -8.246377

Loss: -2.464129

Loss: -2.16144

Loss: -2.869159

VICTORY: 0.855

Loss: -5.587156

Loss: -8.692307

Loss: -7.622517

VICTORY: 0.793

Loss: -3.070393

VICTORY: 0.725

VICTORY: 0.69

VICTORY: 0.071

VICTORY: 0.353

Loss: -3.95858

VICTORY: 0.298

Loss: -2.615509

VICTORY: 0.158

VICTORY: 0.267

Loss: -7.17284

Loss: -3.293578

Loss: -6.050505

VICTORY: 0.601

VICTORY: 0.803

VICTORY: 0.637

Loss: -2.54321

VICTORY: 0.423

VICTORY: 0.349

VICTORY: 0.024

VICTORY: 0.737

VICTORY: 0.736

Loss: -3.118644

Loss: -3.793296

Loss: -2.785714

Loss: -2.592357

Loss: -3.247191

Loss: -2.20048

VICTORY: 0.874

Loss: -2.5625

Loss: -2.345895

Loss: -2.010101

VICTORY: 0.944

Loss: -4.215434

Loss: -2.298701

Loss: -5.651163

Loss: -3.040816

VICTORY: 0.159

VICTORY: 0.992

VICTORY: 0.569

VICTORY: 0.656

Loss: -2.283697

Loss: -3.386635

VICTORY: 0.093

Loss: -2.253133

VICTORY: 0.857

VICTORY: 0.704

Loss: -2.72117

VICTORY: 0.128

VICTORY: 0.985

Loss: -3.105263

Loss: -4.690037

Loss: -5.587156

VICTORY: 0.624

VICTORY: 0.818

Loss: -5.716981

VICTORY: 0.552

Loss: -8.462687

VICTORY: 0.868

Loss: -2.162791

Loss: -4.236246

VICTORY: 0.786

Loss: -5.065041

Loss: -9.849558

VICTORY: 0.236

VICTORY: 0.825

Loss: -2.54321

VICTORY: 0.046

Loss: -2.626016

VICTORY: 0.477

Loss: -2.432665

Loss: -2.081081

Loss: -6.128205

Loss: -5.504505

Loss: -9.130081

VICTORY: 0.054

Loss: -7.097561

VICTORY: 0.99

Loss: -2.16144

VICTORY: 0.044

Loss: -6.91716

Loss: -3.392344

Loss: -5.385965

VICTORY: 0.639

Loss: -12.23596

VICTORY: 0.935

VICTORY: 0.963

Loss: -4.831418

Loss: -3.702703

Loss: -9.196721

VICTORY: 0.87

Loss: -2.124859

VICTORY: 0.52

Loss: -3.538071

Loss: -2.123595

VICTORY: 0.908

Loss: -3.95858

VICTORY: 0.319

Loss: -4.389831

Loss: -2.329787

VICTORY: 0.531

Loss: -7.896552

VICTORY: 0.889

VICTORY: 0.271

Loss: -2.436782

Loss: -2.091703

VICTORY: 0.368

Loss: -2.996008

Loss: -2.831502

VICTORY: 0.443

Loss: -5.444445

Loss: -4.436426

VICTORY: 0.245

VICTORY: 0.954

Loss: -10.52381

VICTORY: 0.36

Loss: -2.218027

Loss: -7.849315

Loss: -6.181347

Loss: -3.967359

Loss: -4.154574

VICTORY: 0.17

Loss: -3.439024

Loss: -2.36612

VICTORY: 0.055

VICTORY: 0.512

VICTORY: 0.865

Loss: -2.876173

Loss: -2.385041

VICTORY: 0.236

VICTORY: 0.539

VICTORY: 0.305

VICTORY: 0.986

Loss: -2.930502

Loss: -2.088139

VICTORY: 0.88

Loss: -2.135074

Loss: -9.620689

Loss: -7.896552

VICTORY: 0.276

VICTORY: 0.885

VICTORY: 0.119

VICTORY: 0.927

Loss: -7.578948

VICTORY: 0.008

VICTORY: 0.311

VICTORY: 0.956

VICTORY: 0.778

VICTORY: 0.836

Loss: -2.333333

VICTORY: 0.558

VICTORY: 0.613

Loss: -2.069519

Loss: -3.525253

VICTORY: 0.429

VICTORY: 0.282

VICTORY: 0.539

Loss: -4.08642

Loss: -2.218027

VICTORY: 0.979

VICTORY: 0.643

VICTORY: 0.583

Loss: -5.032258

Loss: -3.624672

Loss: -2.283697

VICTORY: 0.323

Loss: -3.48139

Loss: -6.681818

Loss: -2.464129

Loss: -5.901961

VICTORY: 0.134

Loss: -2.414427

VICTORY: 0.273

VICTORY: 0.923

Loss: -2.481482

VICTORY: 0.282

VICTORY: 0.396

Loss: -2.428571

VICTORY: 0.884

VICTORY: 0.465

VICTORY: 0.669

Loss: -7.17284

Loss: -2.369863

VICTORY: 0.583

Loss: -2.168224

VICTORY: 0.235

Loss: -4.04878

VICTORY: 0.137

Loss: -17.12903

Loss: -2.101322

Loss: -2.633987

VICTORY: 0.6

VICTORY: 0.703

Loss: -8.633588

VICTORY: 0.629

Loss: -2.231527

Loss: -2.589825

VICTORY: 0.648

VICTORY: 0.51

VICTORY: 0.016

Loss: -8.874016

VICTORY: 0.667

VICTORY: 0.3

VICTORY: 0.269

VICTORY: 0.932

VICTORY: 0.645

Loss: -3.86533

VICTORY: 0.168

VICTORY: 0.965

Loss: -3.314815

VICTORY: 0.85

VICTORY: 0.067

VICTORY: 0.91

VICTORY: 0.765

Loss: -2.960784

Loss: -5.347826

Loss: -2.015229

Loss: -2.085776

VICTORY: 0.504

Loss: -2.256281

VICTORY: 0.739

Loss: -11.30928

Loss: -3.702703

VICTORY: 0.607

Loss: -2.086957

Loss: -2.904762

VICTORY: 0.879

VICTORY: 0.883

VICTORY: 0.726

VICTORY: 0.401

Loss: -2.589825

VICTORY: 0.709

VICTORY: 0.199

VICTORY: 0.707

Loss: -3.427185

VICTORY: 0.284

Loss: -4.058104

Loss: -2.727116

VICTORY: 0.327

VICTORY: 0.562

VICTORY: 0.705

Loss: -6.494505

VICTORY: 0.017

Loss: -6.347594

Loss: -2.261034

VICTORY: 0.442

Loss: -4.508772

Loss: -3.673797

Loss: -4.095975

Loss: -3.493766

VICTORY: 0.9

VICTORY: 0.134

VICTORY: 0.668

Loss: -2.270648

Loss: -7.535948

Loss: -2.256281

VICTORY: 0.733

Loss: -3.141328

Loss: -2.117318

Loss: -6.847953

Loss: -6.128205

VICTORY: 0.015

Loss: -5.201681

VICTORY: 0.266

VICTORY: 0.486

VICTORY: 0.793

Loss: -3.178649

Loss: -3.004008

Loss: -8.352942

VICTORY: 0.258

VICTORY: 0.569

Loss: -3.247191

VICTORY: 0.403

Loss: -4.412969

Loss: -2.956947

VICTORY: 0.019

VICTORY: 0.712

VICTORY: 0.466

Loss: -2.680672

VICTORY: 0.754

Loss: -3.949852

VICTORY: 0.433

VICTORY: 0.786

Loss: -2.104972

Loss: -2.308901

VICTORY: 0.431

VICTORY: 0.85

VICTORY: 0.957

VICTORY: 0.863

VICTORY: 0.972

VICTORY: 0.495

VICTORY: 0.146

VICTORY: 0.634

VICTORY: 0.435

VICTORY: 0.841

Loss: -17.66667

VICTORY: 0.94

VICTORY: 0.729

VICTORY: 0.485

Loss: -9.928572

VICTORY: 0.316

Loss: -4.04878

Loss: -5.784689

Loss: -3.475248

Loss: -2.118568

Loss: -3.212389

VICTORY: 0.137

VICTORY: 0.853

Loss: -11.10101

VICTORY: 0.958

VICTORY: 0.282

VICTORY: 0.856

VICTORY: 0.429

Loss: -2.757469

VICTORY: 0.035

Loss: -5.761905

Loss: -6.434783

Loss: -5.291845

Loss: -2.432665

Loss: -16.38461

Loss: -5.854369

Loss: -4.311258

Loss: -2.893939

VICTORY: 0.813

VICTORY: 0.37

VICTORY: 0.231

Loss: -4.484321

VICTORY: 0.77

VICTORY: 0.506

Loss: -4.205128

Loss: -2.934236

Loss: -2.262626

VICTORY: 0.793

Loss: -2.901141

Loss: -2.216545

VICTORY: 0.895

VICTORY: 0.076

VICTORY: 0.26

Loss: -5.739336

VICTORY: 0.981

VICTORY: 0.893

VICTORY: 0.956

VICTORY: 0.061

Loss: -2.779359

VICTORY: 0.701

VICTORY: 0.919

Loss: -2.383126

Loss: -2.104972

VICTORY: 0.354

Loss: -2.044932

Loss: -2.088139

Loss: -7.451613

Loss: -2.166861

VICTORY: 0.683

Loss: -4.460207

VICTORY: 0.695

Loss: -5.149378

VICTORY: 0.701

Loss: -2.677852

VICTORY: 0.152

VICTORY: 0.295

VICTORY: 0.397

Loss: -2.508296

VICTORY: 0.181

Loss: -4.067485

VICTORY: 0.225

Loss: -7.060606

VICTORY: 0.632

Loss: -2.317523

Loss: -2.984127

Loss: -2.015229

Loss: -2.054852

Loss: -2.371742

VICTORY: 0.721

Loss: -4.401361

VICTORY: 0.099

VICTORY: 0.466

VICTORY: 0.72

VICTORY: 0.764

Loss: -7.25

VICTORY: 0.189

Loss: -3.024292

Loss: -2.605136

VICTORY: 0.601

Loss: -5.032258

VICTORY: 0.996

Loss: -2.54321

Loss: -6.91716

Loss: -4.703704

VICTORY: 0.287

Loss: -8.751938

Loss: -2.626016

VICTORY: 0.452

Loss: -4.460207

VICTORY: 0.143

Loss: -4.401361

Loss: -2.724138

Loss: -2.715266

VICTORY: 0.705

Loss: -2.20773

Loss: -2.474926

Loss: -6

VICTORY: 0.315

Loss: -2.117318

Loss: -6.813953

Loss: -7.060606

Loss: -10.09091

Loss: -7.896552

VICTORY: 0.894

VICTORY: 0.847

VICTORY: 0.397

Loss: -4.816794

Loss: -2.557632

VICTORY: 0.604

Loss: -2.298701

Loss: -2.848429

Loss: -2.572327

Loss: -8.142858

VICTORY: 0.787

VICTORY: 0.223

Loss: -2.239157

Loss: -2.071811

VICTORY: 0.761

VICTORY: 0.626

Loss: -6.347594

Loss: -4.389831

Loss: -2.564945

Loss: -4.278688

VICTORY: 0.155

VICTORY: 0.4

Loss: -4.787879

VICTORY: 0.234

Loss: -2.098901

VICTORY: 0.64

Loss: -6

VICTORY: 0.175

Loss: -6.208333

Loss: -3.028398

VICTORY: 0.424

Loss: -2.926782

Loss: -2.912046

Loss: -2.6

Loss: -2.636661

Loss: -14.1579

Loss: -2.321004

VICTORY: 0.883

VICTORY: 0.385

VICTORY: 0.151

VICTORY: 0.687

VICTORY: 0.281

VICTORY: 0.356

Loss: -2.414427

VICTORY: 0.676

Loss: -2.550388

Loss: -2.28041

Loss: -13.82051

VICTORY: 0.46

Loss: -3.457002

Loss: -3.747253

Loss: -8.575758

Loss: -5.807693

VICTORY: 0.262

Loss: -5.032258

Loss: -2.552795

VICTORY: 0.837

VICTORY: 0.232

Loss: -9.695652

Loss: -2.828154

VICTORY: 0.982

VICTORY: 0.357

VICTORY: 0.933

VICTORY: 0.22

VICTORY: 0.354

VICTORY: 0.126

VICTORY: 0.979

Loss: -2.879699

VICTORY: 0.687

VICTORY: 0.709

Loss: -2.345895

VICTORY: 0.887

Loss: -2.36612

VICTORY: 0.537

Loss: -2.321004

Loss: -2.49925

VICTORY: 0.264

VICTORY: 0.091

Loss: -2.049318

Loss: -2.587301

VICTORY: 0.598

Loss: -4.367003

Loss: -2.577287

Loss: -4.533569

VICTORY: 0.091

VICTORY: 0.198

Loss: -5.273504

Loss: -4.773585

VICTORY: 0.784

VICTORY: 0.718

VICTORY: 0.717

VICTORY: 0.989

Loss: -2.236094

Loss: -4.571429

VICTORY: 0.898

VICTORY: 0.02

Loss: -4.174603

VICTORY: 0.428

VICTORY: 0.816

Loss: -3.008032

Loss: -2.754386

VICTORY: 0.905

VICTORY: 0.439

Loss: -4.355705

VICTORY: 0.891

VICTORY: 0.008

VICTORY: 0.475

VICTORY: 0.873

Loss: -13.98701

Loss: -3.890173

Loss: -12.23596

Loss: -2.222494

Loss: -2.072961

Loss: -4.558719

Loss: -5.524887

Loss: -2.049318

VICTORY: 0.328

VICTORY: 0.205

Loss: -2.20048

Loss: -7.17284

VICTORY: 0.293

Loss: -3.141328

Loss: -3.237136

Loss: -3.493766

Loss: -2.078749

Loss: -3.164502

Loss: -4.125

Loss: -2.466276

Loss: -2.019368

Loss: -2.30039

Loss: -10.90099

VICTORY: 0.934

VICTORY: 0.155

Loss: -2.142857

VICTORY: 0.968

Loss: -2.893939

VICTORY: 0.968

VICTORY: 0.362

VICTORY: 0.966

VICTORY: 0.434

VICTORY: 0.32

Loss: -3.212389

VICTORY: 0.856

VICTORY: 0.376

VICTORY: 0.511

Loss: -2.285347

VICTORY: 0.591

Loss: -9.928572

VICTORY: 0.799

Loss: -7.756757

VICTORY: 0.74

VICTORY: 0.792

VICTORY: 0.191

Loss: -3.331002

VICTORY: 0.355

VICTORY: 0.674

Loss: -3.35849

VICTORY: 0.272

Loss: -4.663003

Loss: -2.011122

VICTORY: 0.254

Loss: -5.032258

Loss: -2.251565

VICTORY: 0.035

VICTORY: 0.374

Loss: -2.828154

VICTORY: 0.442

VICTORY: 0.149

VICTORY: 0.442

VICTORY: 0.6

Loss: -3.770083

Loss: -3.695418

Loss: -2.497006

VICTORY: 0.009

VICTORY: 0.118

VICTORY: 0.654

Loss: -5.651163

Loss: -2.383126

VICTORY: 0.551

Loss: -2.164144

VICTORY: 0.008

Loss: -5.291845

VICTORY: 0.257

Loss: -4.236246

VICTORY: 0.784

Loss: -3.5

Loss: -2.666667

Loss: -2.158749

Loss: -3.739726

VICTORY: 0.816

VICTORY: 0.675

VICTORY: 0.156

VICTORY: 0.897

Loss: -2.349528

Loss: -5.901961

VICTORY: 0.265

VICTORY: 0.487

VICTORY: 0.527

Loss: -8.692307

Loss: -2.144165

Loss: -2.37931

VICTORY: 0.633

Loss: -2.996008

VICTORY: 0.555

Loss: -2.328021

VICTORY: 0.74

Loss: -6.747127

Loss: -2.10011

Loss: -2.381216

VICTORY: 0.519

VICTORY: 0.698

Loss: -3.915452

VICTORY: 0.568

Loss: -2.72117

VICTORY: 0.227

VICTORY: 0.425

VICTORY: 0.046

Loss: -2.101322

VICTORY: 0.412

VICTORY: 0.081

Loss: -4.311258

Loss: -4.355705

VICTORY: 0.238

Loss: -4.389831

VICTORY: 0.209

Loss: -2.564945

VICTORY: 0.519

VICTORY: 0.603

Loss: -2.021451

Loss: -2.269036

VICTORY: 0.109

Loss: -3.083333

VICTORY: 0.81

VICTORY: 0.939

Loss: -4.496503

VICTORY: 0.365

VICTORY: 0.678

Loss: -3.590674

Loss: -3.320186

VICTORY: 0.658

Loss: -6.102041

VICTORY: 0.452

VICTORY: 0.43

VICTORY: 0.641

Loss: -2.287001

Loss: -3.747253

Loss: -2.937984

VICTORY: 0.671

VICTORY: 0.03

VICTORY: 0.011

Loss: -2.078749

Loss: -3.673797

VICTORY: 0.389

Loss: -2.490313

VICTORY: 0.771

VICTORY: 0.438

VICTORY: 0.823

Loss: -2.724138

VICTORY: 0.803

VICTORY: 0.782

VICTORY: 0.36

Loss: -2.165501

Loss: -3.298851

VICTORY: 0.129

Loss: -3.247191

VICTORY: 0.463

Loss: -2.364256

Loss: -7.024096

Loss: -2.430615

Loss: -5.878049

Loss: -7.622517

VICTORY: 0.665

VICTORY: 0.155

Loss: -4.076923

VICTORY: 0.068

Loss: -2.628664

Loss: -8.518797

VICTORY: 0.977

Loss: -2.114827

VICTORY: 0.048

VICTORY: 0.758

VICTORY: 0.295

VICTORY: 0.83

VICTORY: 0.89

Loss: -3.314815

Loss: -6.524862

Loss: -3.710027

Loss: -5.784689

Loss: -3.544529

VICTORY: 0.045

Loss: -5.405286

VICTORY: 0.823

Loss: -2.386963

Loss: -2.845018

Loss: -11.10101

Loss: -3.604167

VICTORY: 0.871

VICTORY: 0.799

VICTORY: 0.339

Loss: -2.001001

Loss: -10.70874

VICTORY: 0.328

VICTORY: 0.896

VICTORY: 0.562

Loss: -2.081081

Loss: -18.24138

Loss: -5.184101

Loss: -2.041667

VICTORY: 0.415

VICTORY: 0.159

VICTORY: 0.683

Loss: -6

Loss: -2.18624

VICTORY: 0.68

Loss: -3.320186

Loss: -8.246377

Loss: -3.277904

Loss: -3.164502

Loss: -2.006036

VICTORY: 0.28

VICTORY: 0.248

VICTORY: 0.163

VICTORY: 0.695

Loss: -2.261034

Loss: -4.236246

VICTORY: 0.18

VICTORY: 0.404

VICTORY: 0.621

VICTORY: 0.252

Loss: -2.058201

Loss: -6.882353

Loss: -4.215434

VICTORY: 0.212

Loss: -2.01833

Loss: -2.213592

VICTORY: 0.993

Loss: -2.730104

VICTORY: 0.393

VICTORY: 0.751

VICTORY: 0.904

Loss: -3.915452

VICTORY: 0.968

Loss: -2.77305

VICTORY: 0.431

Loss: -4.012048

VICTORY: 0.692

Loss: -2.055966

Loss: -2.20919

VICTORY: 0.324

Loss: -2.031992

VICTORY: 0.969

Loss: -2.221001

Loss: -2.127396

VICTORY: 0.729

VICTORY: 0.342

Loss: -2.351351

Loss: -3.409639

Loss: -3.074689

VICTORY: 0.363

VICTORY: 0.871

VICTORY: 0.915

VICTORY: 0.779

Loss: -2.633987

Loss: -2.890359

Loss: -2.972387

Loss: -5.016064

VICTORY: 0.473

Loss: -2.077586

VICTORY: 0.261

Loss: -2.416431

VICTORY: 0.657

Loss: -2.519757

Loss: -3.262444

Loss: -13.04819

VICTORY: 0.664

VICTORY: 0.779

VICTORY: 0.119

Loss: -2.689189

VICTORY: 0.76

Loss: -6.154639

Loss: -3.331002

Loss: -4.436426

VICTORY: 0.713

Loss: -2.358696

Loss: -2.191895

Loss: -2.256281

Loss: -2.388889

Loss: -2.848429

VICTORY: 0.608

VICTORY: 0.959

VICTORY: 0.269

VICTORY: 0.315

Loss: -2.335114

Loss: -2.706485

VICTORY: 0.313

VICTORY: 0.425

Loss: -2.102536

Loss: -11

Loss: -10.61539

Loss: -2.647446

VICTORY: 0.036

Loss: -5.065041

Loss: -2.865672

Loss: -15.08451

Loss: -4.745318

Loss: -2.449275

Loss: -2.912046

Loss: -7.134969

Loss: -2.751313

VICTORY: 0.896

VICTORY: 0.364

VICTORY: 0.676

Loss: -2.718213

Loss: -2.644737

Loss: -2.672241

VICTORY: 0.958

Loss: -7.896552

Loss: -2.148106

VICTORY: 0.543

VICTORY: 0.221

Loss: -2.219512

Loss: -3.222222

Loss: -2.503759

Loss: -7.410256

Loss: -4.412969

VICTORY: 0.645

Loss: -5.524887

Loss: -3.849003

VICTORY: 0.885

VICTORY: 0.563

Loss: -4.649635

Loss: -5.048583

Loss: -2.960784

Loss: -3.777778

Loss: -2.191895

VICTORY: 0.364

Loss: -3.283105

Loss: -9.474576

Loss: -3.557545

Loss: -6.780347

VICTORY: 0.564

VICTORY: 0.057

VICTORY: 0.224

Loss: -8.407408

VICTORY: 0.804

Loss: -8.518797

VICTORY: 0.831

VICTORY: 0.931

VICTORY: 0.973

VICTORY: 0.515

VICTORY: 0.117

Loss: -4.663003

Loss: -3.145923

Loss: -2.792115

VICTORY: 0.444

Loss: -2.158749

Loss: -2.133787

VICTORY: 0.835

Loss: -3.386635

VICTORY: 0.745

Loss: -2.901141

VICTORY: 0.204

Loss: -2.782531

VICTORY: 0.907

Loss: -10.70874

Loss: -3.398082

VICTORY: 0.814

VICTORY: 0.305

VICTORY: 0.976

Loss: -2.655629

VICTORY: 0.744

VICTORY: 0.751

VICTORY: 0.788

VICTORY: 0.462

Loss: -8.936508

Loss: -2.092896

VICTORY: 0.662

Loss: -2.577287

VICTORY: 0.217

Loss: -2.079914

Loss: -2.041667

Loss: -3.48139

VICTORY: 0.419

Loss: -4.278688

Loss: -9

Loss: -3.86533

VICTORY: 0.676

Loss: -16.38461

VICTORY: 0.28

VICTORY: 0.762

VICTORY: 0.797

Loss: -4.921568

Loss: -3.061856

VICTORY: 0.766

Loss: -13.19512

VICTORY: 0.126

Loss: -2.968504

Loss: -3.304147

Loss: -4.067485

Loss: -2.490313

Loss: -2.184834

Loss: -6.882353

Loss: -2.930502

VICTORY: 0.665

VICTORY: 0.729

VICTORY: 0.181

VICTORY: 0.366

VICTORY: 0.979

Loss: -2.663893

Loss: -10.52381

VICTORY: 0.093

VICTORY: 0.238

VICTORY: 0.382

Loss: -2.862197

Loss: -2.021451

VICTORY: 0.985

Loss: -2.572327

VICTORY: 0.199

VICTORY: 0.829

VICTORY: 0.533

Loss: -4.952569

VICTORY: 0.427

VICTORY: 0.3

Loss: -2.347709

VICTORY: 0.942

Loss: -4.690037

Loss: -2.386963

Loss: -5.545455

VICTORY: 0.251

VICTORY: 0.162

VICTORY: 0.79

VICTORY: 0.919

Loss: -6.181347

VICTORY: 0.899

VICTORY: 0.945

Loss: -14.69863

VICTORY: 0.71

Loss: -9.333333

VICTORY: 0.021

Loss: -4.012048

Loss: -3.840909

Loss: -5.098361

VICTORY: 0.663

Loss: -3.222222

VICTORY: 0.798

Loss: -2.089325

VICTORY: 0.811

Loss: -2.968504

Loss: -2.675042

VICTORY: 0.475

Loss: -3.09205

Loss: -2.298701

VICTORY: 0.975

Loss: -4.003003

VICTORY: 0.579

Loss: -2.494768

Loss: -12.49425

Loss: -3.369668

VICTORY: 0.415

VICTORY: 0.683

Loss: -3.624672

Loss: -3.237136

Loss: -3.941176

VICTORY: 0.611

VICTORY: 0.945

VICTORY: 0.921

VICTORY: 0.614

VICTORY: 0.374

VICTORY: 0.492

VICTORY: 0.634

Loss: -2.697793

Loss: -2.305483

Loss: -2.226994

Loss: -3.557545

VICTORY: 0.33

Loss: -5.464286

Loss: -5.504505

VICTORY: 0.914

VICTORY: 0.309

Loss: -4.816794

VICTORY: 0.28

Loss: -3.688172

Loss: -12.11111

VICTORY: 0.237

Loss: -8.8125

Loss: -4.10559

Loss: -5.975124

VICTORY: 0.915

Loss: -3.293578

Loss: -2.158749

VICTORY: 0.455

VICTORY: 0.597

Loss: -3.439024

Loss: -2.261034

Loss: -2.692047

Loss: -2.136364

Loss: -3.04918

Loss: -5.716981

VICTORY: 0.4

VICTORY: 0.058

VICTORY: 0.828

Loss: -2.145475

Loss: -3.159827

VICTORY: 0.543

VICTORY: 0.509

Loss: -4.174603

Loss: -2.315789

VICTORY: 0.644

Loss: -2.683502

VICTORY: 0.87

VICTORY: 0.072

VICTORY: 0.823

Loss: -2.375516

VICTORY: 0.718

VICTORY: 0.543

Loss: -5.016064

Loss: -9

Loss: -14.51351

VICTORY: 0.106

Loss: -2.798561

Loss: -4.745318

VICTORY: 0.409

VICTORY: 0.096

Loss: -3.695418

Loss: -5.524887

VICTORY: 0.546

VICTORY: 0.575

VICTORY: 0.783

Loss: -11.41667

Loss: -2.597444

VICTORY: 0.803

Loss: -4.717472

VICTORY: 0.688

Loss: -4.003003

Loss: -3.352941

Loss: -4.610108

VICTORY: 0.366

Loss: -10.80392

VICTORY: 0.333

VICTORY: 0.636

VICTORY: 0.429

Loss: -2.574803

VICTORY: 0.396

Loss: -10.61539

VICTORY: 0.84

Loss: -9.333333

Loss: -2.422475

VICTORY: 0.857

VICTORY: 0.633

Loss: -2.321004

Loss: -2.324503

Loss: -2.106195

Loss: -5.273504

VICTORY: 0.118

Loss: -14.33333

VICTORY: 0.592

VICTORY: 0.591

Loss: -2.135074

Loss: -3.03252

VICTORY: 0.647

Loss: -2.078749

Loss: -2.182033

Loss: -2.579779

Loss: -3.994012

Loss: -14.69863

Loss: -2.321004

VICTORY: 0.944

Loss: -3.531646

Loss: -2.545595

VICTORY: 0.21

Loss: -4.623188

VICTORY: 0.669

Loss: -7.802721

Loss: -7.451613

Loss: -2.404494

Loss: -6.128205

Loss: -2.623377

VICTORY: 0.338

Loss: -2.033058

Loss: -2.77305

Loss: -5.830918

Loss: -2.703578

Loss: -18.54386

Loss: -4.636364

VICTORY: 0.035

Loss: -11.98901

VICTORY: 0.362

Loss: -5.761905

VICTORY: 0.289

VICTORY: 0.743

Loss: -2.526718

VICTORY: 0.935

VICTORY: 0.308

Loss: -2.416431

Loss: -3.86533

Loss: -3.298851

Loss: -5.545455

Loss: -5.56621

Loss: -5.385965

Loss: -2.531394

VICTORY: 0.054

Loss: -3.5

Loss: -3.212389

Loss: -2.077586

Loss: -5.444445

Loss: -2.335114

VICTORY: 0.141

Loss: -2.117318

Loss: -3.105263

Loss: -2.144165

VICTORY: 0.095

VICTORY: 0.11

VICTORY: 0.304

Loss: -14.69863

Loss: -7.024096

Loss: -3.057613

Loss: -2.333333

Loss: -2.265823

Loss: -2.547988

VICTORY: 0.888

Loss: -3.188184

Loss: -7.622517

VICTORY: 0.34

VICTORY: 0.744

VICTORY: 0.814

VICTORY: 0.314

VICTORY: 0.478

Loss: -3.849003

VICTORY: 0.195

Loss: -2.526718

VICTORY: 0.496

Loss: -3.427185

Loss: -11.6383

VICTORY: 0.914

Loss: -4.10559

Loss: -3.673797

VICTORY: 0.823

VICTORY: 0.192

VICTORY: 0.505

Loss: -2.240695

Loss: -4.508772

Loss: -8.692307

VICTORY: 0.977

VICTORY: 0.54

VICTORY: 0.013

Loss: -5.065041

Loss: -2.083424

VICTORY: 0.999

Loss: -8.751938

Loss: -3.702703

Loss: -6

Loss: -2.297017

Loss: -4.215434

Loss: -6.235602

VICTORY: 0.969

VICTORY: 0.194

VICTORY: 0.628

Loss: -3.331002

Loss: -5.830918

Loss: -4.508772

Loss: -2.24844

Loss: -4.496503

Loss: -5.926108

VICTORY: 0.813

Loss: -6.813953

Loss: -9.547009

VICTORY: 0.406

Loss: -2.364256

VICTORY: 0.06

VICTORY: 0.754

VICTORY: 0.554

VICTORY: 0.17

Loss: -5.926108

Loss: -3.136752

Loss: -2.52439

Loss: -2.328021

VICTORY: 0.628

VICTORY: 0.789

VICTORY: 0.918

Loss: -2.872659

Loss: -2.996008

Loss: -7.622517

VICTORY: 0.213

VICTORY: 0.956

Loss: -5.878049

Loss: -4.546099

VICTORY: 0.808

VICTORY: 0.465

VICTORY: 0.366

VICTORY: 0.817

Loss: -2.512859

Loss: -2.203369

VICTORY: 0.811

Loss: -10.25926

VICTORY: 0.783

VICTORY: 0.798

VICTORY: 0.985

VICTORY: 0.666

Loss: -3.849003

VICTORY: 0.522

VICTORY: 0.886

VICTORY: 0.736

Loss: -6.025126

Loss: -3.631579

Loss: -6.952381

VICTORY: 0.46

Loss: -2.457726

Loss: -3.506266

VICTORY: 0.605

Loss: -7.024096

Loss: -2.579779

VICTORY: 0.281

Loss: -5.405286

VICTORY: 0.137

VICTORY: 0.765

Loss: -2.015229

Loss: -9.77193

VICTORY: 0.412

Loss: -7.024096

VICTORY: 0.423

VICTORY: 0.829

VICTORY: 0.096

Loss: -14.1579

Loss: -6.154639

Loss: -3.890173

Loss: -3.347418

Loss: -4.731343

VICTORY: 0.623

VICTORY: 0.27

Loss: -2.567398

Loss: -2.179245

VICTORY: 0.612

Loss: -2.564945

VICTORY: 0.735

Loss: -3.45098

Loss: -2.039501

VICTORY: 0.185

Loss: -3.717391

Loss: -2.17096

VICTORY: 0.649

GRPC Exception: Status(StatusCode=Unknown, Detail="Stream removed"). Disconnecting from trainer.

Setting up 4 worker threads for Enlighten.
  Thread -> id: 2eb4 -> priority: 1 
  Thread -> id: 173c -> priority: 1 
  Thread -> id: 24ac -> priority: 1 
  Thread -> id: 840 -> priority: 1 
