Mono path[0] = 'C:/Users/potpa/OneDrive/Documents/GitHub/Unity-AI/completed_build/Spacy_Data/Managed'
Mono config path = 'C:/Users/potpa/OneDrive/Documents/GitHub/Unity-AI/completed_build/MonoBleedingEdge/etc'
Initialize engine version: 2020.3.9f1 (108be757e447)
[Subsystems] Discovering subsystems at path C:/Users/potpa/OneDrive/Documents/GitHub/Unity-AI/completed_build/Spacy_Data/UnitySubsystems
Forcing GfxDevice: Null
GfxDevice: creating device client; threaded=0
NullGfxDevice:
    Version:  NULL 1.0 [1.0]
    Renderer: Null Device
    Vendor:   Unity Technologies
Begin MonoManager ReloadAssembly
- Completed reload, in  0.193 seconds
ERROR: Shader Sprites/Default shader is not supported on this GPU (none of subshaders/fallbacks are suitable)
Microsoft Media Foundation video decoding to texture disabled: graphics device is Null, only Direct3D 11 and Direct3D 12 (only on desktop) are supported.
ERROR: Shader Sprites/Mask shader is not supported on this GPU (none of subshaders/fallbacks are suitable)
ERROR: Shader Legacy Shaders/Particles/Additive shader is not supported on this GPU (none of subshaders/fallbacks are suitable)
ERROR: Shader Legacy Shaders/Particles/Alpha Blended Premultiply shader is not supported on this GPU (none of subshaders/fallbacks are suitable)
ERROR: Shader Legacy Shaders/Particles/Alpha Blended shader is not supported on this GPU (none of subshaders/fallbacks are suitable)
UnloadTime: 0.856600 ms
Fallback handler could not load library C:/Users/potpa/OneDrive/Documents/GitHub/Unity-AI/completed_build/Spacy_Data/Mono/libcoreclr.so
Fallback handler could not load library C:/Users/potpa/OneDrive/Documents/GitHub/Unity-AI/completed_build/Spacy_Data/Mono/libcoreclr.so.dll
Fallback handler could not load library C:/Users/potpa/OneDrive/Documents/GitHub/Unity-AI/completed_build/Spacy_Data/Mono/libcoreclr.so
Fallback handler could not load library C:/Users/potpa/OneDrive/Documents/GitHub/Unity-AI/completed_build/Spacy_Data/Mono/libdl.so
Fallback handler could not load library C:/Users/potpa/OneDrive/Documents/GitHub/Unity-AI/completed_build/Spacy_Data/Mono/libdl.so.dll
Fallback handler could not load library C:/Users/potpa/OneDrive/Documents/GitHub/Unity-AI/completed_build/Spacy_Data/Mono/libdl.so
Fallback handler could not load library C:/Users/potpa/OneDrive/Documents/GitHub/Unity-AI/completed_build/Spacy_Data/Mono/libSystem.dylib
Fallback handler could not load library C:/Users/potpa/OneDrive/Documents/GitHub/Unity-AI/completed_build/Spacy_Data/Mono/libSystem.dylib.dll
Fallback handler could not load library C:/Users/potpa/OneDrive/Documents/GitHub/Unity-AI/completed_build/Spacy_Data/Mono/libSystem.dylib
Fallback handler could not load library C:/Users/potpa/OneDrive/Documents/GitHub/Unity-AI/completed_build/Spacy_Data/Mono/libcoreclr.so
Fallback handler could not load library C:/Users/potpa/OneDrive/Documents/GitHub/Unity-AI/completed_build/Spacy_Data/Mono/libcoreclr.so.dll
Fallback handler could not load library C:/Users/potpa/OneDrive/Documents/GitHub/Unity-AI/completed_build/Spacy_Data/Mono/libcoreclr.so
Fallback handler could not load library C:/Users/potpa/OneDrive/Documents/GitHub/Unity-AI/completed_build/Spacy_Data/Mono/libdl.so
Fallback handler could not load library C:/Users/potpa/OneDrive/Documents/GitHub/Unity-AI/completed_build/Spacy_Data/Mono/libdl.so.dll
Fallback handler could not load library C:/Users/potpa/OneDrive/Documents/GitHub/Unity-AI/completed_build/Spacy_Data/Mono/libdl.so
Fallback handler could not load library C:/Users/potpa/OneDrive/Documents/GitHub/Unity-AI/completed_build/Spacy_Data/Mono/libSystem.dylib
Fallback handler could not load library C:/Users/potpa/OneDrive/Documents/GitHub/Unity-AI/completed_build/Spacy_Data/Mono/libSystem.dylib.dll
Fallback handler could not load library C:/Users/potpa/OneDrive/Documents/GitHub/Unity-AI/completed_build/Spacy_Data/Mono/libSystem.dylib
failed to get 100ns ticks
Started

Started

Started

Started

Started

Started

Started

Started

Started

Started

Started

Started

Started

Started

Started

Started

VICTORY: 0.967

VICTORY: 0.82

VICTORY: 0.799

Loss: -3.538071

VICTORY: 0.596

Loss: -2.492537

VICTORY: 0.311

VICTORY: 0.2

Loss: -2.215067

VICTORY: 0.83

VICTORY: 0.527

VICTORY: 0.525

Loss: -12.23596

VICTORY: 0.976

VICTORY: 0.875

Loss: -2.242236

VICTORY: 0.969

VICTORY: 0.893

VICTORY: 0.519

VICTORY: 0.817

Loss: -7.622517

VICTORY: 0.842

Loss: -2.443002

Loss: -2.402524

VICTORY: 0.624

VICTORY: 0.97

Loss: -2.818182

VICTORY: 0.586

Loss: -2.751313

Loss: -6.263158

Loss: -2.233046

Loss: -2.40647

Loss: -3.785515

Loss: -4.246753

VICTORY: 0.061

VICTORY: 0.688

VICTORY: 0.572

VICTORY: 0.81

VICTORY: 0.826

Loss: -3.212389

Loss: -6.347594

Loss: -9.264462

VICTORY: 0.202

Loss: -12.11111

VICTORY: 0.488

Loss: -4.174603

Loss: -4.816794

VICTORY: 0.954

Loss: -6.291005

VICTORY: 0.63

VICTORY: 0.812

VICTORY: 0.524

Loss: -4.571429

Loss: -9.620689

VICTORY: 0.387

Loss: -2.550388

Loss: -3.35849

Loss: -3.298851

Loss: -4.831418

Loss: -6.154639

VICTORY: 0.322

VICTORY: 0.788

VICTORY: 0.9

VICTORY: 0.116

VICTORY: 0.752

VICTORY: 0.304

VICTORY: 0.167

VICTORY: 0.411

Loss: -2.29199

VICTORY: 0.749

VICTORY: 0.281

Loss: -6.988024

VICTORY: 0.369

VICTORY: 0.954

VICTORY: 0.179

VICTORY: 0.354

VICTORY: 0.414

Loss: -2.369863

VICTORY: 0.719

Loss: -2.103753

VICTORY: 0.78

Loss: -8.751938

VICTORY: 0.783

VICTORY: 0.483

VICTORY: 0.622

Loss: -2.27551

VICTORY: 0.229

Loss: -2.30039

VICTORY: 0.957

Loss: -9.196721

VICTORY: 0.899

VICTORY: 0.9

Loss: -4.984064

Loss: -2.061571

Loss: -8.407408

Loss: -4.496503

VICTORY: 0.69

Loss: -11.30928

Loss: -4.496503

Loss: -2.48368

Loss: -2.443002

VICTORY: 0.941

Loss: -2.818182

Loss: -3.923977

Loss: -2.27551

VICTORY: 0.067

Loss: -2.666667

Loss: -7.896552

Loss: -2.358696

Loss: -2.945525

Loss: -3.631579

Loss: -2.470588

Loss: -2.089325

Loss: -2.308901

Loss: -8.936508

Loss: -2.47929

VICTORY: 0.599

Loss: -8.092198

Loss: -3.976191

Loss: -2.709402

Loss: -3.55102

VICTORY: 0.254

Loss: -2.165501

Loss: -2.166861

VICTORY: 0.528

Loss: -7.756757

Loss: -8.352942

Loss: -2.838235

Loss: -2.364256

VICTORY: 0.587

Loss: -2.453488

VICTORY: 0.646

Loss: -2.748252

Loss: -3.610966

VICTORY: 0.57

Loss: -2.455604

VICTORY: 0.218

Loss: -6.952381

VICTORY: 0.529

VICTORY: 0.635

Loss: -2.436782

VICTORY: 0.908

Loss: -2.034126

VICTORY: 0.626

VICTORY: 0.869

VICTORY: 0.786

VICTORY: 0.479

VICTORY: 0.92

VICTORY: 0.935

Loss: -2.503759

Loss: -2.144165

VICTORY: 0.368

VICTORY: 0.183

VICTORY: 0.734

Loss: -4.184713

Loss: -2.154734

Loss: -2.689189

VICTORY: 0.914

VICTORY: 0.327

VICTORY: 0.662

VICTORY: 0.709

VICTORY: 0.215

Loss: -5.201681

VICTORY: 0.591

Loss: -3.932551

Loss: -3.10084

VICTORY: 0.658

VICTORY: 0.832

VICTORY: 0.314

Loss: -2.10742

Loss: -4.846154

VICTORY: 0.412

VICTORY: 0.392

VICTORY: 0.552

VICTORY: 0.885

VICTORY: 0.012

VICTORY: 0.478

VICTORY: 0.82

VICTORY: 0.887

Loss: -5.504505

Loss: -3.985075

VICTORY: 0.378

Loss: -5.291845

VICTORY: 0.965

Loss: -3.444988

VICTORY: 0.674

VICTORY: 0.742

Loss: -4.289474

VICTORY: 0.795

Loss: -2.512859

Loss: -3.444988

VICTORY: 0.532

Loss: -2.890359

Loss: -2.779359

Loss: -2.798561

VICTORY: 0.584

VICTORY: 0.076

VICTORY: 0.828

Loss: -2.031992

Loss: -3.192982

Loss: -3.617801

VICTORY: 0.73

Loss: -2.193317

Loss: -2.420455

Loss: -3.770083

VICTORY: 0.883

Loss: -2.597444

Loss: -3.35849

VICTORY: 0.203

Loss: -3.538071

VICTORY: 0.905

Loss: -2.953125

Loss: -3.012072

VICTORY: 0.45

VICTORY: 0.319

Loss: -7.369427

Loss: -2.872659

VICTORY: 0.712

VICTORY: 0.618

Loss: -2.044932

Loss: -2.420455

VICTORY: 0.716

Loss: -2.027749

VICTORY: 0.971

Loss: -3.369668

Loss: -4.344481

VICTORY: 0.52

VICTORY: 0.81

Loss: -4.401361

VICTORY: 0.721

VICTORY: 0.403

Loss: -5.926108

Loss: -3.610966

VICTORY: 0.238

Loss: -2.689189

VICTORY: 0.337

Loss: -4.215434

Loss: -2.468429

Loss: -2.745201

Loss: -4.546099

Loss: -2.01833

VICTORY: 0.137

Loss: -2.736111

Loss: -2.926782

Loss: -13.04819

VICTORY: 0.102

VICTORY: 0.385

Loss: -2.841621

VICTORY: 0.396

Loss: -2.776199

VICTORY: 0.628

VICTORY: 0.344

Loss: -3.164502

VICTORY: 0.591

Loss: -2.230012

Loss: -2.652893

Loss: -3.375297

VICTORY: 0.51

Loss: -2.54321

Loss: -2.769912

VICTORY: 0.751

Loss: -2.09529

Loss: -2.216545

Loss: -9.064516

Loss: -2.838235

VICTORY: 0.584

Loss: -4.401361

Loss: -4.267974

Loss: -7.493506

VICTORY: 0.079

VICTORY: 0.577

VICTORY: 0.495

Loss: -4.745318

VICTORY: 0.783

Loss: -2.930502

VICTORY: 0.268

Loss: -8.194244

VICTORY: 0.715

VICTORY: 0.837

Loss: -2.067236

Loss: -3.159827

Loss: -6.263158

Loss: -2.126126

Loss: -2.203369

Loss: -2.615509

Loss: -3.074689

VICTORY: 0.857

Loss: -3.145923

VICTORY: 0.666

Loss: -5.385965

VICTORY: 0.638

Loss: -2.193317

VICTORY: 0.534

VICTORY: 0.579

Loss: -3.631579

Loss: -2.628664

Loss: -2.508296

VICTORY: 0.768

Loss: -2.052632

Loss: -3.012072

Loss: -5.032258

Loss: -2.039501

Loss: -3.659575

Loss: -2.305483

Loss: -11.6383

VICTORY: 0.521

Loss: -8.246377

Loss: -6.714286

Loss: -9.403361

Loss: -3.95858

VICTORY: 0.311

VICTORY: 0.428

VICTORY: 0.33

Loss: -6.102041

VICTORY: 0.385

VICTORY: 0.08

Loss: -5.784689

Loss: -4.571429

VICTORY: 0.898

VICTORY: 0.485

Loss: -2.069519

VICTORY: 0.584

Loss: -6.050505

Loss: -2.855288

VICTORY: 0.001

VICTORY: 0.777

VICTORY: 0.579

VICTORY: 0.787

Loss: -2.019368

Loss: -4.436426

Loss: -3.427185

Loss: -9.130081

VICTORY: 0.98

Loss: -7.756757

Loss: -3.164502

VICTORY: 0.369

VICTORY: 0.506

VICTORY: 0.715

Loss: -2.290323

VICTORY: 0.173

Loss: -3.398082

Loss: -2.029866

VICTORY: 0.768

Loss: -7.849315

VICTORY: 0.591

VICTORY: 0.677

VICTORY: 0.899

Loss: -10.09091

Loss: -3.217295

Loss: -3.801121

VICTORY: 0.305

Loss: -3.985075

Loss: -2.620746

VICTORY: 0.022

Loss: -2.319261

Loss: -3.114165

Loss: -9.474576

VICTORY: 0.4

Loss: -4.703704

VICTORY: 0.465

Loss: -5.901961

Loss: -2.129944

VICTORY: 0.906

VICTORY: 0.498

VICTORY: 0.083

Loss: -5.424779

Loss: -2.25

VICTORY: 0.442

Loss: -3.724796

Loss: -3.597403

VICTORY: 0.196

Loss: -3.227171

VICTORY: 0.96

VICTORY: 0.921

VICTORY: 0.895

VICTORY: 0.73

Loss: -2.18624

VICTORY: 0.352

VICTORY: 0.14

VICTORY: 0.059

Loss: -12.76471

Loss: -2.023541

VICTORY: 0.295

VICTORY: 0.344

VICTORY: 0.819

VICTORY: 0.746

Loss: -2.085776

VICTORY: 0.822

Loss: -4.289474

Loss: -6.91716

VICTORY: 0.833

Loss: -5.347826

Loss: -2.079914

Loss: -5.310345

VICTORY: 0.218

Loss: -2.727116

Loss: -2.116071

Loss: -2.24533

Loss: -2.239157

VICTORY: 0.773

VICTORY: 0.059

VICTORY: 0.316

VICTORY: 0.361

VICTORY: 0.269

VICTORY: 0.714

VICTORY: 0.66

Loss: -2.190476

VICTORY: 0.271

Loss: -4.891051

Loss: -3.832861

Loss: -2.22399

Loss: -9.620689

VICTORY: 0.475

VICTORY: 0.647

VICTORY: 0.048

Loss: -2.023541

VICTORY: 0.212

VICTORY: 0.956

Loss: -2.049318

Loss: -13.65823

Loss: -3.427185

VICTORY: 0.403

VICTORY: 0.777

VICTORY: 0.117

VICTORY: 0.09

VICTORY: 0.89

Loss: -2.040583

VICTORY: 0.513

VICTORY: 0.413

Loss: -2.180638

Loss: -12.11111

VICTORY: 0.481

VICTORY: 0.692

VICTORY: 0.856

VICTORY: 0.608

VICTORY: 0.393

VICTORY: 0.781

VICTORY: 0.12

Loss: -3.673797

VICTORY: 0.808

VICTORY: 0.721

Loss: -4.267974

VICTORY: 0.308

Loss: -2.177856

Loss: -2.845018

VICTORY: 0.011

VICTORY: 0.349

Loss: -2.273885

Loss: -2.015229

VICTORY: 0.198

VICTORY: 0.258

VICTORY: 0.071

VICTORY: 0.797

VICTORY: 0.011

VICTORY: 0.781

Loss: -3.597403

Loss: -7.329114

VICTORY: 0.501

VICTORY: 0.459

Loss: -2.402524

VICTORY: 0.302

Loss: -2.650165

Loss: -2.893939

Loss: -4.267974

VICTORY: 0.564

Loss: -2.792115

VICTORY: 0.957

VICTORY: 0.841

VICTORY: 0.328

VICTORY: 0.587

Loss: -2.464129

VICTORY: 0.693

Loss: -3.538071

Loss: -4.039514

Loss: -4.496503

Loss: -2.015229

VICTORY: 0.732

VICTORY: 0.675

Loss: -2.058201

VICTORY: 0.388

Loss: -6.847953

VICTORY: 0.109

VICTORY: 0.126

VICTORY: 0.472

Loss: -4.401361

Loss: -2.338688

VICTORY: 0.291

VICTORY: 0.17

VICTORY: 0.87

Loss: -2.023541

Loss: -5.739336

Loss: -2.769912

Loss: -3.597403

VICTORY: 0.444

VICTORY: 0.245

VICTORY: 0.986

Loss: -2.388889

VICTORY: 0.68

VICTORY: 0.099

Loss: -7.369427

VICTORY: 0.916

Loss: -8.936508

VICTORY: 0.569

VICTORY: 0.289

VICTORY: 0.356

Loss: -10.70874

VICTORY: 0.232

VICTORY: 0.613

VICTORY: 0.747

Loss: -10.34579

Loss: -2.485884

Loss: -6.128205

VICTORY: 0.463

VICTORY: 0.746

Loss: -3.421308

VICTORY: 0.48

VICTORY: 0.844

VICTORY: 0.496

VICTORY: 0.987

Loss: -12.23596

Loss: -6.813953

Loss: -2.085776

VICTORY: 0.657

Loss: -4.289474

Loss: -2.142857

Loss: -2.001001

VICTORY: 0.421

Loss: -7.21118

VICTORY: 0.44

VICTORY: 0.929

Loss: -2.078749

Loss: -6.434783

Loss: -2.934236

VICTORY: 0.456

VICTORY: 0.18

Loss: -2.392758

VICTORY: 0.725

Loss: -16.625

Loss: -2.658375

Loss: -2.355014

Loss: -2.703578

VICTORY: 0.878

VICTORY: 0.573

VICTORY: 0.787

VICTORY: 0.603

Loss: -6.714286

VICTORY: 0.671

Loss: -2.32626

Loss: -2.282051

Loss: -3.202643

VICTORY: 0.693

Loss: -3.283105

Loss: -10.00901

Loss: -2.529052

Loss: -2.083424

Loss: -3.624672

Loss: -2.618123

VICTORY: 0.59

VICTORY: 0.504

VICTORY: 0.124

Loss: -6.050505

Loss: -2.121076

Loss: -11

VICTORY: 0.635

Loss: -5.484305

VICTORY: 0.111

Loss: -2.175088

VICTORY: 0.006

Loss: -5.016064

VICTORY: 0.95

VICTORY: 0.177

Loss: -2.20919

Loss: -2.060445

VICTORY: 0.782

Loss: -4.267974

Loss: -3.873563

Loss: -3.631579

VICTORY: 0.552

Loss: -4.460207

Loss: -12.11111

VICTORY: 0.658

VICTORY: 0.034

VICTORY: 0.615

Loss: -2.736111

Loss: -4.289474

VICTORY: 0.93

VICTORY: 0.655

Loss: -6.464481

Loss: -13.82051

Loss: -6.347594

Loss: -2.602564

Loss: -2.680672

VICTORY: 0.816

VICTORY: 0.551

Loss: -5.672897

Loss: -2.156069

VICTORY: 0.152

Loss: -9.064516

Loss: -7.289308

VICTORY: 0.705

VICTORY: 0.875

VICTORY: 0.949

Loss: -5.504505

VICTORY: 0.318

Loss: -2.152074

Loss: -5.184101

Loss: -4.745318

Loss: -11.20408

Loss: -2.424501

Loss: -5.524887

VICTORY: 0.878

VICTORY: 0.172

VICTORY: 0.929

VICTORY: 0.72

Loss: -12.11111

Loss: -4.731343

Loss: -5.878049

VICTORY: 0.709

Loss: -7.802721

VICTORY: 0.085

Loss: -4.636364

Loss: -2.964637

Loss: -5.545455

VICTORY: 0.151

VICTORY: 0.747

VICTORY: 0.689

Loss: -2.160093

VICTORY: 0.817

Loss: -4.937008

VICTORY: 0.696

VICTORY: 0.339

Loss: -14.69863

Loss: -2.282051

Loss: -4.984064

Loss: -9.064516

Loss: -3.09205

VICTORY: 0.469

VICTORY: 0.728

Loss: -2.972387

Loss: -4.448276

Loss: -2.751313

Loss: -3.096436

Loss: -2.763669

Loss: -2.303781

Loss: -2.40056

Loss: -3.272727

VICTORY: 0.188

VICTORY: 0.961

VICTORY: 0.776

Loss: -3.525253

VICTORY: 0.905

VICTORY: 0.838

VICTORY: 0.076

Loss: -5.672897

Loss: -2.070664

VICTORY: 0.009

Loss: -5.950495

VICTORY: 0.603

Loss: -3.840909

Loss: -2.039501

VICTORY: 0.158

Loss: -2.821494

VICTORY: 0.349

Loss: -3.252252

VICTORY: 0.955

VICTORY: 0.698

VICTORY: 0.521

Loss: -2.801802

Loss: -2.851852

Loss: -4.546099

Loss: -2.862197

Loss: -7.25

VICTORY: 0.359

Loss: -11.6383

Loss: -2.605136

VICTORY: 0.314

VICTORY: 0.586

Loss: -2.893939

Loss: -4.267974

VICTORY: 0.009

Loss: -2.828154

VICTORY: 0.163

VICTORY: 0.603

VICTORY: 0.821

Loss: -2.013171

Loss: -12.76471

VICTORY: 0.79

Loss: -3.217295

VICTORY: 0.384

VICTORY: 0.612

VICTORY: 0.871

Loss: -4.663003

VICTORY: 0.974

Loss: -8.29927

Loss: -2.28041

VICTORY: 0.414

VICTORY: 0.122

Loss: -5.310345

VICTORY: 0.43

VICTORY: 0.883

VICTORY: 0.65

Loss: -10.80392

Loss: -7.289308

Loss: -8.407408

VICTORY: 0.162

Loss: -2.831502

Loss: -9.474576

Loss: -5.830918

VICTORY: 0.208

Loss: -3.070393

Loss: -8.633588

VICTORY: 0.534

Loss: -5.166667

Loss: -2.287001

Loss: -7.756757

VICTORY: 0.128

VICTORY: 0.859

VICTORY: 0.814

VICTORY: 0.847

VICTORY: 0.811

Loss: -5.784689

VICTORY: 0.781

VICTORY: 0.838

VICTORY: 0.948

Loss: -6.128205

Loss: -2.078749

Loss: -2.658375

VICTORY: 0.231

VICTORY: 0.92

Loss: -2.72117

Loss: -2.808318

VICTORY: 0.137

VICTORY: 0.209

Loss: -2.310616

VICTORY: 0.898

Loss: -3.994012

VICTORY: 0.486

VICTORY: 0.29

Loss: -2.111111

Loss: -5.273504

VICTORY: 0.788

Loss: -4.058104

VICTORY: 0.863

Loss: -4.472222

VICTORY: 0.988

VICTORY: 0.352

VICTORY: 0.618

Loss: -4.846154

VICTORY: 0.649

VICTORY: 0.933

Loss: -3.155172

VICTORY: 0.201

VICTORY: 0.143

Loss: -2.206273

Loss: -2.321004

VICTORY: 0.577

VICTORY: 0.795

VICTORY: 0.021

VICTORY: 0.762

VICTORY: 0.479

VICTORY: 0.371

VICTORY: 0.366

Loss: -2.438849

VICTORY: 0.272

Loss: -4.663003

Loss: -4.745318

VICTORY: 0.949

Loss: -3.074689

Loss: -2.831502

VICTORY: 0.516

Loss: -2.655629

Loss: -6.882353

VICTORY: 0.395

VICTORY: 0.362

Loss: -5.132231

VICTORY: 0.822

Loss: -4.215434

Loss: -2.689189

VICTORY: 0.249

VICTORY: 0.909

VICTORY: 0.854

Loss: -2.369863

Loss: -6.586592

Loss: -2.851852

VICTORY: 0.453

VICTORY: 0.566

Loss: -4.508772

VICTORY: 0.483

Loss: -5.901961

VICTORY: 0.775

Loss: -10.17431

VICTORY: 0.931

Loss: -4.787879

Loss: -3.493766

Loss: -4.968254

Loss: -3.155172

Loss: -2.912046

Loss: -2.071811

VICTORY: 0.778

Loss: -2.515152

Loss: -2.396648

Loss: -2.308901

Loss: -2.557632

VICTORY: 0.471

VICTORY: 0.758

VICTORY: 0.673

VICTORY: 0.227

VICTORY: 0.159

Loss: -2.416431

VICTORY: 0.273

Loss: -3.57732

VICTORY: 0.008

VICTORY: 0.866

Loss: -2.285347

Loss: -2.028807

VICTORY: 0.82

Loss: -4.623188

VICTORY: 0.251

Loss: -9.403361

VICTORY: 0.901

VICTORY: 0.978

Loss: -3.544529

Loss: -2.567398

Loss: -3.04499

VICTORY: 0.942

VICTORY: 0.707

VICTORY: 0.405

Loss: -4.378378

Loss: -5.608295

Loss: -2.901141

VICTORY: 0.129

VICTORY: 0.8

Loss: -2.808318

VICTORY: 0.955

Loss: -5.098361

Loss: -3.95858

VICTORY: 0.488

VICTORY: 0.583

VICTORY: 0.861

VICTORY: 0.635

Loss: -3.398082

Loss: -3.145923

Loss: -10.52381

Loss: -4.436426

VICTORY: 0.837

VICTORY: 0.104

VICTORY: 0.727

VICTORY: 0.521

VICTORY: 0.575

Loss: -7.493506

Loss: -8.194244

VICTORY: 0.064

VICTORY: 0.729

Loss: -2.22549

Loss: -3.320186

Loss: -3.747253

Loss: -3.403846

VICTORY: 0.532

Loss: -2.848429

Loss: -2.620746

VICTORY: 0.732

Loss: -2.082251

Loss: -5.329004

Loss: -3.564103

Loss: -7.060606

Loss: -9.196721

Loss: -2.74216

VICTORY: 0.792

VICTORY: 0.22

VICTORY: 0.643

VICTORY: 0.673

Loss: -11.10101

VICTORY: 0.473

VICTORY: 0.026

VICTORY: 0.385

Loss: -2.360544

Loss: -3.207505

VICTORY: 0.72

VICTORY: 0.373

Loss: -12.90476

Loss: -2.131222

Loss: -4.508772

VICTORY: 0.574

Loss: -2.584786

VICTORY: 0.565

VICTORY: 0.968

VICTORY: 0.287

Loss: -6.128205

Loss: -7.25

VICTORY: 0.169

Loss: -7.097561

VICTORY: 0.937

VICTORY: 0.822

VICTORY: 0.784

Loss: -3.247191

VICTORY: 0.681

VICTORY: 0.639

Loss: -9.333333

VICTORY: 0.42

VICTORY: 0.089

Loss: -2.153403

Loss: -20.23077

VICTORY: 0.445

Loss: -3.375297

VICTORY: 0.844

VICTORY: 0.814

Loss: -3.12766

VICTORY: 0.544

Loss: -2.642036

VICTORY: 0.954

Loss: -3.257336

VICTORY: 0.984

Loss: -2.005025

Loss: -2.953125

VICTORY: 0.497

Loss: -2.73913

VICTORY: 0.813

VICTORY: 0.337

Loss: -3.392344

Loss: -4.745318

VICTORY: 0.075

Loss: -3.801121

Loss: -2.091703

VICTORY: 0.717

Loss: -3.512563

VICTORY: 0.718

Loss: -5.651163

Loss: -2.333333

Loss: -2.572327

VICTORY: 0.111

Loss: -8.575758

Loss: -3.083333

Loss: -3.028398

Loss: -2.904762

VICTORY: 0.785

Loss: -11

VICTORY: 0.303

VICTORY: 0.32

VICTORY: 0.167

VICTORY: 0.633

Loss: -2.153403

Loss: -3.5

Loss: -4.508772

Loss: -3.403846

VICTORY: 0.245

Loss: -2.926782

VICTORY: 0.903

Loss: -3.659575

Loss: -7.17284

Loss: -5.048583

VICTORY: 0.828

Loss: -2.612903

VICTORY: 0.757

VICTORY: 0.37

VICTORY: 0.634

Loss: -5.048583

VICTORY: 0.159

Loss: -5.975124

Loss: -2.697793

Loss: -9.547009

Loss: -2.101322

Loss: -4.610108

Loss: -9.130081

VICTORY: 0.921

Loss: -2.338688

VICTORY: 0.117

Loss: -7.756757

Loss: -7.024096

VICTORY: 0.149

VICTORY: 0.777

Loss: -18.85714

Loss: -8.751938

VICTORY: 0.369

VICTORY: 0.971

Loss: -2.367989

Loss: -3.976191

Loss: -2.213592

Loss: -4.676471

VICTORY: 0.316

VICTORY: 0.551

VICTORY: 0.295

Loss: -2.631321

Loss: -8.407408

VICTORY: 0.354

Loss: -11.86957

Loss: -4.649635

VICTORY: 0.638

Loss: -2.37741

VICTORY: 0.517

Loss: -2.506024

VICTORY: 0.971

Loss: -11.75269

Loss: -3.04918

VICTORY: 0.75

Loss: -2.457726

Loss: -4.984064

Loss: -3.364066

Loss: -11.6383

Loss: -5.608295

VICTORY: 0.979

Loss: -8.8125

VICTORY: 0.934

Loss: -2.424501

Loss: -5.926108

Loss: -2.538461

VICTORY: 0.031

Loss: -2.22399

Loss: -2.915709

VICTORY: 0.974

Loss: -2.28866

VICTORY: 0.247

Loss: -2.3947

Loss: -5.608295

Loss: -11.20408

Loss: -3.702703

Loss: -4.831418

VICTORY: 0.619

VICTORY: 0.245

Loss: -5.484305

Loss: -14.69863

VICTORY: 0.407

VICTORY: 0.996

VICTORY: 0.911

Loss: -5.385965

Loss: -15.70588

VICTORY: 0.295

VICTORY: 0.789

Loss: -3.03252

VICTORY: 0.833

Loss: -2.782531

Loss: -6.988024

VICTORY: 0.859

Loss: -2.008065

Loss: -4.745318

VICTORY: 0.409

VICTORY: 0.987

Loss: -4.571429

Loss: -2.324503

VICTORY: 0.306

Loss: -2.930502

VICTORY: 0.64

VICTORY: 0.123

VICTORY: 0.166

Loss: -4.496503

VICTORY: 0.253

VICTORY: 0.601

Loss: -2.666667

Loss: -3.03252

Loss: -6.128205

VICTORY: 0.987

VICTORY: 0.892

VICTORY: 0.929

Loss: -2.733102

VICTORY: 0.263

VICTORY: 0.878

Loss: -2.526718

Loss: -12.90476

VICTORY: 0.153

VICTORY: 0.066

VICTORY: 0.561

VICTORY: 0.57

Loss: -3.564103

VICTORY: 0.381

Loss: -3.197802

VICTORY: 0.998

Loss: -2.067236

Loss: -9

Loss: -6

VICTORY: 0.504

Loss: -3.016129

VICTORY: 0.43

VICTORY: 0.01

Loss: -5.464286

VICTORY: 0.734

VICTORY: 0.359

Loss: -2.24533

VICTORY: 0.622

VICTORY: 0.905

VICTORY: 0.475

Loss: -2.531394

VICTORY: 0.413

VICTORY: 0.483

VICTORY: 0.869

Loss: -5.291845

VICTORY: 0.844

VICTORY: 0.436

Loss: -2.930502

VICTORY: 0.925

Loss: -6.91716

Loss: -2.123595

Loss: -3.298851

Loss: -2.140251

Loss: -2.623377

Loss: -2.137656

VICTORY: 0.06

VICTORY: 0.969

Loss: -2.096491

Loss: -5.219409

VICTORY: 0.331

VICTORY: 0.52

Loss: -9.620689

Loss: -3.840909

VICTORY: 0.551

VICTORY: 0.042

VICTORY: 0.905

Loss: -2.582278

Loss: -3.079002

Loss: -2.216545

Loss: -8.142858

VICTORY: 0.493

Loss: -5.975124

VICTORY: 0.841

VICTORY: 0.848

VICTORY: 0.549

Loss: -4.012048

Loss: -4.496503

Loss: -4.115265

Loss: -2.193317

VICTORY: 0.71

Loss: -3.724796

VICTORY: 0.189

VICTORY: 0.22

Loss: -5.807693

VICTORY: 0.772

Loss: -3.114165

VICTORY: 0.996

Loss: -7.493506

VICTORY: 0.918

VICTORY: 0.284

VICTORY: 0.153

Loss: -4.164557

Loss: -3.57732

VICTORY: 0.705

VICTORY: 0.58

Loss: -4.937008

Loss: -4.831418

VICTORY: 0.016

VICTORY: 0.39

Loss: -5.065041

Loss: -6.847953

Loss: -2.239157

VICTORY: 0.174

Loss: -2.340482

Loss: -3.09205

Loss: -3.48139

Loss: -10.09091

Loss: -4.30033

VICTORY: 0.891

VICTORY: 0.987

VICTORY: 0.746

VICTORY: 0.453

VICTORY: 0.754

Loss: -3.487562

VICTORY: 0.835

Loss: -4.484321

VICTORY: 0.869

Loss: -4.448276

Loss: -8.8125

Loss: -2.009082

VICTORY: 0.651

Loss: -2.492537

VICTORY: 0.485

Loss: -4.676471

VICTORY: 0.024

VICTORY: 0.435

VICTORY: 0.069

Loss: -12.11111

VICTORY: 0.647

Loss: -2.242236

VICTORY: 0.758

Loss: -4.367003

Loss: -2.367989

VICTORY: 0.054

Loss: -2.226994

VICTORY: 0.798

Loss: -3.941176

Loss: -6.524862

Loss: -2.092896

Loss: -2.290323

VICTORY: 0.431

Loss: -3.832861

Loss: -6.882353

Loss: -3.262444

Loss: -2.221001

Loss: -2.141552

VICTORY: 0.823

Loss: -5.032258

VICTORY: 0.115

VICTORY: 0.293

VICTORY: 0.241

VICTORY: 0.224

VICTORY: 0.625

Loss: -7.024096

Loss: -4.311258

Loss: -2.412429

VICTORY: 0.533

VICTORY: 0.568

Loss: -3.28833

Loss: -2.149425

Loss: -7.849315

Loss: -2.257862

VICTORY: 0.669

Loss: -6.847953

Loss: -2.715266

VICTORY: 0.926

Loss: -4.90625

Loss: -2.733102

Loss: -2.923077

VICTORY: 0.518

Loss: -2.766784

Loss: -4.984064

VICTORY: 0.841

VICTORY: 0.933

Loss: -13.65823

Loss: -2.189061

VICTORY: 0.211

VICTORY: 0.021

VICTORY: 0.938

VICTORY: 0.218

VICTORY: 0.168

Loss: -3.890173

Loss: -2.610306

VICTORY: 0.167

VICTORY: 0.777

VICTORY: 0.756

VICTORY: 0.413

VICTORY: 0.662

VICTORY: 0.577

VICTORY: 0.063

Loss: -10.43396

Loss: -2.199041

Loss: -6.128205

Loss: -12.11111

VICTORY: 0.825

Loss: -4.448276

VICTORY: 0.655

VICTORY: 0.389

VICTORY: 0.895

VICTORY: 0.982

VICTORY: 0.89

VICTORY: 0.745

Loss: -2.529052

Loss: -5.62963

Loss: -2.371742

VICTORY: 0.6

VICTORY: 0.491

VICTORY: 0.513

Loss: -3.976191

Loss: -5.016064

VICTORY: 0.163

VICTORY: 0.305

Loss: -4.355705

Loss: -2.18624

Loss: -2.461988

VICTORY: 0.473

VICTORY: 0.369

Loss: -5.032258

VICTORY: 0.96

VICTORY: 0.806

Loss: -6.91716

Loss: -5.385965

VICTORY: 0.654

Loss: -3.688172

Loss: -6.263158

VICTORY: 0.895

Loss: -3.65252

Loss: -3.34192

VICTORY: 0.464

VICTORY: 0.596

VICTORY: 0.642

Loss: -2.121076

VICTORY: 0.886

Loss: -5.854369

Loss: -12.76471

Loss: -8.407408

Loss: -2.267427

VICTORY: 0.877

VICTORY: 0.64

Loss: -2.194743

VICTORY: 0.058

VICTORY: 0.621

VICTORY: 0.419

VICTORY: 0.768

Loss: -2.204819

Loss: -2.459854

Loss: -3.188184

Loss: -6.154639

Loss: -2.347709

VICTORY: 0.387

Loss: -3.427185

VICTORY: 0.824

VICTORY: 0.344

Loss: -8.352942

Loss: -2.689189

Loss: -3.325581

VICTORY: 0.903

Loss: -2.371742

Loss: -2.589825

Loss: -2.730104

VICTORY: 0.566

Loss: -3.09205

VICTORY: 0.964

Loss: -2.612903

Loss: -3.617801

Loss: -4.134796

VICTORY: 0.138

VICTORY: 0.766

Loss: -2.222494

VICTORY: 0.709

VICTORY: 0.019

Loss: -2.254705

Loss: -3.610966

Loss: -2.445087

VICTORY: 0.924

VICTORY: 0.453

Loss: -17.66667

VICTORY: 0.681

VICTORY: 0.937

VICTORY: 0.239

VICTORY: 0.315

Loss: -4.424657

Loss: -4.676471

Loss: -3.538071

Loss: -13.34568

VICTORY: 0.809

VICTORY: 0.677

VICTORY: 0.419

VICTORY: 0.54

Loss: -2.536098

Loss: -3.066116

VICTORY: 0.731

Loss: -6.714286

Loss: -2.754386

Loss: -5.761905

VICTORY: 0.167

Loss: -2.893939

VICTORY: 0.075

Loss: -7.329114

VICTORY: 0.369

Loss: -2.233046

VICTORY: 0.384

Loss: -3.985075

Loss: -8.751938

Loss: -2.054852

VICTORY: 0.93

VICTORY: 0.562

Loss: -2.74216

VICTORY: 0.844

Loss: -11

Loss: -2.240695

Loss: -2.219512

VICTORY: 0.643

Loss: -3.832861

VICTORY: 0.97

VICTORY: 0.506

Loss: -5.587156

Loss: -2.883239

VICTORY: 0.745

Loss: -4.597122

VICTORY: 0.807

VICTORY: 0.213

Loss: -6.649717

Loss: -10.25926

Loss: -5.385965

Loss: -2.28866

VICTORY: 0.232

VICTORY: 0.843

Loss: -2.408451

Loss: -2.10011

Loss: -2.058201

VICTORY: 0.007

VICTORY: 0.813

Loss: -6.681818

Loss: -9.474576

Loss: -3.949852

Loss: -3.188184

VICTORY: 0.363

VICTORY: 0.04

VICTORY: 0.453

VICTORY: 0.878

VICTORY: 0.884

VICTORY: 0.55

VICTORY: 0.544

Loss: -3.617801

VICTORY: 0.015

Loss: -2.547988

Loss: -2.189061

VICTORY: 0.718

Loss: -4.703704

VICTORY: 0.727

VICTORY: 0.093

Loss: -8.042253

Loss: -4.745318

Loss: -3.118644

Loss: -7.289308

VICTORY: 0.759

VICTORY: 0.015

Loss: -6.050505

VICTORY: 0.63

Loss: -4.846154

VICTORY: 0.161

VICTORY: 0.299

VICTORY: 0.149

VICTORY: 0.87

VICTORY: 0.574

Loss: -4.521127

Loss: -2.297017

Loss: -4.891051

VICTORY: 0.317

VICTORY: 0.388

VICTORY: 0.584

Loss: -3.849003

VICTORY: 0.171

Loss: -3.43309

Loss: -8.462687

Loss: -5.184101

VICTORY: 0.82

Loss: -4.144654

Loss: -3.257336

Loss: -11

Loss: -6.235602

Loss: -9.849558

Loss: -2.512859

Loss: -2.984127

VICTORY: 0.721

Loss: -2.078749

Loss: -2.408451

VICTORY: 0.961

Loss: -3.118644

Loss: -6.263158

VICTORY: 0.756

Loss: -8.042253

Loss: -5.926108

VICTORY: 0.013

VICTORY: 0.005

Loss: -2.182033

VICTORY: 0.638

Loss: -2.114827

Loss: -4.115265

Loss: -4.236246

VICTORY: 0.178

VICTORY: 0.373

Loss: -2.01833

VICTORY: 0.03

VICTORY: 0.048

Loss: -10.00901

Loss: -7.410256

VICTORY: 0.47

VICTORY: 0.787

Loss: -2.996008

VICTORY: 0.53

Loss: -12.36364

Loss: -4.952569

VICTORY: 0.101

Loss: -5.878049

Loss: -8.246377

Loss: -4.472222

VICTORY: 0.18

Loss: -2.996008

Loss: -2.049318

Loss: -7.369427

VICTORY: 0.748

VICTORY: 0.92

VICTORY: 0.684

Loss: -4.558719

VICTORY: 0.427

VICTORY: 0.003

VICTORY: 0.802

VICTORY: 0.777

Loss: -2.584786

Loss: -9

VICTORY: 0.038

Loss: -2.381216

Loss: -13.98701

VICTORY: 0.984

Loss: -2.5625

Loss: -5.761905

Loss: -2.392758

VICTORY: 0.987

Loss: -2.481482

Loss: -6.617978

VICTORY: 0.494

VICTORY: 0.93

Loss: -3.710027

Loss: -2.858736

Loss: -10.00901

Loss: -7.097561

VICTORY: 0.337

Loss: -2.193317

VICTORY: 0.329

VICTORY: 0.588

Loss: -2.011122

Loss: -3.298851

VICTORY: 0.268

VICTORY: 0.834

VICTORY: 0.328

Loss: -2.058201

Loss: -2.173709

VICTORY: 0.072

VICTORY: 0.068

Loss: -3.008032

Loss: -2.102536

VICTORY: 0.82

Loss: -2.519757

Loss: -3.604167

Loss: -4.584229

Loss: -6

Loss: -2.180638

Loss: -2.703578

Loss: -2.036269

Loss: -6.405406

VICTORY: 0.023

VICTORY: 0.585

VICTORY: 0.664

Loss: -2.386963

VICTORY: 0.394

VICTORY: 0.823

Loss: -4.690037

Loss: -2.508296

VICTORY: 0.194

VICTORY: 0.328

VICTORY: 0.584

Loss: -2.48368

VICTORY: 0.227

VICTORY: 0.748

VICTORY: 0.462

Loss: -4.225806

VICTORY: 0.587

VICTORY: 0.922

VICTORY: 0.32

VICTORY: 0.13

VICTORY: 0.888

Loss: -2.037344

Loss: -4.378378

Loss: -5.347826

Loss: -2.968504

Loss: -2.430615

Loss: -7.493506

Loss: -4.322259

Loss: -7.802721

VICTORY: 0.407

VICTORY: 0.039

Loss: -6.347594

VICTORY: 0.128

Loss: -11.10101

VICTORY: 0.525

Loss: -9.064516

VICTORY: 0.165

VICTORY: 0.969

Loss: -3.985075

Loss: -3.747253

Loss: -10.52381

VICTORY: 0.879

Loss: -2.589825

VICTORY: 0.239

Loss: -5.784689

Loss: -2.16144

VICTORY: 0.679

VICTORY: 0.478

Loss: -3.583979

VICTORY: 0.583

VICTORY: 0.283

VICTORY: 0.768

Loss: -2.153403

VICTORY: 0.341

Loss: -12.23596

VICTORY: 0.498

Loss: -2.09529

VICTORY: 0.942

Loss: -5.739336

Loss: -6.847953

Loss: -10.61539

Loss: -9

VICTORY: 0.512

VICTORY: 0.057

Loss: -2.420455

VICTORY: 0.662

Loss: -8.142858

Loss: -2.926782

VICTORY: 0.057

Loss: -3.583979

VICTORY: 0.353

Loss: -3.079002

VICTORY: 0.611

VICTORY: 0.72

Loss: -2.088139

VICTORY: 0.925

Loss: -7.25

Loss: -3.680965

Loss: -2.351351

VICTORY: 0.477

VICTORY: 0.602

VICTORY: 0.728

Loss: -2.572327

VICTORY: 0.25

VICTORY: 0.778

VICTORY: 0.616

VICTORY: 0.609

VICTORY: 0.8

Loss: -15.49275

VICTORY: 0.669

Loss: -16.87302

Loss: -5.132231

Loss: -6.235602

VICTORY: 0.347

VICTORY: 0.475

Loss: -Infinity

Loss: -4.058104

VICTORY: 0.939

VICTORY: 0.123

Loss: -2.071811

Loss: -2.259446

VICTORY: 0.384

Loss: -2.210654

Loss: -3.816901

Loss: -2.589825

VICTORY: 0.54

Loss: -3.386635

Loss: -3.597403

Loss: -8.194244

Loss: -2.066098

Loss: -17.94915

VICTORY: 0.079

Loss: -3.109705

VICTORY: 0.36

VICTORY: 0.14

VICTORY: 0.015

VICTORY: 0.987

Loss: -5.464286

VICTORY: 0.58

Loss: -2.828154

VICTORY: 0.805

VICTORY: 0.093

VICTORY: 0.79

Loss: -9.474576

VICTORY: 0.554

Loss: -2.675042

Loss: -2.5625

Loss: -5.716981

VICTORY: 0.843

VICTORY: 0.066

Loss: -2.912046

Loss: -4.058104

VICTORY: 0.422

VICTORY: 0.457

VICTORY: 0.079

Loss: -3.066116

Loss: -2.447178

Loss: -4.322259

VICTORY: 0.641

Loss: -2.40647

VICTORY: 0.749

Loss: -2.237624

VICTORY: 0.552

Loss: -3.770083

VICTORY: 0.346

Loss: -2.3947

Loss: -4.787879

VICTORY: 0.44

Loss: -7.369427

Loss: -10.90099

Loss: -4.558719

Loss: -5.166667

VICTORY: 0.567

Loss: -2.402524

VICTORY: 0.361

Loss: -7.329114

Loss: -2.028807

VICTORY: 0.607

Loss: -2.519757

Loss: -3.493766

VICTORY: 0.135

Loss: -10.90099

Loss: -5.273504

VICTORY: 0.853

VICTORY: 0.558

Loss: -10.70874

VICTORY: 0.178

VICTORY: 0.926

VICTORY: 0.318

Loss: -2.118568

VICTORY: 0.7

VICTORY: 0.939

VICTORY: 0.466

Loss: -2.602564

VICTORY: 0.591

VICTORY: 0.644

VICTORY: 0.787

VICTORY: 0.51

VICTORY: 0.685

VICTORY: 0.805

Loss: -10.34579

Loss: -4.389831

Loss: -2.876173

VICTORY: 0.41

VICTORY: 0.299

VICTORY: 0.346

Loss: -4.401361

Loss: -3.710027

Loss: -12.36364

Loss: -2.111111

VICTORY: 0.163

VICTORY: 0.433

Loss: -2.862197

Loss: -10.61539

Loss: -4.636364

Loss: -6.235602

Loss: -2.270648

VICTORY: 0.287

VICTORY: 0.828

VICTORY: 0.497

Loss: -4.508772

Loss: -2.912046

Loss: -8.8125

Loss: -2.40056

Loss: -7.535948

Loss: -3.994012

Loss: -2.083424

VICTORY: 0.766

Loss: -2.277139

VICTORY: 0.438

Loss: -2.481482

Loss: -2.798561

Loss: -8.092198

Loss: -3.109705

Loss: -4.745318

Loss: -7.849315

VICTORY: 0.866

Loss: -3.695418

VICTORY: 0.483

Loss: -3.352941

Loss: -2.550388

Loss: -2.727116

Loss: -2.158749

Loss: -2.560062

Loss: -3.403846

Loss: -3.35849

Loss: -6.347594

VICTORY: 0.903

Loss: -4.663003

Loss: -2.980198

Loss: -4.759398

VICTORY: 0.224

Loss: -2.949318

Loss: -2.25

VICTORY: 0.904

VICTORY: 0.575

Loss: -6.235602

Loss: -3.531646

VICTORY: 0.838

Loss: -2.824817

Loss: -2.256281

VICTORY: 0.087

VICTORY: 0.963

Loss: -3.525253

VICTORY: 0.971

Loss: -11.30928

Loss: -3.34192

VICTORY: 0.938

VICTORY: 0.445

VICTORY: 0.733

VICTORY: 0.691

VICTORY: 0.159

Loss: -5

Loss: -2.652893

VICTORY: 0.296

VICTORY: 0.904

Loss: -3.012072

Loss: -2.012146

VICTORY: 0.586

Loss: -2.569859

Loss: -3.04499

VICTORY: 0.983

Loss: -4.521127

VICTORY: 0.325

VICTORY: 0.451

Loss: -2.776199

Loss: -3.079002

Loss: -2.779359

VICTORY: 0.054

Loss: -3.398082

VICTORY: 0.29

VICTORY: 0.04

Loss: -13.19512

VICTORY: 0.622

Loss: -7.329114

VICTORY: 0.697

Loss: -4.460207

VICTORY: 0.308

Loss: -2.013171

Loss: -4.236246

VICTORY: 0.595

VICTORY: 0.55

VICTORY: 0.27

Loss: -4.003003

Loss: -2.945525

VICTORY: 0.401

VICTORY: 0.81

Loss: -6.747127

Loss: -4.597122

VICTORY: 0.41

Loss: -5.524887

VICTORY: 0.948

Loss: -2.445087

VICTORY: 0.325

Loss: -2.29199

Loss: -5.291845

Loss: -7.666667

Loss: -2.29199

VICTORY: 0.248

Loss: -2.184834

VICTORY: 0.632

VICTORY: 0.416

Loss: -2.119821

Loss: -2.128668

VICTORY: 0.288

VICTORY: 0.546

Loss: -2.20048

Loss: -10.61539

Loss: -2.48368

VICTORY: 0.53

Loss: -11.52632

Loss: -3.538071

VICTORY: 0.154

Loss: -8.194244

VICTORY: 0.946

Loss: -3.808989

Loss: -2.226994

VICTORY: 0.86

Loss: -3.597403

VICTORY: 0.673

VICTORY: 0.703

VICTORY: 0.091

VICTORY: 0.814

VICTORY: 0.879

Loss: -2.123595

VICTORY: 0.973

VICTORY: 0.927

VICTORY: 0.71

VICTORY: 0.678

Loss: -6

VICTORY: 0.423

VICTORY: 0.405

VICTORY: 0.092

Loss: -9.403361

Loss: -6.347594

Loss: -2.838235

Loss: -3.34192

Loss: -9.264462

VICTORY: 0.508

Loss: -2.455604

Loss: -2.191895

VICTORY: 0.137

VICTORY: 0.652

VICTORY: 0.05

Loss: -2.036269

Loss: -8.042253

VICTORY: 0.135

Loss: -3.985075

VICTORY: 0.327

VICTORY: 0.617

Loss: -4.787879

VICTORY: 0.986

Loss: -3.114165

Loss: -11.75269

VICTORY: 0.347

Loss: -2.28866

Loss: -6.681818

VICTORY: 0.289

Loss: -3.808989

VICTORY: 0.714

VICTORY: 0.942

VICTORY: 0.981

Loss: -2.408451

VICTORY: 0.018

Loss: -10.25926

VICTORY: 0.906

Loss: -2.269036

VICTORY: 0.889

VICTORY: 0.808

VICTORY: 0.825

VICTORY: 0.834

Loss: -2.3947

Loss: -5.347826

Loss: -10.90099

VICTORY: 0.254

Loss: -4.003003

Loss: -10.00901

Loss: -2.06383

Loss: -2.303781

VICTORY: 0.659

Loss: -3.178649

VICTORY: 0.206

Loss: -2.639344

Loss: -2.381216

VICTORY: 0.865

VICTORY: 0.904

Loss: -5.329004

Loss: -4.267974

VICTORY: 0.278

Loss: -2.869159

VICTORY: 0.159

Loss: -6.076142

VICTORY: 0.118

Loss: -4.267974

VICTORY: 0.371

VICTORY: 0.576

Loss: -9.333333

Loss: -3.487562

Loss: -5.587156

Loss: -2.510574

VICTORY: 0.258

Loss: -3.538071

VICTORY: 0.609

VICTORY: 0.709

VICTORY: 0.235

Loss: -3.785515

VICTORY: 0.295

VICTORY: 0.501

Loss: -2.37931

VICTORY: 0.851

VICTORY: 0.655

VICTORY: 0.866

VICTORY: 0.084

Loss: -4.610108

VICTORY: 0.453

VICTORY: 0.19

VICTORY: 0.385

Loss: -6.988024

VICTORY: 0.775

Loss: -2.049318

Loss: -2.52439

Loss: -4.003003

Loss: -9.928572

Loss: -3.331002

VICTORY: 0.792

Loss: -2.385041

Loss: -4.676471

VICTORY: 0.805

Loss: -12.49425

Loss: -7.289308

Loss: -4.003003

VICTORY: 0.887

VICTORY: 0.967

VICTORY: 0.271

VICTORY: 0.253

Loss: -2.564945

Loss: -3.747253

Loss: -11.6383

Loss: -2.680672

Loss: -2.992032

Loss: -3.463054

VICTORY: 0.213

Loss: -6.952381

Loss: -6.154639

Loss: -2.497006

Loss: -4.030303

VICTORY: 0.257

Loss: -2.074114

VICTORY: 0.98

VICTORY: 0.836

VICTORY: 0.279

VICTORY: 0.57

Loss: -2.488095

VICTORY: 0.843

Loss: -6.847953

VICTORY: 0.916

VICTORY: 0.604

VICTORY: 0.601

VICTORY: 0.116

VICTORY: 0.747

Loss: -2.362398

VICTORY: 0.279

VICTORY: 0.289

VICTORY: 0.874

VICTORY: 0.802

VICTORY: 0.788

Loss: -3.169197

VICTORY: 0.916

VICTORY: 0.914

VICTORY: 0.692

VICTORY: 0.739

Loss: -4.448276

VICTORY: 0.47

VICTORY: 0.507

VICTORY: 0.979

Loss: -3.617801

VICTORY: 0.989

Loss: -2.438849

VICTORY: 0.749

VICTORY: 0.818

Loss: -2.01626

Loss: -3.380952

VICTORY: 0.586

Loss: -5.424779

VICTORY: 0.554

Loss: -5.347826

VICTORY: 0.227

VICTORY: 0.093

VICTORY: 0.308

VICTORY: 0.279

VICTORY: 0.931

Loss: -2.392758

Loss: -2.466276

Loss: -9.928572

VICTORY: 0.003

VICTORY: 0.206

VICTORY: 0.372

Loss: -6.555555

Loss: -3.5

Loss: -2.715266

VICTORY: 0.733

Loss: -2.851852

Loss: -5.926108

VICTORY: 0.678

Loss: -7.21118

Loss: -2.689189

Loss: -3.55102

Loss: -2.404494

VICTORY: 0.943

VICTORY: 0.948

Loss: -2.792115

Loss: -2.164144

Loss: -3.12766

Loss: -3.881844

Loss: -3.159827

Loss: -2.636661

Loss: -2.059322

VICTORY: 0.403

VICTORY: 0.783

Loss: -2.37741

Loss: -4.846154

VICTORY: 0.325

Loss: -2.683502

Loss: -3.808989

VICTORY: 0.83

Loss: -2.569859

Loss: -3.083333

VICTORY: 0.683

VICTORY: 0.901

VICTORY: 0.653

VICTORY: 0.085

Loss: -3.320186

Loss: -2.455604

VICTORY: 0.362

Loss: -2.915709

Loss: -13.5

Loss: -5.901961

Loss: -3.016129

Loss: -10.34579

VICTORY: 0.624

VICTORY: 0.994

Loss: -4.703704

Loss: -5.444445

VICTORY: 0.306

Loss: -3.57732

Loss: -2.988072

VICTORY: 0.886

VICTORY: 0.809

Loss: -2.297017

VICTORY: 0.117

Loss: -4.558719

VICTORY: 0.725

VICTORY: 0.656

VICTORY: 0.516

Loss: -11.52632

Loss: -2.189061

Loss: -2.672241

VICTORY: 0.238

Loss: -2.046025

Loss: -2.328021

VICTORY: 0.044

Loss: -3.415459

Loss: -2.191895

VICTORY: 0.315

VICTORY: 0.579

VICTORY: 0.616

Loss: -7.849315

VICTORY: 0.057

VICTORY: 0.748

VICTORY: 0.483

Loss: -2.626016

Loss: -15.49275

Loss: -2.886792

VICTORY: 0.996

VICTORY: 0.325

VICTORY: 0.189

VICTORY: 0.76

VICTORY: 0.164

Loss: -2.24844

VICTORY: 0.447

Loss: -7.17284

VICTORY: 0.51

VICTORY: 0.103

VICTORY: 0.615

Loss: -2.968504

Loss: -4.831418

VICTORY: 0.283

VICTORY: 0.597

VICTORY: 0.146

Loss: -5.273504

Loss: -4.448276

VICTORY: 0.779

VICTORY: 0.54

Loss: -3.145923

VICTORY: 0.196

Loss: -2.070664

Loss: -4.194888

VICTORY: 0.77

VICTORY: 0.739

VICTORY: 0.606

Loss: -2.550388

VICTORY: 0.008

VICTORY: 0.445

Loss: -9.064516

Loss: -2.639344

Loss: -6.882353

VICTORY: 0.26

VICTORY: 0.745

VICTORY: 0.543

VICTORY: 0.199

Loss: -3.604167

VICTORY: 0.813

Loss: -2.381216

Loss: -3.421308

Loss: -4.355705

Loss: -10.90099

Loss: -11.52632

Loss: -2.70068

VICTORY: 0.541

VICTORY: 0.472

VICTORY: 0.489

VICTORY: 0.717

Loss: -2.364256

Loss: -2.584786

Loss: -4.344481

VICTORY: 0.548

Loss: -2.322751

VICTORY: 0.45

VICTORY: 0.226

VICTORY: 0.844

Loss: -5.672897

VICTORY: 0.598

Loss: -14.51351

VICTORY: 0.49

VICTORY: 0.518

VICTORY: 0.954

VICTORY: 0.249

Loss: -5

Loss: -3.463054

Loss: -3.932551

VICTORY: 0.946

VICTORY: 0.234

Loss: -6.847953

VICTORY: 0.017

Loss: -4.236246

VICTORY: 0.428

Loss: -4.558719

Loss: -2.980198

VICTORY: 0.297

VICTORY: 0.073

VICTORY: 0.982

Loss: -3.65252

Loss: -9.196721

VICTORY: 0.022

Loss: -2.795332

Loss: -11.30928

VICTORY: 0.285

Loss: -4.125

VICTORY: 0.929

VICTORY: 0.957

Loss: -5.201681

VICTORY: 0.52

VICTORY: 0.672

VICTORY: 0.151

VICTORY: 0.97

Loss: -6.208333

VICTORY: 0.037

VICTORY: 0.106

VICTORY: 0.679

Loss: -3.145923

Loss: -4.968254

VICTORY: 0.848

Loss: -13.19512

VICTORY: 0.953

Loss: -2.872659

Loss: -2.023541

VICTORY: 0.989

VICTORY: 0.805

VICTORY: 0.406

Loss: -5.878049

VICTORY: 0.783

VICTORY: 0.722

VICTORY: 0.074

VICTORY: 0.307

VICTORY: 0.91

Loss: -5.504505

Loss: -5.115226

Loss: -2.037344

Loss: -2.173709

VICTORY: 0.46

Loss: -8.8125

VICTORY: 0.274

Loss: -7.451613

Loss: -2.026694

Loss: -2.068376

Loss: -6.847953

VICTORY: 0.252

VICTORY: 0.796

VICTORY: 0.523

Loss: -2.338688

Loss: -7.134969

Loss: -2.745201

Loss: -2.658375

Loss: -6.464481

VICTORY: 0.646

Loss: -2.879699

Loss: -9.547009

VICTORY: 0.44

VICTORY: 0.871

VICTORY: 0.191

Loss: -2.106195

VICTORY: 0.126

Loss: -3.164502

Loss: -2.106195

Loss: -2.262626

VICTORY: 0.938

VICTORY: 0.9

VICTORY: 0.535

VICTORY: 0.494

VICTORY: 0.835

VICTORY: 0.003

VICTORY: 0.031

Loss: -3.557545

VICTORY: 0.413

Loss: -2.388889

Loss: -5.201681

VICTORY: 0.145

VICTORY: 0.061

VICTORY: 0.437

Loss: -8.407408

VICTORY: 0.717

VICTORY: 0.207

Loss: -5.115226

Loss: -5.854369

VICTORY: 0.729

VICTORY: 0.199

VICTORY: 0.152

Loss: -2.265823

VICTORY: 0.933

VICTORY: 0.473

Loss: -2.428571

VICTORY: 0.825

VICTORY: 0.973

VICTORY: 0.863

Loss: -6.988024

Loss: -2.945525

Loss: -9.403361

VICTORY: 0.804

Loss: -3.066116

Loss: -7.535948

Loss: -2.501502

VICTORY: 0.25

VICTORY: 0.3

Loss: -8.518797

VICTORY: 0.944

Loss: -8.575758

VICTORY: 0.965

VICTORY: 0.48

Loss: -2.114827

Loss: -2.103753

Loss: -2.37931

Loss: -5.405286

VICTORY: 0.403

Loss: -2.706485

VICTORY: 0.111

VICTORY: 0.365

VICTORY: 0.214

Loss: -2.647446

VICTORY: 0.992

VICTORY: 0.566

Loss: -6.319149

Loss: -5.132231

VICTORY: 0.355

Loss: -4.649635

Loss: -5.032258

Loss: -11.52632

Loss: -2.385041

VICTORY: 0.174

VICTORY: 0.414

Loss: -3.724796

VICTORY: 0.581

Loss: -4.484321

Loss: -4.676471

VICTORY: 0.997

VICTORY: 0.308

VICTORY: 0.673

VICTORY: 0.722

VICTORY: 0.835

Loss: -2.25

VICTORY: 0.916

Loss: -6

VICTORY: 0.364

Loss: -7.097561

VICTORY: 0.544

VICTORY: 0.171

Loss: -2.672241

Loss: -9.130081

VICTORY: 0.054

Loss: -3.824859

VICTORY: 0.504

VICTORY: 0.105

Loss: -2.189061

Loss: -3.164502

VICTORY: 0.043

VICTORY: 0.967

Loss: -3.873563

Loss: -3.463054

VICTORY: 0.432

Loss: -5.081633

VICTORY: 0.837

Loss: -10.17431

VICTORY: 0.6

Loss: -2.618123

Loss: -3.666667

Loss: -4.311258

Loss: -4.322259

Loss: -2.724138

VICTORY: 0.627

VICTORY: 0.411

VICTORY: 0.395

Loss: -10.43396

Loss: -5.950495

VICTORY: 0.633

VICTORY: 0.93

VICTORY: 0.923

VICTORY: 0.893

Loss: -2.703578

Loss: -5.694836

Loss: -7.666667

Loss: -9.403361

VICTORY: 0.449

Loss: -2.142857

Loss: -7.024096

VICTORY: 0.693

VICTORY: 0.72

Loss: -7.493506

Loss: -6.882353

Loss: -5.56621

Loss: -4.90625

Loss: -5.608295

VICTORY: 0.289

Loss: -5.484305

Loss: -9.695652

VICTORY: 0.503

Loss: -2.782531

VICTORY: 0.334

VICTORY: 0.448

Loss: -2.666667

VICTORY: 0.991

Loss: -7.369427

Loss: -2.683502

VICTORY: 0.158

Loss: -2.855288

VICTORY: 0.662

Loss: -4.30033

Loss: -2.976285

VICTORY: 0.954

Loss: -3.475248

Loss: -2.075269

VICTORY: 0.453

VICTORY: 0.561

Loss: -2.628664

Loss: -9.77193

Loss: -3.604167

VICTORY: 0.43

VICTORY: 0.293

VICTORY: 0.706

Loss: -3.688172

VICTORY: 0.878

VICTORY: 0.396

VICTORY: 0.717

VICTORY: 0.505

VICTORY: 0.628

Loss: -2.818182

VICTORY: 0.823

Loss: -2.123595

Loss: -2.058201

Loss: -4.115265

VICTORY: 0.354

VICTORY: 0.665

Loss: -3.079002

Loss: -4.164557

VICTORY: 0.358

Loss: -2.285347

Loss: -3.066116

VICTORY: 0.68

VICTORY: 0.419

VICTORY: 0.887

VICTORY: 0.362

VICTORY: 0.465

Loss: -2.230012

VICTORY: 0.981

Loss: -2.29199

VICTORY: 0.782

Loss: -24.25581

VICTORY: 0.511

Loss: -6.235602

Loss: -4.246753

Loss: -2.560062

VICTORY: 0.544

Loss: -3.123142

VICTORY: 0.917

VICTORY: 0.08

VICTORY: 0.015

Loss: -2.162791

Loss: -4.597122

VICTORY: 0.181

VICTORY: 0.878

Loss: -7.802721

VICTORY: 0.628

VICTORY: 0.97

Loss: -2.131222

VICTORY: 0.674

Loss: -4.610108

VICTORY: 0.825

Loss: -6.208333

Loss: -8.874016

VICTORY: 0.095

Loss: -3

Loss: -3.364066

Loss: -2.187649

VICTORY: 0.041

Loss: -3.427185

VICTORY: 0.732

Loss: -2.285347

Loss: -7.060606

VICTORY: 0.74

Loss: -2.915709

VICTORY: 0.473

VICTORY: 0.993

VICTORY: 0.929

Loss: -3.949852

VICTORY: 0.912

VICTORY: 0.163

Loss: -3.222222

Loss: -2.019368

VICTORY: 0.009

Loss: -2.123595

VICTORY: 0.34

VICTORY: 0.803

VICTORY: 0.184

VICTORY: 0.297

Loss: -10.52381

Loss: -2.005025

VICTORY: 0.284

Loss: -4.584229

Loss: -3.178649

Loss: -10.52381

VICTORY: 0.699

Loss: -8.194244

Loss: -2.472754

Loss: -2.342282

Loss: -4.095975

Loss: -4.448276

Loss: -3.004008

Loss: -2.074114

Loss: -2.663893

Loss: -2.510574

VICTORY: 0.447

Loss: -2.005025

VICTORY: 0.834

VICTORY: 0.292

VICTORY: 0.912

VICTORY: 0.489

Loss: -2.992032

VICTORY: 0.55

VICTORY: 0.871

VICTORY: 0.237

Loss: -8.874016

VICTORY: 0.951

Loss: -8.462687

Loss: -2.201923

VICTORY: 0.759

Loss: -2.751313

VICTORY: 0.547

Loss: -2.027749

Loss: -2.002004

VICTORY: 0.882

VICTORY: 0.031

VICTORY: 0.563

Loss: -3.557545

VICTORY: 0.652

Loss: -2.941748

Loss: -3.512563

VICTORY: 0.102

Loss: -5.065041

VICTORY: 0.623

VICTORY: 0.328

Loss: -14.51351

VICTORY: 0.308

Loss: -16.87302

Loss: -2.529052

VICTORY: 0.832

Loss: -2.414427

VICTORY: 0.239

Loss: -5.098361

Loss: -6.050505

Loss: -6.882353

Loss: -2.37741

Loss: -2.355014

VICTORY: 0.769

VICTORY: 0.625

VICTORY: 0.033

Loss: -3.09205

Loss: -8.194244

VICTORY: 0.306

Loss: -2.356852

VICTORY: 0.387

VICTORY: 0.712

VICTORY: 0.699

VICTORY: 0.266

Loss: -9.849558

Loss: -3.257336

VICTORY: 0.774

VICTORY: 0.564

VICTORY: 0.6

VICTORY: 0.162

Loss: -2.302083

VICTORY: 0.557

Loss: -2.474926

VICTORY: 0.471

Loss: -3.222222

VICTORY: 0.893

VICTORY: 0.817

Loss: -2.485884

Loss: -4.424657

VICTORY: 0.854

Loss: -3.906977

VICTORY: 0.373

VICTORY: 0.436

Loss: -2.375516

Loss: -7.535948

Loss: -3.188184

VICTORY: 0.098

Loss: -3.439024

VICTORY: 0.29

VICTORY: 0.75

Loss: -4.846154

Loss: -2.675042

VICTORY: 0.673

VICTORY: 0.656

Loss: -3.415459

VICTORY: 0.638

Loss: -5.694836

VICTORY: 0.564

Loss: -2.315789

Loss: -4.144654

VICTORY: 0.792

VICTORY: 0.79

Loss: -2.552795

VICTORY: 0.587

VICTORY: 0.395

VICTORY: 0.676

VICTORY: 0.54

Loss: -4.039514

Loss: -5.255319

VICTORY: 0.627

Loss: -2.420455

Loss: -10.09091

VICTORY: 0.882

VICTORY: 0.702

Loss: -8.042253

Loss: -2.529052

Loss: -2.408451

Loss: -9.264462

Loss: -5.926108

VICTORY: 0.174

Loss: -2.01626

VICTORY: 0.484

Loss: -4.436426

VICTORY: 0.008

Loss: -2.40647

VICTORY: 0.869

Loss: -12.76471

VICTORY: 0.458

Loss: -7.289308

VICTORY: 0.256

VICTORY: 0.57

VICTORY: 0.59

Loss: -2.488095

VICTORY: 0.935

Loss: -5.56621

Loss: -5.739336

VICTORY: 0.812

VICTORY: 0.899

VICTORY: 0.88

Loss: -11.86957

VICTORY: 0.317

Loss: -13.19512

Loss: -2.22399

VICTORY: 0.953

Loss: -2.071811

VICTORY: 0.762

VICTORY: 0.81

Loss: -3.564103

VICTORY: 0.879

Loss: -2.138952

Loss: -2.851852

Loss: -3.403846

VICTORY: 0.225

Loss: -3.347418

VICTORY: 0.011

VICTORY: 0.092

VICTORY: 0.504

VICTORY: 0.762

Loss: -2.515152

Loss: -4.134796

VICTORY: 0.441

Loss: -2.213592

Loss: -2.187649

Loss: -2.078749

VICTORY: 0.386

Loss: -2.132503

Loss: -2.199041

Loss: -3.202643

VICTORY: 0.198

Loss: -2.308901

VICTORY: 0.699

VICTORY: 0.582

VICTORY: 0.218

VICTORY: 0.776

Loss: -2.470588

VICTORY: 0.686

Loss: -4.067485

Loss: -2.32626

VICTORY: 0.633

VICTORY: 0.052

VICTORY: 0.853

VICTORY: 0.819

Loss: -4.521127

Loss: -2.908397

VICTORY: 0.918

VICTORY: 0.958

Loss: -2.404494

Loss: -2.067236

VICTORY: 0.604

Loss: -11.52632

Loss: -2.996008

Loss: -15.49275

Loss: -3.074689

Loss: -2.390821

Loss: -3.192982

Loss: -3.008032

VICTORY: 0.157

VICTORY: 0.209

Loss: -7.802721

Loss: -3.34192

VICTORY: 0.735

VICTORY: 0.771

Loss: -4.921568

Loss: -7.896552

Loss: -9.403361

VICTORY: 0.934

Loss: -4.472222

VICTORY: 0.774

VICTORY: 0.83

Loss: -2.081081

GRPC Exception: Status(StatusCode=Unknown, Detail="Stream removed"). Disconnecting from trainer.

Unable to save timers to file C:/Users/potpa/OneDrive/Documents/GitHub/Unity-AI/completed_build/Spacy_Data\ML-Agents\Timers\spacy_timers.json

Setting up 4 worker threads for Enlighten.
  Thread -> id: 3384 -> priority: 1 
  Thread -> id: 2918 -> priority: 1 
  Thread -> id: 2204 -> priority: 1 
  Thread -> id: 970 -> priority: 1 
