Mono path[0] = 'C:/Users/potpa/OneDrive/Documents/GitHub/Unity-AI/completed_build/Spacy_Data/Managed'
Mono config path = 'C:/Users/potpa/OneDrive/Documents/GitHub/Unity-AI/completed_build/MonoBleedingEdge/etc'
Initialize engine version: 2020.3.9f1 (108be757e447)
[Subsystems] Discovering subsystems at path C:/Users/potpa/OneDrive/Documents/GitHub/Unity-AI/completed_build/Spacy_Data/UnitySubsystems
Forcing GfxDevice: Null
GfxDevice: creating device client; threaded=0
NullGfxDevice:
    Version:  NULL 1.0 [1.0]
    Renderer: Null Device
    Vendor:   Unity Technologies
Begin MonoManager ReloadAssembly
- Completed reload, in  0.196 seconds
ERROR: Shader Sprites/Default shader is not supported on this GPU (none of subshaders/fallbacks are suitable)
Microsoft Media Foundation video decoding to texture disabled: graphics device is Null, only Direct3D 11 and Direct3D 12 (only on desktop) are supported.
ERROR: Shader Sprites/Mask shader is not supported on this GPU (none of subshaders/fallbacks are suitable)
ERROR: Shader Legacy Shaders/Particles/Additive shader is not supported on this GPU (none of subshaders/fallbacks are suitable)
ERROR: Shader Legacy Shaders/Particles/Alpha Blended Premultiply shader is not supported on this GPU (none of subshaders/fallbacks are suitable)
ERROR: Shader Legacy Shaders/Particles/Alpha Blended shader is not supported on this GPU (none of subshaders/fallbacks are suitable)
UnloadTime: 0.636600 ms
Fallback handler could not load library C:/Users/potpa/OneDrive/Documents/GitHub/Unity-AI/completed_build/Spacy_Data/Mono/libcoreclr.so
Fallback handler could not load library C:/Users/potpa/OneDrive/Documents/GitHub/Unity-AI/completed_build/Spacy_Data/Mono/libcoreclr.so.dll
Fallback handler could not load library C:/Users/potpa/OneDrive/Documents/GitHub/Unity-AI/completed_build/Spacy_Data/Mono/libcoreclr.so
Fallback handler could not load library C:/Users/potpa/OneDrive/Documents/GitHub/Unity-AI/completed_build/Spacy_Data/Mono/libdl.so
Fallback handler could not load library C:/Users/potpa/OneDrive/Documents/GitHub/Unity-AI/completed_build/Spacy_Data/Mono/libdl.so.dll
Fallback handler could not load library C:/Users/potpa/OneDrive/Documents/GitHub/Unity-AI/completed_build/Spacy_Data/Mono/libdl.so
Fallback handler could not load library C:/Users/potpa/OneDrive/Documents/GitHub/Unity-AI/completed_build/Spacy_Data/Mono/libSystem.dylib
Fallback handler could not load library C:/Users/potpa/OneDrive/Documents/GitHub/Unity-AI/completed_build/Spacy_Data/Mono/libSystem.dylib.dll
Fallback handler could not load library C:/Users/potpa/OneDrive/Documents/GitHub/Unity-AI/completed_build/Spacy_Data/Mono/libSystem.dylib
Fallback handler could not load library C:/Users/potpa/OneDrive/Documents/GitHub/Unity-AI/completed_build/Spacy_Data/Mono/libcoreclr.so
Fallback handler could not load library C:/Users/potpa/OneDrive/Documents/GitHub/Unity-AI/completed_build/Spacy_Data/Mono/libcoreclr.so.dll
Fallback handler could not load library C:/Users/potpa/OneDrive/Documents/GitHub/Unity-AI/completed_build/Spacy_Data/Mono/libcoreclr.so
Fallback handler could not load library C:/Users/potpa/OneDrive/Documents/GitHub/Unity-AI/completed_build/Spacy_Data/Mono/libdl.so
Fallback handler could not load library C:/Users/potpa/OneDrive/Documents/GitHub/Unity-AI/completed_build/Spacy_Data/Mono/libdl.so.dll
Fallback handler could not load library C:/Users/potpa/OneDrive/Documents/GitHub/Unity-AI/completed_build/Spacy_Data/Mono/libdl.so
Fallback handler could not load library C:/Users/potpa/OneDrive/Documents/GitHub/Unity-AI/completed_build/Spacy_Data/Mono/libSystem.dylib
Fallback handler could not load library C:/Users/potpa/OneDrive/Documents/GitHub/Unity-AI/completed_build/Spacy_Data/Mono/libSystem.dylib.dll
Fallback handler could not load library C:/Users/potpa/OneDrive/Documents/GitHub/Unity-AI/completed_build/Spacy_Data/Mono/libSystem.dylib
failed to get 100ns ticks
Started

Started

Started

Started

Started

Started

Started

Started

Started

Started

Started

Started

Started

Started

Started

Started

VICTORY: 0.941

VICTORY: 0.731

VICTORY: 0.587

VICTORY: 0.987

VICTORY: 0.795

VICTORY: 0.496

VICTORY: 0.757

VICTORY: 0.988

Loss: -2.184834

Loss: -7.622517

VICTORY: 0.83

Loss: -3.666667

Loss: -2.730104

VICTORY: 0.15

VICTORY: 0.087

Loss: -2.02459

VICTORY: 0.482

VICTORY: 0.779

Loss: -2.166861

Loss: -2.503759

Loss: -4.558719

VICTORY: 0.551

Loss: -4.236246

VICTORY: 0.702

Loss: -2.466276

VICTORY: 0.505

Loss: -4.703704

VICTORY: 0.93

Loss: -2.340482

Loss: -3.762431

VICTORY: 0.009

VICTORY: 0.993

Loss: -2.445087

Loss: -2.177856

Loss: -2.312336

VICTORY: 0.41

VICTORY: 0.762

Loss: -2.183432

VICTORY: 0.835

VICTORY: 0.115

VICTORY: 0.478

VICTORY: 0.731

VICTORY: 0.497

Loss: -2.798561

VICTORY: 0.197

Loss: -3.386635

Loss: -2.466276

Loss: -2.398601

VICTORY: 0.779

Loss: -8.874016

VICTORY: 0.949

VICTORY: 0.696

VICTORY: 0.907

VICTORY: 0.686

VICTORY: 0.941

VICTORY: 0.099

Loss: -3.702703

Loss: -13.98701

VICTORY: 0.035

VICTORY: 0.209

VICTORY: 0.588

VICTORY: 0.475

VICTORY: 0.829

VICTORY: 0.528

VICTORY: 0.087

Loss: -5.016064

VICTORY: 0.91

Loss: -6

VICTORY: 0.322

Loss: -2.934236

VICTORY: 0.681

VICTORY: 0.114

VICTORY: 0.458

Loss: -5.048583

Loss: -3.439024

Loss: -7.944445

VICTORY: 0.889

Loss: -3.659575

VICTORY: 0.074

Loss: -6.494505

Loss: -2.216545

Loss: -2.602564

VICTORY: 0.152

Loss: -3.444988

Loss: -5.132231

VICTORY: 0.034

VICTORY: 0.504

Loss: -2.24533

VICTORY: 0.285

Loss: -6.91716

Loss: -5.366812

Loss: -3.525253

Loss: -3.564103

Loss: -2.988072

Loss: -6.780347

Loss: -4.703704

VICTORY: 0.982

Loss: -4.937008

Loss: -4.003003

Loss: -6.555555

VICTORY: 0.851

Loss: -6.952381

Loss: -3.336449

VICTORY: 0.966

Loss: -2.703578

VICTORY: 0.634

VICTORY: 0.329

VICTORY: 0.865

VICTORY: 0.092

VICTORY: 0.814

Loss: -7.896552

Loss: -3.217295

Loss: -2.602564

Loss: -2.5625

Loss: -3.398082

Loss: -5.672897

Loss: -2.158749

Loss: -3.638522

VICTORY: 0.397

VICTORY: 0.734

VICTORY: 0.686

Loss: -2.282051

Loss: -5.444445

VICTORY: 0.568

Loss: -2.605136

VICTORY: 0.7

VICTORY: 0.607

VICTORY: 0.685

VICTORY: 0.279

VICTORY: 0.313

Loss: -4.012048

VICTORY: 0.911

Loss: -4.759398

VICTORY: 0.01

Loss: -2.845018

VICTORY: 0.63

Loss: -4.787879

VICTORY: 0.406

Loss: -5.761905

Loss: -15.28571

Loss: -3.824859

Loss: -2.060445

VICTORY: 0.764

VICTORY: 0.783

Loss: -7.896552

VICTORY: 0.265

VICTORY: 0.742

Loss: -2.046025

Loss: -5.761905

Loss: -2.597444

Loss: -3.439024

Loss: -2.886792

Loss: -2.517451

Loss: -2.724138

VICTORY: 0.797

Loss: -2.968504

Loss: -5.784689

Loss: -3.336449

VICTORY: 0.365

Loss: -3.873563

VICTORY: 0.183

VICTORY: 0.339

Loss: -4.012048

Loss: -2.686341

VICTORY: 0.22

VICTORY: 0.735

VICTORY: 0.942

Loss: -3.028398

Loss: -2.430615

Loss: -2.084599

Loss: -4.154574

Loss: -5.739336

Loss: -6.882353

Loss: -3.994012

VICTORY: 0.452

Loss: -2.072961

VICTORY: 0.202

VICTORY: 0.311

Loss: -3.985075

Loss: -5.166667

Loss: -3.207505

VICTORY: 0.011

Loss: -3.105263

VICTORY: 0.054

Loss: -5.405286

VICTORY: 0.76

VICTORY: 0.51

Loss: -2.230012

VICTORY: 0.702

Loss: -3.10084

VICTORY: 0.992

Loss: -7.060606

Loss: -2.285347

VICTORY: 0.153

Loss: -2.841621

VICTORY: 0.9

Loss: -2.122334

VICTORY: 0.503

Loss: -2.028807

Loss: -3.469136

Loss: -4.236246

VICTORY: 0.152

Loss: -2.49925

Loss: -7.369427

Loss: -6.181347

Loss: -2.184834

Loss: -3.793296

VICTORY: 0.565

Loss: -6.649717

Loss: -8.633588

VICTORY: 0.62

VICTORY: 0.456

VICTORY: 0.873

Loss: -2.05042

VICTORY: 0.712

Loss: -8.142858

Loss: -2.801802

Loss: -8.29927

VICTORY: 0.338

Loss: -7.896552

VICTORY: 0.756

Loss: -2.085776

Loss: -3.590674

Loss: -5.166667

Loss: -2.112347

VICTORY: 0.86

Loss: -2.162791

Loss: -7.756757

Loss: -2.136364

Loss: -3.469136

VICTORY: 0.426

VICTORY: 0.632

Loss: -3.941176

Loss: -2.818182

Loss: -4.846154

Loss: -6.586592

Loss: -9.77193

Loss: -2.855288

Loss: -4.546099

Loss: -15.08451

Loss: -9.064516

Loss: -3.09205

Loss: -3.331002

Loss: -3.096436

Loss: -3.242152

Loss: -2.52439

Loss: -4.333333

Loss: -3.43309

Loss: -2.547988

Loss: -4.194888

VICTORY: 0.497

Loss: -4.521127

Loss: -5.545455

Loss: -5.545455

Loss: -2.109878

VICTORY: 0.73

Loss: -5.975124

VICTORY: 0.89

VICTORY: 0.262

Loss: -8.751938

VICTORY: 0.948

VICTORY: 0.865

Loss: -2.317523

Loss: -3.518892

Loss: -2.127396

VICTORY: 0.911

VICTORY: 0.034

VICTORY: 0.767

Loss: -3.95858

VICTORY: 0.468

VICTORY: 0.996

VICTORY: 0.709

Loss: -5.504505

VICTORY: 0.702

Loss: -2.414427

VICTORY: 0.118

Loss: -2.053741

Loss: -2.184834

VICTORY: 0.796

VICTORY: 0.717

VICTORY: 0.628

Loss: -4.04878

Loss: -6.649717

VICTORY: 0.292

VICTORY: 0.827

Loss: -7.134969

Loss: -6.405406

Loss: -2.481482

VICTORY: 0.836

VICTORY: 0.793

VICTORY: 0.864

VICTORY: 0.687

Loss: -2.088139

VICTORY: 0.459

VICTORY: 0.24

VICTORY: 0.72

Loss: -2.754386

Loss: -4.267974

Loss: -3.538071

Loss: -2.976285

VICTORY: 0.57

Loss: -6.91716

Loss: -2.034126

Loss: -2.550388

VICTORY: 0.614

VICTORY: 0.969

Loss: -4.278688

VICTORY: 0.413

VICTORY: 0.809

Loss: -4.378378

Loss: -4.508772

Loss: -2.724138

VICTORY: 0.929

Loss: -7.134969

Loss: -9.264462

VICTORY: 0.409

VICTORY: 0.204

Loss: -2.712329

VICTORY: 0.141

VICTORY: 0.617

VICTORY: 0.976

VICTORY: 0.715

Loss: -3.717391

VICTORY: 0.628

VICTORY: 0.128

Loss: -2.293661

VICTORY: 0.97

VICTORY: 0.797

VICTORY: 0.308

Loss: -2.808318

VICTORY: 0.823

VICTORY: 0.321

Loss: -2.689189

VICTORY: 0.706

Loss: -3.512563

VICTORY: 0.725

VICTORY: 0.982

Loss: -2.72117

VICTORY: 0.551

VICTORY: 0.5

Loss: -6.181347

VICTORY: 0.158

VICTORY: 0.751

Loss: -2.152074

Loss: -5.784689

Loss: -2.694915

Loss: -2.733102

Loss: -2.785714

VICTORY: 0.889

Loss: -4.08642

Loss: -3.906977

VICTORY: 0.865

Loss: -2.536098

Loss: -2.152074

Loss: -5.504505

Loss: -2.923077

VICTORY: 0.36

Loss: -2.845018

Loss: -2.766784

Loss: -2.445087

Loss: -3.967359

Loss: -4.115265

Loss: -2.308901

VICTORY: 0.426

VICTORY: 0.997

Loss: -11.41667

VICTORY: 0.913

VICTORY: 0.163

VICTORY: 0.486

VICTORY: 0.017

VICTORY: 0.847

Loss: -9.130081

VICTORY: 0.659

Loss: -3.801121

Loss: -2.239157

Loss: -2.754386

VICTORY: 0.442

Loss: -4.649635

VICTORY: 0.363

VICTORY: 0.966

Loss: -2.254705

Loss: -10.90099

Loss: -2.890359

VICTORY: 0.769

Loss: -2.212121

Loss: -3.967359

Loss: -2.77305

Loss: -2.082251

Loss: -10.61539

Loss: -2.510574

VICTORY: 0.984

VICTORY: 0.241

Loss: -2.472754

VICTORY: 0.805

VICTORY: 0.798

Loss: -2.47929

Loss: -2.508296

Loss: -4.115265

Loss: -6.524862

VICTORY: 0.791

VICTORY: 0.728

VICTORY: 0.192

VICTORY: 0.783

VICTORY: 0.143

Loss: -4.236246

VICTORY: 0.44

VICTORY: 0.237

Loss: -13.04819

Loss: -2.567398

Loss: -3.659575

VICTORY: 0.854

Loss: -4.144654

Loss: -2.776199

VICTORY: 0.817

Loss: -2.782531

VICTORY: 0.209

Loss: -2.10011

VICTORY: 0.222

VICTORY: 0.884

Loss: -2.046025

VICTORY: 0.393

VICTORY: 0.583

Loss: -5.545455

Loss: -8.462687

VICTORY: 0.181

Loss: -9.547009

VICTORY: 0.713

VICTORY: 0.827

Loss: -4.508772

Loss: -2.081081

VICTORY: 0.373

Loss: -3.777778

VICTORY: 0.343

Loss: -2.196172

Loss: -2.718213

Loss: -2.930502

Loss: -6.747127

VICTORY: 0.362

VICTORY: 0.411

Loss: -13.98701

VICTORY: 0.789

Loss: -5.739336

Loss: -3.824859

VICTORY: 0.701

VICTORY: 0.078

Loss: -3.087683

VICTORY: 0.215

VICTORY: 0.239

VICTORY: 0.168

Loss: -4.030303

Loss: -4.424657

Loss: -2.297017

VICTORY: 0.038

VICTORY: 0.92

VICTORY: 0.446

VICTORY: 0.01

VICTORY: 0.611

VICTORY: 0.484

Loss: -5.132231

VICTORY: 0.858

Loss: -4.717472

VICTORY: 0.938

Loss: -3.132196

Loss: -3.277904

VICTORY: 0.595

Loss: -5.081633

Loss: -2.35318

Loss: -4.322259

Loss: -2.557632

VICTORY: 0.668

VICTORY: 0.013

VICTORY: 0.558

VICTORY: 0.104

Loss: -2.118568

Loss: -3.55102

Loss: -4.355705

VICTORY: 0.241

VICTORY: 0.41

Loss: -3.227171

Loss: -2.858736

Loss: -9.196721

VICTORY: 0.908

VICTORY: 0.869

VICTORY: 0.625

Loss: -3.86533

Loss: -2.104972

Loss: -3.967359

VICTORY: 0.567

VICTORY: 0.254

Loss: -5.464286

VICTORY: 0.593

VICTORY: 0.743

Loss: -2.172333

VICTORY: 0.484

VICTORY: 0.978

VICTORY: 0.724

VICTORY: 0.91

Loss: -7.535948

VICTORY: 0.255

Loss: -13.82051

Loss: -4.095975

VICTORY: 0.577

Loss: -2.683502

Loss: -3.463054

VICTORY: 0.828

VICTORY: 0.979

Loss: -2.506024

Loss: -2.451379

Loss: -2.05042

Loss: -3.680965

VICTORY: 0.368

Loss: -2.265823

VICTORY: 0.264

VICTORY: 0.576

Loss: -13.5

Loss: -8.751938

Loss: -2.824817

Loss: -3.597403

Loss: -4.012048

VICTORY: 0.544

VICTORY: 0.142

VICTORY: 0.727

VICTORY: 0.438

VICTORY: 0.901

Loss: -3.538071

VICTORY: 0.409

VICTORY: 0.793

Loss: -3.132196

Loss: -9.130081

VICTORY: 0.965

Loss: -3.463054

Loss: -3.272727

VICTORY: 0.181

VICTORY: 0.585

Loss: -2.727116

Loss: -2.547988

Loss: -6.154639

Loss: -2.176471

VICTORY: 0.827

VICTORY: 0.575

Loss: -2.745201

Loss: -5.608295

Loss: -4.968254

Loss: -2.692047

VICTORY: 0.507

Loss: -6.586592

VICTORY: 0.471

VICTORY: 0.017

Loss: -2.184834

VICTORY: 0.124

VICTORY: 0.929

VICTORY: 0.291

VICTORY: 0.87

VICTORY: 0.212

VICTORY: 0.969

VICTORY: 0.655

VICTORY: 0.236

VICTORY: 0.373

Loss: -2.042753

Loss: -2.798561

VICTORY: 0.158

Loss: -3.770083

VICTORY: 0.854

Loss: -5.310345

VICTORY: 0.221

VICTORY: 0.328

Loss: -8.575758

VICTORY: 0.323

Loss: -10.61539

Loss: -2.589825

VICTORY: 0.558

VICTORY: 0.7

VICTORY: 0.157

VICTORY: 0.404

Loss: -8.142858

VICTORY: 0.878

Loss: -3.754821

VICTORY: 0.512

VICTORY: 0.229

Loss: -2.748252

Loss: -2.310616

Loss: -2.457726

Loss: -2.102536

VICTORY: 0.001

VICTORY: 0.722

VICTORY: 0.582

Loss: -2.869159

Loss: -4.134796

Loss: -7.451613

VICTORY: 0.035

VICTORY: 0.345

VICTORY: 0.959

VICTORY: 0.182

Loss: -13.19512

VICTORY: 0.38

Loss: -2.136364

VICTORY: 0.072

Loss: -2.757469

Loss: -5.291845

VICTORY: 0.765

Loss: -2.089325

Loss: -2.805054

VICTORY: 0.142

VICTORY: 0.293

VICTORY: 0.281

Loss: -3.136752

Loss: -2.869159

VICTORY: 0.755

Loss: -5.347826

Loss: -2.52207

Loss: -2.506024

VICTORY: 0.568

VICTORY: 0.63

VICTORY: 0.663

Loss: -2.069519

Loss: -13.34568

VICTORY: 0.731

VICTORY: 0.535

Loss: -2.04712

Loss: -2.342282

VICTORY: 0.119

VICTORY: 0.679

Loss: -2.385041

VICTORY: 0.892

Loss: -2.730104

VICTORY: 0.925

Loss: -2.048218

VICTORY: 0.192

Loss: -2.760563

Loss: -5.854369

VICTORY: 0.12

VICTORY: 0.567

Loss: -8.042253

Loss: -2.574803

VICTORY: 0.474

VICTORY: 0.969

Loss: -5.081633

Loss: -2.034126

Loss: -3.150538

Loss: -5.484305

Loss: -5.950495

Loss: -3.604167

VICTORY: 0.398

VICTORY: 0.364

VICTORY: 0.673

VICTORY: 0.609

VICTORY: 0.765

VICTORY: 0.995

VICTORY: 0.607

Loss: -2.154734

VICTORY: 0.813

Loss: -2.577287

Loss: -2.788909

VICTORY: 0.356

Loss: -4.215434

VICTORY: 0.601

VICTORY: 0.386

VICTORY: 0.294

Loss: -3.680965

VICTORY: 0.094

Loss: -4.424657

VICTORY: 0.59

VICTORY: 0.941

Loss: -2.919386

VICTORY: 0.914

Loss: -4.952569

VICTORY: 0.998

Loss: -2.620746

VICTORY: 0.906

VICTORY: 0.602

Loss: -4.401361

Loss: -2.592357

Loss: -4.225806

Loss: -2.221001

VICTORY: 0.223

Loss: -5.545455

VICTORY: 0.495

VICTORY: 0.024

Loss: -3.932551

VICTORY: 0.672

VICTORY: 0.705

Loss: -3.673797

Loss: -2.230012

Loss: -4.174603

VICTORY: 0.877

VICTORY: 0.153

Loss: -2.992032

Loss: -3.386635

Loss: -2.984127

VICTORY: 0.621

Loss: -4.460207

VICTORY: 0.266

Loss: -2.557632

VICTORY: 0.332

VICTORY: 0.063

VICTORY: 0.833

Loss: -2.658375

Loss: -4.225806

VICTORY: 0.726

VICTORY: 0.993

Loss: -4.246753

Loss: -3.923977

Loss: -3.557545

VICTORY: 0.852

VICTORY: 0.914

Loss: -5.926108

VICTORY: 0.823

VICTORY: 0.615

Loss: -3.801121

Loss: -15.70588

Loss: -2.602564

Loss: -3.028398

VICTORY: 0.976

Loss: -2.002004

VICTORY: 0.463

Loss: -3.079002

Loss: -2.111111

Loss: -3.427185

Loss: -5.694836

Loss: -2.547988

Loss: -2.424501

VICTORY: 0.605

Loss: -4.424657

Loss: -2.166861

Loss: -4.787879

VICTORY: 0.5

Loss: -7.896552

VICTORY: 0.987

VICTORY: 0.608

Loss: -8.874016

Loss: -2.818182

VICTORY: 0.305

VICTORY: 0.565

VICTORY: 0.19

VICTORY: 0.353

Loss: -6.291005

Loss: -2.727116

VICTORY: 0.131

Loss: -6.555555

VICTORY: 0.796

VICTORY: 0.644

Loss: -6.882353

Loss: -3.415459

Loss: -8.575758

Loss: -2.730104

Loss: -11.86957

Loss: -2.457726

VICTORY: 0.905

VICTORY: 0.88

Loss: -2.24844

VICTORY: 0.018

VICTORY: 0.297

Loss: -5.032258

Loss: -3.923977

VICTORY: 0.946

VICTORY: 0.237

VICTORY: 0.36

VICTORY: 0.264

Loss: -2.078749

VICTORY: 0.742

Loss: -2.025641

Loss: -4.08642

VICTORY: 0.164

VICTORY: 0.994

VICTORY: 0.942

VICTORY: 0.255

VICTORY: 0.212

Loss: -3.994012

Loss: -8.194244

VICTORY: 0.961

Loss: -4.267974

VICTORY: 0.715

VICTORY: 0.545

VICTORY: 0.769

Loss: -3.518892

Loss: -2.503759

Loss: -2.607717

Loss: -4.322259

Loss: -6.050505

VICTORY: 0.254

Loss: -18.54386

Loss: -14.33333

Loss: -4.30033

VICTORY: 0.818

Loss: -4.003003

VICTORY: 0.449

VICTORY: 0.246

Loss: -11.98901

VICTORY: 0.998

VICTORY: 0.13

VICTORY: 0.836

VICTORY: 0.413

VICTORY: 0.696

Loss: -4.802281

VICTORY: 0.056

VICTORY: 0.71

VICTORY: 0.364

VICTORY: 0.489

Loss: -2.792115

Loss: -2.872659

Loss: -5.255319

Loss: -3.597403

VICTORY: 0.442

VICTORY: 0.981

Loss: -7.71141

Loss: -2.808318

Loss: -4.831418

Loss: -2.187649

VICTORY: 0.637

Loss: -7.024096

Loss: -3.770083

Loss: -3.409639

Loss: -8.142858

Loss: -4.378378

VICTORY: 0.392

VICTORY: 0.069

VICTORY: 0.005

Loss: -5.132231

Loss: -4.610108

VICTORY: 0.992

VICTORY: 0.218

Loss: -2.089325

Loss: -2.582278

VICTORY: 0.992

Loss: -5.444445

Loss: -2.605136

VICTORY: 0.286

VICTORY: 0.669

VICTORY: 0.181

Loss: -4.584229

VICTORY: 0.953

VICTORY: 0.582

VICTORY: 0.853

Loss: -3.252252

Loss: -2.626016

Loss: -5.149378

Loss: -2.43472

Loss: -2.445087

Loss: -2.923077

VICTORY: 0.612

Loss: -5.784689

Loss: -3.164502

VICTORY: 0.746

Loss: -4.472222

Loss: -9.264462

Loss: -2.369863

Loss: -2.715266

Loss: -3.242152

VICTORY: 0.454

VICTORY: 0.762

VICTORY: 0.538

Loss: -3.070393

Loss: -2.692047

Loss: -2.945525

Loss: -3.028398

VICTORY: 0.775

Loss: -5.201681

Loss: -2.375516

Loss: -2.034126

VICTORY: 0.336

Loss: -2.027749

VICTORY: 0.928

Loss: -5.854369

VICTORY: 0.148

VICTORY: 0.925

VICTORY: 0.688

VICTORY: 0.867

Loss: -3.369668

Loss: -3.061856

Loss: -2.988072

Loss: -6.434783

VICTORY: 0.852

VICTORY: 0.547

Loss: -2.085776

VICTORY: 0.619

Loss: -6.025126

VICTORY: 0.485

Loss: -2.788909

Loss: -3.531646

Loss: -2.468429

Loss: -2.390821

Loss: -4.333333

VICTORY: 0.942

Loss: -2.697793

Loss: -3.824859

Loss: -3.415459

VICTORY: 0.819

Loss: -2.923077

Loss: -2.216545

Loss: -2.5625

Loss: -4.154574

VICTORY: 0.689

Loss: -2.748252

VICTORY: 0.54

Loss: -2.295337

Loss: -4.460207

VICTORY: 0.372

VICTORY: 0.206

Loss: -2.036269

Loss: -3.777778

VICTORY: 0.78

VICTORY: 0.956

Loss: -2.440922

Loss: -3.34192

Loss: -3.45098

VICTORY: 0.498

Loss: -3.398082

Loss: -20.60784

VICTORY: 0.853

VICTORY: 0.049

Loss: -2.269036

Loss: -4.378378

VICTORY: 0.401

Loss: -2.597444

Loss: -8.407408

Loss: -5.255319

VICTORY: 0.902

VICTORY: 0.613

VICTORY: 0.576

Loss: -6.555555

VICTORY: 0.584

VICTORY: 0.331

Loss: -24.25581

Loss: -2.845018

Loss: -2.28041

VICTORY: 0.274

Loss: -3.469136

VICTORY: 0.297

VICTORY: 0.333

VICTORY: 0.299

Loss: -3.518892

Loss: -2.414427

VICTORY: 0.398

Loss: -4.952569

Loss: -2.246883

VICTORY: 0.195

Loss: -3.624672

VICTORY: 0.18

VICTORY: 0.359

VICTORY: 0.03

Loss: -3.03252

VICTORY: 0.24

Loss: -3.469136

VICTORY: 0.542

VICTORY: 0.034

VICTORY: 0.508

VICTORY: 0.22

VICTORY: 0.787

Loss: -4.076923

VICTORY: 0.801

VICTORY: 0.647

Loss: -4.676471

VICTORY: 0.38

Loss: -2.308901

VICTORY: 0.016

VICTORY: 0.74

VICTORY: 0.55

VICTORY: 0.457

VICTORY: 0.617

Loss: -7.21118

Loss: -3.645503

Loss: -6.376344

Loss: -2.097695

VICTORY: 0.321

VICTORY: 0.05

VICTORY: 0.379

Loss: -2.824817

Loss: -6.91716

Loss: -3.906977

Loss: -2.490313

Loss: -3.398082

Loss: -5.065041

Loss: -6.235602

VICTORY: 0.88

Loss: -3.45098

Loss: -12.90476

Loss: -2.206273

Loss: -2.156069

Loss: -5.716981

Loss: -2.098901

Loss: -7.535948

Loss: -2.259446

VICTORY: 0.616

Loss: -2.526718

VICTORY: 0.511

Loss: -2.30039

VICTORY: 0.165

VICTORY: 0.113

Loss: -2.237624

VICTORY: 0.217

VICTORY: 0.577

VICTORY: 0.495

Loss: -6.128205

Loss: -8.8125

VICTORY: 0.231

VICTORY: 0.419

VICTORY: 0.729

Loss: -2.31406

Loss: -6.025126

VICTORY: 0.319

Loss: -3.849003

Loss: -2.655629

Loss: -7.410256

VICTORY: 0.338

Loss: -6.847953

VICTORY: 0.695

VICTORY: 0.929

VICTORY: 0.652

VICTORY: 0.412

Loss: -2.336898

VICTORY: 0.723

Loss: -8.092198

Loss: -4.584229

Loss: -3.277904

VICTORY: 0.7

VICTORY: 0.636

Loss: -4.558719

VICTORY: 0.457

VICTORY: 0.309

VICTORY: 0.674

Loss: -3.710027

VICTORY: 0.961

Loss: -3.949852

Loss: -2.886792

Loss: -2.290323

Loss: -3.262444

VICTORY: 0.245

Loss: -3.840909

VICTORY: 0.826

VICTORY: 0.839

Loss: -9.333333

VICTORY: 0.419

Loss: -7.289308

Loss: -2.203369

VICTORY: 0.62

Loss: -2.261034

Loss: -5.975124

VICTORY: 0.937

VICTORY: 0.711

VICTORY: 0.981

Loss: -4.676471

Loss: -5.032258

Loss: -2.355014

Loss: -2.079914

VICTORY: 0.356

VICTORY: 0.16

VICTORY: 0.476

VICTORY: 0.616

Loss: -2.540832

Loss: -2.307189

Loss: -3.638522

VICTORY: 0.763

VICTORY: 0.587

VICTORY: 0.299

Loss: -2.650165

Loss: -2.310616

VICTORY: 0.91

VICTORY: 0.839

VICTORY: 0.445

Loss: -2.689189

VICTORY: 0.778

VICTORY: 0.76

VICTORY: 0.334

VICTORY: 0.731

Loss: -2.589825

Loss: -2.096491

VICTORY: 0.443

Loss: -2.347709

VICTORY: 0.406

VICTORY: 0.324

VICTORY: 0.182

Loss: -2.589825

Loss: -2.788909

Loss: -3.932551

Loss: -5.444445

VICTORY: 0.378

Loss: -2.661129

Loss: -12.11111

VICTORY: 0.706

Loss: -3.331002

Loss: -2.253133

Loss: -9

Loss: -2.153403

Loss: -3.695418

Loss: -4.412969

VICTORY: 0.728

Loss: -2.686341

Loss: -3.43309

Loss: -2.937984

Loss: -3.188184

Loss: -2.730104

VICTORY: 0.152

Loss: -3.583979

Loss: -2.270648

VICTORY: 0.76

Loss: -4.649635

VICTORY: 0.162

Loss: -2.335114

VICTORY: 0.133

Loss: -3.770083

VICTORY: 0.977

Loss: -4.154574

Loss: -2.388889

Loss: -7.097561

Loss: -5.901961

VICTORY: 0.907

VICTORY: 0.925

VICTORY: 0.762

Loss: -2.718213

VICTORY: 0.564

VICTORY: 0.891

VICTORY: 0.114

Loss: -2.597444

Loss: -3.35849

VICTORY: 0.75

VICTORY: 0.602

Loss: -2.16144

Loss: -8.246377

VICTORY: 0.985

VICTORY: 0.984

Loss: -5.62963

Loss: -2.086957

Loss: -2.930502

VICTORY: 0.647

VICTORY: 0.408

VICTORY: 0.917

VICTORY: 0.694

Loss: -3.309469

VICTORY: 0.317

Loss: -2.461988

VICTORY: 0.426

Loss: -4.412969

VICTORY: 0.516

VICTORY: 0.453

VICTORY: 0.652

Loss: -6.050505

VICTORY: 0.767

VICTORY: 0.31

VICTORY: 0.684

Loss: -3

Loss: -2.131222

Loss: -4.584229

VICTORY: 0.363

VICTORY: 0.673

Loss: -7.71141

VICTORY: 0.901

Loss: -2.547988

VICTORY: 0.506

Loss: -2.416431

Loss: -3.645503

VICTORY: 0.769

Loss: -11.52632

Loss: -3.364066

Loss: -3.793296

VICTORY: 0.721

VICTORY: 0.664

Loss: -7.097561

VICTORY: 0.968

Loss: -6.91716

Loss: -2.219512

VICTORY: 0.648

VICTORY: 0.6

Loss: -2.088139

VICTORY: 0.014

VICTORY: 0.106

VICTORY: 0.688

Loss: -2.124859

Loss: -2.338688

Loss: -5.672897

VICTORY: 0.587

Loss: -4.676471

VICTORY: 0.723

VICTORY: 0.748

VICTORY: 0.919

VICTORY: 0.691

VICTORY: 0.201

VICTORY: 0.879

Loss: -2.020408

Loss: -4.745318

VICTORY: 0.735

Loss: -3.816901

VICTORY: 0.563

VICTORY: 0.46

VICTORY: 0.968

Loss: -2.631321

Loss: -3.392344

VICTORY: 0.629

VICTORY: 0.874

VICTORY: 0.381

Loss: -2.303781

Loss: -5.048583

Loss: -3.617801

VICTORY: 0.24

VICTORY: 0.456

Loss: -2.584786

Loss: -2.112347

Loss: -2.029866

Loss: -2.776199

VICTORY: 0.503

Loss: -4.745318

Loss: -5.830918

VICTORY: 0.716

VICTORY: 0.824

VICTORY: 0.649

Loss: -2.246883

Loss: -2.257862

Loss: -7.578948

VICTORY: 0.172

VICTORY: 0.775

Loss: -12.62791

VICTORY: 0.959

VICTORY: 0.1

VICTORY: 0.226

VICTORY: 0.833

VICTORY: 0.087

Loss: -3.45098

Loss: -5.524887

VICTORY: 0.018

Loss: -7.329114

Loss: -2.079914

Loss: -7.578948

Loss: -2.677852

VICTORY: 0.116

Loss: -2.038422

Loss: -3.659575

VICTORY: 0.749

Loss: -4.039514

VICTORY: 0.682

Loss: -2.132503

Loss: -2.165501

Loss: -2.133787

Loss: -5.62963

VICTORY: 0.753

VICTORY: 0.223

Loss: -2.293661

Loss: -3.604167

VICTORY: 0.927

Loss: -2.718213

Loss: -2.782531

VICTORY: 0.581

VICTORY: 0.986

Loss: -2.40056

Loss: -2.642036

VICTORY: 0.727

VICTORY: 0.992

Loss: -3.824859

Loss: -4.04878

Loss: -2.597444

Loss: -11.52632

Loss: -2.40056

VICTORY: 0.97

VICTORY: 0.638

Loss: -2.821494

Loss: -2.709402

VICTORY: 0.571

Loss: -6.235602

Loss: -2.242236

VICTORY: 0.175

Loss: -3.04918

Loss: -2.557632

VICTORY: 0.382

VICTORY: 0.348

VICTORY: 0.606

Loss: -3.994012

Loss: -2.02459

VICTORY: 0.81

Loss: -2.144165

Loss: -6.347594

VICTORY: 0.25

Loss: -2.158749

Loss: -5.385965

Loss: -7.993007

Loss: -2.519757

VICTORY: 0.293

Loss: -3.832861

VICTORY: 0.338

VICTORY: 0.536

VICTORY: 0.481

VICTORY: 0.22

Loss: -2.972387

Loss: -3.770083

VICTORY: 0.52

Loss: -2.497006

VICTORY: 0.559

Loss: -7.666667

VICTORY: 0.584

Loss: -2.785714

Loss: -14.33333

VICTORY: 0.351

VICTORY: 0.452

Loss: -11.10101

Loss: -2.992032

Loss: -8.462687

Loss: -3.114165

Loss: -15.49275

VICTORY: 0.528

Loss: -3.518892

VICTORY: 0.768

VICTORY: 0.692

Loss: -3.150538

VICTORY: 0.423

VICTORY: 0.618

VICTORY: 0.165

VICTORY: 0.504

Loss: -3.457002

Loss: -2.976285

Loss: -2.824817

Loss: -3.12766

Loss: -3.638522

VICTORY: 0.497

Loss: -4.257329

Loss: -2.347709

Loss: -2.953125

VICTORY: 0.498

VICTORY: 0.238

VICTORY: 0.631

VICTORY: 0.484

Loss: -4.067485

VICTORY: 0.037

Loss: -5.132231

Loss: -6.181347

VICTORY: 0.409

Loss: -7.21118

VICTORY: 0.811

VICTORY: 0.984

VICTORY: 0.197

Loss: -6.524862

Loss: -11.52632

VICTORY: 0.302

VICTORY: 0.426

VICTORY: 0.954

VICTORY: 0.827

VICTORY: 0.765

VICTORY: 0.514

Loss: -2.20919

VICTORY: 0.795

VICTORY: 0.911

Loss: -7.578948

VICTORY: 0.601

Loss: -6.291005

Loss: -2.097695

Loss: -2.06383

VICTORY: 0.399

VICTORY: 0.31

Loss: -5.854369

Loss: -2.865672

VICTORY: 0.921

VICTORY: 0.51

Loss: -3.28833

VICTORY: 0.652

VICTORY: 0.862

VICTORY: 0.785

Loss: -2.481482

VICTORY: 0.627

VICTORY: 0.022

VICTORY: 0.087

Loss: -2.485884

VICTORY: 0.65

Loss: -2.162791

Loss: -4.571429

VICTORY: 0.51

Loss: -4.278688

Loss: -2.751313

VICTORY: 0.959

Loss: -3.040816

VICTORY: 0.243

Loss: -8.352942

VICTORY: 0.748

VICTORY: 0.602

Loss: -2.443002

Loss: -3.028398

VICTORY: 0.05

Loss: -3.320186

Loss: -2.494768

Loss: -2.594896

VICTORY: 0.124

Loss: -2.034126

Loss: -2.137656

VICTORY: 0.945

VICTORY: 0.714

VICTORY: 0.576

Loss: -10.17431

VICTORY: 0.589

VICTORY: 0.293

VICTORY: 0.65

Loss: -2.564945

Loss: -5.975124

Loss: -9.403361

Loss: -2.930502

Loss: -7.134969

VICTORY: 0.786

VICTORY: 0.708

Loss: -2.818182

Loss: -7.25

Loss: -17.39344

VICTORY: 0.991

Loss: -3.95858

VICTORY: 0.348

VICTORY: 0.97

Loss: -13.82051

Loss: -2.31406

VICTORY: 0.935

Loss: -4.344481

Loss: -12.76471

Loss: -2.631321

VICTORY: 0.466

VICTORY: 0.992

VICTORY: 0.1

Loss: -2.748252

VICTORY: 0.781

Loss: -2.041667

VICTORY: 0.705

VICTORY: 0.827

VICTORY: 0.992

Loss: -3.293578

VICTORY: 0.579

Loss: -2.059322

VICTORY: 0.278

Loss: -5.694836

Loss: -2.754386

VICTORY: 0.386

Loss: -9.928572

VICTORY: 0.644

Loss: -2.256281

VICTORY: 0.523

VICTORY: 0.648

Loss: -3.257336

VICTORY: 0.702

VICTORY: 0.289

Loss: -2.031992

Loss: -5.016064

VICTORY: 0.214

Loss: -2.845018

VICTORY: 0.333

VICTORY: 0.839

Loss: -2.459854

Loss: -5.694836

VICTORY: 0.57

VICTORY: 0.289

Loss: -4.731343

VICTORY: 0.647

VICTORY: 0.366

Loss: -2.126126

VICTORY: 0.054

Loss: -2.310616

Loss: -3.35849

VICTORY: 0.693

VICTORY: 0.327

VICTORY: 0.79

Loss: -2.497006

VICTORY: 0.574

VICTORY: 0.979

Loss: -2.420455

VICTORY: 0.723

Loss: -5.739336

Loss: -2.349528

Loss: -2.335114

VICTORY: 0.861

Loss: -4.003003

VICTORY: 0.396

VICTORY: 0.174

Loss: -4.095975

Loss: -11.86957

Loss: -2.067236

VICTORY: 0.875

VICTORY: 0.273

VICTORY: 0.441

Loss: -2.779359

Loss: -4.937008

VICTORY: 0.349

Loss: -2.672241

Loss: -3.409639

Loss: -5.048583

VICTORY: 0.237

Loss: -5.694836

VICTORY: 0.482

VICTORY: 0.865

VICTORY: 0.816

VICTORY: 0.785

Loss: -2.297017

VICTORY: 0.664

VICTORY: 0.935

VICTORY: 0.671

Loss: -4.773585

Loss: -5.149378

VICTORY: 0.264

VICTORY: 0.785

VICTORY: 0.481

Loss: -2.988072

VICTORY: 0.964

VICTORY: 0.686

VICTORY: 0.177

Loss: -5.237288

VICTORY: 0.7

Loss: -3.087683

VICTORY: 0.228

VICTORY: 0.971

VICTORY: 0.971

Loss: -5.524887

VICTORY: 0.197

Loss: -14.88889

Loss: -3.525253

Loss: -4.875969

Loss: -3.493766

VICTORY: 0.918

Loss: -2.934236

VICTORY: 0.675

Loss: -2.269036

VICTORY: 0.407

Loss: -2.026694

Loss: -3.262444

Loss: -12.36364

VICTORY: 0.824

VICTORY: 0.71

VICTORY: 0.917

VICTORY: 0.764

Loss: -2.124859

VICTORY: 0.384

Loss: -12.90476

Loss: -2.43472

VICTORY: 0.256

Loss: -5.524887

Loss: -3.617801

Loss: -3.994012

Loss: -2.865672

VICTORY: 0.992

VICTORY: 0.577

Loss: -5.201681

Loss: -2.081081

Loss: -6.050505

Loss: -2.116071

Loss: -2.468429

Loss: -9.333333

Loss: -2.934236

Loss: -5.115226

Loss: -3.816901

VICTORY: 0.644

Loss: -2.766784

VICTORY: 0.224

Loss: -3.840909

VICTORY: 0.971

Loss: -2.879699

VICTORY: 0.452

VICTORY: 0.694

VICTORY: 0.985

VICTORY: 0.166

Loss: -7.134969

Loss: -2.191895

VICTORY: 0.961

Loss: -2.908397

Loss: -3.325581

Loss: -2.375516

VICTORY: 0.812

Loss: -2.715266

VICTORY: 0.824

Loss: -3.702703

Loss: -7.756757

VICTORY: 0.389

VICTORY: 0.114

Loss: -3.638522

Loss: -5.048583

VICTORY: 0.952

Loss: -2.074114

VICTORY: 0.028

Loss: -2.24844

Loss: -4.30033

Loss: -5.201681

Loss: -4.448276

VICTORY: 0.083

VICTORY: 0.142

VICTORY: 0.198

VICTORY: 0.331

Loss: -2.218027

VICTORY: 0.79

Loss: -7.993007

VICTORY: 0.902

VICTORY: 0.697

VICTORY: 0.637

VICTORY: 0.33

VICTORY: 0.17

VICTORY: 0.758

VICTORY: 0.435

VICTORY: 0.857

Loss: -5.424779

Loss: -10.43396

VICTORY: 0.995

Loss: -3.118644

Loss: -8.518797

VICTORY: 0.221

VICTORY: 0.866

Loss: -4.412969

Loss: -2.01626

Loss: -4.436426

Loss: -10.17431

VICTORY: 0.479

VICTORY: 0.83

Loss: -2.718213

Loss: -4.184713

Loss: -2.663893

Loss: -3.325581

Loss: -2.70068

VICTORY: 0.236

VICTORY: 0.775

VICTORY: 0.883

Loss: -3.173913

VICTORY: 0.969

VICTORY: 0.994

VICTORY: 0.703

Loss: -2.009082

Loss: -10.80392

VICTORY: 0.457

VICTORY: 0.891

VICTORY: 0.358

Loss: -2.490313

Loss: -9.064516

Loss: -5.273504

VICTORY: 0.36

Loss: -2.838235

VICTORY: 0.596

Loss: -3.985075

Loss: -2.510574

Loss: -11.10101

Loss: -5.081633

Loss: -5.016064

Loss: -5.56621

VICTORY: 0.945

Loss: -2.709402

Loss: -11.75269

VICTORY: 0.534

VICTORY: 0.212

Loss: -2.754386

Loss: -2.319261

Loss: -8.194244

Loss: -7.535948

VICTORY: 0.087

VICTORY: 0.368

VICTORY: 0.729

VICTORY: 0.815

VICTORY: 0.128

VICTORY: 0.35

Loss: -4.115265

Loss: -7.944445

Loss: -3.192982

Loss: -2.35318

Loss: -3.724796

VICTORY: 0.962

Loss: -4.164557

VICTORY: 0.25

VICTORY: 0.212

Loss: -3.994012

Loss: -16.625

VICTORY: 0.195

VICTORY: 0.168

VICTORY: 0.947

Loss: -4.344481

Loss: -10.25926

VICTORY: 0.501

VICTORY: 0.354

VICTORY: 0.956

Loss: -3.212389

VICTORY: 0.722

VICTORY: 0.375

Loss: -2.077586

VICTORY: 0.423

Loss: -2.485884

VICTORY: 0.379

Loss: -5.545455

VICTORY: 0.931

Loss: -2.996008

Loss: -2.633987

Loss: -2.101322

VICTORY: 0.097

VICTORY: 0.507

VICTORY: 0.657

Loss: -8.633588

Loss: -5.807693

Loss: -2.508296

Loss: -2.302083

Loss: -2.219512

VICTORY: 0.184

Loss: -2.386963

Loss: -4.773585

VICTORY: 0.681

VICTORY: 0.796

VICTORY: 0.162

Loss: -2.123595

VICTORY: 0.668

Loss: -5.464286

Loss: -2.426533

Loss: -2.347709

Loss: -3.48139

Loss: -2.934236

Loss: -4.623188

VICTORY: 0.763

Loss: -8.142858

Loss: -2.128668

Loss: -2.072961

VICTORY: 0.756

VICTORY: 0.807

VICTORY: 0.732

VICTORY: 0.796

VICTORY: 0.805

Loss: -5.901961

VICTORY: 0.599

Loss: -6.681818

Loss: -3.717391

Loss: -11.98901

VICTORY: 0.979

Loss: -7.493506

Loss: -17.39344

Loss: -2.919386

Loss: -2.519757

Loss: -2.52207

VICTORY: 0.221

VICTORY: 0.447

VICTORY: 0.22

VICTORY: 0.592

Loss: -2.680672

Loss: -11.52632

Loss: -8.142858

Loss: -11.10101

VICTORY: 0.809

VICTORY: 0.367

Loss: -3.222222

Loss: -2.22399

Loss: -2.29199

Loss: -7.896552

VICTORY: 0.756

VICTORY: 0.479

Loss: -3.217295

Loss: -3.173913

VICTORY: 0.981

Loss: -4.030303

VICTORY: 0.291

Loss: -2.652893

VICTORY: 0.29

Loss: -2.540832

VICTORY: 0.089

VICTORY: 0.018

VICTORY: 0.012

Loss: -9.474576

VICTORY: 0.63

Loss: -5.62963

VICTORY: 0.676

VICTORY: 0.443

VICTORY: 0.954

VICTORY: 0.529

VICTORY: 0.395

VICTORY: 0.825

Loss: -4.205128

VICTORY: 0.526

VICTORY: 0.523

Loss: -2.953125

VICTORY: 0.806

VICTORY: 0.257

Loss: -7.329114

Loss: -2.447178

Loss: -7.578948

Loss: -5.672897

Loss: -3.375297

VICTORY: 0.399

Loss: -2.310616

Loss: -9.928572

Loss: -4.215434

Loss: -2.424501

Loss: -3.525253

Loss: -2.237624

VICTORY: 0.358

Loss: -2.730104

VICTORY: 0.01

VICTORY: 0.088

Loss: -2.075269

VICTORY: 0.796

VICTORY: 0.648

Loss: -2.246883

Loss: -2.168224

Loss: -3.304147

VICTORY: 0.929

VICTORY: 0.144

Loss: -3.262444

Loss: -2.440922

Loss: -2.040583

VICTORY: 0.157

Loss: -9.403361

VICTORY: 0.702

VICTORY: 0.725

Loss: -4.861004

VICTORY: 0.49

Loss: -2.075269

VICTORY: 0.136

Loss: -2.190476

VICTORY: 0.429

Loss: -5.950495

VICTORY: 0.263

VICTORY: 0.138

Loss: -2.540832

VICTORY: 0.691

VICTORY: 0.901

Loss: -6

VICTORY: 0.894

Loss: -5.310345

Loss: -3.083333

Loss: -2.976285

VICTORY: 0.373

Loss: -4.134796

VICTORY: 0.861

VICTORY: 0.686

VICTORY: 0.843

VICTORY: 0.935

VICTORY: 0.81

Loss: -5.854369

Loss: -3.673797

VICTORY: 0.794

VICTORY: 0.998

Loss: -2.811594

Loss: -6.747127

Loss: -4.039514

VICTORY: 0.878

VICTORY: 0.692

Loss: -5.587156

Loss: -2.168224

VICTORY: 0.597

VICTORY: 0.855

Loss: -2.084599

Loss: -2.078749

Loss: -6.235602

VICTORY: 0.989

Loss: -5.608295

Loss: -2.262626

VICTORY: 0.522

VICTORY: 0.241

Loss: -3.267574

Loss: -7.756757

Loss: -3.717391

Loss: -2.265823

VICTORY: 0.786

Loss: -10.17431

VICTORY: 0.184

Loss: -3.202643

VICTORY: 0.506

VICTORY: 0.636

VICTORY: 0.389

VICTORY: 0.707

Loss: -4.003003

Loss: -3.673797

Loss: -2.017294

Loss: -2.116071

VICTORY: 0.367

VICTORY: 0.751

Loss: -2.862197

Loss: -2.17096

Loss: -4.717472

VICTORY: 0.23

VICTORY: 0.718

VICTORY: 0.858

Loss: -3.457002

VICTORY: 0.375

VICTORY: 0.034

Loss: -2.213592

Loss: -3.105263

VICTORY: 0.147

VICTORY: 0.986

Loss: -2.10742

VICTORY: 0.317

VICTORY: 0.755

Loss: -2.988072

Loss: -2.941748

VICTORY: 0.752

VICTORY: 0.78

VICTORY: 0.335

VICTORY: 0.95

VICTORY: 0.485

VICTORY: 0.847

VICTORY: 0.324

Loss: -2.27551

Loss: -2.410437

VICTORY: 0.009

Loss: -8.042253

Loss: -4.846154

VICTORY: 0.691

Loss: -15.49275

VICTORY: 0.046

Loss: -2.345895

VICTORY: 0.219

Loss: -4.831418

VICTORY: 0.778

Loss: -2.01833

Loss: -3.34192

VICTORY: 0.831

VICTORY: 0.594

Loss: -2.904762

Loss: -2.468429

Loss: -9.620689

VICTORY: 0.606

Loss: -2.383126

Loss: -2.666667

Loss: -2.369863

VICTORY: 0.978

VICTORY: 0.25

Loss: -4.484321

VICTORY: 0.967

Loss: -4.546099

Loss: -5.115226

VICTORY: 0.484

VICTORY: 0.55

VICTORY: 0.306

VICTORY: 0.043

Loss: -2.550388

VICTORY: 0.173

Loss: -2.32626

VICTORY: 0.453

VICTORY: 0.205

Loss: -4.937008

Loss: -4.448276

Loss: -2.43472

Loss: -4.745318

VICTORY: 0.248

VICTORY: 0.286

Loss: -6.208333

VICTORY: 0.467

VICTORY: 0.808

Loss: -2.096491

VICTORY: 0.836

VICTORY: 0.35

Loss: -2.135074

VICTORY: 0.445

Loss: -3.232143

VICTORY: 0.997

Loss: -2.345895

VICTORY: 0.588

Loss: -3.45098

Loss: -2.655629

VICTORY: 0.616

Loss: -6.181347

VICTORY: 0.309

Loss: -4.095975

VICTORY: 0.326

VICTORY: 0.686

Loss: -3.463054

VICTORY: 0.473

VICTORY: 0.724

VICTORY: 0.765

Loss: -2.173709

Loss: -2.414427

VICTORY: 0.975

VICTORY: 0.877

VICTORY: 0.036

Loss: -7.535948

VICTORY: 0.747

Loss: -2.831502

Loss: -2.172333

VICTORY: 0.939

Loss: -3.096436

Loss: -10.80392

Loss: -2.923077

VICTORY: 0.432

Loss: -15.70588

Loss: -2.597444

Loss: -6.952381

VICTORY: 0.34

VICTORY: 0.47

VICTORY: 0.932

Loss: -3.824859

VICTORY: 0.904

Loss: -3.114165

VICTORY: 0.017

Loss: -3.257336

VICTORY: 0.829

VICTORY: 0.547

Loss: -2.715266

Loss: -4.257329

VICTORY: 0.531

Loss: -6.952381

VICTORY: 0.187

Loss: -4.333333

Loss: -2.118568

Loss: -3.272727

VICTORY: 0.024

Loss: -2.54321

Loss: -15.28571

VICTORY: 0.914

Loss: -2.057082

Loss: -3.028398

VICTORY: 0.976

VICTORY: 0.153

VICTORY: 0.481

VICTORY: 0.943

Loss: -6.263158

VICTORY: 0.911

VICTORY: 0.353

VICTORY: 0.041

VICTORY: 0.185

VICTORY: 0.965

VICTORY: 0.655

Loss: -2.412429

Loss: -4.861004

VICTORY: 0.094

VICTORY: 0.737

VICTORY: 0.41

Loss: -2.162791

VICTORY: 0.906

VICTORY: 0.692

Loss: -3.557545

VICTORY: 0.078

Loss: -5.761905

VICTORY: 0.957

Loss: -4.039514

Loss: -2.030928

VICTORY: 0.563

VICTORY: 0.754

VICTORY: 0.054

VICTORY: 0.404

Loss: -2.182033

Loss: -2.424501

Loss: -2.028807

VICTORY: 0.285

Loss: -2.22399

Loss: -2.610306

Loss: -5.347826

Loss: -2.751313

Loss: -2.367989

Loss: -4.984064

VICTORY: 0.922

VICTORY: 0.751

Loss: -5.347826

VICTORY: 0.594

Loss: -2.77305

VICTORY: 0.64

VICTORY: 0.966

Loss: -5.524887

Loss: -2.061571

VICTORY: 0.523

Loss: -12.62791

Loss: -5.524887

Loss: -2.259446

Loss: -3

Loss: -4.861004

Loss: -5

VICTORY: 0.867

Loss: -2.40056

VICTORY: 0.505

Loss: -10.52381

Loss: -2.013171

Loss: -2.55521

Loss: -2.072961

Loss: -2.179245

VICTORY: 0.054

Loss: -4.773585

Loss: -3.506266

VICTORY: 0.554

Loss: -3.469136

Loss: -5.854369

Loss: -2.25

VICTORY: 0.383

VICTORY: 0.11

Loss: -7.802721

VICTORY: 0.039

VICTORY: 0.798

VICTORY: 0.762

Loss: -3.12766

VICTORY: 0.323

Loss: -2.256281

Loss: -2.261034

Loss: -3.247191

VICTORY: 0.992

VICTORY: 0.524

VICTORY: 0.316

Loss: -2.40056

Loss: -10.17431

Loss: -4.030303

VICTORY: 0.789

VICTORY: 0.192

VICTORY: 0.805

VICTORY: 0.9

VICTORY: 0.968

Loss: -5.081633

VICTORY: 0.79

VICTORY: 0.693

VICTORY: 0.74

Loss: -2.669449

VICTORY: 0.241

VICTORY: 0.779

Loss: -2.324503

VICTORY: 0.521

Loss: -4.745318

VICTORY: 0.961

Loss: -12.62791

Loss: -3.04918

Loss: -4.875969

Loss: -7.451613

VICTORY: 0.307

Loss: -5.854369

Loss: -8.246377

VICTORY: 0.87

Loss: -2.459854

Loss: -4.267974

VICTORY: 0.721

VICTORY: 0.197

Loss: -2.855288

Loss: -2.261034

VICTORY: 0.939

VICTORY: 0.527

Loss: -3.421308

VICTORY: 0.726

Loss: -2.47929

VICTORY: 0.417

Loss: -4.460207

Loss: -8.29927

Loss: -3.020202

Loss: -2.042753

VICTORY: 0.922

Loss: -2.652893

VICTORY: 0.326

Loss: -5.484305

VICTORY: 0.956

Loss: -5.098361

Loss: -3.43309

Loss: -6.050505

VICTORY: 0.113

VICTORY: 0.539

VICTORY: 0.898

Loss: -3.932551

VICTORY: 0.542

Loss: -4.773585

Loss: -5.545455

VICTORY: 0.827

Loss: -5.444445

VICTORY: 0.716

Loss: -2.426533

VICTORY: 0.879

Loss: -2.373626

VICTORY: 0.395

Loss: -2.410437

VICTORY: 0.326

Loss: -11.98901

Loss: -9.695652

Loss: -7.756757

Loss: -3.487562

VICTORY: 0.843

Loss: -9

VICTORY: 0.989

Loss: -3.518892

Loss: -2.428571

VICTORY: 0.106

VICTORY: 0.038

VICTORY: 0.988

Loss: -2.52439

Loss: -4.164557

Loss: -2.212121

VICTORY: 0.107

Loss: -6.128205

VICTORY: 0.85

Loss: -6.882353

VICTORY: 0.989

Loss: -5.926108

VICTORY: 0.558

Loss: -5.098361

Loss: -2.243781

Loss: -2.106195

Loss: -6.050505

VICTORY: 0.406

VICTORY: 0.279

Loss: -2.285347

Loss: -5.405286

Loss: -2.457726

Loss: -3.840909

Loss: -7.289308

VICTORY: 0.006

VICTORY: 0.714

Loss: -2.169591

Loss: -3.364066

VICTORY: 0.69

VICTORY: 0.596

VICTORY: 0.693

VICTORY: 0.218

VICTORY: 0.009

VICTORY: 0.751

Loss: -2.934236

VICTORY: 0.134

Loss: -2.769912

Loss: -2.602564

VICTORY: 0.524

Loss: -6.319149

VICTORY: 0.247

Loss: -9.264462

Loss: -2.026694

Loss: -3.217295

VICTORY: 0.823

Loss: -6.988024

Loss: -3.398082

VICTORY: 0.383

VICTORY: 0.443

VICTORY: 0.453

VICTORY: 0.739

VICTORY: 0.589

VICTORY: 0.558

VICTORY: 0.617

Loss: -3.03666

Loss: -2.779359

Loss: -2.261034

VICTORY: 0.153

Loss: -6.91716

Loss: -7.71141

Loss: -3.053388

VICTORY: 0.862

Loss: -2.113586

VICTORY: 0.007

VICTORY: 0.509

VICTORY: 0.468

VICTORY: 0.872

VICTORY: 0.639

Loss: -3.597403

VICTORY: 0.489

VICTORY: 0.779

Loss: -5.504505

Loss: -2.287001

Loss: -5.385965

VICTORY: 0.41

VICTORY: 0.162

Loss: -2.319261

Loss: -3.941176

VICTORY: 0.759

Loss: -3.95858

VICTORY: 0.855

Loss: -2.042753

Loss: -12.90476

VICTORY: 0.803

VICTORY: 0.345

VICTORY: 0.749

VICTORY: 0.033

VICTORY: 0.825

Loss: -4.703704

Loss: -4.816794

VICTORY: 0.303

Loss: -2.31406

Loss: -2.633987

Loss: -6.128205

VICTORY: 0.947

Loss: -2.068376

Loss: -2.272265

Loss: -3.232143

VICTORY: 0.203

Loss: -4.831418

VICTORY: 0.335

VICTORY: 0.351

Loss: -3.061856

Loss: -16.38461

VICTORY: 0.264

Loss: -16.38461

Loss: -2.697793

Loss: -5.444445

Loss: -2.055966

VICTORY: 0.992

Loss: -2.315789

VICTORY: 0.084

Loss: -2.388889

Loss: -4.773585

VICTORY: 0.885

Loss: -6.181347

Loss: -4.773585

VICTORY: 0.371

Loss: -3.227171

Loss: -3

VICTORY: 0.806

VICTORY: 0.855

Loss: -12.76471

Loss: -3.923977

Loss: -2.164144

Loss: -2.564945

Loss: -7.944445

Loss: -2.201923

VICTORY: 0.983

VICTORY: 0.077

VICTORY: 0.6

Loss: -4.968254

Loss: -3.178649

VICTORY: 0.699

VICTORY: 0.524

VICTORY: 0.727

Loss: -2.706485

Loss: -8.29927

VICTORY: 0.83

Loss: -2.006036

VICTORY: 0.696

Loss: -3.673797

Loss: -17.66667

VICTORY: 0.345

VICTORY: 0.699

Loss: -2.545595

Loss: -3.298851

Loss: -2.119821

VICTORY: 0.666

VICTORY: 0.694

Loss: -4.058104

VICTORY: 0.093

Loss: -6.347594

Loss: -4.154574

Loss: -2.037344

VICTORY: 0.189

Loss: -3.680965

VICTORY: 0.024

VICTORY: 0.238

VICTORY: 0.998

Loss: -3.881844

Loss: -2.642036

Loss: -2.862197

VICTORY: 0.799

Loss: -2.550388

VICTORY: 0.217

Loss: -3.267574

Loss: -2.06383

Loss: -2.669449

Loss: -2.057082

VICTORY: 0.03

VICTORY: 0.914

VICTORY: 0.528

Loss: -10.70874

Loss: -2.31406

Loss: -2.375516

Loss: -2.470588

VICTORY: 0.819

VICTORY: 0.111

Loss: -7.289308

Loss: -5.56621

Loss: -5.081633

Loss: -3.95858

VICTORY: 0.666

VICTORY: 0.374

Loss: -2.103753

Loss: -3.114165

VICTORY: 0.544

VICTORY: 0.769

Loss: -5.098361

Loss: -6.025126

VICTORY: 0.324

Loss: -2.037344

VICTORY: 0.276

Loss: -2.55521

VICTORY: 0.574

VICTORY: 0.17

Loss: -3.074689

Loss: -10.43396

VICTORY: 0.046

VICTORY: 0.662

Loss: -2.355014

VICTORY: 0.799

Loss: -4.891051

Loss: -2.636661

Loss: -2.103753

Loss: -5.310345

VICTORY: 0.47

VICTORY: 0.618

VICTORY: 0.136

Loss: -2.351351

Loss: -4.164557

Loss: -4.134796

VICTORY: 0.078

VICTORY: 0.387

VICTORY: 0.314

Loss: -6.494505

VICTORY: 0.313

VICTORY: 0.689

VICTORY: 0.455

Loss: -2.358696

VICTORY: 0.963

Loss: -4.333333

Loss: -6.464481

Loss: -2.132503

Loss: -2.52439

VICTORY: 0.199

VICTORY: 0.369

VICTORY: 0.943

Loss: -3.272727

Loss: -3.304147

VICTORY: 0.636

Loss: -2.47929

VICTORY: 0.594

VICTORY: 0.491

Loss: -3.040816

VICTORY: 0.089

VICTORY: 0.047

VICTORY: 0.461

Loss: -2.112347

Loss: -2.567398

VICTORY: 0.095

VICTORY: 0.767

VICTORY: 0.752

VICTORY: 0.652

VICTORY: 0.513

Loss: -3.427185

Loss: -5.926108

Loss: -3.079002

Loss: -3.597403

VICTORY: 0.524

Loss: -7.134969

VICTORY: 0.373

VICTORY: 0.332

Loss: -4.759398

VICTORY: 0.609

VICTORY: 0.304

VICTORY: 0.135

VICTORY: 0.018

VICTORY: 0.491

Loss: -2.893939

Loss: -2.104972

VICTORY: 0.337

Loss: -2.081081

Loss: -3.136752

Loss: -3.55102

VICTORY: 0.078

Loss: -2.569859

Loss: -2.157408

VICTORY: 0.339

VICTORY: 0.7

VICTORY: 0.695

Loss: -2.114827

Loss: -7.622517

Loss: -2.187649

VICTORY: 0.479

VICTORY: 0.64

Loss: -2.272265

Loss: -2.650165

Loss: -2.567398

Loss: -5.901961

Loss: -4.875969

Loss: -3.096436

VICTORY: 0.588

VICTORY: 0.578

Loss: -3.777778

Loss: -2.610306

Loss: -7.289308

Loss: -4.021148

Loss: -2.272265

Loss: -10.70874

Loss: -2.16144

Loss: -6.050505

Loss: -4.378378

VICTORY: 0.981

Loss: -2.160093

Loss: -8.8125

Loss: -2.466276

VICTORY: 0.967

Loss: -6.747127

Loss: -2.424501

VICTORY: 0.197

Loss: -7.493506

Loss: -3.28833

VICTORY: 0.314

VICTORY: 0.729

Loss: -4.891051

Loss: -3.793296

VICTORY: 0.046

VICTORY: 0.468

Loss: -4.472222

Loss: -2.550388

Loss: -3.267574

Loss: -5.830918

Loss: -2.098901

VICTORY: 0.64

Loss: -2.550388

VICTORY: 0.257

Loss: -3.016129

VICTORY: 0.526

VICTORY: 0.655

Loss: -10.17431

Loss: -2.801802

Loss: -7.535948

VICTORY: 0.058

VICTORY: 0.437

VICTORY: 0.78

VICTORY: 0.899

VICTORY: 0.957

Loss: -3.631579

VICTORY: 0.957

VICTORY: 0.336

GRPC Exception: Status(StatusCode=Unknown, Detail="Stream removed"). Disconnecting from trainer.

Loss: -3.09205

Unable to save timers to file C:/Users/potpa/OneDrive/Documents/GitHub/Unity-AI/completed_build/Spacy_Data\ML-Agents\Timers\spacy_timers.json

Setting up 4 worker threads for Enlighten.
  Thread -> id: 3230 -> priority: 1 
  Thread -> id: 15f4 -> priority: 1 
  Thread -> id: 944 -> priority: 1 
  Thread -> id: 1440 -> priority: 1 
