Mono path[0] = 'C:/Users/potpa/OneDrive/Documents/GitHub/Unity-AI/completed_build/Spacy_Data/Managed'
Mono config path = 'C:/Users/potpa/OneDrive/Documents/GitHub/Unity-AI/completed_build/MonoBleedingEdge/etc'
Initialize engine version: 2020.3.9f1 (108be757e447)
[Subsystems] Discovering subsystems at path C:/Users/potpa/OneDrive/Documents/GitHub/Unity-AI/completed_build/Spacy_Data/UnitySubsystems
Forcing GfxDevice: Null
GfxDevice: creating device client; threaded=0
NullGfxDevice:
    Version:  NULL 1.0 [1.0]
    Renderer: Null Device
    Vendor:   Unity Technologies
Begin MonoManager ReloadAssembly
- Completed reload, in  0.167 seconds
ERROR: Shader Sprites/Default shader is not supported on this GPU (none of subshaders/fallbacks are suitable)
Microsoft Media Foundation video decoding to texture disabled: graphics device is Null, only Direct3D 11 and Direct3D 12 (only on desktop) are supported.
ERROR: Shader Sprites/Mask shader is not supported on this GPU (none of subshaders/fallbacks are suitable)
ERROR: Shader Legacy Shaders/Particles/Additive shader is not supported on this GPU (none of subshaders/fallbacks are suitable)
ERROR: Shader Legacy Shaders/Particles/Alpha Blended Premultiply shader is not supported on this GPU (none of subshaders/fallbacks are suitable)
ERROR: Shader Legacy Shaders/Particles/Alpha Blended shader is not supported on this GPU (none of subshaders/fallbacks are suitable)
UnloadTime: 0.813600 ms
Fallback handler could not load library C:/Users/potpa/OneDrive/Documents/GitHub/Unity-AI/completed_build/Spacy_Data/Mono/libcoreclr.so
Fallback handler could not load library C:/Users/potpa/OneDrive/Documents/GitHub/Unity-AI/completed_build/Spacy_Data/Mono/libcoreclr.so.dll
Fallback handler could not load library C:/Users/potpa/OneDrive/Documents/GitHub/Unity-AI/completed_build/Spacy_Data/Mono/libcoreclr.so
Fallback handler could not load library C:/Users/potpa/OneDrive/Documents/GitHub/Unity-AI/completed_build/Spacy_Data/Mono/libdl.so
Fallback handler could not load library C:/Users/potpa/OneDrive/Documents/GitHub/Unity-AI/completed_build/Spacy_Data/Mono/libdl.so.dll
Fallback handler could not load library C:/Users/potpa/OneDrive/Documents/GitHub/Unity-AI/completed_build/Spacy_Data/Mono/libdl.so
Fallback handler could not load library C:/Users/potpa/OneDrive/Documents/GitHub/Unity-AI/completed_build/Spacy_Data/Mono/libSystem.dylib
Fallback handler could not load library C:/Users/potpa/OneDrive/Documents/GitHub/Unity-AI/completed_build/Spacy_Data/Mono/libSystem.dylib.dll
Fallback handler could not load library C:/Users/potpa/OneDrive/Documents/GitHub/Unity-AI/completed_build/Spacy_Data/Mono/libSystem.dylib
Fallback handler could not load library C:/Users/potpa/OneDrive/Documents/GitHub/Unity-AI/completed_build/Spacy_Data/Mono/libcoreclr.so
Fallback handler could not load library C:/Users/potpa/OneDrive/Documents/GitHub/Unity-AI/completed_build/Spacy_Data/Mono/libcoreclr.so.dll
Fallback handler could not load library C:/Users/potpa/OneDrive/Documents/GitHub/Unity-AI/completed_build/Spacy_Data/Mono/libcoreclr.so
Fallback handler could not load library C:/Users/potpa/OneDrive/Documents/GitHub/Unity-AI/completed_build/Spacy_Data/Mono/libdl.so
Fallback handler could not load library C:/Users/potpa/OneDrive/Documents/GitHub/Unity-AI/completed_build/Spacy_Data/Mono/libdl.so.dll
Fallback handler could not load library C:/Users/potpa/OneDrive/Documents/GitHub/Unity-AI/completed_build/Spacy_Data/Mono/libdl.so
Fallback handler could not load library C:/Users/potpa/OneDrive/Documents/GitHub/Unity-AI/completed_build/Spacy_Data/Mono/libSystem.dylib
Fallback handler could not load library C:/Users/potpa/OneDrive/Documents/GitHub/Unity-AI/completed_build/Spacy_Data/Mono/libSystem.dylib.dll
Fallback handler could not load library C:/Users/potpa/OneDrive/Documents/GitHub/Unity-AI/completed_build/Spacy_Data/Mono/libSystem.dylib
failed to get 100ns ticks
Started

Started

Started

Started

Started

Started

Started

Started

Started

Started

Started

Started

Started

Started

Started

Started

Loss: -10.61539

Loss: -6.235602

VICTORY: 0.749

Loss: -3.915452

Loss: -3.5

Loss: -2.73913

Loss: -4.460207

VICTORY: 0.561

VICTORY: 0.166

VICTORY: 0.096

VICTORY: 0.23

VICTORY: 0.644

Loss: -2.694915

Loss: -2.506024

Loss: -4.058104

Loss: -2.069519

VICTORY: 0.658

Loss: -3.617801

Loss: -7.134969

Loss: -2.855288

Loss: -5.291845

Loss: -3.114165

Loss: -2.552795

Loss: -5.950495

VICTORY: 0.534

Loss: -4.921568

Loss: -4.125

Loss: -2.398601

VICTORY: 0.899

VICTORY: 0.942

Loss: -2.197605

Loss: -2.04712

VICTORY: 0.316

VICTORY: 0.725

VICTORY: 0.418

Loss: -4.731343

VICTORY: 0.617

Loss: -3.409639

VICTORY: 0.233

Loss: -3.604167

Loss: -7.802721

VICTORY: 0.078

Loss: -2.081081

Loss: -2.519757

VICTORY: 0.45

Loss: -2.37931

VICTORY: 0.798

VICTORY: 0.84

VICTORY: 0.53

VICTORY: 0.495

VICTORY: 0.981

Loss: -2.302083

Loss: -2.709402

VICTORY: 0.86

VICTORY: 0.906

VICTORY: 0.502

VICTORY: 0.422

Loss: -2.912046

VICTORY: 0.766

VICTORY: 0.573

VICTORY: 0.169

VICTORY: 0.912

Loss: -2.763669

Loss: -4.496503

VICTORY: 0.578

VICTORY: 0.032

VICTORY: 0.399

VICTORY: 0.539

VICTORY: 0.802

VICTORY: 0.168

Loss: -2.72117

VICTORY: 0.711

VICTORY: 0.809

VICTORY: 0.389

Loss: -2.680672

Loss: -10.34579

VICTORY: 0.77

VICTORY: 0.601

VICTORY: 0.167

VICTORY: 0.236

VICTORY: 0.777

VICTORY: 0.192

Loss: -4.10559

VICTORY: 0.112

Loss: -7.134969

VICTORY: 0.436

VICTORY: 0.605

Loss: -12.76471

VICTORY: 0.589

VICTORY: 0.142

VICTORY: 0.643

VICTORY: 0.194

Loss: -2.012146

Loss: -2.10011

VICTORY: 0.604

Loss: -2.43472

VICTORY: 0.404

Loss: -2.464129

Loss: -2.512859

Loss: -2.449275

VICTORY: 0.836

Loss: -6.649717

Loss: -8.633588

VICTORY: 0.82

Loss: -2.278772

Loss: -2.642036

Loss: -2.101322

Loss: -6.291005

VICTORY: 0.509

VICTORY: 0.665

VICTORY: 0.136

VICTORY: 0.438

Loss: -6.847953

Loss: -2.362398

Loss: -3.132196

VICTORY: 0.815

Loss: -9.403361

VICTORY: 0.409

Loss: -10.43396

Loss: -9.064516

VICTORY: 0.896

Loss: -4.484321

Loss: -6.91716

VICTORY: 0.064

VICTORY: 0.435

Loss: -4.759398

VICTORY: 0.675

VICTORY: 0.863

Loss: -7.71141

Loss: -2.062699

VICTORY: 0.715

VICTORY: 0.306

VICTORY: 0.841

VICTORY: 0.949

VICTORY: 0.503

VICTORY: 0.564

Loss: -10.43396

Loss: -2.086957

VICTORY: 0.943

Loss: -7.410256

Loss: -2.335114

VICTORY: 0.928

Loss: -3.754821

Loss: -2.666667

Loss: -4.968254

VICTORY: 0.449

Loss: -4.816794

Loss: -2.751313

Loss: -2.557632

Loss: -9.196721

VICTORY: 0.625

Loss: -2.349528

Loss: -2.40056

Loss: -2.650165

Loss: -3.369668

Loss: -8.575758

Loss: -2.709402

Loss: -3.314815

VICTORY: 0.525

VICTORY: 0.422

VICTORY: 0.7

VICTORY: 0.316

Loss: -2.408451

VICTORY: 0.269

Loss: -7.535948

Loss: -2.022495

Loss: -3.518892

Loss: -2.620746

VICTORY: 0.422

Loss: -2.402524

Loss: -3.65252

Loss: -2.295337

Loss: -2.153403

Loss: -2.152074

Loss: -2.457726

VICTORY: 0.764

VICTORY: 0.215

Loss: -6.347594

Loss: -3.105263

Loss: -2.10742

Loss: -2.769912

Loss: -4.484321

VICTORY: 0.519

Loss: -2.256281

VICTORY: 0.994

Loss: -5.132231

VICTORY: 0.606

Loss: -3.409639

VICTORY: 0.584

VICTORY: 0.605

VICTORY: 0.427

VICTORY: 0.966

VICTORY: 0.488

Loss: -2.262626

Loss: -3.849003

Loss: -15.92537

VICTORY: 0.973

Loss: -3.09205

VICTORY: 0.395

VICTORY: 0.905

VICTORY: 0.352

VICTORY: 0.843

Loss: -2.779359

Loss: -2.160093

Loss: -2.890359

Loss: -2.156069

Loss: -5.608295

Loss: -4.115265

Loss: -2.579779

Loss: -10.61539

VICTORY: 0.113

VICTORY: 0.023

Loss: -3.409639

Loss: -3.150538

VICTORY: 0.662

Loss: -2.41844

Loss: -4.703704

VICTORY: 0.41

Loss: -9.77193

VICTORY: 0.793

VICTORY: 0.759

VICTORY: 0.621

Loss: -5.504505

VICTORY: 0.742

Loss: -5.405286

VICTORY: 0.332

VICTORY: 0.03

Loss: -10.00901

VICTORY: 0.751

Loss: -6.208333

Loss: -2.890359

Loss: -3.020202

Loss: -3.923977

VICTORY: 0.22

VICTORY: 0.469

VICTORY: 0.5

VICTORY: 0.343

Loss: -2.497006

Loss: -2.119821

VICTORY: 0.003

VICTORY: 0.495

VICTORY: 0.327

VICTORY: 0.759

Loss: -2.004016

Loss: -2.269036

VICTORY: 0.599

Loss: -2.464129

Loss: -4.04878

VICTORY: 0.479

VICTORY: 0.96

VICTORY: 0.986

VICTORY: 0.422

VICTORY: 0.433

VICTORY: 0.189

Loss: -5.347826

VICTORY: 0.753

Loss: -5.385965

VICTORY: 0.96

Loss: -2.158749

VICTORY: 0.965

VICTORY: 0.659

Loss: -3.702703

VICTORY: 0.639

Loss: -5.878049

VICTORY: 0.745

Loss: -12.49425

VICTORY: 0.561

VICTORY: 0.122

Loss: -2.805054

VICTORY: 0.101

Loss: -6.524862

VICTORY: 0.858

VICTORY: 0.967

Loss: -2.658375

VICTORY: 0.115

Loss: -3.55102

VICTORY: 0.589

VICTORY: 0.91

VICTORY: 0.669

Loss: -7.369427

Loss: -3.604167

VICTORY: 0.304

VICTORY: 0.911

Loss: -9.849558

Loss: -2.067236

Loss: -2.650165

VICTORY: 0.755

Loss: -4.968254

Loss: -2.01833

Loss: -5.694836

Loss: -10.09091

Loss: -7.493506

VICTORY: 0.188

Loss: -3.150538

VICTORY: 0.801

VICTORY: 0.842

Loss: -3.538071

VICTORY: 0.201

VICTORY: 0.679

Loss: -5.716981

VICTORY: 0.423

Loss: -2.453488

Loss: -3.304147

Loss: -2.519757

Loss: -15.28571

VICTORY: 0.802

VICTORY: 0.449

Loss: -2.285347

VICTORY: 0.053

Loss: -2.468429

Loss: -2.652893

VICTORY: 0.402

Loss: -8.142858

Loss: -5.184101

Loss: -5

VICTORY: 0.192

VICTORY: 0.675

VICTORY: 0.392

Loss: -7.535948

Loss: -2.890359

Loss: -2.117318

VICTORY: 0.837

VICTORY: 0.845

Loss: -2.449275

Loss: -3.347418

VICTORY: 0.776

VICTORY: 0.971

VICTORY: 0.633

VICTORY: 0.239

Loss: -5.587156

VICTORY: 0.797

Loss: -5.081633

Loss: -2.626016

Loss: -2.6

VICTORY: 0.632

Loss: -5.444445

VICTORY: 0.355

Loss: -4.378378

VICTORY: 0.824

Loss: -2.788909

VICTORY: 0.662

VICTORY: 0.692

Loss: -3.617801

Loss: -3.754821

Loss: -2.141552

Loss: -4.875969

VICTORY: 0.811

Loss: -2.239157

Loss: -5.329004

VICTORY: 0.615

VICTORY: 0.806

VICTORY: 0.149

Loss: -3.12766

Loss: -4.389831

Loss: -4.401361

Loss: -2.265823

Loss: -3.506266

VICTORY: 0.08

Loss: -2.008065

Loss: -3.673797

Loss: -4.703704

Loss: -5.132231

VICTORY: 0.809

Loss: -13.04819

Loss: -2.360544

VICTORY: 0.488

Loss: -2.814882

Loss: -11.98901

VICTORY: 0.335

Loss: -2.278772

VICTORY: 0.568

VICTORY: 0.733

VICTORY: 0.54

VICTORY: 0.572

Loss: -2.992032

VICTORY: 0.155

Loss: -3.564103

Loss: -2.996008

VICTORY: 0.482

Loss: -7.896552

VICTORY: 0.557

VICTORY: 0.482

Loss: -6.617978

Loss: -2.37741

Loss: -2.727116

VICTORY: 0.12

VICTORY: 0.61

VICTORY: 0.158

Loss: -9.403361

Loss: -2.851852

VICTORY: 0.641

VICTORY: 0.622

VICTORY: 0.385

Loss: -2.481482

Loss: -3.262444

Loss: -4.164557

Loss: -2.089325

VICTORY: 0.809

Loss: -3.347418

Loss: -2.108647

VICTORY: 0.809

Loss: -2.655629

Loss: -3.369668

VICTORY: 0.364

VICTORY: 0.989

VICTORY: 0.324

VICTORY: 0.025

VICTORY: 0.276

Loss: -4.257329

Loss: -6.434783

VICTORY: 0.138

VICTORY: 0.468

Loss: -3.066116

Loss: -2.162791

Loss: -5.201681

Loss: -3.008032

VICTORY: 0.462

VICTORY: 0.376

VICTORY: 0.108

Loss: -2.040583

Loss: -6.208333

Loss: -5.761905

Loss: -6.050505

Loss: -4.164557

VICTORY: 0.098

Loss: -3.915452

Loss: -2.133787

Loss: -15.49275

Loss: -3.12766

VICTORY: 0.816

VICTORY: 0.734

VICTORY: 0.613

Loss: -2.841621

Loss: -2.443002

VICTORY: 0.602

Loss: -3.976191

VICTORY: 0.899

VICTORY: 0.724

Loss: -2.029866

VICTORY: 0.228

Loss: -2.48368

VICTORY: 0.627

Loss: -4.424657

VICTORY: 0.121

Loss: -2.190476

VICTORY: 0.788

Loss: -5.237288

Loss: -7.802721

VICTORY: 0.381

Loss: -3.247191

Loss: -2.096491

VICTORY: 0.552

Loss: -9.474576

VICTORY: 0.209

Loss: -3.475248

VICTORY: 0.215

VICTORY: 0.244

VICTORY: 0.226

Loss: -4.546099

VICTORY: 0.102

VICTORY: 0.436

VICTORY: 0.509

VICTORY: 0.777

Loss: -2.146789

VICTORY: 0.705

VICTORY: 0.722

Loss: -2.228501

Loss: -7.756757

Loss: -4.225806

VICTORY: 0.395

VICTORY: 0.686

Loss: -3.427185

Loss: -2.019368

VICTORY: 0.94

VICTORY: 0.067

Loss: -5

VICTORY: 0.328

VICTORY: 0.45

Loss: -6.434783

Loss: -7.622517

VICTORY: 0.448

VICTORY: 0.282

VICTORY: 0.832

Loss: -4.496503

VICTORY: 0.717

Loss: -7.329114

Loss: -2.782531

Loss: -2.445087

VICTORY: 0.255

Loss: -2.097695

Loss: -5.651163

VICTORY: 0.536

Loss: -6.714286

Loss: -4.846154

Loss: -2.536098

Loss: -6.91716

VICTORY: 0.618

VICTORY: 0.039

Loss: -2.28866

VICTORY: 0.78

Loss: -2.35318

VICTORY: 0.281

Loss: -3.747253

Loss: -2.937984

VICTORY: 0.776

VICTORY: 0.225

Loss: -9.403361

Loss: -11.30928

Loss: -10.09091

VICTORY: 0.353

VICTORY: 0.833

Loss: -5.484305

Loss: -5.444445

Loss: -3.105263

Loss: -3.808989

Loss: -2.27551

Loss: -6.405406

Loss: -12.49425

Loss: -4.378378

Loss: -2.386963

Loss: -6

Loss: -3.293578

VICTORY: 0.869

Loss: -4.649635

VICTORY: 0.373

Loss: -2.149425

VICTORY: 0.225

VICTORY: 0.198

VICTORY: 0.968

Loss: -12.23596

Loss: -7.535948

Loss: -3.680965

Loss: -2.02459

VICTORY: 0.745

Loss: -6.586592

VICTORY: 0.281

VICTORY: 0.777

VICTORY: 0.044

Loss: -3.369668

VICTORY: 0.471

Loss: -3.857143

VICTORY: 0.79

Loss: -2.011122

Loss: -2.941748

Loss: -2.468429

Loss: -2.038422

VICTORY: 0.449

VICTORY: 0.461

Loss: -2.35318

VICTORY: 0.684

VICTORY: 0.357

VICTORY: 0.681

Loss: -2.126126

VICTORY: 0.944

VICTORY: 0.096

Loss: -6.813953

VICTORY: 0.518

VICTORY: 0.183

VICTORY: 0.09

VICTORY: 0.981

Loss: -2.307189

VICTORY: 0.114

VICTORY: 0.264

Loss: -3.12766

VICTORY: 0.374

VICTORY: 0.51

Loss: -2.191895

Loss: -2.736111

Loss: -2.72117

Loss: -8.352942

Loss: -3.145923

VICTORY: 0.823

VICTORY: 0.745

Loss: -2.569859

VICTORY: 0.945

Loss: -4.144654

VICTORY: 0.157

Loss: -5.504505

VICTORY: 0.016

Loss: -3.207505

VICTORY: 0.65

VICTORY: 0.714

Loss: -3.083333

Loss: -2.642036

VICTORY: 0.802

VICTORY: 0.433

Loss: -2.52207

Loss: -4.378378

VICTORY: 0.787

Loss: -2.230012

Loss: -2.022495

Loss: -3.257336

VICTORY: 0.977

VICTORY: 0.022

VICTORY: 0.948

Loss: -5.347826

Loss: -7.71141

Loss: -2.114827

VICTORY: 0.596

VICTORY: 0.373

VICTORY: 0.717

Loss: -2.127396

Loss: -10.34579

VICTORY: 0.944

Loss: -3.150538

Loss: -9.547009

VICTORY: 0.508

Loss: -2.079914

Loss: -2.333333

Loss: -11.30928

VICTORY: 0.747

VICTORY: 0.473

VICTORY: 0.72

Loss: -3.439024

VICTORY: 0.379

VICTORY: 0.377

VICTORY: 0.222

VICTORY: 0.075

Loss: -3.109705

Loss: -10.52381

VICTORY: 0.587

Loss: -4.460207

Loss: -2.677852

Loss: -2.464129

VICTORY: 0.04

VICTORY: 0.535

VICTORY: 0.428

Loss: -7.369427

Loss: -11.75269

VICTORY: 0.423

VICTORY: 0.887

Loss: -3.688172

Loss: -5.385965

VICTORY: 0.108

Loss: -4.424657

Loss: -3.325581

Loss: -5.926108

Loss: -2.560062

VICTORY: 0.963

Loss: -2.426533

VICTORY: 0.834

Loss: -4.378378

VICTORY: 0.297

Loss: -2.526718

VICTORY: 0.716

VICTORY: 0.969

VICTORY: 0.888

VICTORY: 0.405

Loss: -7.622517

VICTORY: 0.341

Loss: -2.3947

VICTORY: 0.791

Loss: -3.178649

VICTORY: 0.027

Loss: -2.953125

VICTORY: 0.849

Loss: -4.584229

VICTORY: 0.59

VICTORY: 0.229

VICTORY: 0.751

Loss: -5.081633

Loss: -2.129944

Loss: -2.362398

VICTORY: 0.873

Loss: -3.610966

VICTORY: 0.944

VICTORY: 0.373

VICTORY: 0.612

Loss: -2.937984

VICTORY: 0.87

VICTORY: 0.89

Loss: -13.19512

Loss: -4.278688

VICTORY: 0.878

VICTORY: 0.98

Loss: -4.546099

Loss: -6.494505

VICTORY: 0.405

Loss: -2.447178

Loss: -2.206273

Loss: -7.134969

VICTORY: 0.043

Loss: -2.692047

Loss: -4.154574

Loss: -3.695418

VICTORY: 0.726

Loss: -2.256281

Loss: -3.849003

VICTORY: 0.74

VICTORY: 0.185

VICTORY: 0.336

VICTORY: 0.952

Loss: -2.582278

VICTORY: 0.868

Loss: -2.424501

Loss: -2.24533

VICTORY: 0.973

Loss: -3.785515

VICTORY: 0.137

Loss: -2.618123

Loss: -3.109705

Loss: -2.602564

Loss: -6.617978

VICTORY: 0.55

Loss: -2.02459

Loss: -2.021451

VICTORY: 0.895

VICTORY: 0.985

Loss: -2.658375

Loss: -2.872659

Loss: -3.242152

Loss: -6.617978

VICTORY: 0.629

VICTORY: 0.607

VICTORY: 0.54

Loss: -2.956947

Loss: -3.136752

Loss: -5.405286

Loss: -3.518892

Loss: -4.367003

Loss: -3.114165

Loss: -5.132231

Loss: -2.70068

Loss: -8.042253

Loss: -9.474576

VICTORY: 0.313

Loss: -11.20408

VICTORY: 0.366

Loss: -12.76471

VICTORY: 0.515

Loss: -2.011122

Loss: -4.134796

Loss: -3.793296

Loss: -2.145475

Loss: -3.762431

Loss: -2.180638

Loss: -3.531646

Loss: -6.434783

Loss: -8.194244

Loss: -8.874016

VICTORY: 0.153

Loss: -9.620689

VICTORY: 0.346

VICTORY: 0.459

VICTORY: 0.37

Loss: -4.90625

VICTORY: 0.912

Loss: -3.583979

VICTORY: 0.238

VICTORY: 0.055

Loss: -4.246753

VICTORY: 0.987

Loss: -2.642036

VICTORY: 0.555

Loss: -2.697793

Loss: -4.154574

Loss: -3.024292

Loss: -17.66667

VICTORY: 0.62

Loss: -4.08642

Loss: -3.155172

VICTORY: 0.289

Loss: -5.291845

VICTORY: 0.493

Loss: -5.385965

VICTORY: 0.606

VICTORY: 0.663

Loss: -4.246753

Loss: -10.09091

Loss: -6.681818

VICTORY: 0.985

VICTORY: 0.31

Loss: -2.40647

Loss: -4.676471

VICTORY: 0.081

VICTORY: 0.456

VICTORY: 0.611

Loss: -11.10101

VICTORY: 0.945

Loss: -3.673797

Loss: -2.897533

Loss: -3.949852

Loss: -3.57732

VICTORY: 0.69

Loss: -4.831418

VICTORY: 0.16

Loss: -2.615509

VICTORY: 0.906

Loss: -9

VICTORY: 0.964

VICTORY: 0.609

VICTORY: 0.971

Loss: -4.831418

VICTORY: 0.623

VICTORY: 0.027

Loss: -2.069519

Loss: -3.155172

Loss: -4.676471

Loss: -3.197802

VICTORY: 0.68

Loss: -4.90625

Loss: -2.157408

VICTORY: 0.539

Loss: -2.164144

Loss: -2.371742

Loss: -2.964637

Loss: -3.932551

Loss: -4.225806

Loss: -3.257336

Loss: -2.01833

Loss: -3.096436

VICTORY: 0.574

Loss: -2.028807

VICTORY: 0.766

Loss: -10.17431

VICTORY: 0.467

VICTORY: 0.261

VICTORY: 0.713

Loss: -4.257329

Loss: -2.24533

Loss: -5.975124

VICTORY: 0.416

VICTORY: 0.589

Loss: -2.506024

Loss: -5.901961

Loss: -4.496503

VICTORY: 0.808

Loss: -2.494768

VICTORY: 0.569

VICTORY: 0.86

Loss: -2.062699

Loss: -4.90625

VICTORY: 0.439

Loss: -3.659575

VICTORY: 0.954

VICTORY: 0.555

Loss: -10.09091

Loss: -9.264462

VICTORY: 0.543

VICTORY: 0.993

Loss: -4.831418

Loss: -5.132231

VICTORY: 0.979

Loss: -2.472754

Loss: -3.48139

VICTORY: 0.244

VICTORY: 0.515

Loss: -5.149378

Loss: -3.169197

Loss: -3.832861

Loss: -2.40056

Loss: -2.303781

Loss: -2.623377

VICTORY: 0.903

Loss: -3.747253

VICTORY: 0.12

Loss: -2.869159

Loss: -7.756757

Loss: -2.709402

Loss: -4.378378

Loss: -2.165501

Loss: -5.184101

Loss: -2.083424

Loss: -6

VICTORY: 0.914

Loss: -2.261034

Loss: -3.475248

Loss: -2.285347

Loss: -10.70874

VICTORY: 0.562

Loss: -2.865672

VICTORY: 0.126

VICTORY: 0.026

VICTORY: 0.243

Loss: -4.597122

Loss: -2.536098

VICTORY: 0.871

VICTORY: 0.014

VICTORY: 0.391

Loss: -2.72117

VICTORY: 0.285

VICTORY: 0.908

VICTORY: 0.768

Loss: -2.019368

VICTORY: 0.97

VICTORY: 0.309

VICTORY: 0.792

Loss: -3.409639

Loss: -2.052632

Loss: -3.096436

Loss: -2.52207

Loss: -3.237136

VICTORY: 0.715

VICTORY: 0.678

VICTORY: 0.441

VICTORY: 0.778

Loss: -8.936508

Loss: -4.134796

VICTORY: 0.108

VICTORY: 0.833

VICTORY: 0.726

Loss: -2.019368

VICTORY: 0.834

Loss: -4.154574

Loss: -2.237624

Loss: -2.179245

VICTORY: 0.736

Loss: -2.283697

VICTORY: 0.784

Loss: -2.831502

Loss: -4.745318

Loss: -2.129944

Loss: -5.484305

Loss: -2.31406

Loss: -3.518892

Loss: -17.94915

VICTORY: 0.859

VICTORY: 0.771

Loss: -9.403361

Loss: -2.639344

Loss: -4.344481

VICTORY: 0.054

Loss: -2.069519

Loss: -2.503759

Loss: -2.196172

VICTORY: 0.179

VICTORY: 0.525

VICTORY: 0.579

VICTORY: 0.942

Loss: -3.150538

VICTORY: 0.59

VICTORY: 0.482

VICTORY: 0.336

Loss: -3.808989

Loss: -2.158749

VICTORY: 0.558

Loss: -5.424779

Loss: -3.617801

Loss: -2.199041

Loss: -5.184101

VICTORY: 0.43

Loss: -2.890359

Loss: -3.415459

VICTORY: 0.682

Loss: -2.615509

Loss: -11.6383

Loss: -3.824859

VICTORY: 0.906

Loss: -2.834862

VICTORY: 0.736

Loss: -5.545455

VICTORY: 0.837

Loss: -2.730104

Loss: -6.586592

Loss: -3.364066

Loss: -4.875969

Loss: -3.754821

Loss: -2.560062

VICTORY: 0.963

Loss: -2.061571

VICTORY: 0.946

Loss: -3.415459

Loss: -2.10742

Loss: -3.688172

VICTORY: 0.419

VICTORY: 0.878

Loss: -2.113586

Loss: -2.364256

Loss: -2.398601

Loss: -2.282051

VICTORY: 0.483

VICTORY: 0.092

Loss: -2.102536

Loss: -3.475248

VICTORY: 0.715

Loss: -3.10084

VICTORY: 0.59

VICTORY: 0.176

Loss: -2.303781

VICTORY: 0.672

VICTORY: 0.685

Loss: -3.159827

Loss: -2.140251

VICTORY: 0.509

VICTORY: 0.588

Loss: -5.219409

VICTORY: 0.809

Loss: -2.831502

VICTORY: 0.6

Loss: -3.118644

Loss: -2.582278

VICTORY: 0.195

VICTORY: 0.869

Loss: -6.813953

Loss: -2.919386

VICTORY: 0.98

VICTORY: 0.851

VICTORY: 0.692

Loss: -4.08642

Loss: -2.35318

Loss: -4.04878

Loss: -3.169197

Loss: -2.254705

Loss: -3.48139

Loss: -2.692047

VICTORY: 0.239

VICTORY: 0.66

Loss: -3.915452

VICTORY: 0.32

VICTORY: 0.249

VICTORY: 0.019

VICTORY: 0.706

VICTORY: 0.44

VICTORY: 0.513

Loss: -4.257329

VICTORY: 0.926

Loss: -2.215067

Loss: -3.906977

VICTORY: 0.828

Loss: -3.95858

Loss: -3.531646

Loss: -2.25

Loss: -5.761905

VICTORY: 0.962

Loss: -2.216545

Loss: -4.636364

VICTORY: 0.083

Loss: -2.872659

VICTORY: 0.933

VICTORY: 0.248

Loss: -2.715266

Loss: -3.645503

VICTORY: 0.935

Loss: -11.20408

Loss: -3.793296

VICTORY: 0.638

Loss: -5.201681

Loss: -2.29199

VICTORY: 0.768

VICTORY: 0.326

VICTORY: 0.233

VICTORY: 0.864

VICTORY: 0.14

VICTORY: 0.343

Loss: -2.663893

Loss: -6.813953

VICTORY: 0.292

Loss: -2.501502

Loss: -4.30033

VICTORY: 0.751

Loss: -8.352942

VICTORY: 0.111

Loss: -3.028398

VICTORY: 0.623

Loss: -3.427185

VICTORY: 0.18

VICTORY: 0.454

Loss: -2.27551

Loss: -2.051525

Loss: -3.183406

VICTORY: 0.165

VICTORY: 0.055

VICTORY: 0.234

Loss: -2.023541

Loss: -2.618123

Loss: -16.625

VICTORY: 0.431

Loss: -5.484305

VICTORY: 0.458

VICTORY: 0.977

Loss: -2.626016

Loss: -2.390821

Loss: -4.623188

VICTORY: 0.114

VICTORY: 0.693

Loss: -2.926782

Loss: -12.62791

Loss: -2.154734

VICTORY: 0.861

Loss: -5.56621

Loss: -3.012072

Loss: -2.851852

VICTORY: 0.717

Loss: -2.988072

Loss: -9.130081

VICTORY: 0.549

VICTORY: 0.778

VICTORY: 0.17

VICTORY: 0.915

VICTORY: 0.513

VICTORY: 0.723

VICTORY: 0.252

Loss: -2.545595

VICTORY: 0.981

Loss: -4.816794

Loss: -4.703704

Loss: -11

Loss: -2.597444

VICTORY: 0.528

VICTORY: 0.559

VICTORY: 0.752

Loss: -4.367003

VICTORY: 0.467

Loss: -5.716981

Loss: -2.47929

VICTORY: 0.34

VICTORY: 0.751

Loss: -2.324503

Loss: -5.184101

VICTORY: 0.92

Loss: -4.952569

VICTORY: 0.195

Loss: -3.770083

VICTORY: 0.212

Loss: -2.145475

Loss: -2.941748

Loss: -2.135074

VICTORY: 0.949

VICTORY: 0.829

VICTORY: 0.75

VICTORY: 0.369

Loss: -2.623377

VICTORY: 0.093

Loss: -3.985075

VICTORY: 0.801

Loss: -4.003003

Loss: -3.057613

VICTORY: 0.608

Loss: -5.807693

VICTORY: 0.936

VICTORY: 0.095

Loss: -11.30928

Loss: -2.466276

VICTORY: 0.454

VICTORY: 0.95

VICTORY: 0.221

Loss: -3.020202

VICTORY: 0.011

Loss: -3.164502

VICTORY: 0.365

Loss: -9.849558

VICTORY: 0.484

VICTORY: 0.195

Loss: -3.808989

VICTORY: 0.856

Loss: -2.297017

VICTORY: 0.197

Loss: -3.564103

VICTORY: 0.565

VICTORY: 0.664

VICTORY: 0.74

VICTORY: 0.015

VICTORY: 0.839

VICTORY: 0.582

Loss: -13.82051

VICTORY: 0.836

VICTORY: 0.132

VICTORY: 0.326

Loss: -3.293578

Loss: -3.183406

Loss: -2.206273

VICTORY: 0.564

Loss: -2.328021

Loss: -2.303781

Loss: -2.426533

Loss: -11.10101

Loss: -3.141328

VICTORY: 0.518

VICTORY: 0.176

VICTORY: 0.229

VICTORY: 0.687

Loss: -2.302083

VICTORY: 0.836

VICTORY: 0.825

Loss: -4.623188

Loss: -2.273885

Loss: -2.776199

VICTORY: 0.714

Loss: -2.831502

VICTORY: 0.28

VICTORY: 0.681

Loss: -8.8125

VICTORY: 0.36

VICTORY: 0.412

VICTORY: 0.05

Loss: -3.024292

Loss: -3.680965

VICTORY: 0.828

Loss: -5.950495

Loss: -2.168224

Loss: -2.219512

Loss: -2.834862

Loss: -2.057082

VICTORY: 0.519

Loss: -3.702703

Loss: -2.28866

VICTORY: 0.771

VICTORY: 0.904

VICTORY: 0.134

VICTORY: 0.916

VICTORY: 0.278

Loss: -2.295337

Loss: -2.858736

Loss: -6.747127

Loss: -2.239157

Loss: -6.025126

Loss: -8.575758

VICTORY: 0.301

VICTORY: 0.463

VICTORY: 0.491

VICTORY: 0.134

VICTORY: 0.726

Loss: -8.092198

Loss: -6.780347

Loss: -4.472222

VICTORY: 0.996

VICTORY: 0.505

VICTORY: 0.067

Loss: -2.709402

Loss: -3.352941

VICTORY: 0.606

Loss: -9.849558

VICTORY: 0.438

VICTORY: 0.398

VICTORY: 0.471

Loss: -6.347594

VICTORY: 0.901

Loss: -3.070393

Loss: -2.081081

Loss: -2.831502

Loss: -3.227171

Loss: -3.392344

VICTORY: 0.135

VICTORY: 0.522

VICTORY: 0.845

VICTORY: 0.85

Loss: -6.747127

VICTORY: 0.966

Loss: -3.242152

VICTORY: 0.959

VICTORY: 0.757

VICTORY: 0.143

Loss: -2.009082

Loss: -2.277139

Loss: -4.267974

Loss: -2.166861

VICTORY: 0.592

VICTORY: 0.846

Loss: -2.168224

Loss: -2.666667

Loss: -4.508772

VICTORY: 0.154

Loss: -2.620746

VICTORY: 0.036

VICTORY: 0.008

Loss: -2.351351

VICTORY: 0.208

Loss: -3.617801

Loss: -12.11111

Loss: -2.727116

VICTORY: 0.658

Loss: -14.51351

Loss: -2.508296

Loss: -3.173913

Loss: -2.029866

VICTORY: 0.563

VICTORY: 0.883

VICTORY: 0.843

VICTORY: 0.757

Loss: -3.557545

Loss: -2.096491

Loss: -4.984064

Loss: -7.944445

VICTORY: 0.026

Loss: -2.531394

VICTORY: 0.136

VICTORY: 0.554

VICTORY: 0.764

VICTORY: 0.715

Loss: -2.355014

Loss: -2.455604

VICTORY: 0.447

Loss: -2.488095

Loss: -2.28866

Loss: -3.941176

VICTORY: 0.809

VICTORY: 0.818

Loss: -3.659575

VICTORY: 0.265

Loss: -3.320186

VICTORY: 0.402

VICTORY: 0.67

VICTORY: 0.284

VICTORY: 0.119

VICTORY: 0.35

VICTORY: 0.49

VICTORY: 0.587

Loss: -2.051525

Loss: -2.270648

VICTORY: 0.991

VICTORY: 0.515

VICTORY: 0.919

VICTORY: 0.606

Loss: -2.733102

VICTORY: 0.926

VICTORY: 0.652

VICTORY: 0.91

VICTORY: 0.833

Loss: -7.666667

VICTORY: 0.394

VICTORY: 0.927

Loss: -8.518797

VICTORY: 0.455

Loss: -2.683502

VICTORY: 0.683

Loss: -5.545455

Loss: -4.496503

Loss: -2.092896

VICTORY: 0.73

VICTORY: 0.283

VICTORY: 0.332

VICTORY: 0.764

Loss: -2.228501

Loss: -2.126126

Loss: -6.780347

Loss: -4.846154

VICTORY: 0.497

Loss: -3.079002

VICTORY: 0.444

Loss: -2.053741

VICTORY: 0.467

Loss: -3.35849

VICTORY: 0.867

VICTORY: 0.397

VICTORY: 0.139

VICTORY: 0.391

VICTORY: 0.846

VICTORY: 0.216

VICTORY: 0.635

Loss: -7.944445

VICTORY: 0.884

VICTORY: 0.13

Loss: -4.10559

VICTORY: 0.192

VICTORY: 0.721

Loss: -2.351351

VICTORY: 0.072

VICTORY: 0.153

VICTORY: 0.536

VICTORY: 0.933

VICTORY: 0.392

Loss: -2.510574

Loss: -7.896552

VICTORY: 0.652

Loss: -2.290323

Loss: -3.386635

VICTORY: 0.275

VICTORY: 0.463

Loss: -6.681818

Loss: -2.22399

VICTORY: 0.777

VICTORY: 0.916

Loss: -7.25

VICTORY: 0.063

Loss: -7.493506

Loss: -3.421308

VICTORY: 0.617

Loss: -3.380952

Loss: -2.293661

VICTORY: 0.988

Loss: -2.052632

VICTORY: 0.637

VICTORY: 0.9

Loss: -7.369427

Loss: -2.712329

Loss: -8.633588

Loss: -2.597444

Loss: -10.25926

Loss: -11.98901

Loss: -6.319149

VICTORY: 0.88

VICTORY: 0.088

Loss: -3.173913

Loss: -3.65252

Loss: -2.085776

VICTORY: 0.369

VICTORY: 0.194

Loss: -5.761905

Loss: -7.097561

VICTORY: 0.104

VICTORY: 0.984

VICTORY: 0.463

Loss: -3.45098

Loss: -3.347418

Loss: -2.477105

VICTORY: 0.498

Loss: -2.335114

Loss: -7.944445

VICTORY: 0.47

Loss: -6.025126

VICTORY: 0.624

Loss: -2.618123

VICTORY: 0.46

VICTORY: 0.041

Loss: -2.256281

VICTORY: 0.441

Loss: -4.610108

VICTORY: 0.874

Loss: -5.739336

VICTORY: 0.62

VICTORY: 0.136

Loss: -5.065041

VICTORY: 0.464

Loss: -4.267974

VICTORY: 0.992

Loss: -2.091703

VICTORY: 0.119

Loss: -2.633987

Loss: -2.855288

VICTORY: 0.276

VICTORY: 0.452

VICTORY: 0.2

VICTORY: 0.403

Loss: -3.43309

Loss: -2.079914

Loss: -3.369668

VICTORY: 0.083

VICTORY: 0.645

Loss: -5.716981

Loss: -5.926108

VICTORY: 0.758

VICTORY: 0.662

VICTORY: 0.868

VICTORY: 0.341

Loss: -4.773585

Loss: -9.695652

GRPC Exception: Status(StatusCode=Unknown, Detail="Stream removed"). Disconnecting from trainer.

Unable to save timers to file C:/Users/potpa/OneDrive/Documents/GitHub/Unity-AI/completed_build/Spacy_Data\ML-Agents\Timers\spacy_timers.json

Setting up 4 worker threads for Enlighten.
  Thread -> id: 198c -> priority: 1 
  Thread -> id: 1c50 -> priority: 1 
  Thread -> id: 2dc0 -> priority: 1 
  Thread -> id: 174c -> priority: 1 
