Using pre-set license
Built from '2020.3/staging' branch; Version is '2020.3.9f1 (108be757e447) revision 1084391'; Using compiler version '192528614'; Build Type 'Release'
OS: 'Windows 10 Home; OS build 19041.867; Version 2004; 64bit' Language: 'en' Physical Memory: 12182 MB
BatchMode: 1, IsHumanControllingUs: 0, StartBugReporterOnCrash: 0, Is64bit: 1, IsPro: 0

 COMMAND LINE ARGUMENTS:
C:\Program Files\Unity\Hub\Editor\2020.3.9f1\Editor\Unity.exe
-adb2
-batchMode
-noUpm
-name
AssetImportWorker0
-projectPath
C:/Users/denys/Spacy
-logFile
Logs/AssetImportWorker0.log
-srvPort
1439
Successfully changed project path to: C:/Users/denys/Spacy
C:/Users/denys/Spacy
Using Asset Import Pipeline V2.
Refreshing native plugins compatible for Editor in 74.33 ms, found 2 plugins.
Preloading 0 native plugins for Editor in 0.00 ms.
Initialize engine version: 2020.3.9f1 (108be757e447)
[Subsystems] Discovering subsystems at path C:/Program Files/Unity/Hub/Editor/2020.3.9f1/Editor/Data/Resources/UnitySubsystems
[Subsystems] Discovering subsystems at path C:/Users/denys/Spacy/Assets
GfxDevice: creating device client; threaded=0
Direct3D:
    Version:  Direct3D 11.0 [level 11.1]
    Renderer: Radeon (TM) RX 480 Graphics (ID=0x67df)
    Vendor:   
    VRAM:     8171 MB
    Driver:   27.20.14501.18003
Initialize mono
Mono path[0] = 'C:/Program Files/Unity/Hub/Editor/2020.3.9f1/Editor/Data/Managed'
Mono path[1] = 'C:/Program Files/Unity/Hub/Editor/2020.3.9f1/Editor/Data/MonoBleedingEdge/lib/mono/unityjit'
Mono config path = 'C:/Program Files/Unity/Hub/Editor/2020.3.9f1/Editor/Data/MonoBleedingEdge/etc'
Using monoOptions --debugger-agent=transport=dt_socket,embedding=1,server=y,suspend=n,address=127.0.0.1:56872
Begin MonoManager ReloadAssembly
Registering precompiled unity dll's ...
Register platform support module: C:/Program Files/Unity/Hub/Editor/2020.3.9f1/Editor/Data/PlaybackEngines/WindowsStandaloneSupport/UnityEditor.WindowsStandalone.Extensions.dll
Registered in 0.003957 seconds.
Native extension for WindowsStandalone target not found
Refreshing native plugins compatible for Editor in 79.41 ms, found 2 plugins.
Preloading 0 native plugins for Editor in 0.00 ms.
Mono: successfully reloaded assembly
- Completed reload, in  2.139 seconds
Platform modules already initialized, skipping
Registering precompiled user dll's ...
Registered in 0.007033 seconds.
Begin MonoManager ReloadAssembly
Native extension for WindowsStandalone target not found
Refreshing native plugins compatible for Editor in 99.36 ms, found 2 plugins.
Preloading 0 native plugins for Editor in 0.00 ms.
Mono: successfully reloaded assembly
- Completed reload, in  3.704 seconds
Platform modules already initialized, skipping
========================================================================
Worker process is ready to serve import requests
Launched and connected shader compiler UnityShaderCompiler.exe after 0.12 seconds
Refreshing native plugins compatible for Editor in 0.78 ms, found 2 plugins.
Preloading 0 native plugins for Editor in 0.00 ms.
Unloading 2120 Unused Serialized files (Serialized files now loaded: 0)
System memory in use before: 96.4 MB.
System memory in use after: 96.3 MB.

Unloading 37 unused Assets to reduce memory usage. Loaded Objects now: 2553.
Total: 3.026400 ms (FindLiveObjects: 0.226000 ms CreateObjectMapping: 0.099700 ms MarkObjects: 2.516700 ms  DeleteObjects: 0.181600 ms)

========================================================================
Received Import Request.
  path: Assets/2D Space Kit/Scripts/Projectile.cs
  artifactKey: Guid(304f3693f902a6540be5ae2c4a6f0957) Importer(815301076,1909f56bfc062723c751e8b465ee728b)
Start importing Assets/2D Space Kit/Scripts/Projectile.cs using Guid(304f3693f902a6540be5ae2c4a6f0957) Importer(815301076,1909f56bfc062723c751e8b465ee728b)  -> (artifact id: '096dff9af4bebe79b02cf1c0ac67b426') in 0.071039 seconds
  Import took 0.077868 seconds .

========================================================================
Received Import Request.
  Time since last request: 33.737510 seconds.
  path: Assets/Scenes/Scripts/fighterAI.cs
  artifactKey: Guid(ff995ac317a4fd847b534a68acf29a3f) Importer(815301076,1909f56bfc062723c751e8b465ee728b)
Start importing Assets/Scenes/Scripts/fighterAI.cs using Guid(ff995ac317a4fd847b534a68acf29a3f) Importer(815301076,1909f56bfc062723c751e8b465ee728b)  -> (artifact id: 'eb047feaa34c08d63679cf2c96893d8f') in 0.011745 seconds
  Import took 0.016050 seconds .

========================================================================
Received Import Request.
  Time since last request: 0.046716 seconds.
  path: Assets/Scenes/Scripts/fighterAI.cs
  artifactKey: Guid(ff995ac317a4fd847b534a68acf29a3f) Importer(815301076,1909f56bfc062723c751e8b465ee728b)
Start importing Assets/Scenes/Scripts/fighterAI.cs using Guid(ff995ac317a4fd847b534a68acf29a3f) Importer(815301076,1909f56bfc062723c751e8b465ee728b)  -> (artifact id: 'eb047feaa34c08d63679cf2c96893d8f') in 0.004146 seconds
  Import took 0.008487 seconds .

========================================================================
Received Prepare
Registering precompiled user dll's ...
Registered in 0.005769 seconds.
Begin MonoManager ReloadAssembly
Native extension for WindowsStandalone target not found
Refreshing native plugins compatible for Editor in 0.68 ms, found 2 plugins.
Preloading 0 native plugins for Editor in 0.00 ms.
Mono: successfully reloaded assembly
- Completed reload, in  1.729 seconds
Platform modules already initialized, skipping
Refreshing native plugins compatible for Editor in 0.78 ms, found 2 plugins.
Preloading 0 native plugins for Editor in 0.00 ms.
Unloading 2115 Unused Serialized files (Serialized files now loaded: 0)
System memory in use before: 96.3 MB.
System memory in use after: 96.3 MB.

Unloading 25 unused Assets to reduce memory usage. Loaded Objects now: 2557.
Total: 2.852500 ms (FindLiveObjects: 0.213100 ms CreateObjectMapping: 0.098900 ms MarkObjects: 2.404200 ms  DeleteObjects: 0.134300 ms)

========================================================================
Received Prepare
Registering precompiled user dll's ...
Registered in 0.007994 seconds.
Begin MonoManager ReloadAssembly
Native extension for WindowsStandalone target not found
Refreshing native plugins compatible for Editor in 0.67 ms, found 2 plugins.
Preloading 0 native plugins for Editor in 0.00 ms.
Mono: successfully reloaded assembly
- Completed reload, in  1.917 seconds
Platform modules already initialized, skipping
Refreshing native plugins compatible for Editor in 0.79 ms, found 2 plugins.
Preloading 0 native plugins for Editor in 0.00 ms.
Unloading 2115 Unused Serialized files (Serialized files now loaded: 0)
System memory in use before: 96.4 MB.
System memory in use after: 96.4 MB.

Unloading 25 unused Assets to reduce memory usage. Loaded Objects now: 2561.
Total: 3.023400 ms (FindLiveObjects: 0.265100 ms CreateObjectMapping: 0.200900 ms MarkObjects: 2.424600 ms  DeleteObjects: 0.131200 ms)

========================================================================
Received Import Request.
  Time since last request: 1180.465531 seconds.
  path: Assets/Scenes/Scripts/Bullet Pool.cs
  artifactKey: Guid(9348110e380874343a5aa3fc4074d9d0) Importer(815301076,1909f56bfc062723c751e8b465ee728b)
Start importing Assets/Scenes/Scripts/Bullet Pool.cs using Guid(9348110e380874343a5aa3fc4074d9d0) Importer(815301076,1909f56bfc062723c751e8b465ee728b)  -> (artifact id: 'a24d39a2cc6d2db468bc7343f021b29a') in 0.018598 seconds
  Import took 0.026114 seconds .

========================================================================
Received Import Request.
  Time since last request: 635.591444 seconds.
  path: Assets/Scenes/Scripts/Bullet Pool.cs
  artifactKey: Guid(9348110e380874343a5aa3fc4074d9d0) Importer(815301076,1909f56bfc062723c751e8b465ee728b)
Start importing Assets/Scenes/Scripts/Bullet Pool.cs using Guid(9348110e380874343a5aa3fc4074d9d0) Importer(815301076,1909f56bfc062723c751e8b465ee728b)  -> (artifact id: '4a2e5daf88256adf2481b8f15ee099ca') in 0.007559 seconds
  Import took 0.017132 seconds .

========================================================================
Received Import Request.
  Time since last request: 0.055107 seconds.
  path: Assets/Scenes/Scripts/Bullet Pool.cs
  artifactKey: Guid(9348110e380874343a5aa3fc4074d9d0) Importer(815301076,1909f56bfc062723c751e8b465ee728b)
Start importing Assets/Scenes/Scripts/Bullet Pool.cs using Guid(9348110e380874343a5aa3fc4074d9d0) Importer(815301076,1909f56bfc062723c751e8b465ee728b)  -> (artifact id: '4a2e5daf88256adf2481b8f15ee099ca') in 0.005745 seconds
  Import took 0.015977 seconds .

========================================================================
Received Prepare
Registering precompiled user dll's ...
Registered in 0.006141 seconds.
Begin MonoManager ReloadAssembly
Native extension for WindowsStandalone target not found
Refreshing native plugins compatible for Editor in 0.70 ms, found 2 plugins.
Preloading 0 native plugins for Editor in 0.00 ms.
Mono: successfully reloaded assembly
- Completed reload, in  1.673 seconds
Platform modules already initialized, skipping
Refreshing native plugins compatible for Editor in 0.65 ms, found 2 plugins.
Preloading 0 native plugins for Editor in 0.00 ms.
Unloading 2116 Unused Serialized files (Serialized files now loaded: 0)
System memory in use before: 96.4 MB.
System memory in use after: 96.4 MB.

Unloading 25 unused Assets to reduce memory usage. Loaded Objects now: 2566.
Total: 3.490600 ms (FindLiveObjects: 0.223600 ms CreateObjectMapping: 0.117300 ms MarkObjects: 2.991900 ms  DeleteObjects: 0.155800 ms)

========================================================================
Received Prepare
Registering precompiled user dll's ...
Registered in 0.011114 seconds.
Begin MonoManager ReloadAssembly
Native extension for WindowsStandalone target not found
Refreshing native plugins compatible for Editor in 0.66 ms, found 2 plugins.
Preloading 0 native plugins for Editor in 0.00 ms.
Mono: successfully reloaded assembly
- Completed reload, in  1.664 seconds
Platform modules already initialized, skipping
Refreshing native plugins compatible for Editor in 1.03 ms, found 2 plugins.
Preloading 0 native plugins for Editor in 0.00 ms.
Unloading 2116 Unused Serialized files (Serialized files now loaded: 0)
System memory in use before: 96.4 MB.
System memory in use after: 96.4 MB.

Unloading 25 unused Assets to reduce memory usage. Loaded Objects now: 2570.
Total: 3.119200 ms (FindLiveObjects: 0.218400 ms CreateObjectMapping: 0.099600 ms MarkObjects: 2.656400 ms  DeleteObjects: 0.143000 ms)

========================================================================
Received Import Request.
  Time since last request: 1157.893098 seconds.
  path: Assets/Scenes/Scripts/Bullet Pool.cs
  artifactKey: Guid(9348110e380874343a5aa3fc4074d9d0) Importer(815301076,1909f56bfc062723c751e8b465ee728b)
Start importing Assets/Scenes/Scripts/Bullet Pool.cs using Guid(9348110e380874343a5aa3fc4074d9d0) Importer(815301076,1909f56bfc062723c751e8b465ee728b)  -> (artifact id: '00000000000000000000000000000000') in 0.001624 seconds
  ERROR: Build asset version error: assets/scenes/scripts/bullet pool.cs in SourceAssetDB has modification time of '2021-05-24T18:09:39.3592306Z' while content on disk has modification time of '0001-01-01T00:00:00Z'
  Import took 0.005301 seconds .

========================================================================
Received Import Request.
  Time since last request: 0.004861 seconds.
  path: Assets/Scenes/Scripts/Bullet Pool.cs
  artifactKey: Guid(9348110e380874343a5aa3fc4074d9d0) Importer(815301076,1909f56bfc062723c751e8b465ee728b)
Start importing Assets/Scenes/Scripts/Bullet Pool.cs using Guid(9348110e380874343a5aa3fc4074d9d0) Importer(815301076,1909f56bfc062723c751e8b465ee728b)  -> (artifact id: '00000000000000000000000000000000') in 0.000392 seconds
  ERROR: Build asset version error: assets/scenes/scripts/bullet pool.cs in SourceAssetDB has modification time of '2021-05-24T18:09:39.3592306Z' while content on disk has modification time of '0001-01-01T00:00:00Z'
  Import took 0.003913 seconds .

========================================================================
Received Import Request.
  Time since last request: 0.034992 seconds.
  path: Assets/Scenes/Scripts/Bullet Pool.cs
  artifactKey: Guid(9348110e380874343a5aa3fc4074d9d0) Importer(815301076,1909f56bfc062723c751e8b465ee728b)
Start importing Assets/Scenes/Scripts/Bullet Pool.cs using Guid(9348110e380874343a5aa3fc4074d9d0) Importer(815301076,1909f56bfc062723c751e8b465ee728b)  -> (artifact id: '00000000000000000000000000000000') in 0.000391 seconds
  ERROR: Build asset version error: assets/scenes/scripts/bullet pool.cs in SourceAssetDB has modification time of '2021-05-24T18:09:39.3592306Z' while content on disk has modification time of '0001-01-01T00:00:00Z'
  Import took 0.004109 seconds .

========================================================================
Received Import Request.
  Time since last request: 0.000718 seconds.
  path: Assets/Scenes/Scripts/Bullet Pool.cs
  artifactKey: Guid(9348110e380874343a5aa3fc4074d9d0) Importer(815301076,1909f56bfc062723c751e8b465ee728b)
Start importing Assets/Scenes/Scripts/Bullet Pool.cs using Guid(9348110e380874343a5aa3fc4074d9d0) Importer(815301076,1909f56bfc062723c751e8b465ee728b)  -> (artifact id: '00000000000000000000000000000000') in 0.000418 seconds
  ERROR: Build asset version error: assets/scenes/scripts/bullet pool.cs in SourceAssetDB has modification time of '2021-05-24T18:09:39.3592306Z' while content on disk has modification time of '0001-01-01T00:00:00Z'
  Import took 0.003733 seconds .

========================================================================
Received Import Request.
  Time since last request: 0.028415 seconds.
  path: Assets/Scenes/Scripts/Bullet Pool.cs
  artifactKey: Guid(9348110e380874343a5aa3fc4074d9d0) Importer(815301076,1909f56bfc062723c751e8b465ee728b)
Start importing Assets/Scenes/Scripts/Bullet Pool.cs using Guid(9348110e380874343a5aa3fc4074d9d0) Importer(815301076,1909f56bfc062723c751e8b465ee728b)  -> (artifact id: '00000000000000000000000000000000') in 0.000462 seconds
  ERROR: Build asset version error: assets/scenes/scripts/bullet pool.cs in SourceAssetDB has modification time of '2021-05-24T18:09:39.3592306Z' while content on disk has modification time of '0001-01-01T00:00:00Z'
  Import took 0.004698 seconds .

========================================================================
Received Import Request.
  Time since last request: 0.033156 seconds.
  path: Assets/Scenes/Scripts/Bullet Pool.cs
  artifactKey: Guid(9348110e380874343a5aa3fc4074d9d0) Importer(815301076,1909f56bfc062723c751e8b465ee728b)
Start importing Assets/Scenes/Scripts/Bullet Pool.cs using Guid(9348110e380874343a5aa3fc4074d9d0) Importer(815301076,1909f56bfc062723c751e8b465ee728b)  -> (artifact id: '00000000000000000000000000000000') in 0.000372 seconds
  ERROR: Build asset version error: assets/scenes/scripts/bullet pool.cs in SourceAssetDB has modification time of '2021-05-24T18:09:39.3592306Z' while content on disk has modification time of '0001-01-01T00:00:00Z'
  Import took 0.003923 seconds .

========================================================================
Received Import Request.
  Time since last request: 0.039460 seconds.
  path: Assets/Scenes/Scripts/Bullet Pool.cs
  artifactKey: Guid(9348110e380874343a5aa3fc4074d9d0) Importer(815301076,1909f56bfc062723c751e8b465ee728b)
Start importing Assets/Scenes/Scripts/Bullet Pool.cs using Guid(9348110e380874343a5aa3fc4074d9d0) Importer(815301076,1909f56bfc062723c751e8b465ee728b)  -> (artifact id: '00000000000000000000000000000000') in 0.000371 seconds
  ERROR: Build asset version error: assets/scenes/scripts/bullet pool.cs in SourceAssetDB has modification time of '2021-05-24T18:09:39.3592306Z' while content on disk has modification time of '0001-01-01T00:00:00Z'
  Import took 0.003731 seconds .

========================================================================
Received Import Request.
  Time since last request: 0.033318 seconds.
  path: Assets/Scenes/Scripts/Bullet Pool.cs
  artifactKey: Guid(9348110e380874343a5aa3fc4074d9d0) Importer(815301076,1909f56bfc062723c751e8b465ee728b)
Start importing Assets/Scenes/Scripts/Bullet Pool.cs using Guid(9348110e380874343a5aa3fc4074d9d0) Importer(815301076,1909f56bfc062723c751e8b465ee728b)  -> (artifact id: '00000000000000000000000000000000') in 0.000349 seconds
  ERROR: Build asset version error: assets/scenes/scripts/bullet pool.cs in SourceAssetDB has modification time of '2021-05-24T18:09:39.3592306Z' while content on disk has modification time of '0001-01-01T00:00:00Z'
  Import took 0.003616 seconds .

========================================================================
Received Import Request.
  Time since last request: 0.032429 seconds.
  path: Assets/Scenes/Scripts/Bullet Pool.cs
  artifactKey: Guid(9348110e380874343a5aa3fc4074d9d0) Importer(815301076,1909f56bfc062723c751e8b465ee728b)
Start importing Assets/Scenes/Scripts/Bullet Pool.cs using Guid(9348110e380874343a5aa3fc4074d9d0) Importer(815301076,1909f56bfc062723c751e8b465ee728b)  -> (artifact id: '00000000000000000000000000000000') in 0.000458 seconds
  ERROR: Build asset version error: assets/scenes/scripts/bullet pool.cs in SourceAssetDB has modification time of '2021-05-24T18:09:39.3592306Z' while content on disk has modification time of '0001-01-01T00:00:00Z'
  Import took 0.004403 seconds .

========================================================================
Received Import Request.
  Time since last request: 0.047755 seconds.
  path: Assets/Scenes/Scripts/Bullet Pool.cs
  artifactKey: Guid(9348110e380874343a5aa3fc4074d9d0) Importer(815301076,1909f56bfc062723c751e8b465ee728b)
Start importing Assets/Scenes/Scripts/Bullet Pool.cs using Guid(9348110e380874343a5aa3fc4074d9d0) Importer(815301076,1909f56bfc062723c751e8b465ee728b)  -> (artifact id: '00000000000000000000000000000000') in 0.000353 seconds
  ERROR: Build asset version error: assets/scenes/scripts/bullet pool.cs in SourceAssetDB has modification time of '2021-05-24T18:09:39.3592306Z' while content on disk has modification time of '0001-01-01T00:00:00Z'
  Import took 0.003725 seconds .

========================================================================
Received Import Request.
  Time since last request: 0.023724 seconds.
  path: Assets/Scenes/Scripts/Bullet Pool.cs
  artifactKey: Guid(9348110e380874343a5aa3fc4074d9d0) Importer(815301076,1909f56bfc062723c751e8b465ee728b)
Start importing Assets/Scenes/Scripts/Bullet Pool.cs using Guid(9348110e380874343a5aa3fc4074d9d0) Importer(815301076,1909f56bfc062723c751e8b465ee728b)  -> (artifact id: '00000000000000000000000000000000') in 0.000354 seconds
  ERROR: Build asset version error: assets/scenes/scripts/bullet pool.cs in SourceAssetDB has modification time of '2021-05-24T18:09:39.3592306Z' while content on disk has modification time of '0001-01-01T00:00:00Z'
  Import took 0.003884 seconds .

========================================================================
Received Import Request.
  Time since last request: 0.036822 seconds.
  path: Assets/Scenes/Scripts/Bullet Pool.cs
  artifactKey: Guid(9348110e380874343a5aa3fc4074d9d0) Importer(815301076,1909f56bfc062723c751e8b465ee728b)
Start importing Assets/Scenes/Scripts/Bullet Pool.cs using Guid(9348110e380874343a5aa3fc4074d9d0) Importer(815301076,1909f56bfc062723c751e8b465ee728b)  -> (artifact id: '00000000000000000000000000000000') in 0.000333 seconds
  ERROR: Build asset version error: assets/scenes/scripts/bullet pool.cs in SourceAssetDB has modification time of '2021-05-24T18:09:39.3592306Z' while content on disk has modification time of '0001-01-01T00:00:00Z'
  Import took 0.003620 seconds .

========================================================================
Received Import Request.
  Time since last request: 0.037188 seconds.
  path: Assets/Scenes/Scripts/Bullet Pool.cs
  artifactKey: Guid(9348110e380874343a5aa3fc4074d9d0) Importer(815301076,1909f56bfc062723c751e8b465ee728b)
Start importing Assets/Scenes/Scripts/Bullet Pool.cs using Guid(9348110e380874343a5aa3fc4074d9d0) Importer(815301076,1909f56bfc062723c751e8b465ee728b)  -> (artifact id: '00000000000000000000000000000000') in 0.000353 seconds
  ERROR: Build asset version error: assets/scenes/scripts/bullet pool.cs in SourceAssetDB has modification time of '2021-05-24T18:09:39.3592306Z' while content on disk has modification time of '0001-01-01T00:00:00Z'
  Import took 0.003557 seconds .

========================================================================
Received Import Request.
  Time since last request: 0.032669 seconds.
  path: Assets/Scenes/Scripts/Bullet Pool.cs
  artifactKey: Guid(9348110e380874343a5aa3fc4074d9d0) Importer(815301076,1909f56bfc062723c751e8b465ee728b)
Start importing Assets/Scenes/Scripts/Bullet Pool.cs using Guid(9348110e380874343a5aa3fc4074d9d0) Importer(815301076,1909f56bfc062723c751e8b465ee728b)  -> (artifact id: '00000000000000000000000000000000') in 0.000533 seconds
  ERROR: Build asset version error: assets/scenes/scripts/bullet pool.cs in SourceAssetDB has modification time of '2021-05-24T18:09:39.3592306Z' while content on disk has modification time of '0001-01-01T00:00:00Z'
  Import took 0.004158 seconds .

========================================================================
Received Import Request.
  Time since last request: 0.044927 seconds.
  path: Assets/Scenes/Scripts/Bullet Pool.cs
  artifactKey: Guid(9348110e380874343a5aa3fc4074d9d0) Importer(815301076,1909f56bfc062723c751e8b465ee728b)
Start importing Assets/Scenes/Scripts/Bullet Pool.cs using Guid(9348110e380874343a5aa3fc4074d9d0) Importer(815301076,1909f56bfc062723c751e8b465ee728b)  -> (artifact id: '00000000000000000000000000000000') in 0.000399 seconds
  ERROR: Build asset version error: assets/scenes/scripts/bullet pool.cs in SourceAssetDB has modification time of '2021-05-24T18:09:39.3592306Z' while content on disk has modification time of '0001-01-01T00:00:00Z'
  Import took 0.004027 seconds .

========================================================================
Received Import Request.
  Time since last request: 0.032471 seconds.
  path: Assets/Scenes/Scripts/Bullet Pool.cs
  artifactKey: Guid(9348110e380874343a5aa3fc4074d9d0) Importer(815301076,1909f56bfc062723c751e8b465ee728b)
Start importing Assets/Scenes/Scripts/Bullet Pool.cs using Guid(9348110e380874343a5aa3fc4074d9d0) Importer(815301076,1909f56bfc062723c751e8b465ee728b)  -> (artifact id: '00000000000000000000000000000000') in 0.000381 seconds
  ERROR: Build asset version error: assets/scenes/scripts/bullet pool.cs in SourceAssetDB has modification time of '2021-05-24T18:09:39.3592306Z' while content on disk has modification time of '0001-01-01T00:00:00Z'
  Import took 0.004140 seconds .

========================================================================
Received Import Request.
  Time since last request: 0.032832 seconds.
  path: Assets/Scenes/Scripts/Bullet Pool.cs
  artifactKey: Guid(9348110e380874343a5aa3fc4074d9d0) Importer(815301076,1909f56bfc062723c751e8b465ee728b)
Start importing Assets/Scenes/Scripts/Bullet Pool.cs using Guid(9348110e380874343a5aa3fc4074d9d0) Importer(815301076,1909f56bfc062723c751e8b465ee728b)  -> (artifact id: '00000000000000000000000000000000') in 0.000370 seconds
  ERROR: Build asset version error: assets/scenes/scripts/bullet pool.cs in SourceAssetDB has modification time of '2021-05-24T18:09:39.3592306Z' while content on disk has modification time of '0001-01-01T00:00:00Z'
  Import took 0.004292 seconds .

========================================================================
Received Import Request.
  Time since last request: 0.037172 seconds.
  path: Assets/Scenes/Scripts/Bullet Pool.cs
  artifactKey: Guid(9348110e380874343a5aa3fc4074d9d0) Importer(815301076,1909f56bfc062723c751e8b465ee728b)
Start importing Assets/Scenes/Scripts/Bullet Pool.cs using Guid(9348110e380874343a5aa3fc4074d9d0) Importer(815301076,1909f56bfc062723c751e8b465ee728b)  -> (artifact id: '00000000000000000000000000000000') in 0.000354 seconds
  ERROR: Build asset version error: assets/scenes/scripts/bullet pool.cs in SourceAssetDB has modification time of '2021-05-24T18:09:39.3592306Z' while content on disk has modification time of '0001-01-01T00:00:00Z'
  Import took 0.003618 seconds .

========================================================================
Received Import Request.
  Time since last request: 0.033435 seconds.
  path: Assets/Scenes/Scripts/Bullet Pool.cs
  artifactKey: Guid(9348110e380874343a5aa3fc4074d9d0) Importer(815301076,1909f56bfc062723c751e8b465ee728b)
Start importing Assets/Scenes/Scripts/Bullet Pool.cs using Guid(9348110e380874343a5aa3fc4074d9d0) Importer(815301076,1909f56bfc062723c751e8b465ee728b)  -> (artifact id: '00000000000000000000000000000000') in 0.000357 seconds
  ERROR: Build asset version error: assets/scenes/scripts/bullet pool.cs in SourceAssetDB has modification time of '2021-05-24T18:09:39.3592306Z' while content on disk has modification time of '0001-01-01T00:00:00Z'
  Import took 0.003788 seconds .

========================================================================
Received Import Request.
  Time since last request: 0.034531 seconds.
  path: Assets/Scenes/Scripts/Bullet Pool.cs
  artifactKey: Guid(9348110e380874343a5aa3fc4074d9d0) Importer(815301076,1909f56bfc062723c751e8b465ee728b)
Start importing Assets/Scenes/Scripts/Bullet Pool.cs using Guid(9348110e380874343a5aa3fc4074d9d0) Importer(815301076,1909f56bfc062723c751e8b465ee728b)  -> (artifact id: '00000000000000000000000000000000') in 0.000450 seconds
  ERROR: Build asset version error: assets/scenes/scripts/bullet pool.cs in SourceAssetDB has modification time of '2021-05-24T18:09:39.3592306Z' while content on disk has modification time of '0001-01-01T00:00:00Z'
  Import took 0.004054 seconds .

========================================================================
Received Import Request.
  Time since last request: 0.037549 seconds.
  path: Assets/Scenes/Scripts/Bullet Pool.cs
  artifactKey: Guid(9348110e380874343a5aa3fc4074d9d0) Importer(815301076,1909f56bfc062723c751e8b465ee728b)
Start importing Assets/Scenes/Scripts/Bullet Pool.cs using Guid(9348110e380874343a5aa3fc4074d9d0) Importer(815301076,1909f56bfc062723c751e8b465ee728b)  -> (artifact id: '00000000000000000000000000000000') in 0.000333 seconds
  ERROR: Build asset version error: assets/scenes/scripts/bullet pool.cs in SourceAssetDB has modification time of '2021-05-24T18:09:39.3592306Z' while content on disk has modification time of '0001-01-01T00:00:00Z'
  Import took 0.003552 seconds .

========================================================================
Received Import Request.
  Time since last request: 0.032149 seconds.
  path: Assets/Scenes/Scripts/Bullet Pool.cs
  artifactKey: Guid(9348110e380874343a5aa3fc4074d9d0) Importer(815301076,1909f56bfc062723c751e8b465ee728b)
Start importing Assets/Scenes/Scripts/Bullet Pool.cs using Guid(9348110e380874343a5aa3fc4074d9d0) Importer(815301076,1909f56bfc062723c751e8b465ee728b)  -> (artifact id: '00000000000000000000000000000000') in 0.000632 seconds
  ERROR: Build asset version error: assets/scenes/scripts/bullet pool.cs in SourceAssetDB has modification time of '2021-05-24T18:09:39.3592306Z' while content on disk has modification time of '0001-01-01T00:00:00Z'
  Import took 0.004556 seconds .

========================================================================
Received Import Request.
  Time since last request: 0.033276 seconds.
  path: Assets/Scenes/Scripts/Bullet Pool.cs
  artifactKey: Guid(9348110e380874343a5aa3fc4074d9d0) Importer(815301076,1909f56bfc062723c751e8b465ee728b)
Start importing Assets/Scenes/Scripts/Bullet Pool.cs using Guid(9348110e380874343a5aa3fc4074d9d0) Importer(815301076,1909f56bfc062723c751e8b465ee728b)  -> (artifact id: '00000000000000000000000000000000') in 0.000376 seconds
  ERROR: Build asset version error: assets/scenes/scripts/bullet pool.cs in SourceAssetDB has modification time of '2021-05-24T18:09:39.3592306Z' while content on disk has modification time of '0001-01-01T00:00:00Z'
  Import took 0.003849 seconds .

========================================================================
Received Import Request.
  Time since last request: 0.040381 seconds.
  path: Assets/Scenes/Scripts/Bullet Pool.cs
  artifactKey: Guid(9348110e380874343a5aa3fc4074d9d0) Importer(815301076,1909f56bfc062723c751e8b465ee728b)
Start importing Assets/Scenes/Scripts/Bullet Pool.cs using Guid(9348110e380874343a5aa3fc4074d9d0) Importer(815301076,1909f56bfc062723c751e8b465ee728b)  -> (artifact id: '00000000000000000000000000000000') in 0.000454 seconds
  ERROR: Build asset version error: assets/scenes/scripts/bullet pool.cs in SourceAssetDB has modification time of '2021-05-24T18:09:39.3592306Z' while content on disk has modification time of '0001-01-01T00:00:00Z'
  Import took 0.004790 seconds .

========================================================================
Received Import Request.
  Time since last request: 0.031899 seconds.
  path: Assets/Scenes/Scripts/Bullet Pool.cs
  artifactKey: Guid(9348110e380874343a5aa3fc4074d9d0) Importer(815301076,1909f56bfc062723c751e8b465ee728b)
Start importing Assets/Scenes/Scripts/Bullet Pool.cs using Guid(9348110e380874343a5aa3fc4074d9d0) Importer(815301076,1909f56bfc062723c751e8b465ee728b)  -> (artifact id: '00000000000000000000000000000000') in 0.000370 seconds
  ERROR: Build asset version error: assets/scenes/scripts/bullet pool.cs in SourceAssetDB has modification time of '2021-05-24T18:09:39.3592306Z' while content on disk has modification time of '0001-01-01T00:00:00Z'
  Import took 0.004015 seconds .

========================================================================
Received Import Request.
  Time since last request: 0.042210 seconds.
  path: Assets/Scenes/Scripts/Bullet Pool.cs
  artifactKey: Guid(9348110e380874343a5aa3fc4074d9d0) Importer(815301076,1909f56bfc062723c751e8b465ee728b)
Start importing Assets/Scenes/Scripts/Bullet Pool.cs using Guid(9348110e380874343a5aa3fc4074d9d0) Importer(815301076,1909f56bfc062723c751e8b465ee728b)  -> (artifact id: '00000000000000000000000000000000') in 0.000366 seconds
  ERROR: Build asset version error: assets/scenes/scripts/bullet pool.cs in SourceAssetDB has modification time of '2021-05-24T18:09:39.3592306Z' while content on disk has modification time of '0001-01-01T00:00:00Z'
  Import took 0.004069 seconds .

========================================================================
Received Import Request.
  Time since last request: 0.049458 seconds.
  path: Assets/Scenes/Scripts/Bullet Pool.cs
  artifactKey: Guid(9348110e380874343a5aa3fc4074d9d0) Importer(815301076,1909f56bfc062723c751e8b465ee728b)
Start importing Assets/Scenes/Scripts/Bullet Pool.cs using Guid(9348110e380874343a5aa3fc4074d9d0) Importer(815301076,1909f56bfc062723c751e8b465ee728b)  -> (artifact id: '00000000000000000000000000000000') in 0.000478 seconds
  ERROR: Build asset version error: assets/scenes/scripts/bullet pool.cs in SourceAssetDB has modification time of '2021-05-24T18:09:39.3592306Z' while content on disk has modification time of '0001-01-01T00:00:00Z'
  Import took 0.006058 seconds .

========================================================================
Received Import Request.
  Time since last request: 0.036647 seconds.
  path: Assets/Scenes/Scripts/Bullet Pool.cs
  artifactKey: Guid(9348110e380874343a5aa3fc4074d9d0) Importer(815301076,1909f56bfc062723c751e8b465ee728b)
Start importing Assets/Scenes/Scripts/Bullet Pool.cs using Guid(9348110e380874343a5aa3fc4074d9d0) Importer(815301076,1909f56bfc062723c751e8b465ee728b)  -> (artifact id: '00000000000000000000000000000000') in 0.000358 seconds
  ERROR: Build asset version error: assets/scenes/scripts/bullet pool.cs in SourceAssetDB has modification time of '2021-05-24T18:09:39.3592306Z' while content on disk has modification time of '0001-01-01T00:00:00Z'
  Import took 0.003647 seconds .

========================================================================
Received Import Request.
  Time since last request: 0.033558 seconds.
  path: Assets/Scenes/Scripts/Bullet Pool.cs
  artifactKey: Guid(9348110e380874343a5aa3fc4074d9d0) Importer(815301076,1909f56bfc062723c751e8b465ee728b)
Start importing Assets/Scenes/Scripts/Bullet Pool.cs using Guid(9348110e380874343a5aa3fc4074d9d0) Importer(815301076,1909f56bfc062723c751e8b465ee728b)  -> (artifact id: '00000000000000000000000000000000') in 0.000773 seconds
  ERROR: Build asset version error: assets/scenes/scripts/bullet pool.cs in SourceAssetDB has modification time of '2021-05-24T18:09:39.3592306Z' while content on disk has modification time of '0001-01-01T00:00:00Z'
  Import took 0.004877 seconds .

========================================================================
Received Import Request.
  Time since last request: 0.036706 seconds.
  path: Assets/Scenes/Scripts/Bullet Pool.cs
  artifactKey: Guid(9348110e380874343a5aa3fc4074d9d0) Importer(815301076,1909f56bfc062723c751e8b465ee728b)
Start importing Assets/Scenes/Scripts/Bullet Pool.cs using Guid(9348110e380874343a5aa3fc4074d9d0) Importer(815301076,1909f56bfc062723c751e8b465ee728b)  -> (artifact id: '00000000000000000000000000000000') in 0.000438 seconds
  ERROR: Build asset version error: assets/scenes/scripts/bullet pool.cs in SourceAssetDB has modification time of '2021-05-24T18:09:39.3592306Z' while content on disk has modification time of '0001-01-01T00:00:00Z'
  Import took 0.004236 seconds .

========================================================================
Received Import Request.
  Time since last request: 0.038295 seconds.
  path: Assets/Scenes/Scripts/Bullet Pool.cs
  artifactKey: Guid(9348110e380874343a5aa3fc4074d9d0) Importer(815301076,1909f56bfc062723c751e8b465ee728b)
Start importing Assets/Scenes/Scripts/Bullet Pool.cs using Guid(9348110e380874343a5aa3fc4074d9d0) Importer(815301076,1909f56bfc062723c751e8b465ee728b)  -> (artifact id: '00000000000000000000000000000000') in 0.000394 seconds
  ERROR: Build asset version error: assets/scenes/scripts/bullet pool.cs in SourceAssetDB has modification time of '2021-05-24T18:09:39.3592306Z' while content on disk has modification time of '0001-01-01T00:00:00Z'
  Import took 0.003986 seconds .

========================================================================
Received Prepare
Registering precompiled user dll's ...
Registered in 0.008361 seconds.
Begin MonoManager ReloadAssembly
Native extension for WindowsStandalone target not found
Refreshing native plugins compatible for Editor in 1.11 ms, found 2 plugins.
Preloading 0 native plugins for Editor in 0.00 ms.
Mono: successfully reloaded assembly
- Completed reload, in  1.693 seconds
Platform modules already initialized, skipping
Refreshing native plugins compatible for Editor in 0.75 ms, found 2 plugins.
Preloading 0 native plugins for Editor in 0.00 ms.
Unloading 2116 Unused Serialized files (Serialized files now loaded: 0)
System memory in use before: 96.5 MB.
System memory in use after: 96.4 MB.

Unloading 25 unused Assets to reduce memory usage. Loaded Objects now: 2574.
Total: 3.222700 ms (FindLiveObjects: 0.221400 ms CreateObjectMapping: 0.099400 ms MarkObjects: 2.753300 ms  DeleteObjects: 0.146700 ms)

========================================================================
Received Prepare
Registering precompiled user dll's ...
Registered in 0.005566 seconds.
Begin MonoManager ReloadAssembly
Native extension for WindowsStandalone target not found
Refreshing native plugins compatible for Editor in 1.02 ms, found 2 plugins.
Preloading 0 native plugins for Editor in 0.00 ms.
Mono: successfully reloaded assembly
- Completed reload, in  1.916 seconds
Platform modules already initialized, skipping
Refreshing native plugins compatible for Editor in 0.68 ms, found 2 plugins.
Preloading 0 native plugins for Editor in 0.00 ms.
Unloading 2116 Unused Serialized files (Serialized files now loaded: 0)
System memory in use before: 96.5 MB.
System memory in use after: 96.4 MB.

Unloading 25 unused Assets to reduce memory usage. Loaded Objects now: 2578.
Total: 2.839800 ms (FindLiveObjects: 0.214100 ms CreateObjectMapping: 0.098200 ms MarkObjects: 2.378200 ms  DeleteObjects: 0.147800 ms)

========================================================================
Received Prepare
Registering precompiled user dll's ...
Registered in 0.007070 seconds.
Begin MonoManager ReloadAssembly
Native extension for WindowsStandalone target not found
Refreshing native plugins compatible for Editor in 0.71 ms, found 2 plugins.
Preloading 0 native plugins for Editor in 0.00 ms.
Mono: successfully reloaded assembly
- Completed reload, in  1.822 seconds
Platform modules already initialized, skipping
Refreshing native plugins compatible for Editor in 0.75 ms, found 2 plugins.
Preloading 0 native plugins for Editor in 0.00 ms.
Unloading 2116 Unused Serialized files (Serialized files now loaded: 0)
System memory in use before: 96.5 MB.
System memory in use after: 96.5 MB.

Unloading 25 unused Assets to reduce memory usage. Loaded Objects now: 2582.
Total: 3.005800 ms (FindLiveObjects: 0.221800 ms CreateObjectMapping: 0.100100 ms MarkObjects: 2.537600 ms  DeleteObjects: 0.144100 ms)

========================================================================
Received Prepare
Registering precompiled user dll's ...
Registered in 0.006196 seconds.
Begin MonoManager ReloadAssembly
Native extension for WindowsStandalone target not found
Refreshing native plugins compatible for Editor in 0.71 ms, found 2 plugins.
Preloading 0 native plugins for Editor in 0.00 ms.
Mono: successfully reloaded assembly
- Completed reload, in  1.824 seconds
Platform modules already initialized, skipping
Refreshing native plugins compatible for Editor in 0.90 ms, found 2 plugins.
Preloading 0 native plugins for Editor in 0.00 ms.
Unloading 2116 Unused Serialized files (Serialized files now loaded: 0)
System memory in use before: 96.5 MB.
System memory in use after: 96.5 MB.

Unloading 25 unused Assets to reduce memory usage. Loaded Objects now: 2586.
Total: 3.406200 ms (FindLiveObjects: 0.262700 ms CreateObjectMapping: 0.101300 ms MarkObjects: 2.890800 ms  DeleteObjects: 0.149400 ms)

========================================================================
Received Prepare
Registering precompiled user dll's ...
Registered in 0.006287 seconds.
Begin MonoManager ReloadAssembly
Native extension for WindowsStandalone target not found
Refreshing native plugins compatible for Editor in 0.65 ms, found 2 plugins.
Preloading 0 native plugins for Editor in 0.00 ms.
Mono: successfully reloaded assembly
- Completed reload, in  1.780 seconds
Platform modules already initialized, skipping
Refreshing native plugins compatible for Editor in 0.68 ms, found 2 plugins.
Preloading 0 native plugins for Editor in 0.00 ms.
Unloading 2116 Unused Serialized files (Serialized files now loaded: 0)
System memory in use before: 96.5 MB.
System memory in use after: 96.5 MB.

Unloading 25 unused Assets to reduce memory usage. Loaded Objects now: 2590.
Total: 3.718600 ms (FindLiveObjects: 0.274200 ms CreateObjectMapping: 0.114500 ms MarkObjects: 3.108000 ms  DeleteObjects: 0.219500 ms)

========================================================================
Received Prepare
Registering precompiled user dll's ...
Registered in 0.008089 seconds.
Begin MonoManager ReloadAssembly
Native extension for WindowsStandalone target not found
Refreshing native plugins compatible for Editor in 0.69 ms, found 2 plugins.
Preloading 0 native plugins for Editor in 0.00 ms.
Mono: successfully reloaded assembly
- Completed reload, in  1.824 seconds
Platform modules already initialized, skipping
Refreshing native plugins compatible for Editor in 0.68 ms, found 2 plugins.
Preloading 0 native plugins for Editor in 0.00 ms.
Unloading 2116 Unused Serialized files (Serialized files now loaded: 0)
System memory in use before: 96.5 MB.
System memory in use after: 96.5 MB.

Unloading 25 unused Assets to reduce memory usage. Loaded Objects now: 2594.
Total: 3.697700 ms (FindLiveObjects: 0.388600 ms CreateObjectMapping: 0.134900 ms MarkObjects: 3.014300 ms  DeleteObjects: 0.157600 ms)

========================================================================
Received Prepare
Registering precompiled user dll's ...
Registered in 0.008233 seconds.
Begin MonoManager ReloadAssembly
Native extension for WindowsStandalone target not found
Refreshing native plugins compatible for Editor in 0.80 ms, found 2 plugins.
Preloading 0 native plugins for Editor in 0.00 ms.
Mono: successfully reloaded assembly
- Completed reload, in  1.954 seconds
Platform modules already initialized, skipping
Refreshing native plugins compatible for Editor in 0.77 ms, found 2 plugins.
Preloading 0 native plugins for Editor in 0.00 ms.
Unloading 2116 Unused Serialized files (Serialized files now loaded: 0)
System memory in use before: 96.5 MB.
System memory in use after: 96.5 MB.

Unloading 25 unused Assets to reduce memory usage. Loaded Objects now: 2598.
Total: 3.031100 ms (FindLiveObjects: 0.246000 ms CreateObjectMapping: 0.109500 ms MarkObjects: 2.532800 ms  DeleteObjects: 0.141000 ms)

========================================================================
Received Import Request.
  Time since last request: 422.116956 seconds.
  path: Assets/2D Space Kit/Prefabs/Projectile Sharp.prefab
  artifactKey: Guid(bfe0ba4acc768a5448d46a6c63d8106a) Importer(815301076,1909f56bfc062723c751e8b465ee728b)
Start importing Assets/2D Space Kit/Prefabs/Projectile Sharp.prefab using Guid(bfe0ba4acc768a5448d46a6c63d8106a) Importer(815301076,1909f56bfc062723c751e8b465ee728b)  -> (artifact id: 'd8c92dfea8809afcd1bd6522a1bbf987') in 0.171811 seconds
  Import took 0.177366 seconds .

========================================================================
Received Prepare
Registering precompiled user dll's ...
Registered in 0.007571 seconds.
Begin MonoManager ReloadAssembly
Native extension for WindowsStandalone target not found
Refreshing native plugins compatible for Editor in 0.81 ms, found 2 plugins.
Preloading 0 native plugins for Editor in 0.00 ms.
Mono: successfully reloaded assembly
- Completed reload, in  2.003 seconds
Platform modules already initialized, skipping
Refreshing native plugins compatible for Editor in 0.71 ms, found 2 plugins.
Preloading 0 native plugins for Editor in 0.00 ms.
Unloading 2116 Unused Serialized files (Serialized files now loaded: 0)
System memory in use before: 99.5 MB.
System memory in use after: 99.5 MB.

Unloading 25 unused Assets to reduce memory usage. Loaded Objects now: 2609.
Total: 2.952900 ms (FindLiveObjects: 0.209800 ms CreateObjectMapping: 0.103500 ms MarkObjects: 2.498900 ms  DeleteObjects: 0.139000 ms)

========================================================================
Received Prepare
Registering precompiled user dll's ...
Registered in 0.005496 seconds.
Begin MonoManager ReloadAssembly
Native extension for WindowsStandalone target not found
Refreshing native plugins compatible for Editor in 1.09 ms, found 2 plugins.
Preloading 0 native plugins for Editor in 0.00 ms.
Mono: successfully reloaded assembly
- Completed reload, in  1.757 seconds
Platform modules already initialized, skipping
Refreshing native plugins compatible for Editor in 0.69 ms, found 2 plugins.
Preloading 0 native plugins for Editor in 0.00 ms.
Unloading 2116 Unused Serialized files (Serialized files now loaded: 0)
System memory in use before: 99.5 MB.
System memory in use after: 99.5 MB.

Unloading 25 unused Assets to reduce memory usage. Loaded Objects now: 2613.
Total: 3.069300 ms (FindLiveObjects: 0.217200 ms CreateObjectMapping: 0.098300 ms MarkObjects: 2.607600 ms  DeleteObjects: 0.144600 ms)

========================================================================
Received Prepare
Registering precompiled user dll's ...
Registered in 0.009221 seconds.
Begin MonoManager ReloadAssembly
Native extension for WindowsStandalone target not found
Refreshing native plugins compatible for Editor in 1.00 ms, found 2 plugins.
Preloading 0 native plugins for Editor in 0.00 ms.
Mono: successfully reloaded assembly
- Completed reload, in  1.734 seconds
Platform modules already initialized, skipping
Refreshing native plugins compatible for Editor in 0.80 ms, found 2 plugins.
Preloading 0 native plugins for Editor in 0.00 ms.
Unloading 2116 Unused Serialized files (Serialized files now loaded: 0)
System memory in use before: 99.5 MB.
System memory in use after: 99.5 MB.

Unloading 25 unused Assets to reduce memory usage. Loaded Objects now: 2617.
Total: 3.188500 ms (FindLiveObjects: 0.219700 ms CreateObjectMapping: 0.098500 ms MarkObjects: 2.696100 ms  DeleteObjects: 0.172000 ms)

========================================================================
Received Prepare
Registering precompiled user dll's ...
Registered in 0.005640 seconds.
Begin MonoManager ReloadAssembly
Native extension for WindowsStandalone target not found
Refreshing native plugins compatible for Editor in 0.69 ms, found 2 plugins.
Preloading 0 native plugins for Editor in 0.00 ms.
Mono: successfully reloaded assembly
- Completed reload, in  1.795 seconds
Platform modules already initialized, skipping
Refreshing native plugins compatible for Editor in 0.75 ms, found 2 plugins.
Preloading 0 native plugins for Editor in 0.00 ms.
Unloading 2116 Unused Serialized files (Serialized files now loaded: 0)
System memory in use before: 99.5 MB.
System memory in use after: 99.5 MB.

Unloading 25 unused Assets to reduce memory usage. Loaded Objects now: 2621.
Total: 3.177400 ms (FindLiveObjects: 0.224300 ms CreateObjectMapping: 0.109600 ms MarkObjects: 2.693200 ms  DeleteObjects: 0.148100 ms)

========================================================================
Received Prepare
Registering precompiled user dll's ...
Registered in 0.007841 seconds.
Begin MonoManager ReloadAssembly
Native extension for WindowsStandalone target not found
Refreshing native plugins compatible for Editor in 0.67 ms, found 2 plugins.
Preloading 0 native plugins for Editor in 0.00 ms.
Mono: successfully reloaded assembly
- Completed reload, in  1.746 seconds
Platform modules already initialized, skipping
Refreshing native plugins compatible for Editor in 0.65 ms, found 2 plugins.
Preloading 0 native plugins for Editor in 0.00 ms.
Unloading 2116 Unused Serialized files (Serialized files now loaded: 0)
System memory in use before: 99.5 MB.
System memory in use after: 99.5 MB.

Unloading 25 unused Assets to reduce memory usage. Loaded Objects now: 2625.
Total: 2.968800 ms (FindLiveObjects: 0.223100 ms CreateObjectMapping: 0.096600 ms MarkObjects: 2.447900 ms  DeleteObjects: 0.199600 ms)

========================================================================
Received Prepare
Registering precompiled user dll's ...
Registered in 0.005890 seconds.
Begin MonoManager ReloadAssembly
Native extension for WindowsStandalone target not found
Refreshing native plugins compatible for Editor in 0.72 ms, found 2 plugins.
Preloading 0 native plugins for Editor in 0.00 ms.
Mono: successfully reloaded assembly
- Completed reload, in  1.712 seconds
Platform modules already initialized, skipping
Refreshing native plugins compatible for Editor in 0.73 ms, found 2 plugins.
Preloading 0 native plugins for Editor in 0.00 ms.
Unloading 2116 Unused Serialized files (Serialized files now loaded: 0)
System memory in use before: 99.5 MB.
System memory in use after: 99.5 MB.

Unloading 25 unused Assets to reduce memory usage. Loaded Objects now: 2629.
Total: 3.718400 ms (FindLiveObjects: 0.263600 ms CreateObjectMapping: 0.106100 ms MarkObjects: 3.195300 ms  DeleteObjects: 0.151400 ms)

========================================================================
Received Prepare
Registering precompiled user dll's ...
Registered in 0.007873 seconds.
Begin MonoManager ReloadAssembly
Native extension for WindowsStandalone target not found
Refreshing native plugins compatible for Editor in 0.94 ms, found 2 plugins.
Preloading 0 native plugins for Editor in 0.00 ms.
Mono: successfully reloaded assembly
- Completed reload, in  1.953 seconds
Platform modules already initialized, skipping
Refreshing native plugins compatible for Editor in 0.66 ms, found 2 plugins.
Preloading 0 native plugins for Editor in 0.00 ms.
Unloading 2116 Unused Serialized files (Serialized files now loaded: 0)
System memory in use before: 99.5 MB.
System memory in use after: 99.5 MB.

Unloading 25 unused Assets to reduce memory usage. Loaded Objects now: 2633.
Total: 3.155700 ms (FindLiveObjects: 0.226000 ms CreateObjectMapping: 0.099400 ms MarkObjects: 2.621800 ms  DeleteObjects: 0.206700 ms)

========================================================================
Received Prepare
Registering precompiled user dll's ...
Registered in 0.005870 seconds.
Begin MonoManager ReloadAssembly
Native extension for WindowsStandalone target not found
Refreshing native plugins compatible for Editor in 0.66 ms, found 2 plugins.
Preloading 0 native plugins for Editor in 0.00 ms.
Mono: successfully reloaded assembly
- Completed reload, in  1.696 seconds
Platform modules already initialized, skipping
Refreshing native plugins compatible for Editor in 0.68 ms, found 2 plugins.
Preloading 0 native plugins for Editor in 0.00 ms.
Unloading 2116 Unused Serialized files (Serialized files now loaded: 0)
System memory in use before: 99.6 MB.
System memory in use after: 99.5 MB.

Unloading 25 unused Assets to reduce memory usage. Loaded Objects now: 2637.
Total: 3.398500 ms (FindLiveObjects: 0.215200 ms CreateObjectMapping: 0.098900 ms MarkObjects: 2.819500 ms  DeleteObjects: 0.262900 ms)

========================================================================
Received Prepare
Registering precompiled user dll's ...
Registered in 0.006089 seconds.
Begin MonoManager ReloadAssembly
Native extension for WindowsStandalone target not found
Refreshing native plugins compatible for Editor in 1.08 ms, found 2 plugins.
Preloading 0 native plugins for Editor in 0.00 ms.
Mono: successfully reloaded assembly
- Completed reload, in  1.666 seconds
Platform modules already initialized, skipping
Refreshing native plugins compatible for Editor in 0.67 ms, found 2 plugins.
Preloading 0 native plugins for Editor in 0.00 ms.
Unloading 2116 Unused Serialized files (Serialized files now loaded: 0)
System memory in use before: 99.6 MB.
System memory in use after: 99.5 MB.

Unloading 25 unused Assets to reduce memory usage. Loaded Objects now: 2641.
Total: 3.622000 ms (FindLiveObjects: 0.223100 ms CreateObjectMapping: 0.105900 ms MarkObjects: 3.137300 ms  DeleteObjects: 0.153400 ms)

========================================================================
Received Prepare
Registering precompiled user dll's ...
Registered in 0.006007 seconds.
Begin MonoManager ReloadAssembly
Native extension for WindowsStandalone target not found
Refreshing native plugins compatible for Editor in 0.67 ms, found 2 plugins.
Preloading 0 native plugins for Editor in 0.00 ms.
Mono: successfully reloaded assembly
- Completed reload, in  1.662 seconds
Platform modules already initialized, skipping
Refreshing native plugins compatible for Editor in 0.66 ms, found 2 plugins.
Preloading 0 native plugins for Editor in 0.00 ms.
Unloading 2116 Unused Serialized files (Serialized files now loaded: 0)
System memory in use before: 99.6 MB.
System memory in use after: 99.6 MB.

Unloading 25 unused Assets to reduce memory usage. Loaded Objects now: 2645.
Total: 3.422200 ms (FindLiveObjects: 0.225300 ms CreateObjectMapping: 0.097800 ms MarkObjects: 2.946600 ms  DeleteObjects: 0.150600 ms)

========================================================================
Received Prepare
Registering precompiled user dll's ...
Registered in 0.008894 seconds.
Begin MonoManager ReloadAssembly
Native extension for WindowsStandalone target not found
Refreshing native plugins compatible for Editor in 0.67 ms, found 2 plugins.
Preloading 0 native plugins for Editor in 0.00 ms.
Mono: successfully reloaded assembly
- Completed reload, in  1.866 seconds
Platform modules already initialized, skipping
Refreshing native plugins compatible for Editor in 1.06 ms, found 2 plugins.
Preloading 0 native plugins for Editor in 0.00 ms.
Unloading 2116 Unused Serialized files (Serialized files now loaded: 0)
System memory in use before: 99.6 MB.
System memory in use after: 99.6 MB.

Unloading 25 unused Assets to reduce memory usage. Loaded Objects now: 2649.
Total: 3.116500 ms (FindLiveObjects: 0.238400 ms CreateObjectMapping: 0.099300 ms MarkObjects: 2.515300 ms  DeleteObjects: 0.261300 ms)

========================================================================
Received Prepare
Registering precompiled user dll's ...
Registered in 0.005575 seconds.
Begin MonoManager ReloadAssembly
Native extension for WindowsStandalone target not found
Refreshing native plugins compatible for Editor in 0.70 ms, found 2 plugins.
Preloading 0 native plugins for Editor in 0.00 ms.
Mono: successfully reloaded assembly
- Completed reload, in  1.734 seconds
Platform modules already initialized, skipping
Refreshing native plugins compatible for Editor in 0.70 ms, found 2 plugins.
Preloading 0 native plugins for Editor in 0.00 ms.
Unloading 2116 Unused Serialized files (Serialized files now loaded: 0)
System memory in use before: 99.6 MB.
System memory in use after: 99.6 MB.

Unloading 25 unused Assets to reduce memory usage. Loaded Objects now: 2653.
Total: 3.427200 ms (FindLiveObjects: 0.242000 ms CreateObjectMapping: 0.099900 ms MarkObjects: 2.901600 ms  DeleteObjects: 0.181300 ms)

========================================================================
Received Prepare
Registering precompiled user dll's ...
Registered in 0.005690 seconds.
Begin MonoManager ReloadAssembly
Native extension for WindowsStandalone target not found
Refreshing native plugins compatible for Editor in 0.85 ms, found 2 plugins.
Preloading 0 native plugins for Editor in 0.00 ms.
Mono: successfully reloaded assembly
- Completed reload, in  1.632 seconds
Platform modules already initialized, skipping
Refreshing native plugins compatible for Editor in 0.64 ms, found 2 plugins.
Preloading 0 native plugins for Editor in 0.00 ms.
Unloading 2116 Unused Serialized files (Serialized files now loaded: 0)
System memory in use before: 99.6 MB.
System memory in use after: 99.6 MB.

Unloading 25 unused Assets to reduce memory usage. Loaded Objects now: 2657.
Total: 3.045900 ms (FindLiveObjects: 0.274500 ms CreateObjectMapping: 0.097400 ms MarkObjects: 2.523900 ms  DeleteObjects: 0.148100 ms)

========================================================================
Received Prepare
Registering precompiled user dll's ...
Registered in 0.006169 seconds.
Begin MonoManager ReloadAssembly
Native extension for WindowsStandalone target not found
Refreshing native plugins compatible for Editor in 0.67 ms, found 2 plugins.
Preloading 0 native plugins for Editor in 0.00 ms.
Mono: successfully reloaded assembly
- Completed reload, in  1.662 seconds
Platform modules already initialized, skipping
Refreshing native plugins compatible for Editor in 0.67 ms, found 2 plugins.
Preloading 0 native plugins for Editor in 0.00 ms.
Unloading 2116 Unused Serialized files (Serialized files now loaded: 0)
System memory in use before: 99.6 MB.
System memory in use after: 99.6 MB.

Unloading 25 unused Assets to reduce memory usage. Loaded Objects now: 2661.
Total: 3.043600 ms (FindLiveObjects: 0.225600 ms CreateObjectMapping: 0.100800 ms MarkObjects: 2.563100 ms  DeleteObjects: 0.152000 ms)

========================================================================
Received Prepare
Registering precompiled user dll's ...
Registered in 0.006115 seconds.
Begin MonoManager ReloadAssembly
Native extension for WindowsStandalone target not found
Refreshing native plugins compatible for Editor in 0.99 ms, found 2 plugins.
Preloading 0 native plugins for Editor in 0.00 ms.
Mono: successfully reloaded assembly
- Completed reload, in  1.717 seconds
Platform modules already initialized, skipping
Refreshing native plugins compatible for Editor in 0.65 ms, found 2 plugins.
Preloading 0 native plugins for Editor in 0.00 ms.
Unloading 2116 Unused Serialized files (Serialized files now loaded: 0)
System memory in use before: 99.6 MB.
System memory in use after: 99.6 MB.

Unloading 25 unused Assets to reduce memory usage. Loaded Objects now: 2665.
Total: 3.042700 ms (FindLiveObjects: 0.228900 ms CreateObjectMapping: 0.099200 ms MarkObjects: 2.559400 ms  DeleteObjects: 0.153400 ms)

========================================================================
Received Prepare
Registering precompiled user dll's ...
Registered in 0.005863 seconds.
Begin MonoManager ReloadAssembly
Native extension for WindowsStandalone target not found
Refreshing native plugins compatible for Editor in 1.11 ms, found 2 plugins.
Preloading 0 native plugins for Editor in 0.00 ms.
Mono: successfully reloaded assembly
- Completed reload, in  1.720 seconds
Platform modules already initialized, skipping
Refreshing native plugins compatible for Editor in 0.68 ms, found 2 plugins.
Preloading 0 native plugins for Editor in 0.00 ms.
Unloading 2116 Unused Serialized files (Serialized files now loaded: 0)
System memory in use before: 99.6 MB.
System memory in use after: 99.6 MB.

Unloading 25 unused Assets to reduce memory usage. Loaded Objects now: 2669.
Total: 3.190200 ms (FindLiveObjects: 0.253900 ms CreateObjectMapping: 0.100300 ms MarkObjects: 2.670600 ms  DeleteObjects: 0.163300 ms)

========================================================================
Received Prepare
Registering precompiled user dll's ...
Registered in 0.007067 seconds.
Begin MonoManager ReloadAssembly
Native extension for WindowsStandalone target not found
Refreshing native plugins compatible for Editor in 0.69 ms, found 2 plugins.
Preloading 0 native plugins for Editor in 0.00 ms.
Mono: successfully reloaded assembly
- Completed reload, in  1.688 seconds
Platform modules already initialized, skipping
Refreshing native plugins compatible for Editor in 0.65 ms, found 2 plugins.
Preloading 0 native plugins for Editor in 0.00 ms.
Unloading 2116 Unused Serialized files (Serialized files now loaded: 0)
System memory in use before: 99.6 MB.
System memory in use after: 99.6 MB.

Unloading 25 unused Assets to reduce memory usage. Loaded Objects now: 2673.
Total: 3.084400 ms (FindLiveObjects: 0.223000 ms CreateObjectMapping: 0.099800 ms MarkObjects: 2.612900 ms  DeleteObjects: 0.147000 ms)

========================================================================
Received Prepare
Registering precompiled user dll's ...
Registered in 0.005823 seconds.
Begin MonoManager ReloadAssembly
Native extension for WindowsStandalone target not found
Refreshing native plugins compatible for Editor in 0.75 ms, found 2 plugins.
Preloading 0 native plugins for Editor in 0.00 ms.
Mono: successfully reloaded assembly
- Completed reload, in  1.680 seconds
Platform modules already initialized, skipping
Refreshing native plugins compatible for Editor in 0.68 ms, found 2 plugins.
Preloading 0 native plugins for Editor in 0.00 ms.
Unloading 2116 Unused Serialized files (Serialized files now loaded: 0)
System memory in use before: 99.7 MB.
System memory in use after: 99.6 MB.

Unloading 25 unused Assets to reduce memory usage. Loaded Objects now: 2677.
Total: 3.015800 ms (FindLiveObjects: 0.223300 ms CreateObjectMapping: 0.099700 ms MarkObjects: 2.541600 ms  DeleteObjects: 0.149500 ms)

========================================================================
Received Prepare
Registering precompiled user dll's ...
Registered in 0.005768 seconds.
Begin MonoManager ReloadAssembly
Native extension for WindowsStandalone target not found
Refreshing native plugins compatible for Editor in 1.00 ms, found 2 plugins.
Preloading 0 native plugins for Editor in 0.00 ms.
Mono: successfully reloaded assembly
- Completed reload, in  1.967 seconds
Platform modules already initialized, skipping
Refreshing native plugins compatible for Editor in 0.72 ms, found 2 plugins.
Preloading 0 native plugins for Editor in 0.00 ms.
Unloading 2116 Unused Serialized files (Serialized files now loaded: 0)
System memory in use before: 99.7 MB.
System memory in use after: 99.6 MB.

Unloading 25 unused Assets to reduce memory usage. Loaded Objects now: 2681.
Total: 3.692300 ms (FindLiveObjects: 0.509900 ms CreateObjectMapping: 0.156400 ms MarkObjects: 2.880600 ms  DeleteObjects: 0.143300 ms)

========================================================================
Received Prepare
Registering precompiled user dll's ...
Registered in 0.005421 seconds.
Begin MonoManager ReloadAssembly
Native extension for WindowsStandalone target not found
Refreshing native plugins compatible for Editor in 0.74 ms, found 2 plugins.
Preloading 0 native plugins for Editor in 0.00 ms.
Mono: successfully reloaded assembly
- Completed reload, in  1.834 seconds
Platform modules already initialized, skipping
Refreshing native plugins compatible for Editor in 0.68 ms, found 2 plugins.
Preloading 0 native plugins for Editor in 0.00 ms.
Unloading 2116 Unused Serialized files (Serialized files now loaded: 0)
System memory in use before: 99.7 MB.
System memory in use after: 99.7 MB.

Unloading 25 unused Assets to reduce memory usage. Loaded Objects now: 2685.
Total: 3.013300 ms (FindLiveObjects: 0.244400 ms CreateObjectMapping: 0.148700 ms MarkObjects: 2.464700 ms  DeleteObjects: 0.153500 ms)

========================================================================
Received Prepare
Registering precompiled user dll's ...
Registered in 0.005811 seconds.
Begin MonoManager ReloadAssembly
Native extension for WindowsStandalone target not found
Refreshing native plugins compatible for Editor in 0.68 ms, found 2 plugins.
Preloading 0 native plugins for Editor in 0.00 ms.
Mono: successfully reloaded assembly
- Completed reload, in  1.670 seconds
Platform modules already initialized, skipping
Refreshing native plugins compatible for Editor in 0.96 ms, found 2 plugins.
Preloading 0 native plugins for Editor in 0.00 ms.
Unloading 2116 Unused Serialized files (Serialized files now loaded: 0)
System memory in use before: 99.7 MB.
System memory in use after: 99.7 MB.

Unloading 25 unused Assets to reduce memory usage. Loaded Objects now: 2689.
Total: 3.115400 ms (FindLiveObjects: 0.247500 ms CreateObjectMapping: 0.096800 ms MarkObjects: 2.620700 ms  DeleteObjects: 0.148800 ms)

========================================================================
Received Prepare
Registering precompiled user dll's ...
Registered in 0.006926 seconds.
Begin MonoManager ReloadAssembly
Native extension for WindowsStandalone target not found
Refreshing native plugins compatible for Editor in 0.69 ms, found 2 plugins.
Preloading 0 native plugins for Editor in 0.00 ms.
Mono: successfully reloaded assembly
- Completed reload, in  1.961 seconds
Platform modules already initialized, skipping
Refreshing native plugins compatible for Editor in 1.08 ms, found 2 plugins.
Preloading 0 native plugins for Editor in 0.00 ms.
Unloading 2116 Unused Serialized files (Serialized files now loaded: 0)
System memory in use before: 99.7 MB.
System memory in use after: 99.7 MB.

Unloading 25 unused Assets to reduce memory usage. Loaded Objects now: 2693.
Total: 3.218900 ms (FindLiveObjects: 0.239600 ms CreateObjectMapping: 0.109700 ms MarkObjects: 2.667200 ms  DeleteObjects: 0.200700 ms)

========================================================================
Received Prepare
Registering precompiled user dll's ...
Registered in 0.009516 seconds.
Begin MonoManager ReloadAssembly
Native extension for WindowsStandalone target not found
Refreshing native plugins compatible for Editor in 0.68 ms, found 2 plugins.
Preloading 0 native plugins for Editor in 0.00 ms.
Mono: successfully reloaded assembly
- Completed reload, in  1.767 seconds
Platform modules already initialized, skipping
Refreshing native plugins compatible for Editor in 0.70 ms, found 2 plugins.
Preloading 0 native plugins for Editor in 0.00 ms.
Unloading 2116 Unused Serialized files (Serialized files now loaded: 0)
System memory in use before: 99.7 MB.
System memory in use after: 99.7 MB.

Unloading 25 unused Assets to reduce memory usage. Loaded Objects now: 2697.
Total: 3.739000 ms (FindLiveObjects: 0.295900 ms CreateObjectMapping: 0.095400 ms MarkObjects: 3.184700 ms  DeleteObjects: 0.161100 ms)

========================================================================
Received Prepare
Registering precompiled user dll's ...
Registered in 0.008627 seconds.
Begin MonoManager ReloadAssembly
Native extension for WindowsStandalone target not found
Refreshing native plugins compatible for Editor in 0.70 ms, found 2 plugins.
Preloading 0 native plugins for Editor in 0.00 ms.
Mono: successfully reloaded assembly
- Completed reload, in  1.976 seconds
Platform modules already initialized, skipping
Refreshing native plugins compatible for Editor in 0.78 ms, found 2 plugins.
Preloading 0 native plugins for Editor in 0.00 ms.
Unloading 2116 Unused Serialized files (Serialized files now loaded: 0)
System memory in use before: 99.7 MB.
System memory in use after: 99.7 MB.

Unloading 25 unused Assets to reduce memory usage. Loaded Objects now: 2701.
Total: 3.815900 ms (FindLiveObjects: 0.230600 ms CreateObjectMapping: 0.138000 ms MarkObjects: 3.213100 ms  DeleteObjects: 0.231900 ms)

========================================================================
Received Prepare
Registering precompiled user dll's ...
Registered in 0.007101 seconds.
Begin MonoManager ReloadAssembly
Native extension for WindowsStandalone target not found
Refreshing native plugins compatible for Editor in 0.66 ms, found 2 plugins.
Preloading 0 native plugins for Editor in 0.00 ms.
Mono: successfully reloaded assembly
- Completed reload, in  1.602 seconds
Platform modules already initialized, skipping
Refreshing native plugins compatible for Editor in 0.73 ms, found 2 plugins.
Preloading 0 native plugins for Editor in 0.00 ms.
Unloading 2116 Unused Serialized files (Serialized files now loaded: 0)
System memory in use before: 99.8 MB.
System memory in use after: 99.8 MB.

Unloading 25 unused Assets to reduce memory usage. Loaded Objects now: 2705.
Total: 3.547300 ms (FindLiveObjects: 0.310200 ms CreateObjectMapping: 0.119900 ms MarkObjects: 2.962600 ms  DeleteObjects: 0.152800 ms)

========================================================================
Received Prepare
Registering precompiled user dll's ...
Registered in 0.007907 seconds.
Begin MonoManager ReloadAssembly
Native extension for WindowsStandalone target not found
Refreshing native plugins compatible for Editor in 0.70 ms, found 2 plugins.
Preloading 0 native plugins for Editor in 0.00 ms.
Mono: successfully reloaded assembly
- Completed reload, in  1.616 seconds
Platform modules already initialized, skipping
Refreshing native plugins compatible for Editor in 0.67 ms, found 2 plugins.
Preloading 0 native plugins for Editor in 0.00 ms.
Unloading 2116 Unused Serialized files (Serialized files now loaded: 0)
System memory in use before: 99.8 MB.
System memory in use after: 99.8 MB.

Unloading 25 unused Assets to reduce memory usage. Loaded Objects now: 2709.
Total: 4.255800 ms (FindLiveObjects: 0.246800 ms CreateObjectMapping: 0.099800 ms MarkObjects: 3.742300 ms  DeleteObjects: 0.164700 ms)

========================================================================
Received Prepare
Registering precompiled user dll's ...
Registered in 0.009146 seconds.
Begin MonoManager ReloadAssembly
Native extension for WindowsStandalone target not found
Refreshing native plugins compatible for Editor in 1.18 ms, found 2 plugins.
Preloading 0 native plugins for Editor in 0.00 ms.
Mono: successfully reloaded assembly
- Completed reload, in  2.310 seconds
Platform modules already initialized, skipping
Refreshing native plugins compatible for Editor in 1.54 ms, found 2 plugins.
Preloading 0 native plugins for Editor in 0.00 ms.
Unloading 2116 Unused Serialized files (Serialized files now loaded: 0)
System memory in use before: 99.8 MB.
System memory in use after: 99.9 MB.

Unloading 25 unused Assets to reduce memory usage. Loaded Objects now: 2713.
Total: 4.002300 ms (FindLiveObjects: 0.447600 ms CreateObjectMapping: 0.135100 ms MarkObjects: 3.263700 ms  DeleteObjects: 0.154000 ms)

