Mono path[0] = 'C:/Users/ashyk/Documents/GitHub/Unity-AI/completed_build/Spacy_Data/Managed'
Mono config path = 'C:/Users/ashyk/Documents/GitHub/Unity-AI/completed_build/MonoBleedingEdge/etc'
Initialize engine version: 2020.3.9f1 (108be757e447)
[Subsystems] Discovering subsystems at path C:/Users/ashyk/Documents/GitHub/Unity-AI/completed_build/Spacy_Data/UnitySubsystems
Forcing GfxDevice: Null
GfxDevice: creating device client; threaded=0
NullGfxDevice:
    Version:  NULL 1.0 [1.0]
    Renderer: Null Device
    Vendor:   Unity Technologies
Begin MonoManager ReloadAssembly
- Completed reload, in  0.316 seconds
ERROR: Shader Sprites/Default shader is not supported on this GPU (none of subshaders/fallbacks are suitable)
Microsoft Media Foundation video decoding to texture disabled: graphics device is Null, only Direct3D 11 and Direct3D 12 (only on desktop) are supported.
ERROR: Shader Sprites/Mask shader is not supported on this GPU (none of subshaders/fallbacks are suitable)
ERROR: Shader Legacy Shaders/Particles/Additive shader is not supported on this GPU (none of subshaders/fallbacks are suitable)
ERROR: Shader Legacy Shaders/Particles/Alpha Blended Premultiply shader is not supported on this GPU (none of subshaders/fallbacks are suitable)
ERROR: Shader Legacy Shaders/Particles/Alpha Blended shader is not supported on this GPU (none of subshaders/fallbacks are suitable)
UnloadTime: 1.184800 ms
Fallback handler could not load library C:/Users/ashyk/Documents/GitHub/Unity-AI/completed_build/Spacy_Data/Mono/libcoreclr.so
Fallback handler could not load library C:/Users/ashyk/Documents/GitHub/Unity-AI/completed_build/Spacy_Data/Mono/libcoreclr.so.dll
Fallback handler could not load library C:/Users/ashyk/Documents/GitHub/Unity-AI/completed_build/Spacy_Data/Mono/libcoreclr.so
Fallback handler could not load library C:/Users/ashyk/Documents/GitHub/Unity-AI/completed_build/Spacy_Data/Mono/libdl.so
Fallback handler could not load library C:/Users/ashyk/Documents/GitHub/Unity-AI/completed_build/Spacy_Data/Mono/libdl.so.dll
Fallback handler could not load library C:/Users/ashyk/Documents/GitHub/Unity-AI/completed_build/Spacy_Data/Mono/libdl.so
Fallback handler could not load library C:/Users/ashyk/Documents/GitHub/Unity-AI/completed_build/Spacy_Data/Mono/libSystem.dylib
Fallback handler could not load library C:/Users/ashyk/Documents/GitHub/Unity-AI/completed_build/Spacy_Data/Mono/libSystem.dylib.dll
Fallback handler could not load library C:/Users/ashyk/Documents/GitHub/Unity-AI/completed_build/Spacy_Data/Mono/libSystem.dylib
Fallback handler could not load library C:/Users/ashyk/Documents/GitHub/Unity-AI/completed_build/Spacy_Data/Mono/libcoreclr.so
Fallback handler could not load library C:/Users/ashyk/Documents/GitHub/Unity-AI/completed_build/Spacy_Data/Mono/libcoreclr.so.dll
Fallback handler could not load library C:/Users/ashyk/Documents/GitHub/Unity-AI/completed_build/Spacy_Data/Mono/libcoreclr.so
Fallback handler could not load library C:/Users/ashyk/Documents/GitHub/Unity-AI/completed_build/Spacy_Data/Mono/libdl.so
Fallback handler could not load library C:/Users/ashyk/Documents/GitHub/Unity-AI/completed_build/Spacy_Data/Mono/libdl.so.dll
Fallback handler could not load library C:/Users/ashyk/Documents/GitHub/Unity-AI/completed_build/Spacy_Data/Mono/libdl.so
Fallback handler could not load library C:/Users/ashyk/Documents/GitHub/Unity-AI/completed_build/Spacy_Data/Mono/libSystem.dylib
Fallback handler could not load library C:/Users/ashyk/Documents/GitHub/Unity-AI/completed_build/Spacy_Data/Mono/libSystem.dylib.dll
Fallback handler could not load library C:/Users/ashyk/Documents/GitHub/Unity-AI/completed_build/Spacy_Data/Mono/libSystem.dylib
failed to get 100ns ticks
Loss: -1

Loss: -1

Loss: -1

Loss: -1

Loss: -1

VICTORY: 0.262

Loss: -1

Loss: -1

Loss: -1

Loss: -1

Loss: -1

Loss: -1

VICTORY: 0.265

Loss: -1

Loss: -1

Loss: -1

Loss: -1

Loss: -1

Loss: -1

Loss: -1

Loss: -1

Loss: -1

Loss: -1

VICTORY: 0.327

Loss: -1

VICTORY: 0.223

Loss: -1

VICTORY: 0.676

Loss: -1

Loss: -1

Loss: -1

VICTORY: 0.763

VICTORY: 0.394

VICTORY: 0.451

VICTORY: 0.472

VICTORY: 0.109

VICTORY: 0.608

VICTORY: 0.584

Loss: -1

VICTORY: 0.18

VICTORY: 0.879

Loss: -1

Loss: -1

VICTORY: 0.94

VICTORY: 0.484

Loss: -1

VICTORY: 0.545

Loss: -1

VICTORY: 0.166

Loss: -1

VICTORY: 0.43

Loss: -1

VICTORY: 0.141

VICTORY: 0.26

Loss: -1

Loss: -1

Loss: -1

VICTORY: 0.234

Loss: -1

VICTORY: 0.66

VICTORY: 0.421

Loss: -1

VICTORY: 0.432

Loss: -1

VICTORY: 0.38

Loss: -1

VICTORY: 0.175

Loss: -1

Loss: -1

VICTORY: 0.207

Loss: -1

Loss: -1

Loss: -1

Loss: -1

VICTORY: 0.165

Loss: -1

Loss: -1

Loss: -1

VICTORY: 0.076

Loss: -1

Loss: -1

Loss: -1

VICTORY: 0.294

VICTORY: 0.527

VICTORY: 0.813

VICTORY: 0.64

VICTORY: 0.138

VICTORY: 0.904

Loss: -1

Loss: -1

Loss: -1

Loss: -1

VICTORY: 0.487

Loss: -1

VICTORY: 0.205

Loss: -1

Loss: -1

Loss: -1

Loss: -1

Loss: -1

VICTORY: 0.201

VICTORY: 0.099

Loss: -1

Loss: -1

Loss: -1

Loss: -1

Loss: -1

VICTORY: 0.967

VICTORY: 0.154

VICTORY: 0.245

Loss: -1

VICTORY: 0.204

VICTORY: 0.09

VICTORY: 0.244

Loss: -1

Loss: -1

Loss: -1

Loss: -1

Loss: -1

VICTORY: 0.684

Loss: -1

VICTORY: 0.135

Loss: -1

VICTORY: 0.913

Loss: -1

VICTORY: 0.992

Loss: -1

Loss: -1

Loss: -1

Loss: -1

VICTORY: 0.526

Loss: -1

Loss: -1

Loss: -1

Loss: -1

Loss: -1

Loss: -1

VICTORY: 0.842

Loss: -1

Loss: -1

Loss: -1

Loss: -1

Loss: -1

VICTORY: 0.483

Loss: -1

Loss: -1

Loss: -1

Loss: -1

Loss: -1

Loss: -1

Loss: -1

VICTORY: 0.589

Loss: -1

Loss: -1

Loss: -1

Loss: -1

Loss: -1

Loss: -1

Loss: -1

Loss: -1

Loss: -1

Loss: -1

Loss: -1

Loss: -1

Loss: -1

VICTORY: 0.527

Loss: -1

Loss: -1

Loss: -1

Loss: -1

Loss: -1

Loss: -1

Loss: -1

Loss: -1

Loss: -1

VICTORY: 0.131

Loss: -1

Loss: -1

Loss: -1

Loss: -1

Loss: -1

Loss: -1

Loss: -1

Loss: -1

Loss: -1

VICTORY: 0.983

VICTORY: 0.083

Loss: -1

Loss: -1

VICTORY: 0.847

VICTORY: 0.15

Loss: -1

VICTORY: 0.291

VICTORY: 0.275

Loss: -1

VICTORY: 0.181

VICTORY: 0.517

VICTORY: 0.9

VICTORY: 0.216

VICTORY: 0.512

VICTORY: 0.836

Loss: -1

VICTORY: 0.738

Loss: -1

Loss: -1

VICTORY: 0.154

VICTORY: 0.474

VICTORY: 0.237

Loss: -1

Loss: -1

Loss: -1

Loss: -1

Loss: -1

Loss: -1

Loss: -1

Loss: -1

Loss: -1

Loss: -1

Loss: -1

Loss: -1

Loss: -1

Loss: -1

Loss: -1

Loss: -1

Loss: -1

Loss: -1

Loss: -1

Loss: -1

Loss: -1

Loss: -1

Loss: -1

Loss: -1

Loss: -1

Loss: -1

Loss: -1

Loss: -1

Loss: -1

Loss: -1

Loss: -1

Loss: -1

Loss: -1

Loss: -1

Loss: -1

VICTORY: 0.218

Loss: -1

Loss: -1

VICTORY: 0.216

Loss: -1

Loss: -1

Loss: -1

Loss: -1

Loss: -1

Loss: -1

VICTORY: 0.635

Loss: -1

Loss: -1

Loss: -1

Loss: -1

Loss: -1

Loss: -1

Loss: -1

VICTORY: 0.83

VICTORY: 0.748

VICTORY: 0.648

VICTORY: 0.472

VICTORY: 0.898

VICTORY: 0.332

Loss: -1

Loss: -1

VICTORY: 0.248

Loss: -1

VICTORY: 0.563

VICTORY: 0.715

Loss: -1

Loss: -1

Loss: -1

Loss: -1

Loss: -1

VICTORY: 0.141

Loss: -1

Loss: -1

Loss: -1

VICTORY: 0.847

Loss: -1

Loss: -1

VICTORY: 0.71

Loss: -1

Loss: -1

VICTORY: 0.47

Loss: -1

VICTORY: 0.088

Loss: -1

Loss: -1

Loss: -1

VICTORY: 0.418

Loss: -1

Loss: -1

Loss: -1

Loss: -1

Loss: -1

Loss: -1

Loss: -1

Loss: -1

Loss: -1

Loss: -1

Loss: -1

Loss: -1

Loss: -1

VICTORY: 0.329

VICTORY: 0.67

Loss: -1

Loss: -1

VICTORY: 0.905

VICTORY: 0.916

VICTORY: 0.384

VICTORY: 0.316

Loss: -1

Loss: -1

Loss: -1

Loss: -1

Loss: -1

Loss: -1

Loss: -1

Loss: -1

Loss: -1

Loss: -1

Loss: -1

VICTORY: 0.666

Loss: -1

Loss: -1

Loss: -1

Loss: -1

Loss: -1

Loss: -1

VICTORY: 0.767

Loss: -1

Loss: -1

Loss: -1

Loss: -1

VICTORY: 0.588

Loss: -1

Loss: -1

VICTORY: 0.903

Loss: -1

Loss: -1

Loss: -1

Loss: -1

VICTORY: 0.11

Loss: -1

VICTORY: 0.619

Loss: -1

Loss: -1

Loss: -1

Loss: -1

Loss: -1

VICTORY: 0.121

VICTORY: 0.448

Loss: -1

Loss: -1

Loss: -1

Loss: -1

Loss: -1

Loss: -1

Loss: -1

Loss: -1

Loss: -1

VICTORY: 0.455

Loss: -1

Loss: -1

Loss: -1

Loss: -1

Loss: -1

VICTORY: 0.845

Loss: -1

Loss: -1

VICTORY: 0.628

Loss: -1

Loss: -1

Loss: -1

Loss: -1

Loss: -1

Loss: -1

Loss: -1

Loss: -1

Loss: -1

Loss: -1

Loss: -1

Loss: -1

Loss: -1

Loss: -1

Loss: -1

Loss: -1

Loss: -1

VICTORY: 0.488

Loss: -1

Loss: -1

Loss: -1

Loss: -1

VICTORY: 0.966

Loss: -1

Loss: -1

Loss: -1

Loss: -1

Loss: -1

Loss: -1

Loss: -1

VICTORY: 0.484

Loss: -1

Loss: -1

Loss: -1

Loss: -1

Loss: -1

VICTORY: 0.859

Loss: -1

Loss: -1

Loss: -1

Loss: -1

VICTORY: 0.538

Loss: -1

Loss: -1

Loss: -1

Loss: -1

Loss: -1

VICTORY: 0.801

Loss: -1

Loss: -1

VICTORY: 0.679

Loss: -1

Loss: -1

Loss: -1

VICTORY: 0.234

VICTORY: 0.562

VICTORY: 0.135

Loss: -1

Loss: -1

Loss: -1

Loss: -1

Loss: -1

Loss: -1

Loss: -1

VICTORY: 0.149

Loss: -1

Loss: -1

Loss: -1

Loss: -1

Loss: -1

Loss: -1

Loss: -1

VICTORY: 0.137

Loss: -1

Loss: -1

Loss: -1

Loss: -1

Loss: -1

Loss: -1

Loss: -1

Loss: -1

Loss: -1

Loss: -1

Loss: -1

VICTORY: 0.884

Loss: -1

Loss: -1

VICTORY: 0.145

Loss: -1

VICTORY: 0.434

Loss: -1

Loss: -1

Loss: -1

Loss: -1

Loss: -1

Loss: -1

Loss: -1

Loss: -1

Loss: -1

Loss: -1

Loss: -1

Loss: -1

Loss: -1

Loss: -1

Loss: -1

Loss: -1

Loss: -1

Loss: -1

VICTORY: 0.894

Loss: -1

Loss: -1

VICTORY: 0.721

Loss: -1

Loss: -1

Loss: -1

Loss: -1

Loss: -1

Loss: -1

Loss: -1

Loss: -1

Loss: -1

VICTORY: 0.568

Loss: -1

VICTORY: 0.704

Loss: -1

VICTORY: 0.741

Loss: -1

Loss: -1

VICTORY: 0.41

GRPC Exception: Status(StatusCode=Unknown, Detail="Stream removed"). Disconnecting from trainer.

Setting up 1 worker threads for Enlighten.
  Thread -> id: 333c -> priority: 1 
