Mono path[0] = 'C:/Users/ashyk/Documents/GitHub/Unity-AI/completed_build/Spacy_Data/Managed'
Mono config path = 'C:/Users/ashyk/Documents/GitHub/Unity-AI/completed_build/MonoBleedingEdge/etc'
Initialize engine version: 2020.3.9f1 (108be757e447)
[Subsystems] Discovering subsystems at path C:/Users/ashyk/Documents/GitHub/Unity-AI/completed_build/Spacy_Data/UnitySubsystems
Forcing GfxDevice: Null
GfxDevice: creating device client; threaded=0
NullGfxDevice:
    Version:  NULL 1.0 [1.0]
    Renderer: Null Device
    Vendor:   Unity Technologies
Begin MonoManager ReloadAssembly
- Completed reload, in  0.442 seconds
ERROR: Shader Sprites/Default shader is not supported on this GPU (none of subshaders/fallbacks are suitable)
Microsoft Media Foundation video decoding to texture disabled: graphics device is Null, only Direct3D 11 and Direct3D 12 (only on desktop) are supported.
ERROR: Shader Sprites/Mask shader is not supported on this GPU (none of subshaders/fallbacks are suitable)
ERROR: Shader Legacy Shaders/Particles/Additive shader is not supported on this GPU (none of subshaders/fallbacks are suitable)
ERROR: Shader Legacy Shaders/Particles/Alpha Blended Premultiply shader is not supported on this GPU (none of subshaders/fallbacks are suitable)
ERROR: Shader Legacy Shaders/Particles/Alpha Blended shader is not supported on this GPU (none of subshaders/fallbacks are suitable)
UnloadTime: 1.347300 ms
Fallback handler could not load library C:/Users/ashyk/Documents/GitHub/Unity-AI/completed_build/Spacy_Data/Mono/libcoreclr.so
Fallback handler could not load library C:/Users/ashyk/Documents/GitHub/Unity-AI/completed_build/Spacy_Data/Mono/libcoreclr.so.dll
Fallback handler could not load library C:/Users/ashyk/Documents/GitHub/Unity-AI/completed_build/Spacy_Data/Mono/libcoreclr.so
Fallback handler could not load library C:/Users/ashyk/Documents/GitHub/Unity-AI/completed_build/Spacy_Data/Mono/libdl.so
Fallback handler could not load library C:/Users/ashyk/Documents/GitHub/Unity-AI/completed_build/Spacy_Data/Mono/libdl.so.dll
Fallback handler could not load library C:/Users/ashyk/Documents/GitHub/Unity-AI/completed_build/Spacy_Data/Mono/libdl.so
Fallback handler could not load library C:/Users/ashyk/Documents/GitHub/Unity-AI/completed_build/Spacy_Data/Mono/libSystem.dylib
Fallback handler could not load library C:/Users/ashyk/Documents/GitHub/Unity-AI/completed_build/Spacy_Data/Mono/libSystem.dylib.dll
Fallback handler could not load library C:/Users/ashyk/Documents/GitHub/Unity-AI/completed_build/Spacy_Data/Mono/libSystem.dylib
Fallback handler could not load library C:/Users/ashyk/Documents/GitHub/Unity-AI/completed_build/Spacy_Data/Mono/libcoreclr.so
Fallback handler could not load library C:/Users/ashyk/Documents/GitHub/Unity-AI/completed_build/Spacy_Data/Mono/libcoreclr.so.dll
Fallback handler could not load library C:/Users/ashyk/Documents/GitHub/Unity-AI/completed_build/Spacy_Data/Mono/libcoreclr.so
Fallback handler could not load library C:/Users/ashyk/Documents/GitHub/Unity-AI/completed_build/Spacy_Data/Mono/libdl.so
Fallback handler could not load library C:/Users/ashyk/Documents/GitHub/Unity-AI/completed_build/Spacy_Data/Mono/libdl.so.dll
Fallback handler could not load library C:/Users/ashyk/Documents/GitHub/Unity-AI/completed_build/Spacy_Data/Mono/libdl.so
Fallback handler could not load library C:/Users/ashyk/Documents/GitHub/Unity-AI/completed_build/Spacy_Data/Mono/libSystem.dylib
Fallback handler could not load library C:/Users/ashyk/Documents/GitHub/Unity-AI/completed_build/Spacy_Data/Mono/libSystem.dylib.dll
Fallback handler could not load library C:/Users/ashyk/Documents/GitHub/Unity-AI/completed_build/Spacy_Data/Mono/libSystem.dylib
Loss: -1

Loss: -1

VICTORY: 0.553

Loss: -1

VICTORY: 0.865

Loss: -1

Loss: -1

Loss: -1

VICTORY: 0.672

Loss: -1

Loss: -1

Loss: -1

Loss: -1

VICTORY: 0.131

Loss: -1

Loss: -1

Loss: -1

Loss: -1

VICTORY: 0.249

Loss: -1

VICTORY: 0.099

Loss: -1

Loss: -1

Loss: -1

Loss: -1

VICTORY: 0.767

VICTORY: 0.327

Loss: -1

VICTORY: 0.992

Loss: -1

VICTORY: 0.13

VICTORY: 0.171

Loss: -1

Loss: -1

VICTORY: 0.345

Loss: -1

VICTORY: 0.133

Loss: -1

Loss: -1

Loss: -1

Loss: -1

VICTORY: 0.25

Loss: -1

Loss: -1

Loss: -1

VICTORY: 0.419

VICTORY: 0.126

VICTORY: 0.52

Loss: -1

Loss: -1

VICTORY: 0.243

VICTORY: 0.15

Loss: -1

Loss: -1

Loss: -1

Loss: -1

VICTORY: 0.727

VICTORY: 0.133

Loss: -1

Loss: -1

Loss: -1

VICTORY: 0.774

Loss: -1

Loss: -1

Loss: -1

VICTORY: 0.801

VICTORY: 0.109

Loss: -1

Loss: -1

VICTORY: 0.917

Loss: -1

Loss: -1

VICTORY: 0.838

VICTORY: 0.239

VICTORY: 0.386

VICTORY: 0.751

Loss: -1

Loss: -1

Loss: -1

Loss: -1

Loss: -1

Loss: -1

VICTORY: 0.129

Loss: -1

Loss: -1

Loss: -1

VICTORY: 0.173

VICTORY: 0.505

Loss: -1

VICTORY: 0.111

Loss: -1

VICTORY: 0.093

VICTORY: 0.193

Loss: -1

Loss: -1

VICTORY: 0.205

Loss: -1

VICTORY: 0.893

Loss: -1

Loss: -1

VICTORY: 0.249

Loss: -1

VICTORY: 0.627

VICTORY: 0.154

Loss: -1

Loss: -1

VICTORY: 0.303

Loss: -1

Loss: -1

VICTORY: 0.634

VICTORY: 0.19

Loss: -1

Loss: -1

Loss: -1

Loss: -1

Loss: -1

VICTORY: 0.793

VICTORY: 0.844

VICTORY: 0.177

Loss: -1

VICTORY: 0.178

Loss: -1

VICTORY: 0.422

VICTORY: 0.595

Loss: -1

VICTORY: 0.185

VICTORY: 0.215

Loss: -1

Loss: -1

VICTORY: 0.624

Loss: -1

VICTORY: 0.162

VICTORY: 0.566

Loss: -1

Loss: -1

VICTORY: 0.887

VICTORY: 0.475

Loss: -1

VICTORY: 0.632

Loss: -1

Loss: -1

Loss: -1

VICTORY: 0.201

VICTORY: 0.425

VICTORY: 0.24

VICTORY: 0.189

VICTORY: 0.12

VICTORY: 0.136

Loss: -1

Loss: -1

VICTORY: 0.139

Loss: -1

Loss: -1

VICTORY: 0.128

VICTORY: 0.814

VICTORY: 0.135

VICTORY: 0.929

VICTORY: 0.451

VICTORY: 0.364

Loss: -1

Loss: -1

Loss: -1

Loss: -1

Loss: -1

Loss: -1

VICTORY: 0.346

Loss: -1

Loss: -1

Loss: -1

Loss: -1

Loss: -1

Loss: -1

Loss: -1

VICTORY: 0.267

Loss: -1

Loss: -1

Loss: -1

Loss: -1

Loss: -1

VICTORY: 0.713

Loss: -1

Loss: -1

VICTORY: 0.615

Loss: -1

VICTORY: 0.106

Loss: -1

Loss: -1

VICTORY: 0.115

Loss: -1

Loss: -1

Loss: -1

Loss: -1

Loss: -1

VICTORY: 0.404

VICTORY: 0.304

Loss: -1

VICTORY: 0.603

Loss: -1

Loss: -1

Loss: -1

VICTORY: 0.86

Loss: -1

VICTORY: 0.631

VICTORY: 0.544

Loss: -1

Loss: -1

Loss: -1

Loss: -1

Loss: -1

VICTORY: 0.134

Loss: -1

Loss: -1

Loss: -1

VICTORY: 0.5

Loss: -1

VICTORY: 0.182

VICTORY: 0.355

Loss: -1

VICTORY: 0.47

Loss: -1

Loss: -1

Loss: -1

Loss: -1

Loss: -1

Loss: -1

VICTORY: 0.476

Loss: -1

Loss: -1

Loss: -1

Loss: -1

Loss: -1

Loss: -1

Loss: -1

VICTORY: 0.402

Loss: -1

Loss: -1

Loss: -1

Loss: -1

Loss: -1

Loss: -1

Loss: -1

VICTORY: 0.658

VICTORY: 0.336

Loss: -1

Loss: -1

Loss: -1

Loss: -1

VICTORY: 0.151

Loss: -1

VICTORY: 0.868

Loss: -1

Loss: -1

VICTORY: 0.402

Loss: -1

Loss: -1

Loss: -1

Loss: -1

VICTORY: 0.218

Loss: -1

VICTORY: 0.758

Loss: -1

Loss: -1

Loss: -1

Loss: -1

Loss: -1

Loss: -1

VICTORY: 0.383

Loss: -1

VICTORY: 0.197

Loss: -1

Loss: -1

VICTORY: 0.075

Loss: -1

Loss: -1

Loss: -1

VICTORY: 0.698

Loss: -1

Loss: -1

Loss: -1

Loss: -1

VICTORY: 0.92

Loss: -1

VICTORY: 0.419

Loss: -1

Loss: -1

Loss: -1

Loss: -1

Loss: -1

Loss: -1

Loss: -1

Loss: -1

Loss: -1

Loss: -1

VICTORY: 0.192

Loss: -1

Loss: -1

VICTORY: 0.602

Loss: -1

Loss: -1

Loss: -1

Loss: -1

Loss: -1

Loss: -1

Loss: -1

Loss: -1

Loss: -1

Loss: -1

Loss: -1

Loss: -1

Loss: -1

Loss: -1

Loss: -1

Loss: -1

Loss: -1

Loss: -1

Loss: -1

Loss: -1

Loss: -1

Loss: -1

Loss: -1

Loss: -1

Loss: -1

Loss: -1

VICTORY: 0.999

Loss: -1

Loss: -1

Loss: -1

Loss: -1

Loss: -1

VICTORY: 0.379

Loss: -1

VICTORY: 0.134

Loss: -1

Loss: -1

Loss: -1

Loss: -1

VICTORY: 0.515

VICTORY: 0.165

Loss: -1

Loss: -1

Loss: -1

Loss: -1

Loss: -1

Loss: -1

VICTORY: 0.259

Loss: -1

Loss: -1

Loss: -1

VICTORY: 0.393

Loss: -1

Loss: -1

Loss: -1

Loss: -1

Loss: -1

Loss: -1

VICTORY: 0.176

Loss: -1

Loss: -1

Loss: -1

Loss: -1

Loss: -1

Loss: -1

Loss: -1

Loss: -1

VICTORY: 0.912

VICTORY: 0.281

VICTORY: 0.236

Loss: -1

Loss: -1

Loss: -1

VICTORY: 0.622

VICTORY: 0.923

VICTORY: 0.671

VICTORY: 0.212

Loss: -1

Loss: -1

Loss: -1

Loss: -1

VICTORY: 0.14

Loss: -1

VICTORY: 0.944

Loss: -1

VICTORY: 0.676

Loss: -1

VICTORY: 0.743

VICTORY: 0.588

VICTORY: 0.347

VICTORY: 0.498

VICTORY: 0.517

Loss: -1

VICTORY: 0.511

VICTORY: 0.701

Loss: -1

VICTORY: 0.117

VICTORY: 0.448

Loss: -1

Loss: -1

Loss: -1

VICTORY: 0.505

VICTORY: 0.166

Loss: -1

VICTORY: 0.254

VICTORY: 0.265

Loss: -1

VICTORY: 0.26

Loss: -1

Loss: -1

Loss: -1

VICTORY: 0.934

Loss: -1

VICTORY: 0.512

Loss: -1

Loss: -1

Loss: -1

Loss: -1

Loss: -1

Loss: -1

Loss: -1

Loss: -1

Loss: -1

Loss: -1

Loss: -1

Loss: -1

Loss: -1

Loss: -1

Loss: -1

Loss: -1

Loss: -1

Loss: -1

Loss: -1

Loss: -1

Loss: -1

Loss: -1

Loss: -1

Loss: -1

Loss: -1

Loss: -1

Loss: -1

Loss: -1

Loss: -1

VICTORY: 0.352

Loss: -1

Loss: -1

Loss: -1

Loss: -1

Loss: -1

Loss: -1

Loss: -1

Loss: -1

Loss: -1

VICTORY: 0.103

Loss: -1

Loss: -1

Loss: -1

Loss: -1

Loss: -1

Loss: -1

Loss: -1

VICTORY: 0.86

Loss: -1

VICTORY: 0.919

Loss: -1

Loss: -1

Loss: -1

Loss: -1

Loss: -1

VICTORY: 0.373

Loss: -1

VICTORY: 0.628

Loss: -1

VICTORY: 0.33

Loss: -1

Loss: -1

VICTORY: 0.334

VICTORY: 0.648

Loss: -1

Loss: -1

Loss: -1

Loss: -1

Loss: -1

VICTORY: 0.505

Loss: -1

VICTORY: 0.489

Loss: -1

Loss: -1

Loss: -1

VICTORY: 0.726

Loss: -1

Loss: -1

VICTORY: 0.322

Loss: -1

VICTORY: 0.518

Loss: -1

VICTORY: 0.425

VICTORY: 0.794

VICTORY: 0.286

VICTORY: 0.338

VICTORY: 0.151

VICTORY: 0.456

VICTORY: 0.138

VICTORY: 0.582

VICTORY: 0.245

Loss: -1

VICTORY: 0.349

VICTORY: 0.35

Loss: -1

VICTORY: 0.292

VICTORY: 0.963

Loss: -1

VICTORY: 0.792

VICTORY: 0.362

VICTORY: 0.466

VICTORY: 0.989

VICTORY: 0.96

VICTORY: 0.266

Loss: -1

Loss: -1

VICTORY: 0.93

VICTORY: 0.626

Loss: -1

VICTORY: 0.116

Loss: -1

VICTORY: 0.199

Loss: -1

VICTORY: 0.265

Loss: -1

Loss: -1

Loss: -1

Loss: -1

VICTORY: 0.508

Loss: -1

Loss: -1

Loss: -1

VICTORY: 0.568

Loss: -1

Loss: -1

Loss: -1

Loss: -1

Loss: -1

VICTORY: 0.428

VICTORY: 0.842

VICTORY: 0.46

Loss: -1

Loss: -1

Loss: -1

Loss: -1

Loss: -1

Loss: -1

Loss: -1

VICTORY: 0.469

Loss: -1

VICTORY: 0.353

Loss: -1

Loss: -1

Loss: -1

VICTORY: 0.827

Loss: -1

VICTORY: 0.286

VICTORY: 0.696

Loss: -1

Loss: -1

VICTORY: 0.604

Loss: -1

Loss: -1

Loss: -1

Loss: -1

Loss: -1

Loss: -1

Loss: -1

VICTORY: 0.983

Loss: -1

VICTORY: 0.54

Loss: -1

VICTORY: 0.847

Loss: -1

VICTORY: 0.697

Loss: -1

VICTORY: 0.529

Loss: -1

Loss: -1

Loss: -1

Loss: -1

Loss: -1

VICTORY: 0.498

Loss: -1

VICTORY: 0.758

Loss: -1

Loss: -1

Loss: -1

Loss: -1

Loss: -1

Loss: -1

Loss: -1

Loss: -1

Loss: -1

Loss: -1

Loss: -1

Loss: -1

VICTORY: 0.731

VICTORY: 0.632

Loss: -1

Loss: -1

VICTORY: 0.298

Loss: -1

Loss: -1

Loss: -1

VICTORY: 0.9

Loss: -1

Loss: -1

Loss: -1

Loss: -1

Loss: -1

Loss: -1

Loss: -1

Loss: -1

Loss: -1

Loss: -1

Loss: -1

Loss: -1

Loss: -1

Loss: -1

Loss: -1

Loss: -1

Loss: -1

Loss: -1

Loss: -1

Loss: -1

Loss: -1

Loss: -1

VICTORY: 0.741

Loss: -1

Loss: -1

Loss: -1

VICTORY: 0.518

Loss: -1

Loss: -1

Loss: -1

Loss: -1

Loss: -1

Loss: -1

Loss: -1

Loss: -1

Loss: -1

Loss: -1

Loss: -1

Loss: -1

Loss: -1

Loss: -1

Loss: -1

Loss: -1

Loss: -1

Loss: -1

VICTORY: 0.374

Loss: -1

VICTORY: 0.891

VICTORY: 0.157

Loss: -1

VICTORY: 0.818

VICTORY: 0.756

Loss: -1

Loss: -1

Loss: -1

Loss: -1

Loss: -1

Loss: -1

Loss: -1

Loss: -1

Loss: -1

Loss: -1

Loss: -1

Loss: -1

Loss: -1

VICTORY: 0.647

Loss: -1

VICTORY: 0.423

Loss: -1

Loss: -1

Loss: -1

Loss: -1

Loss: -1

Loss: -1

Loss: -1

VICTORY: 0.477

VICTORY: 0.5

VICTORY: 0.691

VICTORY: 0.627

Loss: -1

Loss: -1

Loss: -1

Loss: -1

Loss: -1

VICTORY: 0.826

Loss: -1

Loss: -1

VICTORY: 0.959

VICTORY: 0.384

VICTORY: 0.464

Loss: -1

Loss: -1

Loss: -1

Loss: -1

VICTORY: 0.55

VICTORY: 0.111

Loss: -1

VICTORY: 0.452

Loss: -1

Loss: -1

Loss: -1

VICTORY: 0.271

VICTORY: 0.157

Loss: -1

Loss: -1

Loss: -1

Loss: -1

Loss: -1

Loss: -1

Loss: -1

Loss: -1

Loss: -1

Loss: -1

VICTORY: 0.793

Loss: -1

Loss: -1

Loss: -1

Loss: -1

Loss: -1

Loss: -1

VICTORY: 0.941

Loss: -1

VICTORY: 0.647

Loss: -1

VICTORY: 0.925

Loss: -1

Loss: -1

Loss: -1

Loss: -1

Loss: -1

Loss: -1

Loss: -1

Loss: -1

Loss: -1

Loss: -1

Loss: -1

Loss: -1

Loss: -1

VICTORY: 0.385

Loss: -1

Loss: -1

Loss: -1

VICTORY: 0.266

VICTORY: 0.522

Loss: -1

VICTORY: 0.149

Loss: -1

VICTORY: 0.26

VICTORY: 0.708

VICTORY: 0.826

VICTORY: 0.143

Loss: -1

Loss: -1

VICTORY: 0.758

Loss: -1

Loss: -1

Loss: -1

Loss: -1

VICTORY: 0.556

Loss: -1

Loss: -1

Loss: -1

VICTORY: 0.36

VICTORY: 0.236

Loss: -1

Loss: -1

Loss: -1

Loss: -1

Loss: -1

Loss: -1

Loss: -1

Loss: -1

Loss: -1

Loss: -1

Loss: -1

Loss: -1

Loss: -1

Loss: -1

Loss: -1

Loss: -1

Loss: -1

Loss: -1

Loss: -1

Loss: -1

Loss: -1

Loss: -1

Loss: -1

Loss: -1

Loss: -1

Loss: -1

Loss: -1

Loss: -1

VICTORY: 0.193

Loss: -1

Loss: -1

Loss: -1

Loss: -1

VICTORY: 0.262

VICTORY: 0.151

Loss: -1

Loss: -1

Loss: -1

VICTORY: 0.617

VICTORY: 0.187

VICTORY: 0.526

Loss: -1

Loss: -1

Loss: -1

Loss: -1

Loss: -1

Loss: -1

Loss: -1

Loss: -1

Loss: -1

Loss: -1

Loss: -1

Loss: -1

Loss: -1

Loss: -1

Loss: -1

VICTORY: 0.558

Loss: -1

Loss: -1

Loss: -1

Loss: -1

Loss: -1

Loss: -1

Loss: -1

Loss: -1

Loss: -1

VICTORY: 0.548

Loss: -1

Loss: -1

Loss: -1

Loss: -1

Loss: -1

Loss: -1

Loss: -1

Loss: -1

Loss: -1

VICTORY: 0.328

Loss: -1

VICTORY: 0.304

Loss: -1

Loss: -1

Loss: -1

Loss: -1

Loss: -1

Loss: -1

Loss: -1

Loss: -1

Loss: -1

Loss: -1

Loss: -1

Loss: -1

Loss: -1

Loss: -1

VICTORY: 0.473

Loss: -1

Loss: -1

Loss: -1

Loss: -1

VICTORY: 0.81

VICTORY: 0.797

Loss: -1

Loss: -1

Loss: -1

Loss: -1

Loss: -1

Loss: -1

Loss: -1

VICTORY: 0.878

Loss: -1

Loss: -1

Loss: -1

Loss: -1

VICTORY: 0.779

Loss: -1

Loss: -1

Loss: -1

Loss: -1

Loss: -1

Loss: -1

GRPC Exception: Status(StatusCode=Unknown, Detail="Stream removed"). Disconnecting from trainer.

Setting up 1 worker threads for Enlighten.
  Thread -> id: d44 -> priority: 1 
